	.text
	.syntax unified
	.eabi_attribute	67, "2.09"	@ Tag_conformance
	.cpu	cortex-m7
	.eabi_attribute	6, 13	@ Tag_CPU_arch
	.eabi_attribute	7, 77	@ Tag_CPU_arch_profile
	.eabi_attribute	8, 0	@ Tag_ARM_ISA_use
	.eabi_attribute	9, 2	@ Tag_THUMB_ISA_use
	.fpu	fpv5-sp-d16
	.eabi_attribute	27, 1	@ Tag_ABI_HardFP_use
	.eabi_attribute	36, 1	@ Tag_FP_HP_extension
	.eabi_attribute	34, 1	@ Tag_CPU_unaligned_access
	.eabi_attribute	17, 1	@ Tag_ABI_PCS_GOT_use
	.eabi_attribute	20, 2	@ Tag_ABI_FP_denormal
	.eabi_attribute	21, 0	@ Tag_ABI_FP_exceptions
	.eabi_attribute	23, 1	@ Tag_ABI_FP_number_model
	.eabi_attribute	24, 1	@ Tag_ABI_align_needed
	.eabi_attribute	25, 1	@ Tag_ABI_align_preserved
	.eabi_attribute	28, 1	@ Tag_ABI_VFP_args
	.eabi_attribute	38, 1	@ Tag_ABI_FP_16bit_format
	.eabi_attribute	18, 4	@ Tag_ABI_PCS_wchar_t
	.eabi_attribute	26, 2	@ Tag_ABI_enum_size
	.eabi_attribute	14, 0	@ Tag_ABI_PCS_R9_use
	.file	"app_platform.c"
	.file	1 "C:\\Work\\SVN\\projects\\MCU\\nes_simulator\\EmbeddedNES\\mps2_template\\example\\build\\mdk" "C:\\Program Files\\ARMCompiler6.11\\bin\\..\\include\\stdint.h"
	.file	2 "C:\\Work\\SVN\\projects\\MCU\\nes_simulator\\EmbeddedNES\\mps2_template\\example\\build\\mdk" "../../app_platform/app_platform.c"
	.file	3 "C:\\Work\\SVN\\projects\\MCU\\nes_simulator\\EmbeddedNES\\mps2_template\\example\\build\\mdk" "C:/Keil_v5/ARM/PACK/ARM/CMSIS/5.4.0/CMSIS/Core/Include\\core_CM7.h"
	.type	.Lllvm.embedded.module,%object @ @llvm.embedded.module
	.section	.llvmbc,"a",%progbits
	.p2align	4
.Lllvm.embedded.module:
	.asciz	"BC\300\3365\024\000\000\005\000\000\000b\f0$LY\276&\357\323>-U\215\020\005\310\024\000\000!\f\000\000|\t\000\000\013\002!\000\002\000\000\000\023\000\000\000\007\201#\221A\310\004I\006\02029\222\001\204\f%\005\b\031\036\004\213b\200\024E\002B\222\013B\244\0202\0248\b\030K\n2R\210H\220\024 CF\210\245\000\0312B\004I\016\220\221\"\304PAQ\201\214\341\203\345\212\004)F\006Q\030\000\000\256\003\000\000\033V(\370\377\377\377\377\001\210\000\t\240\210qx\007y\220\207r\030\007z`\207|h\003yx\207zp\007r(\007rh\003rH\007{H\007r(\2076\230\207x\220\007zh\003s\200\2076h\207p\240\007t\000\314!\034\330a\036\312\001 \310\241\034\334\341\035\344\241\035\302\201\035\332\300\034\340\241\r\332!\034\350\001\035\000x\220\207r\230\207r\220\007{(\2076\230\207t8\007w\000\brH\207y\b\007q`\207rh\003z\b\207t`\2076\030\207p`\007v\230\007\300\034\302\201\035\346\241\034\000\202\035\312a\036\346\241\r\340A\036\312a\034\322a\036\312\241\r\314\001\036\332!\034\310\0010\207p`\207y(\007\200p\207wh\003s\220\207ph\207rh\003xx\207tp\007z(\007yh\203r`\207th\007\300\034\302\201\035\346\241\034\000\302\035\336\241\r\322\301\035\314a\036\332\300\034\340\241\r\332!\034\350\001\035\000z\220\207z(\007\200p\207wh\003u\250\207v\200\2076\240\207p\020\007v(\207y\000\314!\034\330a\036\312\001 \334\341\035\332\300\035\302\301\035\346\241\r\314\001\036\332\240\035\302\201\036\320\001\240\007y\250\207r\000\bwx\2076\230\207t8\007w(\007rh\003}(\007yx\207yh\003s\200\2076h\207p\240\007t\000\350A\036\352\241\034\000\302\035\336\241\r\350A\036\302\001\036\340!\035\334\341\034\332\240\035\302\201\036\320\001\240\007y\250\207r\000\210y\240\207p\030\207uh\003x\220\207w\240\207r\030\007zx\007yh\003q\250\007s0\207r\220\2076\230\207t\320\207r\000\360\000 \350!\034\344\341\034\312\201\036\332`\034\340\241\036\200qx\007y\240\207r\300\2076h\207;\000\bz\b\007y8\207r\240\20760\207r\b\007z\250\007y(\207y\000\326 \034\344\241\035\354\341\016\312\241\r\332\201\r\326\200\034\342\300\016\330`\r\310a\036\340\201\r\326\300\034\340\241\r\302A\036\332\301\036\360\200\r\326\300\034\340\241\r\336\301\035\330!\037\332`\036\340\201\r\326\000\035\356\201\034\322\301\036\330`\r\350\001\035\352\241\035\304\241\r\332\341\035\310\241\034\330\240\r\306A\036\306\201\r\332`\034\344!\037\340\201\036\336\201\r\332\200\034\336\201\036\340A\036\336\201\034\330\240\r\314\001\036\342\300\016\314\241\035\330\201\r\332\300\034\352\201\035\330\301\034\340!\016\354\200\r\332\000\035\356\201\034\322\301\036\332 \034\344\241\035\330\240\r\334\241\034\336\301\035\330\240\r\344!\034\346\001 \352\301\035\346!\034\314\241\034\332\300\034\340\241\r\332!\034\350\001\035\000s\b\007v\230\207r\000\210z\230\207rh\203yx\007s\240\20760\007vx\207p\240\007\300\034\302\201\035\346\241\034\200\r)$\374\377\377\377\377\000H\000E\214\303;\310\203<\224\3038\320\003;\344C\033\310\303;\324\203;\220C9\220C\033\220C:\330C:\220C9\264\301<\304\203<\320C\033\230\003<\264A;\204\003=\240\003`\016\341\300\016\363P\016\000A\016\345\340\016\357 \017\355\020\016\354\320\006\346\000\017m\320\016\341@\017\350\000\300\203<\224\303<\224\203<\330C9\264\301<\244\3039\270\003@\220C:\314C8\210\003;\224C\033\320C8\244\003;\264\3018\204\003;\260\303<\000\346\020\016\3540\017\345\000\020\354P\016\3630\017m\000\017\362P\016\343\220\016\363P\016m`\016\360\320\016\341@\016\2009\204\003;\314C9\000\204;\274C\033\230\203<\204C;\224C\033\300\303;\244\203;\320C9\310C\033\224\003;\244C;\000\346\020\016\3540\017\345\000\020\356\360\016m\220\016\356`\016\363\320\006\346\000\017m\320\016\341@\017\350\000\320\203<\324C9\000\204;\274C\033\250C=\264\003<\264\001=\204\2038\260C9\314\003`\016\341\300\016\363P\016\000\341\016\357\320\006\356\020\016\3560\017m`\016\360\320\006\355\020\016\364\200\016\000=\310C=\224\003@\270\303;\264\301<\244\3039\270C9\220C\033\350C9\310\303;\314C\033\230\003<\264A;\204\003=\240\003@\017\362P\017\345\000\020\356\360\016m@\017\362\020\016\360\000\017\351\340\016\347\320\006\355\020\016\364\200\016\000=\310C=\224\003@\314\003=\204\3038\254C\033\300\203<\274\003=\224\3038\320\303;\310C\033\210C=\230\2039\224\203<\264\301<\244\203>\224\003\200\007\000A\017\341 \017\347P\016\364\320\006\343\000\017\365\000\214\303;\310\003=\224\003>\264A;\334\001@\320C8\310\3039\224\003=\264\2019\224C8\320C=\310C9\314\003\260\006\341 \017\355`\017wP\016m\320\016l\260\006\344\020\007v\300\006k@\016\363\000\017l\260\006\346\000\017m\020\016\362\320\016\366\200\007l\260\006\346\000\017m\360\016\356\300\016\371\320\006\363\000\017l\260\006\350p\017\344\220\016\366\300\006k@\017\350P\017\355 \016m\320\016\357@\016\345\300\006m0\016\3620\016l\320\006\343 \017\371\000\017\364\360\016l\320\006\344\360\016\364\000\017\362\360\016\344\300\006m`\016\360\020\007v`\016\355\300\016l\320\006\346P\017\354\300\016\346\000\017q`\007l\320\006\350p\017\344\220\016\366\320\006\341 \017\355\300\006m\340\016\345\360\016\356\300\006m \017\3410\017\000Q\017\3560\017\341`\016\345\320\006\346\000\017m\320\016\341@\017\350\000\230C8\260\303<\224\003@\324\303<\224C\033\314\303;\230\003=\264\2019\260\303;\204\003=\000\346\020\016\3540\017\345\000l0\206\000X\000j\303\t\021\377\377\377\377?\000\0221\016\357 \017\362P\016\343@\017\354\220\017m \017\357P\017\356@\016\345@\016m@\016\351`\017\351@\016\345\320\006\363\020\017\362@\017m`\016\360\320\006\355\020\016\364\200\016\2009\204\003;\314C9\000\0049\224\203;\274\203<\264C8\260C\033\230\003<\264A;\204\003=\240\003\000\017\362P\016\363P\016\362`\017\345\320\006\363\220\016\347\340\016\000A\016\3510\017\341 \016\354P\016m@\017\341\220\016\354\320\006\343\020\016\354\300\016\363\000\230C8\260\303<\224\003@\260C9\314\303<\264\001<\310C9\214C:\314C9\264\2019\300C;\204\0039\000\346\020\016\3540\017\345\000\020\356\360\016m`\016\362\020\016\355P\016m\000\017\357\220\016\356@\017\345 \017mP\016\354\220\016\355\000\230C8\260\303<\224\003@\270\303;\264A:\270\2039\314C\033\230\003<\264A;\204\003=\240\003@\017\362P\017\345\000\020\356\360\016m\240\016\365\320\016\360\320\006\364\020\016\342\300\016\3450\017\2009\204\003;\314C9\000\204;\274C\033\270C8\270\303<\264\2019\300C\033\264C8\320\003:\000\364 \017\365P\016\000\341\016\357\320\006\363\220\016\347\340\016\345@\016m\240\017\345 \017\3570\017m`\016\360\320\006\355\020\016\364\200\016\000=\310C=\224\003@\270\303;\264\001=\310C8\300\003<\244\203;\234C\033\264C8\320\003:\000\364 \017\365P\016\0001\017\364\020\016\343\260\016m\000\017\362\360\016\364P\016\343@\017\357 \017m \016\365`\016\346P\016\362\320\006\363\220\016\372P\016\000\036\000\004=\204\203<\234C9\320C\033\214\003<\324\0030\016\357 \017\364P\016\370\320\006\355p\007\000A\017\341 \017\347P\016\364\320\006\346P\016\341@\017\365 \017\3450\017\300\032\204\203<\264\203=\334A9\264A;\260\301\032\220C\034\330\001\033\254\0019\314\003<\260\301\032\230\003<\264A8\310C;\330\003\036\260\301\032\230\003<\264\301;\270\003;\344C\033\314\003<\260\301\032\240\303=\220C:\330\003\033\254\001=\240C=\264\2038\264A;\274\0039\224\003\033\264\3018\310\3038\260A\033\214\203<\344\003<\320\303;\260A\033\220\303;\320\003<\310\303;\220\003\033\264\2019\300C\034\330\2019\264\003;\260A\033\230C=\260\003;\230\003<\304\201\035\260A\033\240\303=\220C:\330C\033\204\203<\264\003\033\264\201;\224\303;\270\003\033\264\201<\204\303<\000D=\270\303<\204\2039\224C\033\230\003<\264A;\204\003=\240\003`\016\341\300\016\363P\016\000Q\017\363P\016m0\017\357`\016\364\320\006\346\300\016\357\020\016\364\000\230C8\260\303<\224\003\260\341}\212\377\377\377\377\037\210qx\007y\220\207r\030\007z`\207|h\003yx\207zp\007r(\007rh\003rH\007{H\007r(\2076\230\207x\220\007zh\003s\200\2076h\207p\240\007t\000\314!\034\330a\036\312\001 \310\241\034\334\341\035\344\241\035\302\201\035\332\300\034\340\241\r\332!\034\350\001\035\000x\220\207r\230\207r\220\007{(\2076\230\207t8\007w\000\brH\207y\b\007q`\207rh\003z\b\207t`\2076\030\207p`\007v\230\007\300\034\302\201\035\346\241\034\000\202\035\312a\036\346\241\r\340A\036\312a\034\322a\036\312\241\r\314\001\036\332!\034\310\0010\207p`\207y(\007\200p\207wh\003s\220\207ph\207rh\003xx\207tp\007z(\007yh\203r`\207th\007\300\034\302\201\035\346\241\034\000\302\035\336\241\r\322\301\035\314a\036\332\300\034\340\241\r\332!\034\350\001\035\000z\220\207z(\007\200p\207wh\003w\b\007w\230\20760\007xh\203v\b\007z@\007\200\036\344\241\036\312\001 \334\341\035\332`\036\322\341\034\334\241\034\310\241\r\364\241\034\344\341\035\346\241\r\314\001\036\332\240\035\302\201\036\320\001\240\007y\250\207r\000\bwx\2076\240\007y\b\007x\200\207tp\207sh\203v\b\007z@\007\200\036\344\241\036\312\001 \346\201\036\302a\034\326\241\r\340A\036\336\201\036\312a\034\350\341\035\344\241\r\304\241\036\314\301\034\312A\036\332`\036\322A\037\312\001\300\003\200\240\207p\220\207s(\007zh\203q\200\207z\000\306\341\035\344\201\036\312\001\037\332\240\035\356\000 \350!\034\344\341\034\312\201\036\332\300\034\312!\034\350\241\036\344\241\034\346\001X\203p\220\207v\260\207;(\2076h\0076X\003r\210\003;`\2035 \207y\200\0076X\003s\200\2076\b\007yh\007{\300\0036X\003s\200\2076x\007w`\207|h\203y\200\0076X\003t\270\007rH\007{`\2035\240\007t\250\207v\020\2076h\207w \207r`\2036\030\007y\030\0076h\203q\220\207|\200\007zx\0076h\003rx\007z\200\007yx\007r`\20360\007x\210\003;0\207v`\0076h\003s\250\007v`\007s\200\2078\260\0036h\003t\270\007rH\007{h\203p\220\207v`\2036p\207rx\007w`\2036\220\207p\230\007\200\250\007w\230\207p0\207rh\003s\200\2076h\207p\240\007t\000\314!\034\330a\036\312\001 \352a\036\312\241\r\346\341\035\314\201\036\332\300\034\330\341\035\302\201\036\000s\b\007v\230\207r\0006\020\006\000\210\301\006\342\b\000k\303\n!\377\377\377\377?\000p\000H\000E\214\303;\310\203<\224\3038\320\003;\344C\033\310\303;\324\203;\220C9\220C\033\220C:\330C:\220C9\264\301<\304\203<\320C\033\230\003<\264A;\204\003=\240\003`\016\341\300\016\363P\016\000A\016\345\340\016\357 \017\355\020\016\354\320\006\346\000\017m\320\016\341@\017\350\000\300\203<\224\303<\224\203<\330C9\264\301<\244\3039\270\003@\220C:\314C8\210\003;\224C\033\320C8\244\003;\264\3018\204\003;\260\303<\000\346\020\016\3540\017\345\000\020\354P\016\3630\017m\000\017\362P\016\343\220\016\363P\016m`\016\360\320\016\341@\016\2009\204\003;\314C9\000\204;\274C\033\230\203<\204C;\224C\033\300\303;\244\203;\320C9\310C\033\224\003;\244C;\000\346\020\016\3540\017\345\000\020\356\360\016m\220\016\356`\016\363\320\006\346\000\017m\320\016\341@\017\350\000\320\203<\324C9\000\204;\274C\033\250C=\264\003<\264\001=\204\2038\260C9\314\003`\016\341\300\016\363P\016\000\341\016\357\320\006\356\020\016\3560\017m`\016\360\320\006\355\020\016\364\200\016\000=\310C=\224\003@\270\303;\264\301<\244\3039\270C9\220C\033\350C9\310\303;\314C\033\230\003<\264A;\204\003=\240\003@\017\362P\017\345\000\020\356\360\016m@\017\362\020\016\360\000\017\351\340\016\347\320\006\355\020\016\364\200\016\000=\310C=\224\003@\314\003=\204\3038\254C\033\300\203<\274\003=\224\3038\320\303;\310C\033\210C=\230\2039\224\203<\264\301<\244\203>\224\003\200\007\000A\017\341 \017\347P\016\364\320\006\343\000\017\365\000\214\303;\310\003=\224\003>\264A;\334\001@\320C8\310\3039\224\003=\264\2019\224C8\320C=\310C9\314\003\260\006\341 \017\355`\017wP\016m\320\016l\260\006\344\020\007v\300\006k@\016\363\000\017l\260\006\346\000\017m\020\016\362\320\016\366\200\007l\260\006\346\000\017m\360\016\356\300\016\371\320\006\363\000\017l\260\006\350p\017\344\220\016\366\300\006k@\017\350P\017\355 \016m\320\016\357@\016\345\300\006m0\016\3620\016l\320\006\343 \017\371\000\017\364\360\016l\320\006\344\360\016\364\000\017\362\360\016\344\300\006m`\016\360\020\007v`\016\355\300\016l\320\006\346P\017\354\300\016\346\000\017q`\007l\320\006\350p\017\344\220\016\366\320\006\341 \017\355\300\006m\340\016\345\360\016\356\300\006m \017\3410\017\000Q\017\3560\017\341`\016\345\320\006\346\000\017m\320\016\341@\017\350\000\230C8\260\303<\224\003@\324\303<\224C\033\314\303;\230\003=\264\2019\260\303;\204\003=\000\346\020\016\3540\017\345\000l \222\000X6 \312\377\377\377\377\017\200\004P@\035l \226\377\377\377\377\037\000\t\000\000\000I\030\000\000\n\000\000\000\023\202`B L\020\204aB@L\b\212\t\002aL\020\nc\202 \034\023\002d\202 $\023\002eB\260L\020\026\003\000\211 \000\000\033\000\000\0002\"H\t d\205\004\223\"\244\204\004\223\"\343\204\241\220\024\022L\212\214\013\204\244L\020ps\004`@`\004\240\b\002\320\230#@\250\224\001\030@\247\004\202R\t\000\2559\202\240\004\215\\\021\000 \230\204\001\345.i\212(a\362\013d!~\304\371\245)\"\000\346\237P i\026AP\252\003\001\205\020\367^\302S\000s\004\240\000\000\000\023.z@\207zh\007q\260\207;(\207vh\203p\220\207vh\003wx\007w(\2076(\207p\020\207t\330\360\006\345\320\006\355\240\007\345\320\006\360\240\007s \007z0\007r\320\006\351`\007t\240\007v@\007m`\017q \007x\240\007v@\007z\020\007r\200\007m\020\016z\000\007z0\007r\320\006\3560\007r\320\006\263`\007t0b\017\334\340\034\330\341\035\304!\034\330\001\f~\341\027\352a\036\312\341\027\334\341\035~a\036\312\241\035\322\001\035\336a\036\350!\035\334\341\034\224Dq\203s`\207w\020\207p`\0070\370\205_\b\005Yh\205_\250\207y(\207_p\207w\370\205p\220\207s\260\007%Q\224\036\020\"$\200\f\031)\"\002h\20409\r\003\227\353\345r\275\302p\370\027\316\016\323\315oy\373\025\206\303\277pv\230n~\313\333\256\361\016\bp\000\201\032\006\000\000\000\000\000\200`\310\344$\003)\000@\000\000\001 \000\000\000\000\0010d\272\220\201\024\000@\000\200\000\020\000\000\000\200\000\0302}\317A\n\0000\000@\000\b\000\000\000@\000\f\231\334\240IH\001\000\b\000\b\000\001\000\000\000\b\200!\323\0360\013)\000\000\001\000\001 \000\000\000\000\0010d:\005/!\005\000 \000 \000\004\000\000\000 \000\206L\345P%\244\020\000\005\000\000\200\000\000\000\000\004\300\220I\037\"\207\024\000\300\000\200\000\020\000\000\000\200\000\0302\255\004\342\220B\000\034\000\000\000\002\000\000\000\020\000C\246\231\250\022R\b\200\002\000\000@\000\000\000\000\002`\310\204\026\316B\n\001P\000\000\000\b\000\000\000@\000\f\231\354BZH!\000\n\000\000\000\001\000\000\000\b\200!\023j8\020)\000\000\002\000\001 \000\000\000\000\0010d\262\215f!\005\000H\000 \000\004\000\000\000 \000\206L\343\361T\244\000\000\n\000\004\200\000\000\000\000\004\300\220I>\234\212\024\000@\001\200\000\020\000\000\000\200\000\0302\201\b\223\220\002\000$\000\020\000\002\000\000\000\020\000C&\026q0 \000\026\000\000\000\000\000\000\000\000\000\211\r\002\205\357\022\000\000\262@\f\000\000\0002\036\230\030\031\021L\220\214\t&G\306\004C\002#\000EP\006%P\b\345\315jQ\302\255\026\345\355\fA{\004\240\020\n\2420\nQ\000\000\000\000\261\030\000\000w\000\000\0003\b\200\034\304\341\034f\024\001=\210C8\204\303\214B\200\007yx\007s\230q\f\346\000\017\355\020\016\364\200\0163\fB\036\302\301\035\316\241\034f0\005=\210C8\204\203\033\314\003=\310C=\214\003=\314x\214tp\007{\b\007yH\207pp\007zp\003vx\207p \207\031\314\021\016\354\220\016\3410\017n0\017\343\360\016\360P\0163\020\304\035\336!\034\330!\035\302a\036f0\211;\274\203;\320C9\264\003<\274\203<\204\003;\314\360\024v`\007{h\0077h\207rh\0077\200\207p\220\207p`\007v(\007v\370\005vx\207w\200\207_\b\207q\030\207r\230\207y\230\201,\356\360\016\356\340\016\365\300\016\3540\003b\310\241\034\344\241\034\314\241\034\344\241\034\334a\034\312!\034\304\201\035\312a\006\326\220C9\310C9\230C9\310C9\270\3038\224C8\210\003;\224\303/\274\203<\374\202;\324\003;\260\303\f\307i\207pX\207rp\203th\007x`\207t\030\207t\240\207\031\316S\017\356\000\017\362P\016\344\220\016\343@\017\341 \016\354P\0163 (\035\334\301\036\302A\036\322!\034\334\201\036\334\340\034\344\341\035\352\001\036f\030Q8\260C:\234\203;\314P$v`\007{h\0077`\207wx\007x\230QL\364\220\017\360P\0163\036j\036\312a\034\350!\035\336\301\035~\001\036\344\241\034\314!\035\360a\006T\205\2038\314\303;\260C=\320C9\374\302<\344C;\210\303;\260\303\214\305\n\207y\230\207w\030\207t\b\007z(\007r\230\201\\\343\020\016\354\300\016\345P\016\3630#\301\322A\036\344\341\027\330\341\035\336\001\036f\034\331<\310\3038\260\303;\214\003\000\000\000\000y \000\000\241\001\000\000b\036H C\210\f\0319\031$\220\221@\306\310\310h\"P\b\0242\236\030\031!G\310\220Q,\0032\0003a \013v\200\007\307\020\n\f\2010\304P8a\320HJ#I\202A\n\b\360D\307)4\036d\034\r\000\000../../app_platform\\app_platform.cC:\\Work\\SVN\\projects\\MCU\\nes_simulator\\EmbeddedNES\\mps2_template\\example\\build\\mdkComponent: ARM Compiler 6.11 Tool: armclang [5d3b4200]C:\\Program Files\\ARMCompiler6.11\\bin\\..\\include\\stdint.hint32_tintC:/Keil_v5/ARM/PACK/ARM/CMSIS/5.4.0/CMSIS/Core/Include\\core_CM7.hSysTick_TypeCTRLuint32_tunsigned intLOADVALCALIBs_nCycleCounts../../app_platform/app_platform.cDwarf VersionDebug Info Versionwchar_sizestatic_rwdataenumsize_buildattrarmlib_unavailablechtState../../app_platform/..\\..\\sources\\gmsi/utilities/.\\arm\\arm_compiler.histate_tomnipotent charSimple C/C++ TBAApriMaskC:/Keil_v5/ARM/PACK/ARM/CMSIS/5.4.0/CMSIS/Core/Include/cmsis_armclang.h__set_PRIMASK../../app_platform/.\\file_io.hfile_io_stream_tchMaskuint8_tunsigned char\246B\001\000\000\000\000\0000\202\000P#\b@5\202\000X#\b\3005\202\000L#\b\0006\202\000d#\b\3336\202\260q#\b[7\202\260y#\b\2006\202\260}#E\303\004\364A\350\001\000H\000\000\220\n\000\000\000\300l\314P\007\017\320\n\262\340\nA\000\000\300PS\300\340\301\020\000\000\020\344\001(\000\254\000\000@\000\bSU\0039\200\001@\0163s\016A@3\000\000\200HP\007\000\200\016\0000R4L\200:\210\002\000\200a\000\000@=\000\000\000\000\003\025@ \000\300\f\300@\005@\b\0000\317\001\220\201\001\006@\001L\324\000V\241\007z\000\354\001\000\000\000\000\fT\000\207\000\000\0235\200\205\364\301\351\001s\000\000\000\000\000\0235\300\003\000\000\340\007`\000\000\000\000\314 \360\301\037\314s\000d\260\200\001p\000\0235\200\245\350\001(\000\241\000\000\000\000\000\0235@\035\000\000\000\210\002\000\000\000\000L\324\000M\322\007\2437\007\243\000\006\000\000\000\300D\r\3200}@zs0\n`\000\200\001\000\000\0235@\323\364A\351\315\301(\200\001\000\n\000\000L\324\000f\000\000\0000\n\000\000\000\0000Q\0034N\037\230\336\034\234\002\030\000\340\000\000\300\f\004)\224\202)\240\302t\2011e0\000t\240\n3\004\2530P\001@\002\000L\324\000u\000\000\000\300\007\000\000\000\0000\303`\006\321\031\3140\230\201t\0063\fh0\245\301\f\003\032Ph0\303\200\006\225\031\3140\240\201\245\0063\004\303\f\002\260\0073\021\002`\013\300\f\0010\023!\000\270\000\fT\000\231\000\000\0235\200\245\351\202|\000{\000\000\000\000\0003\bk\300\0063\004\335\f\003\327\013m0\303`\370B\033\314\220l\277\320\006\277\340\006\277\360\006\277\000\0073\f\340\360\013o0\303\000\016\277\340\0063\f\277\360\013m0P\001|\002\000\f\227\bv\340\221\303\314\210B\000\0003\b\200(\314D\b\2009\0003\004\3450C\020\007\003\025@\030\b\0000Q\003Xb\240\016\244\000\334\001\000\000\000\000L\324\000\017\000\000\300:\200\001\000\000\0000\203\000\260\303L\204\000\264\0030\317\001\220A\031 \000\002L\324\000\026\031\350\201\037\000\357\000\000\000\000\000\323\f\202\034\0003\004\3610R$\004\000\000\000\360\000\206\001\000\000\362\000\000\000\000L\324\000\315\030\250\303(\334\301<\200a\000\000\000\000\314\020\320\303\301\002\300q\034\307q\034\307q\034\307\271\004<\350\004i\320\204\033@n`\n\360\340\006\360\240\016h`\n\360\240\016\374 \022\"\241\016\"\001\n\026\035pn\240\016n\340\006n\340\006n\340\006\226\030\270\201\345\006n\000\017h`\271\201\033\330\003\035\320\001\035\270\201/\210\201\033p\034\035\330\203:\210\201\033\230\202=\240\001\347\022(!#\201\t\312\205\215\315\256\315\205L\354\314e\254n\224\200\0162bc\263ksi{#\253c+s1c\013;\233\033\305p\205W\200\205X\220\205YH\205\215\315\256\315%\215\254\314\215n\224\200\026\206\f\006\000P\005\000\000\000\000\251\030\000\000\023\000\000\000\013\nr(\207w\200\007zXp\230C=\270\3038\260C9\320\303\202\346\034\306\241\r\350A\036\302\301\035\346!\035\350!\035\336\301\035\026(\342P\016\346\360\016\362P\016\351\340\016\363@\017\013\222p0\007z(\007yH\007w\230\007z\000\321\020\000\000\006\000\000\000\007\314<\244\203;\234\003;\224\003=\240\203<\224C8\220\303\001\000\000\000a \000\000-\000\000\000\023\004B<\f\000\000\000\030\000\000\000\"G\310\220Q\006D\003\t\000\000\000_sys_exit\000\000\000\253\252\241\025\354\001h\2059\270\005 \240\003\000\000@$\250\003\000\320\007\000X1\340\303>\360\303\270D\270\207\253\025\346`\017\002\000\330\020\344\203\314\003\td\b\221!SuP`\017@\325A\203=\000\023\004\000\f\000\000\000\000#\006\007\000\202`\200=e\377\377\377?\244\375\377\377\377\200\373\377\377\377\303\214\0011\007\324=\000\263\004\301\214\001Q\007\305=\000\263\004\301\204\001\020\020\003\000\000\000\003\000\000\000[\004\300\036\266\f\202t\017\000\000\000\000\000\000\000a \000\000\"\000\000\000\023\004A<\f\000\000\000\020\000\000\000\"G\310\220Q\006\004\003\b\000\000\000_ttywrch\253\252\241\025\354\001h\005<\270\005 \310\003\000\000@$\250\003\000\310\007\000\030\227\b\367p\265\002\036\354A\000\000\033\002|\230 \000`\000#\006\007\000\202`\200=h\377\377\377?\250\375\377\377\377\200\373\377\377\377\303\214\001\201\007\323=\0008c@\354Ap\017@@\f\000\000\000\002\000\000\000[\004\300\036\000\000\000\000\000\000\000\000a \000\000Y\000\000\000\023\004A<\f\000\000\000?\000\000\000\"G\310\220Q\032H:\000\000\000\000\017\036(\004\201\000\000\000$Sub$$_sys_openC:\\Program Files\\ARMCompiler6.11\\bin\\..\\include\\rt_sys.hFILEHANDLEcharnameopenmode\000\000\000\253\252\241\025\354\001h\205?\030\t \000\005\000\000@$\250\003\0000\t\000\030T\000\367 \000\300\242\006\260\360\241\037,`\017\000\000\000\000`\317\001\220A> \000\002,j\0003\000\000\000\370\007\000\000\000\000X\324\000\017\000\000\000H\200\001\000\000\000\260a\360\207\220\330\203M\204\000\210\0040.\021\370A\037Z\341\017B\"\000\200q\211\300\017\373\320\n\177\260\007\002\000l\020H\242$&\b\006\030L\020\2000\000\000\000#\006\007\000\202`\200A<\377\377\377?\374\374\377\377\377\220\373\377\377\377\303\214\001\361\007h\300\017\300\210\301\001\200 \030`\320\316\377\377\377\017>\377\377\377?\344\376\377\377\3770c@\374\201\034\360\003\220\317\214\001\021\n\005?\000\0011\000\000\002\000\000\000[\004`\037\000\000\000\000\000\000\000\000a \000\000c\000\000\000\023\004A,\020\000\000\000\033\000\000\000\004*\372\037\377\177\240\262\377\361\377\007(\230\002\020S\020Bd\256.xZa\026d\001\f\340A\036\322\241\035\302a\036\326\201\r\300\200\f\340`\221\0076\360\207}h\207rh\207w\220\207|\350\007bsu\001\326\016\3620\017`@\006p\300\006`\000\017\362\220\016\355\020\016\363\260\016\3128\300\303<\244\0039\200A:(B\037\310\003\000\000\3610\000\000\030\000\000\000\"G\310\220Q\006D\004\r\000\000\000start_counter\000\000\000\263\212\000\037Z\301\026\212U\325\320\n\366\000\264\002-\344\002\020\324\002\000\000 \022\324\001\000\354\003\000\310<\220@\206\020\0312m\013\005\366\000\214K\204{\300Z\301\026v\001\000\200\r\201>L\020\2003\000\000\000\000#\006\004\023\202`\260\0043\006\204-\024\367\000T\020\351\204\0010bp\000 \b\006\230\325\366\377\377\377\303\333\377\377\377\017\277\377\377\377?L\030\000d\000:a\000\220\001\346\204\001`B\020\002\023\006\300\260\001\261\006\301\020L\030\000#\006\007\003\202`\200ep\377\377\377?\234\376\377\377\377 \376\377\377\377\303\214\00113r`\007\3710bP0!\b\006\303A\314\030\02053\330A>\340\214\001\221\013\001>\000\0011\b\000\000\000[\004\340\036\266\f@\266\013[\206!\000\207-\003\021\204\303\226\301\b\304a\313\200d\350\000\000\000\000\000\000\000\000a \000\000l\000\000\000\023\004A,\020\000\000\000\033\000\000\000\004*\373\037\377\177\240\242\377\361\377\007(\230\002\020S\020Bd\256.xZa\026d\001\f\340A\036\322\241\035\302a\036\326\201\r\300\200\f\340`\221\0076\360\207}h\207rh\207w\220\207|\350\007bsu\001\326\016\3620\017`@\006p\300\006`\000\017\362\220\016\355\020\016\363\260\016\3128\300\303<\244\0039\200A:(B\037\310\003\000\000\3610\000\000\031\000\000\000\"G\310\220Q\006\004\004\f\000\000\000stop_counter\263\212\000\037ZA\034\212U\325\320\n\366\000\264\0028\354\003\020\204\003\000\000 \022\324\001\000\364\003\000\310<\220@\206\020\0312-\016\005\366\000l\b\370`\023!\000\372\000\214K\204{\300ZA\034v\001\000\200\r\001?L\020\2003\000\000\000#\006\004\023\202`\260\0043\006\2048\024\367\000T\020\351\204\0010bp\000 \b\006\230\265\366\377\377\377C\333\377\377\377\017\277\377\377\377?L\030\000d\2009a\000\220\001\350\204\001PB\020\023\006\000\255\001\230\023\006\200\t\001\bL\030\000\303\006D\033\004C0a\000\214\030\034\f\b\202\001\266\301\375\377\377\377\220\372\377\377\377\003\371\377\377\377\0173\006\304\314\310\201\035\344\303\210A\301\204 \030\f\2111c@\324\314`\007\371@m\000\346\214\001Q\016\f>\000\031\314\030\020\345P\340\003\020\020\003\000\n\000\000\000[\004\340\036\266\f@\266\013[\206!\b\207-\003\021\200\303\226\301\b\304a\313\200\004\342\260eP2t\3302,\2018\000\000\000\000\000\000a \000\000?\000\000\000\023\004A,\020\000\000\000\003\000\000\000\004*\373\037\377\177\200\202)\000\001\000\3610\000\000 \000\000\000\"G\310\220Q\n\204\034\000\000\000\000\036\004\000\000app_platform_1ms_event_handlercounter_overflow\000\000\253\252\241\025\354\001h\005u\310\005 X\007\000\000@$\250\003\000\310\003\000XU\r\255p\017@+\354B.\004\001/\000\000\000\"A\035\000@\036\000\200\314\003\td\b\221!\323\355Pp\017\000\000\000#\006\004\223\222`\220l3\006\004;\024\370\000P\000\346\214\001\321\013`\220\017\372@c\000\346\214\001\321\013T>\350C\005\002L\030\000\303\006D\031\004C0a\000\340\214\001\021\017\001>\000\0011\000\000\005\000\000\000[\004\340\036\266\fA\020\016[\006!\020\207-\003\021\210\003\000\000\000\000\000a \000\0002\000\000\000\023\004A,\020\000\000\000\001\000\000\000\324j\000\000\3610\000\000\026\000\000\000\"G\310\220Q\n\204\006Q\001\000\000app_platform_init_Bool\000\000\253\252\241\025\354\001h\205|\340\007 \320\007\000\000@$\250\003\000\310\003\000\230U\004\370\320\n\373\200\3549\0002\270\007\004\020\200\r\201>l\"\004`\037\000\000\000#\006D\223\222`\340`3\006\004?$\371\000\214\030\020LJ\202A\202\315\030\020\375\220\344\0030b@0)\t\006\3135c@\374C\222\017\300\210\001\301\244$\030,\327\214\001\001\022I>\000I\314\030\020,\021\340\003\020\020\003\002\000\000\000[\004\340\036\000\000\000\000\000\000\000\000a \000\000'\000\000\000\023\004A<\f\000\000\000\025\000\000\000\"G\310\220Q\006\204\004\016\000\000\000stdout_putchar\000\000\253\252\241\025\354\001h\205\232\310\007 \260\t\000\000@$\250\003\000\330\007\000\330 \354\301\036l\"\004\000\037\200q\211p\017W+\324\304\036\004\000\260!\320\207\t\002\000\006\000\000#\006\007\000\202`\200=f\377\377\377?\240\375\377\377\377\200\373\377\377\377\303\214\001Q\023\331=\000\031\314\030\020>Q\334\003\020\020\003\000\000\002\000\000\000[\004\300\036\000\000\000\000\000\000\000\000a \000\000\035\000\000\000\023\004A,\020\000\000\000\001\000\000\000\004j\000\000\3610\000\000\020\000\000\000\"G\310\220Q\006D\004\r\000\000\000stdin_getchar\000\000\000\253\252\241\025\354\001h\005\261\310\007 \030\013\000\000@$\250\003\000\310\003\000\330\020\354\301&B\000\360\001\000\000\000\031\314\030\020mQ\334\003\020\020\003\000\002\000\000\000[\004\300\036\000\000\000\000\000\000\000\000a \000\000&\000\000\000\023\004A<\f\000\000\000\024\000\000\000\"G\310\220Q\n\004\006O\001\000\000retarget_stdoutptOut\253\252\241\025\354\001h\205\270p\007 \220\013\000\000@$\250\003\000\320\007\000\030\227\b\370p\017\255\020\027\354\020\000\300\206 \037&\b\024\030\000\000\000\000#\006\007\000\202`\200=g\377\377\377?\244\375\377\377\377\200\373\377\377\377\303\214\001\021\027h\200\017\000\316\030\020v\021\340\003\020\020\003\000\000\002\000\000\000[\004\340\036\000\000\000\000\000\000\000\000a \000\000&\000\000\000\023\004A<\f\000\000\000\024\000\000\000\"G\310\220Q\n\204\005\016\001\000\000retarget_stdinptIn\000\000\253\252\241\025\354\001h\005\274p\007 \310\013\000\000@$\250\003\000\320\007\000\030\227\b\370p\017\255\200\027\354\020\000\300\206 \037&\b\024\030\000\000\000\000#\006\007\000\202`\200=g\377\377\377?\244\375\377\377\377\200\373\377\377\377\303\214\001\201\027g\200\017\000\316\030\020}\021\340\003\020\020\003\000\000\002\000\000\000[\004\340\036\000\000\000\000\000\000\000\000a \000\000\027\000\000\000\023\004A<\f\000\000\000\r\000\000\000\"G\310\220Q\006\004\004\f\000\000\000stdout_flush\253\252\241\025\354\001h\205\277\310\005 \000\r\000\000@$\250\003\000\310\003\000\000\000\000\0008c@\240Fp\017@@\f\000\000\002\000\000\000[\004\300\036\000\000\000\000\000\000\000\000q \000\000\f\000\000\0002\016\020\"\204\001\320\r(\360\337\200\003\243\016H\340\357\200\005\343\017h\020\r\201\b\222\021\330`\034\201\016\357\021\370\340(\201\020\266\022\030\341-\001\000\000\000\000\000e\f\000\000\225\000\000\000\022\003\224\250\004\000\000\000\001\000\000\000\032\001\000\000\b\000\000\000D\000\000\000\001\000\000\000P\000\000\000\000\000\000\000P\000\000\000\025\000\000\000H\002\000\000\000\000\000\000\"\001\000\000\027\000\000\0009\001\000\000!\000\000\000n\001\000\000\000\000\000\000\000\000\000\000\025\000\000\000\000\000\000\000\016\000\000\000\t\000\000\000\016\000\000\000\t\000\000\000\377\377\377\377\001$\000\000\027\000\000\000\b\000\000\000\027\000\000\000\b\000\000\000\377\377\377\377\001$\000\000\037\000\000\000\017\000\000\000\037\000\000\000\017\000\000\000\377\377\377\377\001$\000\000.\000\000\000\r\000\000\000.\000\000\000\r\000\000\000\377\377\377\377\001$\000\000;\000\000\000\f\000\000\000;\000\000\000\f\000\000\000\377\377\377\377\001$\000\000G\000\000\000\036\000\000\000G\000\000\000\036\000\000\000\377\377\377\377\001$\000\000e\000\000\000\025\000\000\000e\000\000\000\025\000\000\000\377\377\377\377\b$\000\000z\000\000\000\021\000\000\000z\000\000\000\021\000\000\000\377\377\377\377\001$\000\000\213\000\000\000\b\000\000\000\213\000\000\000\b\000\000\000\377\377\377\377\b$\000\000\223\000\000\000\025\000\000\000\223\000\000\000\025\000\000\000\377\377\377\377\b$\000\000\250\000\000\000\016\000\000\000\250\000\000\000\016\000\000\000\377\377\377\377\b$\000\000\266\000\000\000\022\000\000\000\266\000\000\000\022\000\000\000\377\377\377\377\b$\000\000\310\000\000\000\016\000\000\000\310\000\000\000\016\000\000\000\377\377\377\377\001$\000\000\326\000\000\000\r\000\000\000\326\000\000\000\r\000\000\000\377\377\377\377\001$\000\000\343\000\000\000\017\000\000\000\343\000\000\000\017\000\000\000\377\377\377\377\001$\000\000\362\000\000\000\016\000\000\000\362\000\000\000\016\000\000\000\377\377\377\377\001$\000\000\000\001\000\000\f\000\000\000\000\001\000\000\f\000\000\000\377\377\377\377\001$\000\000\f\001\000\000\016\000\000\000\f\001\000\000\016\000\000\000\377\377\377\377\b,\000\000\000\000\000\000\016\000\000\000\000\000\000\000\016\000\000\000\377\377\377\377\000\000\000\000Z\001\000\000\024\000\000\000n\001\000\000\000\000\000\000\377\377\377\377\210$\000\000n\001\000\000\021\000\000\000n\001\000\000\000\000\000\000\377\377\377\377\210$\000\000\000\000\000\000]\f\000\000c\000\000\000\022\003\224\377\002\000\000\000s_nCycleCounts_sys_exit_ttywrch$Sub$$_sys_openstart_counterstop_counterapp_platform_1ms_event_handlerbsp_1ms_event_handlerapp_platform_initbsp_initSystemCoreClockUpdateLED_InitializeButtons_Initializestdout_putcharstdin_getcharretarget_stdoutretarget_stdinstdout_flushllvm.dbg.value8.0.0svnthumbv7em-arm-none-eabi../../app_platform/app_platform.c__use_no_semihosting__ARM_use_no_argv\000\000\000\000"
	.size	.Lllvm.embedded.module, 10760

	.section	.debug_str,"MS",%progbits,1
.Linfo_string0:
	.asciz	"Component: ARM Compiler 6.11 Tool: armclang [5d3b4200]" @ string offset=0
.Linfo_string1:
	.asciz	"../../app_platform\\app_platform.c" @ string offset=55
.Linfo_string2:
	.asciz	"C:\\Work\\SVN\\projects\\MCU\\nes_simulator\\EmbeddedNES\\mps2_template\\example\\build\\mdk" @ string offset=89
.Linfo_string3:
	.asciz	"s_nCycleCounts"        @ string offset=172
.Linfo_string4:
	.asciz	"int"                   @ string offset=187
.Linfo_string5:
	.asciz	"int32_t"               @ string offset=191
.Linfo_string6:
	.asciz	"CTRL"                  @ string offset=199
.Linfo_string7:
	.asciz	"unsigned int"          @ string offset=204
.Linfo_string8:
	.asciz	"uint32_t"              @ string offset=217
.Linfo_string9:
	.asciz	"LOAD"                  @ string offset=226
.Linfo_string10:
	.asciz	"VAL"                   @ string offset=231
.Linfo_string11:
	.asciz	"CALIB"                 @ string offset=235
.Linfo_string12:
	.asciz	"SysTick_Type"          @ string offset=241
	.section	.debug_abbrev,"",%progbits
	.byte	1                       @ Abbreviation Code
	.byte	17                      @ DW_TAG_compile_unit
	.byte	1                       @ DW_CHILDREN_yes
	.byte	37                      @ DW_AT_producer
	.byte	14                      @ DW_FORM_strp
	.byte	19                      @ DW_AT_language
	.byte	5                       @ DW_FORM_data2
	.byte	3                       @ DW_AT_name
	.byte	14                      @ DW_FORM_strp
	.byte	16                      @ DW_AT_stmt_list
	.byte	6                       @ DW_FORM_data4
	.byte	27                      @ DW_AT_comp_dir
	.byte	14                      @ DW_FORM_strp
	.byte	0                       @ EOM(1)
	.byte	0                       @ EOM(2)
	.byte	2                       @ Abbreviation Code
	.byte	52                      @ DW_TAG_variable
	.byte	0                       @ DW_CHILDREN_no
	.byte	3                       @ DW_AT_name
	.byte	14                      @ DW_FORM_strp
	.byte	73                      @ DW_AT_type
	.byte	19                      @ DW_FORM_ref4
	.byte	58                      @ DW_AT_decl_file
	.byte	11                      @ DW_FORM_data1
	.byte	59                      @ DW_AT_decl_line
	.byte	11                      @ DW_FORM_data1
	.byte	0                       @ EOM(1)
	.byte	0                       @ EOM(2)
	.byte	3                       @ Abbreviation Code
	.byte	53                      @ DW_TAG_volatile_type
	.byte	0                       @ DW_CHILDREN_no
	.byte	73                      @ DW_AT_type
	.byte	19                      @ DW_FORM_ref4
	.byte	0                       @ EOM(1)
	.byte	0                       @ EOM(2)
	.byte	4                       @ Abbreviation Code
	.byte	22                      @ DW_TAG_typedef
	.byte	0                       @ DW_CHILDREN_no
	.byte	73                      @ DW_AT_type
	.byte	19                      @ DW_FORM_ref4
	.byte	3                       @ DW_AT_name
	.byte	14                      @ DW_FORM_strp
	.byte	58                      @ DW_AT_decl_file
	.byte	11                      @ DW_FORM_data1
	.byte	59                      @ DW_AT_decl_line
	.byte	11                      @ DW_FORM_data1
	.byte	0                       @ EOM(1)
	.byte	0                       @ EOM(2)
	.byte	5                       @ Abbreviation Code
	.byte	36                      @ DW_TAG_base_type
	.byte	0                       @ DW_CHILDREN_no
	.byte	3                       @ DW_AT_name
	.byte	14                      @ DW_FORM_strp
	.byte	62                      @ DW_AT_encoding
	.byte	11                      @ DW_FORM_data1
	.byte	11                      @ DW_AT_byte_size
	.byte	11                      @ DW_FORM_data1
	.byte	0                       @ EOM(1)
	.byte	0                       @ EOM(2)
	.byte	6                       @ Abbreviation Code
	.byte	15                      @ DW_TAG_pointer_type
	.byte	0                       @ DW_CHILDREN_no
	.byte	73                      @ DW_AT_type
	.byte	19                      @ DW_FORM_ref4
	.byte	0                       @ EOM(1)
	.byte	0                       @ EOM(2)
	.byte	7                       @ Abbreviation Code
	.byte	22                      @ DW_TAG_typedef
	.byte	0                       @ DW_CHILDREN_no
	.byte	73                      @ DW_AT_type
	.byte	19                      @ DW_FORM_ref4
	.byte	3                       @ DW_AT_name
	.byte	14                      @ DW_FORM_strp
	.byte	58                      @ DW_AT_decl_file
	.byte	11                      @ DW_FORM_data1
	.byte	59                      @ DW_AT_decl_line
	.byte	5                       @ DW_FORM_data2
	.byte	0                       @ EOM(1)
	.byte	0                       @ EOM(2)
	.byte	8                       @ Abbreviation Code
	.byte	19                      @ DW_TAG_structure_type
	.byte	1                       @ DW_CHILDREN_yes
	.byte	11                      @ DW_AT_byte_size
	.byte	11                      @ DW_FORM_data1
	.byte	58                      @ DW_AT_decl_file
	.byte	11                      @ DW_FORM_data1
	.byte	59                      @ DW_AT_decl_line
	.byte	5                       @ DW_FORM_data2
	.byte	0                       @ EOM(1)
	.byte	0                       @ EOM(2)
	.byte	9                       @ Abbreviation Code
	.byte	13                      @ DW_TAG_member
	.byte	0                       @ DW_CHILDREN_no
	.byte	3                       @ DW_AT_name
	.byte	14                      @ DW_FORM_strp
	.byte	73                      @ DW_AT_type
	.byte	19                      @ DW_FORM_ref4
	.byte	58                      @ DW_AT_decl_file
	.byte	11                      @ DW_FORM_data1
	.byte	59                      @ DW_AT_decl_line
	.byte	5                       @ DW_FORM_data2
	.byte	56                      @ DW_AT_data_member_location
	.byte	11                      @ DW_FORM_data1
	.byte	0                       @ EOM(1)
	.byte	0                       @ EOM(2)
	.byte	10                      @ Abbreviation Code
	.byte	38                      @ DW_TAG_const_type
	.byte	0                       @ DW_CHILDREN_no
	.byte	73                      @ DW_AT_type
	.byte	19                      @ DW_FORM_ref4
	.byte	0                       @ EOM(1)
	.byte	0                       @ EOM(2)
	.byte	0                       @ EOM(3)
	.section	.debug_info,"",%progbits
.Lcu_begin0:
	.long	164                     @ Length of Unit
	.short	3                       @ DWARF version number
	.long	.debug_abbrev           @ Offset Into Abbrev. Section
	.byte	4                       @ Address Size (in bytes)
	.byte	1                       @ Abbrev [1] 0xb:0x9d DW_TAG_compile_unit
	.long	.Linfo_string0          @ DW_AT_producer
	.short	12                      @ DW_AT_language
	.long	.Linfo_string1          @ DW_AT_name
	.long	.Lline_table_start0     @ DW_AT_stmt_list
	.long	.Linfo_string2          @ DW_AT_comp_dir
	.byte	2                       @ Abbrev [2] 0x1e:0xb DW_TAG_variable
	.long	.Linfo_string3          @ DW_AT_name
	.long	41                      @ DW_AT_type
	.byte	2                       @ DW_AT_decl_file
	.byte	82                      @ DW_AT_decl_line
	.byte	3                       @ Abbrev [3] 0x29:0x5 DW_TAG_volatile_type
	.long	46                      @ DW_AT_type
	.byte	4                       @ Abbrev [4] 0x2e:0xb DW_TAG_typedef
	.long	57                      @ DW_AT_type
	.long	.Linfo_string5          @ DW_AT_name
	.byte	1                       @ DW_AT_decl_file
	.byte	58                      @ DW_AT_decl_line
	.byte	5                       @ Abbrev [5] 0x39:0x7 DW_TAG_base_type
	.long	.Linfo_string4          @ DW_AT_name
	.byte	5                       @ DW_AT_encoding
	.byte	4                       @ DW_AT_byte_size
	.byte	6                       @ Abbrev [6] 0x40:0x5 DW_TAG_pointer_type
	.long	69                      @ DW_AT_type
	.byte	7                       @ Abbrev [7] 0x45:0xc DW_TAG_typedef
	.long	81                      @ DW_AT_type
	.long	.Linfo_string12         @ DW_AT_name
	.byte	3                       @ DW_AT_decl_file
	.short	967                     @ DW_AT_decl_line
	.byte	8                       @ Abbrev [8] 0x51:0x3a DW_TAG_structure_type
	.byte	16                      @ DW_AT_byte_size
	.byte	3                       @ DW_AT_decl_file
	.short	961                     @ DW_AT_decl_line
	.byte	9                       @ Abbrev [9] 0x56:0xd DW_TAG_member
	.long	.Linfo_string6          @ DW_AT_name
	.long	139                     @ DW_AT_type
	.byte	3                       @ DW_AT_decl_file
	.short	963                     @ DW_AT_decl_line
	.byte	0                       @ DW_AT_data_member_location
	.byte	9                       @ Abbrev [9] 0x63:0xd DW_TAG_member
	.long	.Linfo_string9          @ DW_AT_name
	.long	139                     @ DW_AT_type
	.byte	3                       @ DW_AT_decl_file
	.short	964                     @ DW_AT_decl_line
	.byte	4                       @ DW_AT_data_member_location
	.byte	9                       @ Abbrev [9] 0x70:0xd DW_TAG_member
	.long	.Linfo_string10         @ DW_AT_name
	.long	139                     @ DW_AT_type
	.byte	3                       @ DW_AT_decl_file
	.short	965                     @ DW_AT_decl_line
	.byte	8                       @ DW_AT_data_member_location
	.byte	9                       @ Abbrev [9] 0x7d:0xd DW_TAG_member
	.long	.Linfo_string11         @ DW_AT_name
	.long	162                     @ DW_AT_type
	.byte	3                       @ DW_AT_decl_file
	.short	966                     @ DW_AT_decl_line
	.byte	12                      @ DW_AT_data_member_location
	.byte	0                       @ End Of Children Mark
	.byte	3                       @ Abbrev [3] 0x8b:0x5 DW_TAG_volatile_type
	.long	144                     @ DW_AT_type
	.byte	4                       @ Abbrev [4] 0x90:0xb DW_TAG_typedef
	.long	155                     @ DW_AT_type
	.long	.Linfo_string8          @ DW_AT_name
	.byte	1                       @ DW_AT_decl_file
	.byte	64                      @ DW_AT_decl_line
	.byte	5                       @ Abbrev [5] 0x9b:0x7 DW_TAG_base_type
	.long	.Linfo_string7          @ DW_AT_name
	.byte	7                       @ DW_AT_encoding
	.byte	4                       @ DW_AT_byte_size
	.byte	10                      @ Abbrev [10] 0xa2:0x5 DW_TAG_const_type
	.long	139                     @ DW_AT_type
	.byte	0                       @ End Of Children Mark
	.section	.debug_macinfo,"",%progbits
	.byte	0                       @ End Of Macro List Mark

	.ident	"Component: ARM Compiler 6.11 Tool: armclang [5d3b4200]"
	.section	".note.GNU-stack","",%progbits
	.ARM_attribute	16, 1	@ Tag_AV_eba
	.section	.debug_line,"",%progbits
.Lline_table_start0:
