	.text
	.syntax unified
	.eabi_attribute	67, "2.09"	@ Tag_conformance
	.cpu	cortex-m7
	.eabi_attribute	6, 13	@ Tag_CPU_arch
	.eabi_attribute	7, 77	@ Tag_CPU_arch_profile
	.eabi_attribute	8, 0	@ Tag_ARM_ISA_use
	.eabi_attribute	9, 2	@ Tag_THUMB_ISA_use
	.fpu	fpv5-sp-d16
	.eabi_attribute	27, 1	@ Tag_ABI_HardFP_use
	.eabi_attribute	36, 1	@ Tag_FP_HP_extension
	.eabi_attribute	34, 1	@ Tag_CPU_unaligned_access
	.eabi_attribute	17, 1	@ Tag_ABI_PCS_GOT_use
	.eabi_attribute	20, 2	@ Tag_ABI_FP_denormal
	.eabi_attribute	21, 0	@ Tag_ABI_FP_exceptions
	.eabi_attribute	23, 1	@ Tag_ABI_FP_number_model
	.eabi_attribute	24, 1	@ Tag_ABI_align_needed
	.eabi_attribute	25, 1	@ Tag_ABI_align_preserved
	.eabi_attribute	28, 1	@ Tag_ABI_VFP_args
	.eabi_attribute	38, 1	@ Tag_ABI_FP_16bit_format
	.eabi_attribute	18, 4	@ Tag_ABI_PCS_wchar_t
	.eabi_attribute	26, 2	@ Tag_ABI_enum_size
	.eabi_attribute	14, 0	@ Tag_ABI_PCS_R9_use
	.file	"bsp.c"
	.file	1 "C:\\Work\\SVN\\projects\\MCU\\nes_simulator\\EmbeddedNES\\mps2_template\\example\\build\\mdk" "../../app_platform/V2M-MPS2/bsp.c"
	.file	2 "C:\\Work\\SVN\\projects\\MCU\\nes_simulator\\EmbeddedNES\\mps2_template\\example\\build\\mdk" "C:/Keil_v5/ARM/PACK/Keil/V2M-MPS2_CMx_BSP/1.7.0/Device/CMSDK_CM7/Include\\CMSDK_CM7_SP.h"
	.file	3 "C:\\Work\\SVN\\projects\\MCU\\nes_simulator\\EmbeddedNES\\mps2_template\\example\\build\\mdk" "C:\\Program Files\\ARMCompiler6.11\\bin\\..\\include\\stdint.h"
	.file	4 "C:\\Work\\SVN\\projects\\MCU\\nes_simulator\\EmbeddedNES\\mps2_template\\example\\build\\mdk" "C:/Keil_v5/ARM/PACK/ARM/CMSIS/5.4.0/CMSIS/Core/Include\\core_CM7.h"
	.type	.Lllvm.embedded.module,%object @ @llvm.embedded.module
	.section	.llvmbc,"a",%progbits
	.p2align	4
.Lllvm.embedded.module:
	.asciz	"BC\300\3365\024\000\000\005\000\000\000b\f0$LY\276&\357\323>-U\215\020\005\310\024\000\000!\f\000\000\270\007\000\000\013\002!\000\002\000\000\000\023\000\000\000\007\201#\221A\310\004I\006\02029\222\001\204\f%\005\b\031\036\004\213b\200\024E\002B\222\013B\244\0202\0248\b\030K\n2R\210H\220\024 CF\210\245\000\0312B\004I\016\220\221\"\304PAQ\201\214\341\203\345\212\004)F\006Q\030\000\000;\002\000\000\033N(\370\377\377\377\377\001\220\210qx\007y\220\207r\030\007z`\207|h\003yx\207zp\007r(\007rh\003rH\007{H\007r(\2076\230\207x\220\007zh\003s\200\2076h\207p\240\007t\000\314!\034\330a\036\312\001 \310\241\034\334\341\035\344\241\035\302\201\035\332\300\034\340\241\r\332!\034\350\001\035\000x\220\207r\230\207r\220\007{(\2076\230\207t8\007w\000\brH\207y\b\007q`\207rh\003z\b\207t`\2076\030\207p`\007v\230\007\300\034\302\201\035\346\241\034\000\202\035\312a\036\346\241\r\340A\036\312a\034\322a\036\312\241\r\314\001\036\332!\034\310\0010\207p`\207y(\007\200p\207wh\003s\220\207ph\207rh\003xx\207tp\007z(\007yh\203r`\207th\007\300\034\302\201\035\346\241\034\000\302\035\336\241\r\322\301\035\314a\036\332\300\034\340\241\r\332!\034\350\001\035\000z\220\207z(\007\200p\207wh\003u\250\207v\200\2076\240\207p\020\007v(\207y\000\314!\034\330a\036\312\001 \334\341\035\332\300\035\302\301\035\346\241\r\314\001\036\332\240\035\302\201\036\320\001\240\007y\250\207r\000\bwx\2076\230\207t8\007w(\007rh\003}(\007yx\207yh\003s\200\2076h\207p\240\007t\000\350A\036\352\241\034\000\302\035\336\241\r\350A\036\302\001\036\340!\035\334\341\034\332\240\035\302\201\036\320\001\240\007y\250\207r\000\210y\240\207p\030\207uh\003x\220\207w\240\207r\030\007zx\007yh\003q\250\007s0\207r\220\2076\230\207t\320\207r\000\360\000 \350!\034\344\341\034\312\201\036\332`\034\340\241\036\200qx\007y\240\207r\300\2076h\207;\000\bz\b\007y8\207r\240\20760\207r\b\007z\250\007y(\207y\000\326 \034\344\241\035\354\341\016\312\241\r\332\201\r\326\200\034\342\300\016\330`\r\310a\036\340\201\r\326\300\034\340\241\r\302A\036\332\301\036\360\200\r\326\300\034\340\241\r\336\301\035\330!\037\332`\036\340\201\r\326\000\035\356\201\034\322\301\036\330`\r\350\001\035\352\241\035\304\241\r\332\341\035\310\241\034\330\240\r\306A\036\306\201\r\332`\034\344!\037\340\201\036\336\201\r\332\200\034\336\201\036\340A\036\336\201\034\330\240\r\314\001\036\342\300\016\314\241\035\330\201\r\332\300\034\352\201\035\330\301\034\340!\016\354\200\r\332\000\035\356\201\034\322\301\036\332 \034\344\241\035\330\240\r\334\241\034\336\301\035\330\240\r\344!\034\346\001 \352\301\035\346!\034\314\241\034\332\300\034\340\241\r\332!\034\350\001\035\000s\b\007v\230\207r\000\210z\230\207rh\203yx\007s\240\20760\007vx\207p\240\007\300\034\302\201\035\346\241\034\200\r)$\374\377\377\377\377\000\300\001 \021\343\360\016\362 \017\3450\016\364\300\016\371\320\006\362\360\016\365\340\016\344P\016\344\320\006\344\220\016\366\220\016\344P\016m0\017\361 \017\364\320\006\346\000\017m\320\016\341@\017\350\000\230C8\260\303<\224\003@\220C9\270\303;\310C;\204\003;\264\2019\300C\033\264C8\320\003:\000\360 \017\3450\017\345 \017\366P\016m0\017\351p\016\356\000\020\344\220\016\363\020\016\342\300\016\345\320\006\364\020\016\351\300\016m0\016\341\300\016\3540\017\2009\204\003;\314C9\000\004;\224\303<\314C\033\300\203<\224\3038\244\303<\224C\033\230\003<\264C8\220\003`\016\341\300\016\363P\016\000\341\016\357\320\006\346 \017\341\320\016\345\320\006\360\360\016\351\340\016\364P\016\362\320\006\345\300\016\351\320\016\2009\204\003;\314C9\000\204;\274C\033\244\203;\230\303<\264\2019\300C\033\264C8\320\003:\000\364 \017\365P\016\000\341\016\357\320\006\352P\017\355\000\017m@\017\341 \016\354P\016\363\000\230C8\260\303<\224\003@\270\303;\264\201;\204\203;\314C\033\230\003<\264A;\204\003=\240\003@\017\362P\017\345\000\020\356\360\016m0\017\351p\016\356P\016\344\320\006\372P\016\362\360\016\363\320\006\346\000\017m\320\016\341@\017\350\000\320\203<\324C9\000\204;\274C\033\320\203<\204\003<\300C:\270\3039\264A;\204\003=\240\003@\017\362P\017\345\000\020\363@\017\3410\016\353\320\006\360 \017\357@\017\3450\016\364\360\016\362\320\006\342P\017\346`\016\345 \017m0\017\351\240\017\345\000\340\001@\320C8\310\3039\224\003=\264\3018\300C=\000\343\360\016\362@\017\345\200\017m\320\016w\000\020\364\020\016\362p\016\345@\017m`\016\345\020\016\364P\017\362P\016\363\000\254A8\310C;\330\303\035\224C\033\264\003\033\254\0019\304\201\035\260\301\032\220\303<\300\003\033\254\2019\300C\033\204\203<\264\203=\340\001\033\254\2019\300C\033\274\203;\260C>\264\301<\300\003\033\254\001:\334\0039\244\203=\260\301\032\320\003:\324C;\210C\033\264\303;\220C9\260A\033\214\203<\214\003\033\264\3018\310C>\300\003=\274\003\033\264\0019\274\003=\300\203<\274\0039\260A\033\230\003<\304\201\035\230C;\260\003\033\264\2019\324\003;\260\2039\300C\034\330\001\033\264\001:\334\0039\244\203=\264A8\310C;\260A\033\270C9\274\203;\260A\033\310C8\314\003@\324\203;\314C8\230C9\264\2019\300C\033\264C8\320\003:\000\346\020\016\3540\017\345\000\020\3650\017\345\320\006\363\360\016\346@\017m`\016\354\360\016\341@\017\2009\204\003;\314C9\000\033\210\001\000\304`\303\n\021\377\377\377\377?\000p\000H\000E\214\303;\310\203<\224\3038\320\003;\344C\033\310\303;\324\203;\220C9\220C\033\220C:\330C:\220C9\264\301<\304\203<\320C\033\230\003<\264A;\204\003=\240\003`\016\341\300\016\363P\016\000A\016\345\340\016\357 \017\355\020\016\354\320\006\346\000\017m\320\016\341@\017\350\000\300\203<\224\303<\224\203<\330C9\264\301<\244\3039\270\003@\220C:\314C8\210\003;\224C\033\320C8\244\003;\264\3018\204\003;\260\303<\000\346\020\016\3540\017\345\000\020\354P\016\3630\017m\000\017\362P\016\343\220\016\363P\016m`\016\360\320\016\341@\016\2009\204\003;\314C9\000\204;\274C\033\230\203<\204C;\224C\033\300\303;\244\203;\320C9\310C\033\224\003;\244C;\000\346\020\016\3540\017\345\000\020\356\360\016m\220\016\356`\016\363\320\006\346\000\017m\320\016\341@\017\350\000\320\203<\324C9\000\204;\274C\033\250C=\264\003<\264\001=\204\2038\260C9\314\003`\016\341\300\016\363P\016\000\341\016\357\320\006\356\020\016\3560\017m`\016\360\320\006\355\020\016\364\200\016\000=\310C=\224\003@\270\303;\264\301<\244\3039\270C9\220C\033\350C9\310\303;\314C\033\230\003<\264A;\204\003=\240\003@\017\362P\017\345\000\020\356\360\016m@\017\362\020\016\360\000\017\351\340\016\347\320\006\355\020\016\364\200\016\000=\310C=\224\003@\314\003=\204\3038\254C\033\300\203<\274\003=\224\3038\320\303;\310C\033\210C=\230\2039\224\203<\264\301<\244\203>\224\003\200\007\000A\017\341 \017\347P\016\364\320\006\343\000\017\365\000\214\303;\310\003=\224\003>\264A;\334\001@\320C8\310\3039\224\003=\264\2019\224C8\320C=\310C9\314\003\260\006\341 \017\355`\017wP\016m\320\016l\260\006\344\020\007v\300\006k@\016\363\000\017l\260\006\346\000\017m\020\016\362\320\016\366\200\007l\260\006\346\000\017m\360\016\356\300\016\371\320\006\363\000\017l\260\006\350p\017\344\220\016\366\300\006k@\017\350P\017\355 \016m\320\016\357@\016\345\300\006m0\016\3620\016l\320\006\343 \017\371\000\017\364\360\016l\320\006\344\360\016\364\000\017\362\360\016\344\300\006m`\016\360\020\007v`\016\355\300\016l\320\006\346P\017\354\300\016\346\000\017q`\007l\320\006\350p\017\344\220\016\366\320\006\341 \017\355\300\006m\340\016\345\360\016\356\300\006m \017\3410\017\000Q\017\3560\017\341`\016\345\320\006\346\000\017m\320\016\341@\017\350\000\230C8\260\303<\224\003@\324\303<\224C\033\314\303;\230\003=\264\2019\260\303;\204\003=\000\346\020\016\3540\017\345\000l \212\377\377\377\377\037\000i\003b\374\377\377\377\377\000H\000\005\324\001\000\000\000I\030\000\000\005\000\000\000\023\202`\202 \f\023\004b\230\020\020\023\202bB`\000\000\000\211 \000\000\021\000\000\0002\"H\t d\205\004\223\"\244\204\004\223\"\343\204\241\220\024\022L\212\214\013\204\244L\020Hs\004\b\201\021\200\022\b\032s\004A\t\n\2319\0020(\202@\224\006\002\n!\326Z\304\346\b@\241\004\210\036!\000\023.z@\207zh\007q\260\207;(\207vh\203p\220\207vh\003wx\007w(\2076(\207p\020\207t\330\360\006\345\320\006\355\240\007\345\320\006\360\240\007s \007z0\007r\320\006\351`\007t\240\007v@\007m`\017q \007x\240\007v@\007z\020\007r\200\007m\020\016z\000\007z0\007r\320\006\3560\007r\320\006\263`\007t\240\364\200\020!\001d\310H\221\020@#\204\311i\030\270\\/\227\353\025\206\303\277pv\230n~\313\333/\253\254\331jB\247\262\227x\016w\215w@\000\004\b\312\020\000\000\000\000\000\000\004C&\310\032H\001\000\002\000\b\000\001\000\000\000\b\200!\223\031T\003)\000@\000\000\001 \000\000\000\000\0010d\332\203\314 \005\000\020\000 \000\004\000\000\000 \000\206L\264\200\030\244\000\000\003\000\004\200\000\000\000\000\004\300\220\211\027\252\201\024\000\200\000\200\000\020\000\000\000\200\000\0302\305\003\223\000\001P\000\000\000\000\000\000\000\000\000\f\231\372\201I\200\000(\000\000\000\000\000\000\000\000\000\206L)\3410@\000\030\000\000\000\000\000\000\000\000\000\022\033\004\n\347\036\000\000d\201\000\000\000\016\000\000\0002\036\230\024\031\021L\220\214\t&G\306\004C\002%0\002P\004\204\212\240\fJ\240\020F\000\212\030\360\243P\003?\212X4\243,\310\025D\301\024\\\201\017\024\242\302\b\000\000\261\030\000\000w\000\000\0003\b\200\034\304\341\034f\024\001=\210C8\204\303\214B\200\007yx\007s\230q\f\346\000\017\355\020\016\364\200\0163\fB\036\302\301\035\316\241\034f0\005=\210C8\204\203\033\314\003=\310C=\214\003=\314x\214tp\007{\b\007yH\207pp\007zp\003vx\207p \207\031\314\021\016\354\220\016\3410\017n0\017\343\360\016\360P\0163\020\304\035\336!\034\330!\035\302a\036f0\211;\274\203;\320C9\264\003<\274\203<\204\003;\314\360\024v`\007{h\0077h\207rh\0077\200\207p\220\207p`\007v(\007v\370\005vx\207w\200\207_\b\207q\030\207r\230\207y\230\201,\356\360\016\356\340\016\365\300\016\3540\003b\310\241\034\344\241\034\314\241\034\344\241\034\334a\034\312!\034\304\201\035\312a\006\326\220C9\310C9\230C9\310C9\270\3038\224C8\210\003;\224\303/\274\203<\374\202;\324\003;\260\303\f\307i\207pX\207rp\203th\007x`\207t\030\207t\240\207\031\316S\017\356\000\017\362P\016\344\220\016\343@\017\341 \016\354P\0163 (\035\334\301\036\302A\036\322!\034\334\201\036\334\340\034\344\341\035\352\001\036f\030Q8\260C:\234\203;\314P$v`\007{h\0077`\207wx\007x\230QL\364\220\017\360P\0163\036j\036\312a\034\350!\035\336\301\035~\001\036\344\241\034\314!\035\360a\006T\205\2038\314\303;\260C=\320C9\374\302<\344C;\210\303;\260\303\214\305\n\207y\230\207w\030\207t\b\007z(\007r\230\201\\\343\020\016\354\300\016\345P\016\3630#\301\322A\036\344\341\027\330\341\035\336\001\036f\034\331<\310\3038\260\303;\214\003\000\000\000\000y \000\000\327\002\000\000b\036H C\210\f\0319\031$\220\221@\306\310\310h\"P\b\0242\236\030\031!G\310\220Q\254\005T\250\333\000\000\000\000a \013vp\013\30409U\363,\321\3020\f\3030L\323,\213\303L\r\002)\n\3030\214\3020\f\3030\f\303\340\301\2010\241\220\020\t\201\020\t\221\020\211p4\t\001\205A\321HJ#I\006) Ot\234B\003\000../../app_platform/V2M-MPS2\\bsp.cC:\\Work\\SVN\\projects\\MCU\\nes_simulator\\EmbeddedNES\\mps2_template\\example\\build\\mdkComponent: ARM Compiler 6.11 Tool: armclang [5d3b4200]C:/Keil_v5/ARM/PACK/Keil/V2M-MPS2_CMx_BSP/1.7.0/Device/CMSDK_CM7/Include\\CMSDK_CM7_SP.hIRQnintNonMaskableInt_IRQnHardFault_IRQnMemoryManagement_IRQnBusFault_IRQnUsageFault_IRQnSVCall_IRQnDebugMonitor_IRQnPendSV_IRQnSysTick_IRQnUART0RX_IRQnUART0TX_IRQnUART1RX_IRQnUART1TX_IRQnUART2RX_IRQnUART2TX_IRQnGPIO0ALL_IRQnGPIO1ALL_IRQnTIMER0_IRQnTIMER1_IRQnDUALTIMER_IRQnSPI_0_1_IRQnUART_0_1_2_OVF_IRQnETHERNET_IRQnI2S_IRQnTOUCHSCREEN_IRQnGPIO2_IRQnGPIO3_IRQnUART3RX_IRQnUART3TX_IRQnUART4RX_IRQnUART4TX_IRQnSPI_2_IRQnSPI_3_4_IRQnGPIO0_0_IRQnGPIO0_1_IRQnGPIO0_2_IRQnGPIO0_3_IRQnGPIO0_4_IRQnGPIO0_5_IRQnGPIO0_6_IRQnGPIO0_7_IRQnC:\\Program Files\\ARMCompiler6.11\\bin\\..\\include\\stdint.hint32_tuint32_tunsigned intC:/Keil_v5/ARM/PACK/ARM/CMSIS/5.4.0/CMSIS/Core/Include\\core_CM7.hNVIC_TypeISERRESERVED0ICERRSERVED1ISPRRESERVED2ICPRRESERVED3IABRRESERVED4IPuint8_tunsigned charRESERVED5STIRs_bBlockingStyle../../app_platform/V2M-MPS2/bsp.c_BoolDwarf VersionDebug Info Versionwchar_sizestatic_rwdataenumsize_buildattrarmlib_unavailabletState../../app_platform/..\\..\\sources\\gmsi/utilities/.\\arm\\arm_compiler.histate_tomnipotent charSimple C/C++ TBAApriMaskC:/Keil_v5/ARM/PACK/ARM/CMSIS/5.4.0/CMSIS/Core/Include/cmsis_armclang.h__set_PRIMASK\000\000\000\2468\002\000\000\000\000\0000\202\340T#\b\2165\202\340\\#\b\0166\202\340d#\b\b3\202\2004#\b\2103\202\200<#\b\b4\202\200D#\b\2104\202\340h#\b\3104R4L\300N\224\r\000\200!\007\000\300_\000\000\000\000\2631\2039\224\0020\032fP\032A\000\000\300PS\300\240\303\020\000\000\020\330\204O\000\242\001\000@\000\bSU\203m\324\002`\0333\223\033A@3\000\000\200H`\016\000\240\033\0000P\001\004\002\000\fT\000\204\000\000\363\034\000\031\030`\000\024\3008\003\260\035\343\f@\206\2143\000W2\316\000T\3128\0030-\343\f@\302\2143\000G3\316\000\f\3168\003\020<\343\f\000\000\2153\000B4\316\000\020\3228\003`L\343\f\000B\2153\000J5\316\0000\3268\003\340\\\343\f\000\204\2153\000R6\316\000P\3328\003`m\343\f\000\306\2153\000Z7\316\000p\3368\003\340}\343\f\000\030\200\3018\003 \006a0\316\000\220\201\030\2143\000f0\006\343\f\000\032\220\3018\003\240\006e0\316\000\260\201\031\2143\000np\006\343\f\000\034\240\3018\003 \007i0\316\000\320\201\032\2143\000v\260\006\343\f\000\036\260\3018\003\240\007m0\316\000\360\201\033\2143\000~\360\0063\244\301:\260C;\270\303;\300C<\310\303<\320C=\330\303=\340C>\350\303>\360C?\370\303?\200DH\210\304H\220DI\230\304I\240DJ\250\304J\260DK\270\304K\300DL\310\304L\214\024\tD\221\016n\000\250\003\030\000\000@\023\000\000\000\300\fAM\fT\000p \000\300D\r`\305\301M\350\001\240\016\000\000\000\0000\317\001\220\301\034\200\001p\000\0235\200%\0077\001\n@N\000\000\000\000\300@\005@\007\002\000L\324\000V\035\354\004\335\000\344\000\000\000\000\000\0235\300\003\000\000\300\023`\000\000\000\000\3140\340\204N\364\304D\rP\007\000\000\000:\001\000\000\000\000\323\f\202-\0003\004`1R$\004\000\000\000?\001\"\000\000\204\005\000\000\0000Q\0034v\260\023gC\016b\001\"\000\000\000\3004\203p\013\300\f\001Y\214\024\t\001\000\000\200N\200\030\000\000e\001\000\000\000L\324\000\315\035\354\004\332\220\203Y\200\030\000\"\000\000L\324\000\r\036\354D\332\220\203X\200\b\000\202\001\000\000\0235@\223\007;\2416\344`\026 \006\200h\000\000\300D\r\320\350\301N\254\r9\210\005\210\000 (\000\0000Q\0034{\260\023lC\016f\001b\000\210\n\000\000L\324\000\r\037\354D\333\220\203X\200\b\000\202\003\000\000\0235@\323\007;\3416\344`\026 \006\200\350\000\000\300D\r\320\370\301N\274\r9\210\005\210\000 H\000\0000\315 \340\0020C\360\026#EB\000\000\000\240\023 \036\000\000\000\027\000\000\000\300D\r\320\374\301N\300\r9\304\005\210\007\000\210\022\000\000\314s\000d \n\b\200\000\0235\200\025\n7\341\007\300\\\000\000\000\000\300D\rP\007\000\000\000t\001\000\000\000\000\323\fB.\0003\004v1R$\004\000\000\000u\001\362\001\000\000w\001\000\000\000L\324\000\r(\354D\334\220\003^\200|\000\200\240\001\000\3004\203\240\013\300\f\201^\214\024\t\001\000\000\200N\200$\005\000\300^\000\000\000\000\0235@3\n;!7\344\300\027 I\001 \177\000\0000Q\0034\244\260\023sC\016?\001\006\000\br\000\000\314\320\214\305Y\240EZ\250\305Z\260E[\270\205\\\344E_\370\305t\2011e0\000\345\000\0323\004\2411P\001\230\202\000\000\363\034\000\031\234\002\002\b\300D\rP\007\000\000\000\244\001\000\000\000\0003\f\273\200\n\2740\303\260\013\251\300\0133\f\275\240\n\2760\303\320\013\253\320\0133\f\275\300\n\2730\303\320\013\255\360\0133\004\303\f\0010\023!\000\255\001\fT\000\257 \000\300D\r`\301\302k\320\t\240\016\000\000\000\0000\203\000\016\3410C \0133\f\261 \033\3420\303p\n\263!\0163\f\264A\033\3420P\001\320\202\000\000\303%\3029\314\202m\314\214N\004\0000\203\000\350\304L\204\000\340\0060Cp\0333\004\3430C@\0323\021\002\300\033\300\f\300\245\004\300q\034\307q\034\307q\034\307q4a\017:A\032n\340\006\246 \006b \006b \006b \006b \006b \006b \006b \006b \006b \006b \006b \006b \006n\340\006n\340\006n\340\006n\340\006n\340\006n\340\006n\340\006n\340\006\"D\023\034\035\330\003+\330\003\035\330\203:\320\201:\240\001\207\022\"\201\006\034J\240\204K\270\204K\270\204K\270\204K\240\001\347\0224a\n\366\240\016h\300\271\004M\240\001\347\0224\341\022la\321\001G\007\246\240\016t@\007t@\007t@\007\226\345\006t`\017h\300\321\001\035\320\001\035\220\203\030\270\001\307qn #\201\t\312\205\215\315\256\315\205L\354\314e\254n\224\240\0342bc\263ksi{#\253c+s1c\013;\233\033\305(\r\3238\r\324H\r\325H\205\215\315\256\315%\215\254\314\215n\224`5\206\f\006\000\000\r\000\000\000\251\030\000\000\023\000\000\000\013\nr(\207w\200\007zXp\230C=\270\3038\260C9\320\303\202\346\034\306\241\r\350A\036\302\301\035\346!\035\350!\035\336\301\035\026(\342P\016\346\360\016\362P\016\351\340\016\363@\017\013\222p0\007z(\007yH\007w\230\007z\000\321\020\000\000\006\000\000\000\007\314<\244\203;\234\003;\224\003=\240\203<\224C8\220\303\001\000\000\000a \000\000Y\000\000\000\023\004A,\020\000\000\000\026\000\000\000\244\346\352\202\247\025fA\026\300\000\036\344!\035\332!\034\346a\035\330\000\f\310\000\016\026y`\003\177\330\207v(\207vx\007y\310\207~ 8W\027`\355 \017\363\000\006d\000\007l\000\006\360 \017\351\320\016\3410\017\353\240\214\003<\314C:\220\003\030\244\203\"\364\201<\000\3610\000\000\032\000\000\000\"G\310\220Q\006\204\006\026\000\000\000disable_blocking_style\000\000\263\212 <Fc\r\212U\3250\032\277\001\214F\032\270\006\020\250\001\000\000 \022\230\003\000\220\007\000\310<\220@\206\020\0312\275\006\005\277\001\214K\004\360p\205\321X\003\330\000\000`C0\036\023\004\304\003\000\000\000#\006D\021\202`\360\0043\006\304\032\024\340\001T\000\351\204\0010bp\000 \b\006\314\265\347\377\377\377C\237\377\377\377\017\340\376\377\377?L\030\000\303\006\304W\005\301\204\0010bp\024 \b\006\314\265\347\377\377\377C\252\377\377\377\017\340\376\377\377?\314\030\0203#\007\347 \036#\006E\021\202`\220\020\301\214\001Q3\3039\210\007\316\030\020o\020\204\007\020\020\003\000\005\000\000\000[\004\000<\266\f@\006\033[\206!\240\215-C\221\351\006\000\000\000\000\000a \000\000\273\000\000\000\023\004A,\020\000\000\000\034\000\000\000\204\n\020\244<*P\037\377\177\240\002\355\361\377\007H\315\325\005O+\314\202,\200\001<\310C:\264C8\314\303:\260\001\030\220\001\034,\362\300\006\376\260\017\355P\016\355\360\016\362\220\017\375@p\256.\300\332A\036\346\001\f\310\000\016\330\000\f\340A\036\322\241\035\302a\036\326A\031\007x\230\207t \0070H\007E\350\003y\240h\212:L\221\007\000\000\3610\000\000Q\000\000\000\"G\310\220Q\022D*\000\000\000\000U\022Y\000enable_blocking_styleIRQn_Type__NVIC_DisableIRQ__NVIC_ClearPendingIRQ\000\000\000\023\004\204\232U\004\3451\032sP\254\252\206\321\370\r`4\342\3005\200@\016\000\000\000\221\300\034\000\000>\000`U5\354Dx\000;\301\362\001}\004A\313\007\000\000\200H`\016\000P\037\000 \363@\002\031Bd\310\364\034\024\214\0070\253\b\314c'\\>8f\025\001z\354\304\313\007\303\252j\330\t\361\000v\"\364\003\372\b\002\321\017\000\000\000\221\300\034\000 ?\000\240\347\240`<\200YE\240\036;1\372\3011\253\b\330c'H?\030z\016\n\306\003\030\227\b\344\341\n\2431\007\260\001\000\300\206\340=\0265\200\005\036\351\300\013@M\000\000\000\000\300\270D0\217b'X>\210\217\000\0006\b@|l\"\004`>\200\r\201|l\030\214\331\020\207\r\203}\330\2078\214K\004\365(v\"\364\203\370\b\000`C\200\037\023\004\204\f\000\000\000#\006D\021\202`\360\f3\006\304\034\024\344\001T`\351\204\0010bp\000 \b\006L\307\346\377\377\377\303\235\377\377\377\017\346\376\377\377?L\030\000#\006G\001\202`\300t\243\376\377\377?\320\371\377\377\377`\356\377\377\377\303\214\001\301\362\201\034\230\307y\f\033\020\204\202\0043\006\004\314\007k\220\036\3471bP\024!\b\006\311\227\314\030\0201\037\024\351q\036#\006E\021\202`\220x\311\214\001!\363A\221\036\3471bp\000 \b\006L7\352\377\377\377\203\233\377\377\377\017\346\376\377\377?\314\030\020\241\037\334\201z\254\307\260\0011(H0c@\224~\260\006\355\261\036\303\006D\031pA0c@\314AA\036\300\210\301Q\200 \0300\035\233\377\377\377\017\257\376\377\377?\230\373\377\377\3770c@\314\214\034\234\203{\214\030\024E\b\202Ab\0043\006D\315\f\347\340\0368c@\350AP\036@@\f\b\000\000\000[\004\200<\266\f@\006\033[\006\"\260\217-\003\022\330\307\226!\thc\313\260d\272\001\000\000\000\000\000\000\000a \000\000#\000\000\000\023\004A<\f\000\000\000\024\000\000\000\"G\310\220Q\006D\007\031\000\000\000is_blocking_style_enabled\000\000\000\023\004@\231 \000\313\252j\030\215\337\000F\203\017z\003\b\372\000\000\000\020\t\314\001\000|\003\0006\b\340\021\036\000\000\000\000\264\2018c@\370\001#\036\300pC \205\301\204\001\220\301\214\001\341\007\205x\000\0011\003\000\000\000[\004 <\266\024@@\033\204x\000\000\000\000\000a \000\000\031\000\000\000\023\004A,\020\000\000\000\001\000\000\000Tj\000\000\3610\000\000\f\000\000\000\"G\310\220Q\006\004\003\b\000\000\000bsp_init\253\252a4~\003\030\215P\350\r \020\005\000\000@$0\007\000\360\r\000\000\000\000\000\031\314\030\020\243P\200\007\020\020\003\000\002\000\000\000[\004\3407\000\000\000\000\000\000\000\000a \000\000\032\000\000\000\023\004A<\f\000\000\000\020\000\000\000\"G\310\220Q\006D\006\025\000\000\000bsp_1ms_event_handler\000\000\000\253\252a4~\003\030\rSp\r 8\005\000\000@$0\007\000\360\r\000\000\000\000\0008c@\234\202\000\036@@\f\000\000\002\000\000\000[\004\3407\000\000\000\000\000\000\000\000q \000\000\006\000\000\0002\016\020\"\204\001\305\f(\000\332\200\003\335\016H \370\200\005\235\017\000\000\000\000\000\000e\f\000\000M\000\000\000\022\003\224h\002\000\000\000\001\000\000\000\227\000\000\000\b\000\000\000D\000\000\000\001\000\000\000P\000\000\000\000\000\000\000P\000\000\000\t\000\000\000(\001\000\000\000\000\000\000\237\000\000\000\027\000\000\000\266\000\000\000!\000\000\000\327\000\000\000\000\000\000\000\000\000\000\000\t\000\000\000\000\000\000\000\020\000\000\000\026\000\000\000\020\000\000\000\026\000\000\000\377\377\377\377\001$\000\000&\000\000\000\025\000\000\000&\000\000\000\025\000\000\000\377\377\377\377\001$\000\000;\000\000\000\031\000\000\000;\000\000\000\031\000\000\000\377\377\377\377\001$\000\000T\000\000\000\b\000\000\000T\000\000\000\b\000\000\000\377\377\377\377\001$\000\000\\\000\000\000\025\000\000\000\\\000\000\000\025\000\000\000\377\377\377\377\001$\000\000q\000\000\000\f\000\000\000q\000\000\000\f\000\000\000\377\377\377\377\b,\000\000}\000\000\000\f\000\000\000}\000\000\000\f\000\000\000\377\377\377\377\b,\000\000\211\000\000\000\016\000\000\000\211\000\000\000\016\000\000\000\377\377\377\377\b,\000\000\000\000\000\000\020\000\000\000\000\000\000\000\020\000\000\000\377\377\377\377\000\000\000\000\000\000\000\000]\f\000\0009\000\000\000\022\003\224\267\001\000\000\000s_bBlockingStyledisable_blocking_styleenable_blocking_styleis_blocking_style_enabledbsp_initbsp_1ms_event_handlerllvm.arm.dsbllvm.arm.isbllvm.dbg.value8.0.0svnthumbv7em-arm-none-eabi../../app_platform/V2M-MPS2/bsp.c\000\000\000\000"
	.size	.Lllvm.embedded.module, 8496

	.section	.debug_str,"MS",%progbits,1
.Linfo_string0:
	.asciz	"Component: ARM Compiler 6.11 Tool: armclang [5d3b4200]" @ string offset=0
.Linfo_string1:
	.asciz	"../../app_platform/V2M-MPS2\\bsp.c" @ string offset=55
.Linfo_string2:
	.asciz	"C:\\Work\\SVN\\projects\\MCU\\nes_simulator\\EmbeddedNES\\mps2_template\\example\\build\\mdk" @ string offset=89
.Linfo_string3:
	.asciz	"s_bBlockingStyle"      @ string offset=172
.Linfo_string4:
	.asciz	"_Bool"                 @ string offset=189
.Linfo_string5:
	.asciz	"int"                   @ string offset=195
.Linfo_string6:
	.asciz	"NonMaskableInt_IRQn"   @ string offset=199
.Linfo_string7:
	.asciz	"HardFault_IRQn"        @ string offset=219
.Linfo_string8:
	.asciz	"MemoryManagement_IRQn" @ string offset=234
.Linfo_string9:
	.asciz	"BusFault_IRQn"         @ string offset=256
.Linfo_string10:
	.asciz	"UsageFault_IRQn"       @ string offset=270
.Linfo_string11:
	.asciz	"SVCall_IRQn"           @ string offset=286
.Linfo_string12:
	.asciz	"DebugMonitor_IRQn"     @ string offset=298
.Linfo_string13:
	.asciz	"PendSV_IRQn"           @ string offset=316
.Linfo_string14:
	.asciz	"SysTick_IRQn"          @ string offset=328
.Linfo_string15:
	.asciz	"UART0RX_IRQn"          @ string offset=341
.Linfo_string16:
	.asciz	"UART0TX_IRQn"          @ string offset=354
.Linfo_string17:
	.asciz	"UART1RX_IRQn"          @ string offset=367
.Linfo_string18:
	.asciz	"UART1TX_IRQn"          @ string offset=380
.Linfo_string19:
	.asciz	"UART2RX_IRQn"          @ string offset=393
.Linfo_string20:
	.asciz	"UART2TX_IRQn"          @ string offset=406
.Linfo_string21:
	.asciz	"GPIO0ALL_IRQn"         @ string offset=419
.Linfo_string22:
	.asciz	"GPIO1ALL_IRQn"         @ string offset=433
.Linfo_string23:
	.asciz	"TIMER0_IRQn"           @ string offset=447
.Linfo_string24:
	.asciz	"TIMER1_IRQn"           @ string offset=459
.Linfo_string25:
	.asciz	"DUALTIMER_IRQn"        @ string offset=471
.Linfo_string26:
	.asciz	"SPI_0_1_IRQn"          @ string offset=486
.Linfo_string27:
	.asciz	"UART_0_1_2_OVF_IRQn"   @ string offset=499
.Linfo_string28:
	.asciz	"ETHERNET_IRQn"         @ string offset=519
.Linfo_string29:
	.asciz	"I2S_IRQn"              @ string offset=533
.Linfo_string30:
	.asciz	"TOUCHSCREEN_IRQn"      @ string offset=542
.Linfo_string31:
	.asciz	"GPIO2_IRQn"            @ string offset=559
.Linfo_string32:
	.asciz	"GPIO3_IRQn"            @ string offset=570
.Linfo_string33:
	.asciz	"UART3RX_IRQn"          @ string offset=581
.Linfo_string34:
	.asciz	"UART3TX_IRQn"          @ string offset=594
.Linfo_string35:
	.asciz	"UART4RX_IRQn"          @ string offset=607
.Linfo_string36:
	.asciz	"UART4TX_IRQn"          @ string offset=620
.Linfo_string37:
	.asciz	"SPI_2_IRQn"            @ string offset=633
.Linfo_string38:
	.asciz	"SPI_3_4_IRQn"          @ string offset=644
.Linfo_string39:
	.asciz	"GPIO0_0_IRQn"          @ string offset=657
.Linfo_string40:
	.asciz	"GPIO0_1_IRQn"          @ string offset=670
.Linfo_string41:
	.asciz	"GPIO0_2_IRQn"          @ string offset=683
.Linfo_string42:
	.asciz	"GPIO0_3_IRQn"          @ string offset=696
.Linfo_string43:
	.asciz	"GPIO0_4_IRQn"          @ string offset=709
.Linfo_string44:
	.asciz	"GPIO0_5_IRQn"          @ string offset=722
.Linfo_string45:
	.asciz	"GPIO0_6_IRQn"          @ string offset=735
.Linfo_string46:
	.asciz	"GPIO0_7_IRQn"          @ string offset=748
.Linfo_string47:
	.asciz	"IRQn"                  @ string offset=761
.Linfo_string48:
	.asciz	"int32_t"               @ string offset=766
.Linfo_string49:
	.asciz	"unsigned int"          @ string offset=774
.Linfo_string50:
	.asciz	"uint32_t"              @ string offset=787
.Linfo_string51:
	.asciz	"ISER"                  @ string offset=796
.Linfo_string52:
	.asciz	"__ARRAY_SIZE_TYPE__"   @ string offset=801
.Linfo_string53:
	.asciz	"RESERVED0"             @ string offset=821
.Linfo_string54:
	.asciz	"ICER"                  @ string offset=831
.Linfo_string55:
	.asciz	"RSERVED1"              @ string offset=836
.Linfo_string56:
	.asciz	"ISPR"                  @ string offset=845
.Linfo_string57:
	.asciz	"RESERVED2"             @ string offset=850
.Linfo_string58:
	.asciz	"ICPR"                  @ string offset=860
.Linfo_string59:
	.asciz	"RESERVED3"             @ string offset=865
.Linfo_string60:
	.asciz	"IABR"                  @ string offset=875
.Linfo_string61:
	.asciz	"RESERVED4"             @ string offset=880
.Linfo_string62:
	.asciz	"IP"                    @ string offset=890
.Linfo_string63:
	.asciz	"unsigned char"         @ string offset=893
.Linfo_string64:
	.asciz	"uint8_t"               @ string offset=907
.Linfo_string65:
	.asciz	"RESERVED5"             @ string offset=915
.Linfo_string66:
	.asciz	"STIR"                  @ string offset=925
.Linfo_string67:
	.asciz	"NVIC_Type"             @ string offset=930
	.section	.debug_abbrev,"",%progbits
	.byte	1                       @ Abbreviation Code
	.byte	17                      @ DW_TAG_compile_unit
	.byte	1                       @ DW_CHILDREN_yes
	.byte	37                      @ DW_AT_producer
	.byte	14                      @ DW_FORM_strp
	.byte	19                      @ DW_AT_language
	.byte	5                       @ DW_FORM_data2
	.byte	3                       @ DW_AT_name
	.byte	14                      @ DW_FORM_strp
	.byte	16                      @ DW_AT_stmt_list
	.byte	6                       @ DW_FORM_data4
	.byte	27                      @ DW_AT_comp_dir
	.byte	14                      @ DW_FORM_strp
	.byte	0                       @ EOM(1)
	.byte	0                       @ EOM(2)
	.byte	2                       @ Abbreviation Code
	.byte	52                      @ DW_TAG_variable
	.byte	0                       @ DW_CHILDREN_no
	.byte	3                       @ DW_AT_name
	.byte	14                      @ DW_FORM_strp
	.byte	73                      @ DW_AT_type
	.byte	19                      @ DW_FORM_ref4
	.byte	58                      @ DW_AT_decl_file
	.byte	11                      @ DW_FORM_data1
	.byte	59                      @ DW_AT_decl_line
	.byte	11                      @ DW_FORM_data1
	.byte	0                       @ EOM(1)
	.byte	0                       @ EOM(2)
	.byte	3                       @ Abbreviation Code
	.byte	53                      @ DW_TAG_volatile_type
	.byte	0                       @ DW_CHILDREN_no
	.byte	73                      @ DW_AT_type
	.byte	19                      @ DW_FORM_ref4
	.byte	0                       @ EOM(1)
	.byte	0                       @ EOM(2)
	.byte	4                       @ Abbreviation Code
	.byte	36                      @ DW_TAG_base_type
	.byte	0                       @ DW_CHILDREN_no
	.byte	3                       @ DW_AT_name
	.byte	14                      @ DW_FORM_strp
	.byte	62                      @ DW_AT_encoding
	.byte	11                      @ DW_FORM_data1
	.byte	11                      @ DW_AT_byte_size
	.byte	11                      @ DW_FORM_data1
	.byte	0                       @ EOM(1)
	.byte	0                       @ EOM(2)
	.byte	5                       @ Abbreviation Code
	.byte	4                       @ DW_TAG_enumeration_type
	.byte	1                       @ DW_CHILDREN_yes
	.byte	73                      @ DW_AT_type
	.byte	19                      @ DW_FORM_ref4
	.byte	3                       @ DW_AT_name
	.byte	14                      @ DW_FORM_strp
	.byte	11                      @ DW_AT_byte_size
	.byte	11                      @ DW_FORM_data1
	.byte	58                      @ DW_AT_decl_file
	.byte	11                      @ DW_FORM_data1
	.byte	59                      @ DW_AT_decl_line
	.byte	11                      @ DW_FORM_data1
	.byte	0                       @ EOM(1)
	.byte	0                       @ EOM(2)
	.byte	6                       @ Abbreviation Code
	.byte	40                      @ DW_TAG_enumerator
	.byte	0                       @ DW_CHILDREN_no
	.byte	3                       @ DW_AT_name
	.byte	14                      @ DW_FORM_strp
	.byte	28                      @ DW_AT_const_value
	.byte	13                      @ DW_FORM_sdata
	.byte	0                       @ EOM(1)
	.byte	0                       @ EOM(2)
	.byte	7                       @ Abbreviation Code
	.byte	22                      @ DW_TAG_typedef
	.byte	0                       @ DW_CHILDREN_no
	.byte	73                      @ DW_AT_type
	.byte	19                      @ DW_FORM_ref4
	.byte	3                       @ DW_AT_name
	.byte	14                      @ DW_FORM_strp
	.byte	58                      @ DW_AT_decl_file
	.byte	11                      @ DW_FORM_data1
	.byte	59                      @ DW_AT_decl_line
	.byte	11                      @ DW_FORM_data1
	.byte	0                       @ EOM(1)
	.byte	0                       @ EOM(2)
	.byte	8                       @ Abbreviation Code
	.byte	15                      @ DW_TAG_pointer_type
	.byte	0                       @ DW_CHILDREN_no
	.byte	73                      @ DW_AT_type
	.byte	19                      @ DW_FORM_ref4
	.byte	0                       @ EOM(1)
	.byte	0                       @ EOM(2)
	.byte	9                       @ Abbreviation Code
	.byte	22                      @ DW_TAG_typedef
	.byte	0                       @ DW_CHILDREN_no
	.byte	73                      @ DW_AT_type
	.byte	19                      @ DW_FORM_ref4
	.byte	3                       @ DW_AT_name
	.byte	14                      @ DW_FORM_strp
	.byte	58                      @ DW_AT_decl_file
	.byte	11                      @ DW_FORM_data1
	.byte	59                      @ DW_AT_decl_line
	.byte	5                       @ DW_FORM_data2
	.byte	0                       @ EOM(1)
	.byte	0                       @ EOM(2)
	.byte	10                      @ Abbreviation Code
	.byte	19                      @ DW_TAG_structure_type
	.byte	1                       @ DW_CHILDREN_yes
	.byte	11                      @ DW_AT_byte_size
	.byte	5                       @ DW_FORM_data2
	.byte	58                      @ DW_AT_decl_file
	.byte	11                      @ DW_FORM_data1
	.byte	59                      @ DW_AT_decl_line
	.byte	5                       @ DW_FORM_data2
	.byte	0                       @ EOM(1)
	.byte	0                       @ EOM(2)
	.byte	11                      @ Abbreviation Code
	.byte	13                      @ DW_TAG_member
	.byte	0                       @ DW_CHILDREN_no
	.byte	3                       @ DW_AT_name
	.byte	14                      @ DW_FORM_strp
	.byte	73                      @ DW_AT_type
	.byte	19                      @ DW_FORM_ref4
	.byte	58                      @ DW_AT_decl_file
	.byte	11                      @ DW_FORM_data1
	.byte	59                      @ DW_AT_decl_line
	.byte	5                       @ DW_FORM_data2
	.byte	56                      @ DW_AT_data_member_location
	.byte	11                      @ DW_FORM_data1
	.byte	0                       @ EOM(1)
	.byte	0                       @ EOM(2)
	.byte	12                      @ Abbreviation Code
	.byte	13                      @ DW_TAG_member
	.byte	0                       @ DW_CHILDREN_no
	.byte	3                       @ DW_AT_name
	.byte	14                      @ DW_FORM_strp
	.byte	73                      @ DW_AT_type
	.byte	19                      @ DW_FORM_ref4
	.byte	58                      @ DW_AT_decl_file
	.byte	11                      @ DW_FORM_data1
	.byte	59                      @ DW_AT_decl_line
	.byte	5                       @ DW_FORM_data2
	.byte	56                      @ DW_AT_data_member_location
	.byte	5                       @ DW_FORM_data2
	.byte	0                       @ EOM(1)
	.byte	0                       @ EOM(2)
	.byte	13                      @ Abbreviation Code
	.byte	1                       @ DW_TAG_array_type
	.byte	1                       @ DW_CHILDREN_yes
	.byte	73                      @ DW_AT_type
	.byte	19                      @ DW_FORM_ref4
	.byte	0                       @ EOM(1)
	.byte	0                       @ EOM(2)
	.byte	14                      @ Abbreviation Code
	.byte	33                      @ DW_TAG_subrange_type
	.byte	0                       @ DW_CHILDREN_no
	.byte	73                      @ DW_AT_type
	.byte	19                      @ DW_FORM_ref4
	.byte	55                      @ DW_AT_count
	.byte	11                      @ DW_FORM_data1
	.byte	0                       @ EOM(1)
	.byte	0                       @ EOM(2)
	.byte	15                      @ Abbreviation Code
	.byte	36                      @ DW_TAG_base_type
	.byte	0                       @ DW_CHILDREN_no
	.byte	3                       @ DW_AT_name
	.byte	14                      @ DW_FORM_strp
	.byte	11                      @ DW_AT_byte_size
	.byte	11                      @ DW_FORM_data1
	.byte	62                      @ DW_AT_encoding
	.byte	11                      @ DW_FORM_data1
	.byte	0                       @ EOM(1)
	.byte	0                       @ EOM(2)
	.byte	16                      @ Abbreviation Code
	.byte	33                      @ DW_TAG_subrange_type
	.byte	0                       @ DW_CHILDREN_no
	.byte	73                      @ DW_AT_type
	.byte	19                      @ DW_FORM_ref4
	.byte	55                      @ DW_AT_count
	.byte	5                       @ DW_FORM_data2
	.byte	0                       @ EOM(1)
	.byte	0                       @ EOM(2)
	.byte	0                       @ EOM(3)
	.section	.debug_info,"",%progbits
.Lcu_begin0:
	.long	643                     @ Length of Unit
	.short	3                       @ DWARF version number
	.long	.debug_abbrev           @ Offset Into Abbrev. Section
	.byte	4                       @ Address Size (in bytes)
	.byte	1                       @ Abbrev [1] 0xb:0x27c DW_TAG_compile_unit
	.long	.Linfo_string0          @ DW_AT_producer
	.short	12                      @ DW_AT_language
	.long	.Linfo_string1          @ DW_AT_name
	.long	.Lline_table_start0     @ DW_AT_stmt_list
	.long	.Linfo_string2          @ DW_AT_comp_dir
	.byte	2                       @ Abbrev [2] 0x1e:0xb DW_TAG_variable
	.long	.Linfo_string3          @ DW_AT_name
	.long	41                      @ DW_AT_type
	.byte	1                       @ DW_AT_decl_file
	.byte	38                      @ DW_AT_decl_line
	.byte	3                       @ Abbrev [3] 0x29:0x5 DW_TAG_volatile_type
	.long	46                      @ DW_AT_type
	.byte	4                       @ Abbrev [4] 0x2e:0x7 DW_TAG_base_type
	.long	.Linfo_string4          @ DW_AT_name
	.byte	2                       @ DW_AT_encoding
	.byte	1                       @ DW_AT_byte_size
	.byte	5                       @ Abbrev [5] 0x35:0x103 DW_TAG_enumeration_type
	.long	312                     @ DW_AT_type
	.long	.Linfo_string47         @ DW_AT_name
	.byte	4                       @ DW_AT_byte_size
	.byte	2                       @ DW_AT_decl_file
	.byte	46                      @ DW_AT_decl_line
	.byte	6                       @ Abbrev [6] 0x41:0x6 DW_TAG_enumerator
	.long	.Linfo_string6          @ DW_AT_name
	.byte	114                     @ DW_AT_const_value
	.byte	6                       @ Abbrev [6] 0x47:0x6 DW_TAG_enumerator
	.long	.Linfo_string7          @ DW_AT_name
	.byte	115                     @ DW_AT_const_value
	.byte	6                       @ Abbrev [6] 0x4d:0x6 DW_TAG_enumerator
	.long	.Linfo_string8          @ DW_AT_name
	.byte	116                     @ DW_AT_const_value
	.byte	6                       @ Abbrev [6] 0x53:0x6 DW_TAG_enumerator
	.long	.Linfo_string9          @ DW_AT_name
	.byte	117                     @ DW_AT_const_value
	.byte	6                       @ Abbrev [6] 0x59:0x6 DW_TAG_enumerator
	.long	.Linfo_string10         @ DW_AT_name
	.byte	118                     @ DW_AT_const_value
	.byte	6                       @ Abbrev [6] 0x5f:0x6 DW_TAG_enumerator
	.long	.Linfo_string11         @ DW_AT_name
	.byte	123                     @ DW_AT_const_value
	.byte	6                       @ Abbrev [6] 0x65:0x6 DW_TAG_enumerator
	.long	.Linfo_string12         @ DW_AT_name
	.byte	124                     @ DW_AT_const_value
	.byte	6                       @ Abbrev [6] 0x6b:0x6 DW_TAG_enumerator
	.long	.Linfo_string13         @ DW_AT_name
	.byte	126                     @ DW_AT_const_value
	.byte	6                       @ Abbrev [6] 0x71:0x6 DW_TAG_enumerator
	.long	.Linfo_string14         @ DW_AT_name
	.byte	127                     @ DW_AT_const_value
	.byte	6                       @ Abbrev [6] 0x77:0x6 DW_TAG_enumerator
	.long	.Linfo_string15         @ DW_AT_name
	.byte	0                       @ DW_AT_const_value
	.byte	6                       @ Abbrev [6] 0x7d:0x6 DW_TAG_enumerator
	.long	.Linfo_string16         @ DW_AT_name
	.byte	1                       @ DW_AT_const_value
	.byte	6                       @ Abbrev [6] 0x83:0x6 DW_TAG_enumerator
	.long	.Linfo_string17         @ DW_AT_name
	.byte	2                       @ DW_AT_const_value
	.byte	6                       @ Abbrev [6] 0x89:0x6 DW_TAG_enumerator
	.long	.Linfo_string18         @ DW_AT_name
	.byte	3                       @ DW_AT_const_value
	.byte	6                       @ Abbrev [6] 0x8f:0x6 DW_TAG_enumerator
	.long	.Linfo_string19         @ DW_AT_name
	.byte	4                       @ DW_AT_const_value
	.byte	6                       @ Abbrev [6] 0x95:0x6 DW_TAG_enumerator
	.long	.Linfo_string20         @ DW_AT_name
	.byte	5                       @ DW_AT_const_value
	.byte	6                       @ Abbrev [6] 0x9b:0x6 DW_TAG_enumerator
	.long	.Linfo_string21         @ DW_AT_name
	.byte	6                       @ DW_AT_const_value
	.byte	6                       @ Abbrev [6] 0xa1:0x6 DW_TAG_enumerator
	.long	.Linfo_string22         @ DW_AT_name
	.byte	7                       @ DW_AT_const_value
	.byte	6                       @ Abbrev [6] 0xa7:0x6 DW_TAG_enumerator
	.long	.Linfo_string23         @ DW_AT_name
	.byte	8                       @ DW_AT_const_value
	.byte	6                       @ Abbrev [6] 0xad:0x6 DW_TAG_enumerator
	.long	.Linfo_string24         @ DW_AT_name
	.byte	9                       @ DW_AT_const_value
	.byte	6                       @ Abbrev [6] 0xb3:0x6 DW_TAG_enumerator
	.long	.Linfo_string25         @ DW_AT_name
	.byte	10                      @ DW_AT_const_value
	.byte	6                       @ Abbrev [6] 0xb9:0x6 DW_TAG_enumerator
	.long	.Linfo_string26         @ DW_AT_name
	.byte	11                      @ DW_AT_const_value
	.byte	6                       @ Abbrev [6] 0xbf:0x6 DW_TAG_enumerator
	.long	.Linfo_string27         @ DW_AT_name
	.byte	12                      @ DW_AT_const_value
	.byte	6                       @ Abbrev [6] 0xc5:0x6 DW_TAG_enumerator
	.long	.Linfo_string28         @ DW_AT_name
	.byte	13                      @ DW_AT_const_value
	.byte	6                       @ Abbrev [6] 0xcb:0x6 DW_TAG_enumerator
	.long	.Linfo_string29         @ DW_AT_name
	.byte	14                      @ DW_AT_const_value
	.byte	6                       @ Abbrev [6] 0xd1:0x6 DW_TAG_enumerator
	.long	.Linfo_string30         @ DW_AT_name
	.byte	15                      @ DW_AT_const_value
	.byte	6                       @ Abbrev [6] 0xd7:0x6 DW_TAG_enumerator
	.long	.Linfo_string31         @ DW_AT_name
	.byte	16                      @ DW_AT_const_value
	.byte	6                       @ Abbrev [6] 0xdd:0x6 DW_TAG_enumerator
	.long	.Linfo_string32         @ DW_AT_name
	.byte	17                      @ DW_AT_const_value
	.byte	6                       @ Abbrev [6] 0xe3:0x6 DW_TAG_enumerator
	.long	.Linfo_string33         @ DW_AT_name
	.byte	18                      @ DW_AT_const_value
	.byte	6                       @ Abbrev [6] 0xe9:0x6 DW_TAG_enumerator
	.long	.Linfo_string34         @ DW_AT_name
	.byte	19                      @ DW_AT_const_value
	.byte	6                       @ Abbrev [6] 0xef:0x6 DW_TAG_enumerator
	.long	.Linfo_string35         @ DW_AT_name
	.byte	20                      @ DW_AT_const_value
	.byte	6                       @ Abbrev [6] 0xf5:0x6 DW_TAG_enumerator
	.long	.Linfo_string36         @ DW_AT_name
	.byte	21                      @ DW_AT_const_value
	.byte	6                       @ Abbrev [6] 0xfb:0x6 DW_TAG_enumerator
	.long	.Linfo_string37         @ DW_AT_name
	.byte	22                      @ DW_AT_const_value
	.byte	6                       @ Abbrev [6] 0x101:0x6 DW_TAG_enumerator
	.long	.Linfo_string38         @ DW_AT_name
	.byte	23                      @ DW_AT_const_value
	.byte	6                       @ Abbrev [6] 0x107:0x6 DW_TAG_enumerator
	.long	.Linfo_string39         @ DW_AT_name
	.byte	24                      @ DW_AT_const_value
	.byte	6                       @ Abbrev [6] 0x10d:0x6 DW_TAG_enumerator
	.long	.Linfo_string40         @ DW_AT_name
	.byte	25                      @ DW_AT_const_value
	.byte	6                       @ Abbrev [6] 0x113:0x6 DW_TAG_enumerator
	.long	.Linfo_string41         @ DW_AT_name
	.byte	26                      @ DW_AT_const_value
	.byte	6                       @ Abbrev [6] 0x119:0x6 DW_TAG_enumerator
	.long	.Linfo_string42         @ DW_AT_name
	.byte	27                      @ DW_AT_const_value
	.byte	6                       @ Abbrev [6] 0x11f:0x6 DW_TAG_enumerator
	.long	.Linfo_string43         @ DW_AT_name
	.byte	28                      @ DW_AT_const_value
	.byte	6                       @ Abbrev [6] 0x125:0x6 DW_TAG_enumerator
	.long	.Linfo_string44         @ DW_AT_name
	.byte	29                      @ DW_AT_const_value
	.byte	6                       @ Abbrev [6] 0x12b:0x6 DW_TAG_enumerator
	.long	.Linfo_string45         @ DW_AT_name
	.byte	30                      @ DW_AT_const_value
	.byte	6                       @ Abbrev [6] 0x131:0x6 DW_TAG_enumerator
	.long	.Linfo_string46         @ DW_AT_name
	.byte	31                      @ DW_AT_const_value
	.byte	0                       @ End Of Children Mark
	.byte	4                       @ Abbrev [4] 0x138:0x7 DW_TAG_base_type
	.long	.Linfo_string5          @ DW_AT_name
	.byte	5                       @ DW_AT_encoding
	.byte	4                       @ DW_AT_byte_size
	.byte	7                       @ Abbrev [7] 0x13f:0xb DW_TAG_typedef
	.long	312                     @ DW_AT_type
	.long	.Linfo_string48         @ DW_AT_name
	.byte	3                       @ DW_AT_decl_file
	.byte	58                      @ DW_AT_decl_line
	.byte	7                       @ Abbrev [7] 0x14a:0xb DW_TAG_typedef
	.long	341                     @ DW_AT_type
	.long	.Linfo_string50         @ DW_AT_name
	.byte	3                       @ DW_AT_decl_file
	.byte	64                      @ DW_AT_decl_line
	.byte	4                       @ Abbrev [4] 0x155:0x7 DW_TAG_base_type
	.long	.Linfo_string49         @ DW_AT_name
	.byte	7                       @ DW_AT_encoding
	.byte	4                       @ DW_AT_byte_size
	.byte	8                       @ Abbrev [8] 0x15c:0x5 DW_TAG_pointer_type
	.long	353                     @ DW_AT_type
	.byte	9                       @ Abbrev [9] 0x161:0xc DW_TAG_typedef
	.long	365                     @ DW_AT_type
	.long	.Linfo_string67         @ DW_AT_name
	.byte	4                       @ DW_AT_decl_file
	.short	436                     @ DW_AT_decl_line
	.byte	10                      @ Abbrev [10] 0x16d:0xb9 DW_TAG_structure_type
	.short	3588                    @ DW_AT_byte_size
	.byte	4                       @ DW_AT_decl_file
	.short	421                     @ DW_AT_decl_line
	.byte	11                      @ Abbrev [11] 0x173:0xd DW_TAG_member
	.long	.Linfo_string51         @ DW_AT_name
	.long	550                     @ DW_AT_type
	.byte	4                       @ DW_AT_decl_file
	.short	423                     @ DW_AT_decl_line
	.byte	0                       @ DW_AT_data_member_location
	.byte	11                      @ Abbrev [11] 0x180:0xd DW_TAG_member
	.long	.Linfo_string53         @ DW_AT_name
	.long	574                     @ DW_AT_type
	.byte	4                       @ DW_AT_decl_file
	.short	424                     @ DW_AT_decl_line
	.byte	32                      @ DW_AT_data_member_location
	.byte	11                      @ Abbrev [11] 0x18d:0xd DW_TAG_member
	.long	.Linfo_string54         @ DW_AT_name
	.long	550                     @ DW_AT_type
	.byte	4                       @ DW_AT_decl_file
	.short	425                     @ DW_AT_decl_line
	.byte	128                     @ DW_AT_data_member_location
	.byte	11                      @ Abbrev [11] 0x19a:0xd DW_TAG_member
	.long	.Linfo_string55         @ DW_AT_name
	.long	574                     @ DW_AT_type
	.byte	4                       @ DW_AT_decl_file
	.short	426                     @ DW_AT_decl_line
	.byte	160                     @ DW_AT_data_member_location
	.byte	12                      @ Abbrev [12] 0x1a7:0xe DW_TAG_member
	.long	.Linfo_string56         @ DW_AT_name
	.long	550                     @ DW_AT_type
	.byte	4                       @ DW_AT_decl_file
	.short	427                     @ DW_AT_decl_line
	.short	256                     @ DW_AT_data_member_location
	.byte	12                      @ Abbrev [12] 0x1b5:0xe DW_TAG_member
	.long	.Linfo_string57         @ DW_AT_name
	.long	574                     @ DW_AT_type
	.byte	4                       @ DW_AT_decl_file
	.short	428                     @ DW_AT_decl_line
	.short	288                     @ DW_AT_data_member_location
	.byte	12                      @ Abbrev [12] 0x1c3:0xe DW_TAG_member
	.long	.Linfo_string58         @ DW_AT_name
	.long	550                     @ DW_AT_type
	.byte	4                       @ DW_AT_decl_file
	.short	429                     @ DW_AT_decl_line
	.short	384                     @ DW_AT_data_member_location
	.byte	12                      @ Abbrev [12] 0x1d1:0xe DW_TAG_member
	.long	.Linfo_string59         @ DW_AT_name
	.long	574                     @ DW_AT_type
	.byte	4                       @ DW_AT_decl_file
	.short	430                     @ DW_AT_decl_line
	.short	416                     @ DW_AT_data_member_location
	.byte	12                      @ Abbrev [12] 0x1df:0xe DW_TAG_member
	.long	.Linfo_string60         @ DW_AT_name
	.long	550                     @ DW_AT_type
	.byte	4                       @ DW_AT_decl_file
	.short	431                     @ DW_AT_decl_line
	.short	512                     @ DW_AT_data_member_location
	.byte	12                      @ Abbrev [12] 0x1ed:0xe DW_TAG_member
	.long	.Linfo_string61         @ DW_AT_name
	.long	586                     @ DW_AT_type
	.byte	4                       @ DW_AT_decl_file
	.short	432                     @ DW_AT_decl_line
	.short	544                     @ DW_AT_data_member_location
	.byte	12                      @ Abbrev [12] 0x1fb:0xe DW_TAG_member
	.long	.Linfo_string62         @ DW_AT_name
	.long	598                     @ DW_AT_type
	.byte	4                       @ DW_AT_decl_file
	.short	433                     @ DW_AT_decl_line
	.short	768                     @ DW_AT_data_member_location
	.byte	12                      @ Abbrev [12] 0x209:0xe DW_TAG_member
	.long	.Linfo_string65         @ DW_AT_name
	.long	633                     @ DW_AT_type
	.byte	4                       @ DW_AT_decl_file
	.short	434                     @ DW_AT_decl_line
	.short	1008                    @ DW_AT_data_member_location
	.byte	12                      @ Abbrev [12] 0x217:0xe DW_TAG_member
	.long	.Linfo_string66         @ DW_AT_name
	.long	562                     @ DW_AT_type
	.byte	4                       @ DW_AT_decl_file
	.short	435                     @ DW_AT_decl_line
	.short	3584                    @ DW_AT_data_member_location
	.byte	0                       @ End Of Children Mark
	.byte	13                      @ Abbrev [13] 0x226:0xc DW_TAG_array_type
	.long	562                     @ DW_AT_type
	.byte	14                      @ Abbrev [14] 0x22b:0x6 DW_TAG_subrange_type
	.long	567                     @ DW_AT_type
	.byte	8                       @ DW_AT_count
	.byte	0                       @ End Of Children Mark
	.byte	3                       @ Abbrev [3] 0x232:0x5 DW_TAG_volatile_type
	.long	330                     @ DW_AT_type
	.byte	15                      @ Abbrev [15] 0x237:0x7 DW_TAG_base_type
	.long	.Linfo_string52         @ DW_AT_name
	.byte	8                       @ DW_AT_byte_size
	.byte	7                       @ DW_AT_encoding
	.byte	13                      @ Abbrev [13] 0x23e:0xc DW_TAG_array_type
	.long	330                     @ DW_AT_type
	.byte	14                      @ Abbrev [14] 0x243:0x6 DW_TAG_subrange_type
	.long	567                     @ DW_AT_type
	.byte	24                      @ DW_AT_count
	.byte	0                       @ End Of Children Mark
	.byte	13                      @ Abbrev [13] 0x24a:0xc DW_TAG_array_type
	.long	330                     @ DW_AT_type
	.byte	14                      @ Abbrev [14] 0x24f:0x6 DW_TAG_subrange_type
	.long	567                     @ DW_AT_type
	.byte	56                      @ DW_AT_count
	.byte	0                       @ End Of Children Mark
	.byte	13                      @ Abbrev [13] 0x256:0xc DW_TAG_array_type
	.long	610                     @ DW_AT_type
	.byte	14                      @ Abbrev [14] 0x25b:0x6 DW_TAG_subrange_type
	.long	567                     @ DW_AT_type
	.byte	240                     @ DW_AT_count
	.byte	0                       @ End Of Children Mark
	.byte	3                       @ Abbrev [3] 0x262:0x5 DW_TAG_volatile_type
	.long	615                     @ DW_AT_type
	.byte	7                       @ Abbrev [7] 0x267:0xb DW_TAG_typedef
	.long	626                     @ DW_AT_type
	.long	.Linfo_string64         @ DW_AT_name
	.byte	3                       @ DW_AT_decl_file
	.byte	62                      @ DW_AT_decl_line
	.byte	4                       @ Abbrev [4] 0x272:0x7 DW_TAG_base_type
	.long	.Linfo_string63         @ DW_AT_name
	.byte	8                       @ DW_AT_encoding
	.byte	1                       @ DW_AT_byte_size
	.byte	13                      @ Abbrev [13] 0x279:0xd DW_TAG_array_type
	.long	330                     @ DW_AT_type
	.byte	16                      @ Abbrev [16] 0x27e:0x7 DW_TAG_subrange_type
	.long	567                     @ DW_AT_type
	.short	644                     @ DW_AT_count
	.byte	0                       @ End Of Children Mark
	.byte	0                       @ End Of Children Mark
	.section	.debug_macinfo,"",%progbits
	.byte	0                       @ End Of Macro List Mark

	.ident	"Component: ARM Compiler 6.11 Tool: armclang [5d3b4200]"
	.section	".note.GNU-stack","",%progbits
	.ARM_attribute	16, 1	@ Tag_AV_eba
	.section	.debug_line,"",%progbits
.Lline_table_start0:
