	.text
	.syntax unified
	.eabi_attribute	67, "2.09"	@ Tag_conformance
	.cpu	cortex-m7
	.eabi_attribute	6, 13	@ Tag_CPU_arch
	.eabi_attribute	7, 77	@ Tag_CPU_arch_profile
	.eabi_attribute	8, 0	@ Tag_ARM_ISA_use
	.eabi_attribute	9, 2	@ Tag_THUMB_ISA_use
	.fpu	fpv5-sp-d16
	.eabi_attribute	27, 1	@ Tag_ABI_HardFP_use
	.eabi_attribute	36, 1	@ Tag_FP_HP_extension
	.eabi_attribute	34, 1	@ Tag_CPU_unaligned_access
	.eabi_attribute	17, 1	@ Tag_ABI_PCS_GOT_use
	.eabi_attribute	20, 2	@ Tag_ABI_FP_denormal
	.eabi_attribute	21, 0	@ Tag_ABI_FP_exceptions
	.eabi_attribute	23, 1	@ Tag_ABI_FP_number_model
	.eabi_attribute	24, 1	@ Tag_ABI_align_needed
	.eabi_attribute	25, 1	@ Tag_ABI_align_preserved
	.eabi_attribute	28, 1	@ Tag_ABI_VFP_args
	.eabi_attribute	38, 1	@ Tag_ABI_FP_16bit_format
	.eabi_attribute	18, 4	@ Tag_ABI_PCS_wchar_t
	.eabi_attribute	26, 2	@ Tag_ABI_enum_size
	.eabi_attribute	14, 0	@ Tag_ABI_PCS_R9_use
	.file	"cartridge.c"
	.file	1 "C:\\Work\\SVN\\projects\\MCU\\nes_simulator\\EmbeddedNES\\mps2_template\\example\\build\\mdk" "../../jeg/common.h"
	.file	2 "C:\\Work\\SVN\\projects\\MCU\\nes_simulator\\EmbeddedNES\\mps2_template\\example\\build\\mdk" "C:\\Program Files\\ARMCompiler6.11\\bin\\..\\include\\stdint.h"
	.file	3 "C:\\Work\\SVN\\projects\\MCU\\nes_simulator\\EmbeddedNES\\mps2_template\\example\\build\\mdk" "../../jeg/cartridge.h"
	.type	.Lllvm.embedded.module,%object @ @llvm.embedded.module
	.section	.llvmbc,"a",%progbits
	.p2align	4
.Lllvm.embedded.module:
	.asciz	"BC\300\3365\024\000\000\005\000\000\000b\f0$LY\276&\357\323>-U\215\020\005\310\024\000\000!\f\000\000\361\t\000\000\013\002!\000\002\000\000\000\023\000\000\000\007\201#\221A\310\004I\006\02029\222\001\204\f%\005\b\031\036\004\213b\200\030E\002B\222\013B\304\0202\0248\b\030K\n2b\210H\220\024 CF\210\245\000\0312B\004I\016\220\021#\304PAQ\201\214\341\203\345\212\0041F\006Q\030\000\000@\002\000\000\033N(\370\377\377\377\377\001\220\210qx\007y\220\207r\030\007z`\207|h\003yx\207zp\007r(\007rh\003rH\007{H\007r(\2076\230\207x\220\007zh\003s\200\2076h\207p\240\007t\000\314!\034\330a\036\312\001 \310\241\034\334\341\035\344\241\035\302\201\035\332\300\034\340\241\r\332!\034\350\001\035\000x\220\207r\230\207r\220\007{(\2076\230\207t8\007w\000\brH\207y\b\007q`\207rh\003z\b\207t`\2076\030\207p`\007v\230\007\300\034\302\201\035\346\241\034\000\202\035\312a\036\346\241\r\340A\036\312a\034\322a\036\312\241\r\314\001\036\332!\034\310\0010\207p`\207y(\007\200p\207wh\003s\220\207ph\207rh\003xx\207tp\007z(\007yh\203r`\207th\007\300\034\302\201\035\346\241\034\000\302\035\336\241\r\322\301\035\314a\036\332\300\034\340\241\r\332!\034\350\001\035\000z\220\207z(\007\200p\207wh\003u\250\207v\200\2076\240\207p\020\007v(\207y\000\314!\034\330a\036\312\001 \334\341\035\332\300\035\302\301\035\346\241\r\314\001\036\332\240\035\302\201\036\320\001\240\007y\250\207r\000\bwx\2076\230\207t8\007w(\007rh\003}(\007yx\207yh\003s\200\2076h\207p\240\007t\000\350A\036\352\241\034\000\302\035\336\241\r\350A\036\302\001\036\340!\035\334\341\034\332\240\035\302\201\036\320\001\240\007y\250\207r\000\210y\240\207p\030\207uh\003x\220\207w\240\207r\030\007zx\007yh\003q\250\007s0\207r\220\2076\230\207t\320\207r\000\360\000 \350!\034\344\341\034\312\201\036\332`\034\340\241\036\200qx\007y\240\207r\300\2076h\207;\000\bz\b\007y8\207r\240\20760\207r\b\007z\250\007y(\207y\000\326 \034\344\241\035\354\341\016\312\241\r\332\201\r\326\200\034\342\300\016\330`\r\310a\036\340\201\r\326\300\034\340\241\r\302A\036\332\301\036\360\200\r\326\300\034\340\241\r\336\301\035\330!\037\332`\036\340\201\r\326\000\035\356\201\034\322\301\036\330`\r\350\001\035\352\241\035\304\241\r\332\341\035\310\241\034\330\240\r\306A\036\306\201\r\332`\034\344!\037\340\201\036\336\201\r\332\200\034\336\201\036\340A\036\336\201\034\330\240\r\314\001\036\342\300\016\314\241\035\330\201\r\332\300\034\352\201\035\330\301\034\340!\016\354\200\r\332\000\035\356\201\034\322\301\036\332 \034\344\241\035\330\240\r\334\241\034\336\301\035\330\240\r\344!\034\346\001 \352\301\035\346!\034\314\241\034\332\300\034\340\241\r\332!\034\350\001\035\000s\b\007v\230\207r\000\210z\230\207rh\203yx\007s\240\20760\007vx\207p\240\007\300\034\302\201\035\346\241\034\200\r\363#\374\377\377\377\377\000H@E\214\303;\310\203<\224\3038\320\003;\344C\033\310\303;\324\203;\220C9\220C\033\220C:\330C:\220C9\264\301<\304\203<\320C\033\230\003<\264A;\204\003=\240\003`\016\341\300\016\363P\016\000A\016\345\340\016\357 \017\355\020\016\354\320\006\346\000\017m\320\016\341@\017\350\000\300\203<\224\303<\224\203<\330C9\264\301<\244\3039\270\003@\220C:\314C8\210\003;\224C\033\320C8\244\003;\264\3018\204\003;\260\303<\000\346\020\016\3540\017\345\000\020\354P\016\3630\017m\000\017\362P\016\343\220\016\363P\016m`\016\360\320\016\341@\016\2009\204\003;\314C9\000\204;\274C\033\230\203<\204C;\224C\033\300\303;\244\203;\320C9\310C\033\224\003;\244C;\000\346\020\016\3540\017\345\000\020\356\360\016m\220\016\356`\016\363\320\006\346\000\017m\320\016\341@\017\350\000\320\203<\324C9\000\204;\274C\033\270C8\270\303<\264\2019\300C\033\264C8\320\003:\000\364 \017\365P\016\000\341\016\357\320\006\363\220\016\347\340\016\345@\016m\240\017\345 \017\3570\017m`\016\360\320\006\355\020\016\364\200\016\000=\310C=\224\003@\270\303;\264\001=\310C8\300\003<\244\203;\234C\033\264C8\320\003:\000\364 \017\365P\016\0001\017\364\020\016\343\260\016m\000\017\362\360\016\364P\016\343@\017\357 \017m \016\365`\016\346P\016\362\320\006\363\220\016\372P\016\000\036\000\004=\204\203<\234C9\320C\033\214\003<\324\0030\016\357 \017\364P\016\370\320\006\355p\007\000A\017\341 \017\347P\016\364\320\006\346P\016\341@\017\365 \017\3450\017\300\032\204\203<\264\203=\334A9\264A;\260\301\032\220C\034\330\001\033\254\0019\314\003<\260\301\032\230\003<\264A8\310C;\330\003\036\260\301\032\230\003<\264\301;\270\003;\344C\033\314\003<\260\301\032\240\303=\220C:\330\003\033\254\001=\240C=\264\2038\264A;\274\0039\224\003\033\264\3018\310\3038\260A\033\214\203<\344\003<\320\303;\260A\033\220\303;\320\003<\310\303;\220\003\033\264\2019\300C\034\330\2019\264\003;\260A\033\230C=\260\003;\230\003<\304\201\035\260A\033\240\303=\220C:\330C\033\204\203<\264\003\033\264\201;\224\303;\270\003\033\264\201<\204\303<\000D=\270\303<\204\2039\224C\033\230\003<\264A;\204\003=\240\003`\016\341\300\016\363P\016\000Q\017\363P\016m0\017\357`\016\364\320\006\346\300\016\357\020\016\364\000\230C8\260\303<\224\003\260\201\030\002`\331@\020\002\260l0\212\377\377\377\377\037\2006\000\244\r\206\021\000\013@\007\033R\350\370\377\377\377\377\001\220\200\212\030\207w\220\007y(\207q\240\007v\310\2076\220\207w\250\007w \207r \2076 \207t\260\207t \207rh\203y\210\007y\240\20760\007xh\203v\b\007z@\007\300\034\302\201\035\346\241\034\000\202\034\312\301\035\336A\036\332!\034\330\241\r\314\001\036\332\240\035\302\201\036\320\001\200\007y(\207y(\007y\260\207rh\203yH\207sp\007\200 \207t\230\207p\020\007v(\2076\240\207pH\007vh\203q\b\007v`\207y\000\314!\034\330a\036\312\001 \330\241\034\346a\036\332\000\036\344\241\034\306!\035\346\241\034\332\300\034\340\241\035\302\201\034\000s\b\007v\230\207r\000\bwx\20760\007y\b\207v(\2076\200\207wH\007w\240\207r\220\2076(\007vH\207v\000\314!\034\330a\036\312\001 \334\341\035\332 \035\334\301\034\346\241\r\314\001\036\332\240\035\302\201\036\320\001\240\007y\250\207r\000\bwx\2076P\207zh\007xh\003z\b\007q`\207r\230\007\300\034\302\201\035\346\241\034\000\302\035\336\241\r\334!\034\334a\036\332\300\034\340\241\r\332!\034\350\001\035\000z\220\207z(\007\200p\207wh\203yH\207sp\207r \2076\320\207r\220\207w\230\20760\007xh\203v\b\007z@\007\200\036\344\241\036\312\001 \334\341\035\332\200\036\344!\034\340\001\036\322\301\035\316\241\r\332!\034\350\001\035\000z\220\207z(\007\200\230\007z\b\207qX\2076\200\007yx\007z(\207q\240\207w\220\2076\020\207z0\007s(\007yh\203yH\007}(\007\000\017\000\202\036\302A\036\316\241\034\350\241\r\306\001\036\352\001\030\207w\220\007z(\007|h\203v\270\003\200\240\207p\220\207s(\007zh\003s(\207p\240\207z\220\207r\230\007`\r\302A\036\332\301\036\356\240\034\332\240\035\330`\r\310!\016\354\200\r\326\200\034\346\001\036\330`\r\314\001\036\332 \034\344\241\035\354\001\017\330`\r\314\001\036\332\340\035\334\201\035\362\241\r\346\001\036\330`\r\320\341\036\310!\035\354\201\r\326\200\036\320\241\036\332A\034\332\240\035\336\201\034\312\201\r\332`\034\344a\034\330\240\r\306A\036\362\001\036\350\341\035\330\240\r\310\341\035\350\001\036\344\341\035\310\201\r\332\300\034\340!\016\354\300\034\332\201\035\330\240\r\314\241\036\330\201\035\314\001\036\342\300\016\330\240\r\320\341\036\310!\035\354\241\r\302A\036\332\201\r\332\300\035\312\341\035\334\201\r\332@\036\302a\036\000\242\036\334a\036\302\301\034\312\241\r\314\001\036\332\240\035\302\201\036\320\0010\207p`\207y(\007\200\250\207y(\2076\230\207w0\007zh\003s`\207w\b\007z\000\314!\034\330a\036\312\001\330@ \001Pm0\222\000X\200j\003\242\374\377\377\377\377\000H\000\005\324\301\006b\371\377\377\377\377\001\2206\020\214\000\234\301\206\243\t\2003\b\002b\303\341\004\300\031\004A\000\000I\030\000\000\t\000\000\000\023\202`\302 \f\304\004\2410&\b\0072A8\222\tB0L\020\202dB\240L\020\026fB\320L\b\034\000\211 \000\000!\000\000\0002\"\210\t d\205\004\023#\244\204\004\023#\343\204\241\220\024\022L\214\214\013\204\304L\020\204\301\034\001\222\005\000\005\251\000\3200G\000\006\004$ \020p\2224E\2240\371\002\020M\0212\030\304?!\2440\n\3438\212\202\220B\024\211Q\220R\210\3020\nbF\000\346\b\202R8\006P<\004\225\301H\n\222\312P$\005Q\205p\222\242 k \240\020\016\206a\224\315\021\200\302\024\000\025d\314\021@\364\001\000\000\023.z@\207zh\007q\260\207;(\207vh\203p\220\207vh\003wx\007w(\2076(\207p\020\207t\330\360\006\345\320\006\355\240\007\345\320\006\360\240\007s \007z0\007r\320\006\351`\007t\240\007v@\007m`\017q \007x\240\007v@\007z\020\007r\200\007m\020\016z\000\007z0\007r\320\006\3560\007r\320\006\263`\007t\240\364\200\020!\021d\310H\221\020@#\204\311i\345r\275\\\256\227\272|~\215\303r\272<M>\227]\343\035\020@\004\003\030$\001\000\000\001\000\000@\260\003\"\214a\b\203$\000\000 \000\000\000\b\206L\312\243\220\002\000\004\000\020\000\002\000\000\000\020\000C\246\354`H!\000\004\000\000\000\001\000\000\000\b\200!\023\030P\020\020\000\003\000\000\000\000\000\000\000\000\300\220\211\016:\211\024\000\200\000\200\000\020\000\000\000\200\000\0302\305\202D\221\002\000\024\000\020\000\002\000\000\000\020\000C\246q\230(R\000\200\002\000\002@\000\000\000\000\002`\310d\017\223E\n\000`\000@\000\b\000\000\000@\000\f\231RB\242H\001\000\n\000\b\000\001\000\000\000\b\200!\323NL\026)\000\300\001\000\001 \000\000\000\000\0010dr\013'\003\002\000\001\000\000\000\000\000\000\000\000\220\330 P\030>\001\000 \013\004\000\000\000\023\000\000\0002\036\230\030\031\021L\220\214\t&G\306\004C*\212\240\fJ\240\020F\000\n\0200\200\266B(\211\021\200\002\004\f(\205b(\207\202(\214\002)P\300\200\002\005\024(T@\001\n\224p\026\247\032\0324!\246\347kb\235\\\016\001\000\000\261\030\000\000t\000\000\0003\b\200\034\304\341\034f\024\001=\210C8\204\303\214B\200\007yx\007s\230q\f\346\000\017\355\020\016\364\200\0163\fB\036\302\301\035\316\241\034f0\005=\210C8\204\203\033\314\003=\310C=\214\003=\314x\214tp\007{\b\007yH\207pp\007zp\003vx\207p \207\031\314\021\016\354\220\016\3410\017n0\017\343\360\016\360P\0163\020\304\035\336!\034\330!\035\302a\036f0\211;\274\203;\320C9\264\003<\274\203<\204\003;\314\360\024v`\007{h\0077h\207rh\0077\200\207p\220\207p`\007v(\007v\370\005vx\207w\200\207_\b\207q\030\207r\230\207y\230\201,\356\360\016\356\340\016\365\300\016\3540\003b\310\241\034\344\241\034\314\241\034\344\241\034\334a\034\312!\034\304\201\035\312a\006\326\220C9\310C9\230C9\310C9\270\3038\224C8\210\003;\224\303/\274\203<\374\202;\324\003;\260\303\f\307i\207pX\207rp\203th\007x`\207t\030\207t\240\207\031\316S\017\356\000\017\362P\016\344\220\016\343@\017\341 \016\354P\0163 (\035\334\301\036\302A\036\322!\034\334\201\036\334\340\034\344\341\035\352\001\036f\030Q8\260C:\234\203;\314P$v`\007{h\0077`\207wx\007x\230QL\364\220\017\360P\0163\036j\036\312a\034\350!\035\336\301\035~\001\036\344\241\034\314!\035\360a\006T\205\2038\314\303;\260C=\320C9\374\302<\344C;\210\303;\260\303\214\305\n\207y\230\207w\030\207t\b\007z(\007r\230\201\\\343\020\016\354\300\016\345P\016\3630#\301\322A\036\344\341\027\330\341\035\336\001\036\000\000\000\000y \000\000\204\002\000\000b\036H C\210\f\0319\031$\220\221@\306\310\310h\"P\b\0242\236\030\031!G\310\220Q\364\003:\360?\225,\330\2014X\332De\327\303\030\225A\340\001\342\030G\023E\020\244(J\004\035S\322HJ#I\325\3220\017\3630H\2020\b\360DK\223$\005\000\000\000../../jeg\\cartridge.cC:\\Work\\SVN\\projects\\MCU\\nes_simulator\\EmbeddedNES\\mps2_template\\example\\build\\mdkComponent: ARM Compiler 6.11 Tool: armclang [5d3b4200]../../jeg/common.hintnes_err_imcomplete_romnes_err_unsupported_mappernes_err_invalid_romnes_err_illegal_sizenes_err_illegal_parameternes_err_illegal_pointernes_err_unknownnes_err_nonenes_ok../../jeg/cartridge.hiNES_tcharC:\\Program Files\\ARMCompiler6.11\\bin\\..\\include\\stdint.huint16_tunsigned shortchSignuint8_tunsigned charchPRGROMBankCountchCHRROMBankCountchDiskDudeStringch8KRAMBankCountchROMCTRL2MapperHighchROMCTRL1VerticalMirroringBatteryBackedRAMTrainerFourScreenMirroringMapperLowDwarf VersionDebug Info Versionwchar_sizestatic_rwdataenumsize_buildattrarmlib_unavailable../../jeg/cartridge.ccartridge_tuint_fast32_tunsigned intwPRGAddressMaskpchPRGMemorywCHRAddressMaskpchCHRMemorychIODatachCHRDatachMapperuint_fast8_tchMirroromnipotent charSimple C/C++ TBAAany pointeruint_fast16_tcartridgehwAddressvalue\000\000\206z\002\000\000\000\000\0000\202\260I#\b\3334\202\260Q#\b\0053\202P4#\b\2053\202P<#\b\0054\202\260U#\b[6\202\260i#\b\3336\202\260q#\b[7\202\260y#E\303\004\230C\367\n\000\002\000@J\000\000\000\000#E\303\005\230\003\007\013\000\002\000\300I\000\000\000\000#E\303\004\230\303\026\013\000*\000\000@\022\000\000\000\300H\321p\001\346\240\321\002\200\n\000\000\204\004\000\000\0000R4L\2009@\263\000 \000\000\310\004\000\000\0000R4\\\2009<\264\000 \000\000\260\004\000\000\0000R4L\2009$\000\000\022\000\000\354\003\000\000\0000\324\0240\2670\004\000\000\004\345\000\017\000\000\000@\000\b#E\303\004\230\303\034\000\000h\202\004\000\000l\001\000\000\000\fT\000\201\000\000\003\025\000!\000\300<\007@\006\005\030\000\0050\316\0004\3068\003\260\034\343\f@\202\2143\000G2\316\000\024\3128\0030,\343\f@\300\2143\000@3\316\000\000\316\f\211.\354\002/\364\202/\374\0028\204\2038\214\024\t\004\200\013\n\220\013`\000\000\3008\000\000\000\0003\004\3440P\001<\002\000L\324\000\026d\016p\000\320\002\000\000\000\000L\324\000\017\000\000\3009\200\001\000\000\0000\317\001\220A\204\000\b0Q\003\230\001\000\000@:\000\000\000\000\300D\r\360\000\000\000\250\003\030\000\000\000\000\003\025\200$\000\300<\007@\006\024\004\034\300D\r`M\354\360\007@;\000\000\000\000\300D\r\360\000\000\000\270\003\030\000\000\000\0003\f\350\260\016\3570\317\001\220\301\205\000\b0Q\003X\026;\370\001\020\017\000\000\000\0000\315 \374\0010C0\017#EB\000\000\000 \017`\000\000\000=\000\000\000\000\0235@S\231\203B\013\365\000\006\000\000\000\300D\r\320`\346\300\320\202< \000\030\000\0000Q\0034\23194\264 \017\b\200\006\000\000L\324\000\r`\016\017-\314\002\002\300\001\000\000\0235@\003\230\203F\013\261\200\n\000\036\000\0000Ca\017\367\200\017\371\240\017\0235@\003\230\303\026\013\260\200\n\000\000\000\3004\203\000\n\300\fA?\214\024\t\001\000\000\200<\240\002\000\000\376\000\000\000\000L\324\000\215f\016n\020\013\377\200\n\000\000\000\300\f\002?\200\304D\r\320\000\346\300\301\302+ \000\000\000\300D\r\320l\346@\006\260 \017\b\200\000\0000\203 \022#1Q\0034\2009t\257\340\n\b\000\000\0000Q\0034\2349\204\301+\310\003\002\000\000\000\314 \224\204IL\324\000Mg\016\237+\310\003\001\020 \bB\241\000\314\020\240\304D\r\320\000\346\000\315\202, \000\000\000\300D\r\320x\346p\315\202< \000\000\000\300\f\202J\254\304D\r\320|\346\020\311\202<\004\000\000\202 \024\n\300D\r\320\200\2019H\262 \017\001\020\200 \b\205\0020Q\0034a`\016\223,\310C\000\b \bB\241\000L\324\000\215\030\230\003%\013\362\020\000\003\b\202P(\000\0235@3\006\346P\311\202<\020\000\001\202 \024\n\300\fEK\270\304K\300DL\3140\210\002\031\214\302\f\203(\224\301(\3140\220\202\031\224\302\f\003)\234\001)\3140\220\002\032\210\302\f\003)\244\201)\314\020\f\003\025\200\032\b\0000Q\003Xk`\016}\000\330\002\000\000\000\000L\324\000\017\000\000\300N\200\001\000\000\0000Q\003<\000\000\000\362\000\006\000\000\000\300<\007@\006m\000\006\300\001L\324\000\026\033\260C/\000>\001\000\000\000\000\0235@\343\006\346@\007\266\360\023`\000\000\000\000L\324\000\315\033\230C\035\330BO\200\001\000\006\000\000L\324\000\r\034\230\203\035\330\302O\200\001\000\n\000\000L\324\000M\034\230\303\035\330BO\200\001\000\016\000\000L3\b\247\000\314\020\220\305H\221\020\000\000\000\310\003\b\202\002\000\000e\001\000\000\000L\324\000\215\034\230C\036\330\202Y\200 (\000 \001\000\300D\r\320\314\2019\350\201-\230\005\b\202\002\000\222\240\000\000\300D\r`\325\001;\354\002\340\023\000\000\000\0000Q\0034t`\016{`\013i\001\006\000H\202\004\000\000\0235@c\007\346\300\007\266\220\026`\000\200%H\000\0000\003\002\026a!\026cq\026h\241\026k1]`\314\020\344\301\f\003\036\270E(\3140\024o\021\n3\fz\360\026\2410Ct\007p\021\nq\361\007p\201\nq\221\no\241\no\261\np\301\np\321\n3\fr\021\027\1770\303 \027p\201\n3\fr\001\027\2410Q\003X{\300\016\274\000\370\004\000\000\000\000\3140\244\005O\330\305L\204\000\334\0050\303\360\026o\021\n3\020\000O\330EZ\314D\b\200^\0003\fr\021\027\251p\376\000p\034\307q\034\307q\034\307q\034\207\022(\341\022.\201\022(\201\0224\241\023n\340\006\246 \006b \006b \006b \006b \006\374\340\022\234\033\300\203:\200\202:\250\203\033\200\002<\250\003\035\200\002<\240\001\207\022\366`\017\366`\017\374\300\n\366\200\006\034J\360\003\032\300\203=\240\001<\330\003\032\240\004\007\017\360\200\006(\341\022.\341\022.\301\nt@\007t@\007t@\007\026\035\330\203:\250\003+\330\203H\240\004J\240\004\032p4A\023`a\0174A\023\360`qt\340\006t\300\033t@\007t`\017t\340\006t\240\007n #\201\t\312\205\215\315\256\315\205L\354\314e\254n\224\200\0262bc\263ksi{#\253c+s1c\013;\233\033\305\220\211\231\240\211\232\260\211\233H\205\215\315\256\315%\215\254\314\215n\224\000'\000\000\251\030\000\000\023\000\000\000\013\nr(\207w\200\007zXp\230C=\270\3038\260C9\320\303\202\346\034\306\241\r\350A\036\302\301\035\346!\035\350!\035\336\301\035\026(\342P\016\346\360\016\362P\016\351\340\016\363@\017\013\222p0\007z(\007yH\007w\230\007z\000\321\020\000\000\006\000\000\000\007\314<\244\203;\234\003;\224\003=\240\203<\224C8\220\303\001\000\000\000a \000\000\212\001\000\000\023\004L,\020\000\000\000\017\000\000\000\004\214\000\024B\021\224@\205\224\001\025\345P \245P\f5P\034\245Q\022\345\377W\005\225P\013\365P\r\364\214\000\2201\0020\324\021\b@\001\025\320P\307@\004\005T@\224\214\000\000\000\3610\000\000]\000\000\000\"G\310\220Q\"\310+\000\000\000\000O\262\034\005\202 \000\000cartridge_setupnes_err_tptCartridgepchDatawSizeptHeaderwPRGSizewCHRSize\000\023\204\315\232 l\327\004a\303&\bE\264\252\032t\242/\000\235(l\003\b\f\000\000@$\250\005\000\350\r\000\230U\004\251\241\023J2\253\bRC'\236dV\021\244\206NL\311\254\"H\r\235\350\222YE\320\032:\001\006\314\254\"H\r\235(\203dV\021\244\206N\244A2\253\bRC'\356 \231U\004\261\241\023w0\315*\202\330\320\t=`\0265\200\345\027\270@\001\344\000\000\000\000\000\033\b\332\340\211\236\370\211M\204\000\324\0060.\021R\343/t\242\340\211\000\000\306%Bj\200\206N\024=!\000\300\270DH\215\320\320\211\342'\006\000\030\227\b\251!\032:q\240\003\000\000\343\022!5FC'\220\237\000\000`\\\"\244\006i\350\004\362\023\000\000l0n\0037rC7v\20376,w\360\026\241\360\026\177\360\026\245\361\026\246\361\026\247\261a\360\215\267\370\203\r\203o\274Eil\030\344\002.Za\202\220\204\301\004\301\020\203\tB1\006\023\204\302\024&\b\205*\000\000#\006\007\000\202`\220\311\001\257\377\377\377\017\347\376\377\377?\304\374\377\377\3770c@\024h\220\032\300\210\301\001\200 \030dr\260\353\377\377\377\203\271\377\377\377\0171\377\377\377?\314\030\020\205\037\244\0060bp\000 \b\006\231\034\350\372\377\377\377P\356\377\377\377C\314\377\377\377\0173\006DQ\013\251\001\214\030\034\000\b\202A&\007\273\376\377\377?\220\373\377\377\377\020\363\377\377\377\303\214\001q4\251\001\f7p\001\030\314\030\020\212\243\032\300p\003W\200\301\214\001\241\224\201j\000%\004;c@(\235j\000\263\fK\020L\030\000\303\r]E\0063\006\304\363\254\0060\313\260\b\301\214\001\361$\251\001\214\030\034IJ\202\001\343\007\307'\0073\006\304\224\260\0060\334\020\310\001\030L\030\000\263\f\303\022\314\030\020S\222\032\300\006\2040\240\203\031\003\342\032\203\324\000(\000\302\204\001pA\0213\006\304\225\245\006`\301u\0033\006\304u\245\0060bp\000 \b\006\031\037\214\373\377\377\377\320\356\377\377\377\303\316\377\377\377\0173\006\0042\245\006\260\001\241\f\266\031\003\002\033\203\324\000(\000\302\204\001pA\0213\006\004\226\245\006`\201v\0033\006\004v\245\0060bp\000 \b\006\031(\230\373\377\377\377\000\357\377\377\377\303\317\377\377\377\0173\006\004\322\245\006\260\001!\r\274\031\003B[\203\324\000(\000\302\204\001P\201\031\350\204\001P\002\032\340\214\001\261\375Aj\000\025\244\201N\030\000\025\f;c@l]j\000\027\0241a\000ld\210\003Q@\203\031\003B\223R\003\0306 \002a\000f\f\bmK\r`\003B\034\244\301\214\001\321\331Ak\000#\006G\222\222`\300\304B\026\214\301\214\001\321%\255\001\f7\004\245\000\006\023\006\000-@\2301 \000\2405\200\n\344\000'\f\200Y\006\242\030f\f\210.I\r\200\n \314\030\020a \n\256\001T\020\007:c@\204A+\270\006P\301\2603\006D\030\324\201k\000\263\004\305@\005 \020\310pA\0213\006\004\000\264\006\260\221\201\017Z\001\016f\f\2100\260\\\003\0306 \002a\000f\f\2100\370\\\003\030\346\000\206\205\f\21440f\f\2102\030\203\327\000\214\302``\306\200P\203\b6\000\242\2000c@\260A\030\300\006P\301\036\350\204\001pA\0213\006\004\033\\\260\001X\200\00770a\000T\021\354\214\001\301\006\021l\000\025\344\301N\030\000\303\r\201(\210\301\214\001\221\006\017l\000\263\f\313\021\314\030\020i\220\244\006\260\021\242\024l\341\026la\306\200\200\203\"5\200\021\003D\tA0\200\306!\030\005[x\203\t\003`\003B)\360\301\214\001A\007]j\000\324\001a\306\200\250\0036H\r\240\002R\320\t\003\340\202\"f\f\210:\020\203\324\000,\b\205\033\2300\0006 \024\301\214\001Q\007]j\000\033\031X\241\027~a\306\200\230\003)5\200a\003\"\020\006`\306\200\230\203/5\200\341\0063P\0050\2301 \356 \211\r`\226!A\202\031\003\342\016\222\324\0006 \fi0c@\340\301\037\310\006`f \n 0c@\350A!\033\300,\2012a\000l\204\200\205p(\205p\2301 \366\240\ff\003\03018\000\020\004\203\354\034\326\376\377\377\177\270\371\377\377\377\301\364\377\377\377\207\031\003\002\351R\003\0301@\226\020\004\003\310\035\002W\b\007=\2301 \374 \231\r`\226@\031\2500\204\304@\006*\n\221H\fd#\303,\220\3039\314\030\020{`\315\0060l@\004\303\000\314\030\020{0\006\263\001ld\240\205rH\207\031\003B\024\244\324\000\206\r\210`\030\200\031\003B\024\304 5\000\203\003T\000\201\031\003b\024\332 5\200\215\f\266p\016\3470c@\214\202\224\032\300\260\001\021\b\0030c@\214\202\030\244\0060K\260\314\030\020\245P\244\0060PS\300\206\242\022\000J\004&!\220\204!\022\305\214\001\001\000\251\001d0c@\230B\220\032@@\f\000\000\000\t\000\000\000[\004\0005\266\fN\340\033[\206)\370\215-\303\027\200\307\226!\024\002\271\3302\300B0\027[\206Y\b\350\002\000\000\000\000a \000\000e\000\000\000\023\004D,\020\000\000\000\002\000\000\000T\224\377\377@\371\377\001\3610\000\000#\000\000\000\"G\310\220Q\006D\030\000\000\000\000\035\000\000\000cartridge_get_prg_src_address\000\000\000\253\252A'\372\002\320\211T\020\r P\005\000\000@$\250\005\000(\r\000\230U\004~\241\023\253\220\314*\202\277\320\211U\3406\f=\301\023v\261\211\020\200\320\000\306%\202_\360\201N\244\002O\004\0000.\021\374\242\017t\"\025\354B\000\200\r\302h\220\306\004!\t\203\tB!\006\000\000#\006\007\000\202`\220i\340\376\377\377?\214\373\377\377\377\220\357\377\377\377\303\214\001\221\nu\340\027\300\210\301\001\200 \030d\332\257\377\377\377\017\342\376\377\377?\344\373\377\377\3770c@\244\202+\370\0050\3340\bb0c@\254\202\364\027\300,C \0043\006\304*$~\001ld(,l\306\200`\205\0164\000\n\2141a\000ld80l\306\200`\005Q\000\r\200\202bL\030\000\025 :c@\260B\035\200\006\260\001\201\bf\f\bV\220@\003\230%\030f\f\bVH@\003(\005\321\031\003\302\025\332\300/\200\215\020L\347\0053\006\204+<~\001\314\022\f3\006\204+\024~\001\fT\030F \b3\006\004\000\370\005\220\301\214\001\361\n\201_\000\0011\000\000\000\004\000\000\000[\004\240/\266\fE \027[\206#\240\013\000\000\000\000\000\000a \000\000a\000\000\000\023\004D,\020\000\000\000\002\000\000\000T\224\377\377@\371\377\001\3610\000\000\034\000\000\000\"G\310\220Q\006\204\005\022\000\000\000cartridge_read_prg\000\000\253\252A'\372\002\320\211Y\300\013 \230\005\000\000@$\250\005\000\030\r\000\230U\004~\241\023\265\220\314*\202\277\320\211Z\360\306%\202_\360\201N\314\002O\004\0000.\021\374\242\017tb\026\354B\000\200\rBh\210\306\004!\t\203\tB!\006\000\000#\006\007\000\202`\220i\342\376\377\377?\224\373\377\377\377\220\357\377\377\377\303\214\0011\013n\340\027\300\210\301\001\200 \030dZ\270\377\377\377\017\344\376\377\377?\344\373\377\377\3770c@\314\302)\370\0050\3340\bb0c@\324\302\364\027\300,C \0043\006D-$~\001ld(,l\306\200\260\205\r4\000\n\2141a\000ld80l\306\200\260\205?\000\r\200\202bL\030\000\025 :c@\330\202\034\200\006\260\001\201\bf\f\b[\200@\003\230%\030f\f\b[H@\003(\005\321\031\003\"\027\324\300/\200\215\020L\347\0053\006D.0~\001\314\022\f3\006D.\024~\001\fT\030F \b\024\000a\306\200\000\000\277\000.(b\302\000\310`\306\200\320\205\300/\200\200\030\000\000\000\005\000\000\000[\004\240/\266\fE \027[\206#\240\213-\303\023\340\005\000\000\000\000\000a \000\000o\000\000\000\023\004D,\020\000\000\000\002\000\000\000T\224\377\377@\371\377\001\3610\000\000#\000\000\000\"G\310\220Q\n\004\007S\001\000\000cartridge_readw_prgshort\253\252A'\372\002\320\211^\030\r \360\005\000\000@$\250\005\0000\r\000\230U\004\177\241\023\277\220\314*\002\320\320\211_\3606\fv\301\023v\261\211\020\000\321\000\306%\302_\360\201N\364\002O\004\0000.\021\376\242\017t\242\027\354B\000\200\r\002i\224\306\206\301/\336\"\0246\f\247q\032\2410AH\302`\202P\210\001\000#\006\007\000\202`\220i\275\376\377\377?\210\373\377\377\377\220\357\377\377\377\303\214\001\321\013p\360\027\300\210\301\001\200 \030d\032\257\377\377\377\017\341\376\377\377?\344\373\377\377\3770c@\364B*\374\0050\3340\bb0c@\374\302\004\032\300,C \0043\006\304/$\177\001ld(,l\306\200\000\0075\b\r\200\002cL\030\000\033\031\016\f\2331 \300\301\025B\003\240\240\030\023\006@\005\210\316\030\020\340\020\n\241\001l@ \202\031\003\002\034\276\320\000.\000w\306\200\000\007(4\000\n>1a\000\\P\304\204\0010K0\314\030\020\340\220\204\006P\315\2423\006\3048\250\301_\000\033!\0360\b\203`\306\200\030\007\346/\000\n\2000a\000\\P\304\204\0010K0\314\030\020\343P\374\0050PQ(\201 \314\030\020\000\360\027@\0063\006\0049\004\177\001\004\304\000\000\006\000\000\000[\004\300/\266\fE \027[\206#\240\213-\303\022\234\306\226\001\n\360\002\000\000\000\000a \000\000p\000\000\000\023\004D,\020\000\000\000\002\000\000\000T\224\377\377@\371\377\001\3610\000\000#\000\000\000\"G\310\220Q\006\304\005\023\000\000\000cartridge_write_prg\000\253\252A'\372\002\320\211s\330\013 @\007\000\000@$\250\005\000(\r\000\230U\004~\241\023\352\220\314*\202\277\320\tu\360f\025\301_\350\004;0\343\022\301/\370@'\316\201'\002\000\030\227\b~\321\007:q\016v!\000\300\270D\360\013?\320\211sH\213\001\0006\f\2421\032\2441AH\302`\202P\210\301\004\241\030\003\000\000\000\000#\006\007\000\202`\220m\341\376\377\377?\224\373\377\377\377\240\357\377\377\377\303\214\001q\016g\340\027\300\210\301\001\200 \030d\033\270\377\377\377\017\344\376\377\377?\350\373\377\377\3770c@\234\003(\370\0050bp\000 \b\006\331\366\353\377\377\377\303\270\377\377\377\017\372\376\377\377?\314\030\020\347\200\013~\001\f7\020\202\030\314\030\020\3520\375\005p\004\0003\006\004\000\374\0050\313\020\b\302\214\001\241\016\211_\000\033\031\016L\2331 \326\201\002\r\200\002cL\030\000\033\031\022M\2331 \326!\017@\003\240\240\030\023\006@\005\212\316\030\020\353\300\006\240\001l@ \202\031\003b\035\022\320\000f\t\206\031\003\202\035\n\320\000\212It\306\200h\2073\b\r`#\204\363\201A0c@\264C\022\032\300,\3010Pa\b\202\021\f\033\020\201\022\0003\006\004\000\374\005\2003\006\004<\004~\001\004\304\000\000\000\000\005\000\000\000[\004\240/\266\fG \027[\206$\240\213-C\024\340\005\000\000\000\000\000a \000\000F\000\000\000\023\004A<\f\000\000\000\030\000\000\000\"G\310\220Q\006\204\005\022\000\000\000cartridge_read_chr\000\000\253\252A'\372\002\320\211y\300\013 \240\007\000\000@$\250\005\000\b\r\000\030\227\b~\301\007:1\017<\021\000\300\270D\360\213>\320\211y\260\013\001\0006\b\177\001\032\023\204$\f&\b\205\030\000\000#\006\007\000\202`\220a\342\376\377\377?\224\373\377\377\377p\357\377\377\377\303\214\0011\017n\340\027\300\210\301\001\200 \030dX\270\377\377\377\017\344\376\377\377?\334\373\377\377\3770c@\314\303)\370\005\260\221A\230\254\031\003\242\036.\277\000(0\306\204\001\260\221\201\250\262\031\003\242\036\366\300/\000\n\2121a\000TP\350\214\001Q\017n\340\027\300\006\004\"\2301 \352\201\361\013\200\002 L\030\000\027\0241a\000d0c@\324C\341\027@@\f\000\000\000\005\000\000\000[\004\240/\266\fC\260\027[\206\"\230\213-\003\022\340\005\000\000\000\000\000a \000\000V\000\000\000\023\004A<\f\000\000\000\035\000\000\000\"G\310\220Q\006\304\005\023\000\000\000cartridge_write_chr\000\253\252A'\372\002\320\t|\330\013 \310\007\000\000@$\250\005\000\020\r\000\030\227\b~\301\007:\201\017<\021\000\300\270D\360\213>\320\t|\260\013\001\000\306%\202_\370\201N\340CZ\f\000\260a\370\013\320\b\215\tB\022\006\023\204B\f&\b\305\030\000\000\000\000#\006\007\000\202`\220e\342\376\377\377?\230\373\377\377\377\200\357\377\377\377\303\214\001\201\017g\340\027\300\210\301\001\200 \030dY\270\377\377\377\017\345\376\377\377?\340\373\377\377\3770c@\340\003(\370\0050bp\000 \b\006Y\006\356\377\377\377\003\271\377\377\377\017\370\376\377\377?\314\030\020\370\200\013~\001\\\000\300\214\001\241\017\250\340\027\300F\006\242\302f\f\b}\200\374\002\240\300\030\023\006\300F\006\343\332f\f\b}\240\003\277\000((\306\204\001P\301\2413\006\204>\234\201_\000\033\020\210`\306\200\320\207\302/\200a\003\"8\002`\306\200\320\007S\360\013\000g\f\210}\b\374\002\b\210\001\000\000\005\000\000\000[\004\240/\266\fE\260\027[\206#\230\213-\203\022\340\005\000\000\000\000\000q \000\000\b\000\000\0002\016\020\"\204\002\227\fX0\372\200\006\212\020x\320\016\201\b\336\021\230\000-\201\n\230\023\000\000\000\000\000\000\000e\f\000\000_\000\000\000\022\003\224\360\002\000\000\000\001\000\000\000\274\000\000\000\b\000\000\000D\000\000\000\001\000\000\000P\000\000\000\000\000\000\000P\000\000\000\f\000\000\000p\001\000\000\000\000\000\000\304\000\000\000\027\000\000\000\333\000\000\000\025\000\000\000\376\000\000\000\000\000\000\000\000\000\000\000\f\000\000\000\000\000\000\000\n\000\000\000\017\000\000\000\n\000\000\000\017\000\000\000\377\377\377\377\001$\000\000\031\000\000\000\007\000\000\000\031\000\000\000\007\000\000\000\377\377\377\377\b$\000\000 \000\000\000\024\000\000\000 \000\000\000\024\000\000\000\377\377\377\377\b,\000\0004\000\000\000\035\000\000\0004\000\000\000\035\000\000\000\377\377\377\377\001$\000\000Q\000\000\000\022\000\000\000Q\000\000\000\022\000\000\000\377\377\377\377\001$\000\000c\000\000\000\023\000\000\000c\000\000\000\023\000\000\000\377\377\377\377\001$\000\000v\000\000\000\023\000\000\000v\000\000\000\023\000\000\000\377\377\377\377\001$\000\000\211\000\000\000\022\000\000\000\211\000\000\000\022\000\000\000\377\377\377\377\001$\000\000\233\000\000\000\023\000\000\000\233\000\000\000\023\000\000\000\377\377\377\377\001$\000\000\256\000\000\000\016\000\000\000\256\000\000\000\016\000\000\000\377\377\377\377\b,\000\000\360\000\000\000\006\000\000\000\000\000\000\000\004\000\000\000\377\377\377\377\000\030\000\000\366\000\000\000\b\000\000\000\004\000\000\000\006\000\000\000\377\377\377\377\000\030\000\000\000\000\000\000]\f\000\000C\000\000\000\022\003\224\376\001\000\000\000.str.str.1cartridge_setupstrncmpllvm.memset.p0i8.i32cartridge_get_prg_src_addresscartridge_read_prgcartridge_readw_prgcartridge_write_prgcartridge_read_chrcartridge_write_chrllvm.dbg.value8.0.0svnthumbv7em-arm-none-eabi../../jeg/cartridge.c.L.str.L.str.1\000\000\000\000\000"
	.size	.Lllvm.embedded.module, 10884

	.section	.debug_str,"MS",%progbits,1
.Linfo_string0:
	.asciz	"Component: ARM Compiler 6.11 Tool: armclang [5d3b4200]" @ string offset=0
.Linfo_string1:
	.asciz	"../../jeg\\cartridge.c" @ string offset=55
.Linfo_string2:
	.asciz	"C:\\Work\\SVN\\projects\\MCU\\nes_simulator\\EmbeddedNES\\mps2_template\\example\\build\\mdk" @ string offset=77
.Linfo_string3:
	.asciz	"int"                   @ string offset=160
.Linfo_string4:
	.asciz	"nes_err_imcomplete_rom" @ string offset=164
.Linfo_string5:
	.asciz	"nes_err_unsupported_mapper" @ string offset=187
.Linfo_string6:
	.asciz	"nes_err_invalid_rom"   @ string offset=214
.Linfo_string7:
	.asciz	"nes_err_illegal_size"  @ string offset=234
.Linfo_string8:
	.asciz	"nes_err_illegal_parameter" @ string offset=255
.Linfo_string9:
	.asciz	"nes_err_illegal_pointer" @ string offset=281
.Linfo_string10:
	.asciz	"nes_err_unknown"       @ string offset=305
.Linfo_string11:
	.asciz	"nes_err_none"          @ string offset=321
.Linfo_string12:
	.asciz	"nes_ok"                @ string offset=334
.Linfo_string13:
	.asciz	"chSign"                @ string offset=341
.Linfo_string14:
	.asciz	"unsigned char"         @ string offset=348
.Linfo_string15:
	.asciz	"uint8_t"               @ string offset=362
.Linfo_string16:
	.asciz	"__ARRAY_SIZE_TYPE__"   @ string offset=370
.Linfo_string17:
	.asciz	"chPRGROMBankCount"     @ string offset=390
.Linfo_string18:
	.asciz	"chCHRROMBankCount"     @ string offset=408
.Linfo_string19:
	.asciz	"VerticalMirroring"     @ string offset=426
.Linfo_string20:
	.asciz	"BatteryBackedRAM"      @ string offset=444
.Linfo_string21:
	.asciz	"Trainer"               @ string offset=461
.Linfo_string22:
	.asciz	"FourScreenMirroring"   @ string offset=469
.Linfo_string23:
	.asciz	"MapperLow"             @ string offset=489
.Linfo_string24:
	.asciz	"chROMCTRL1"            @ string offset=499
.Linfo_string25:
	.asciz	"MapperHigh"            @ string offset=510
.Linfo_string26:
	.asciz	"chROMCTRL2"            @ string offset=521
.Linfo_string27:
	.asciz	"ch8KRAMBankCount"      @ string offset=532
.Linfo_string28:
	.asciz	"chDiskDudeString"      @ string offset=549
.Linfo_string29:
	.asciz	"iNES_t"                @ string offset=566
.Linfo_string30:
	.asciz	"char"                  @ string offset=573
.Linfo_string31:
	.asciz	"unsigned short"        @ string offset=578
.Linfo_string32:
	.asciz	"uint16_t"              @ string offset=593
	.section	.debug_abbrev,"",%progbits
	.byte	1                       @ Abbreviation Code
	.byte	17                      @ DW_TAG_compile_unit
	.byte	1                       @ DW_CHILDREN_yes
	.byte	37                      @ DW_AT_producer
	.byte	14                      @ DW_FORM_strp
	.byte	19                      @ DW_AT_language
	.byte	5                       @ DW_FORM_data2
	.byte	3                       @ DW_AT_name
	.byte	14                      @ DW_FORM_strp
	.byte	16                      @ DW_AT_stmt_list
	.byte	6                       @ DW_FORM_data4
	.byte	27                      @ DW_AT_comp_dir
	.byte	14                      @ DW_FORM_strp
	.byte	0                       @ EOM(1)
	.byte	0                       @ EOM(2)
	.byte	2                       @ Abbreviation Code
	.byte	4                       @ DW_TAG_enumeration_type
	.byte	1                       @ DW_CHILDREN_yes
	.byte	73                      @ DW_AT_type
	.byte	19                      @ DW_FORM_ref4
	.byte	11                      @ DW_AT_byte_size
	.byte	11                      @ DW_FORM_data1
	.byte	58                      @ DW_AT_decl_file
	.byte	11                      @ DW_FORM_data1
	.byte	59                      @ DW_AT_decl_line
	.byte	11                      @ DW_FORM_data1
	.byte	0                       @ EOM(1)
	.byte	0                       @ EOM(2)
	.byte	3                       @ Abbreviation Code
	.byte	40                      @ DW_TAG_enumerator
	.byte	0                       @ DW_CHILDREN_no
	.byte	3                       @ DW_AT_name
	.byte	14                      @ DW_FORM_strp
	.byte	28                      @ DW_AT_const_value
	.byte	13                      @ DW_FORM_sdata
	.byte	0                       @ EOM(1)
	.byte	0                       @ EOM(2)
	.byte	4                       @ Abbreviation Code
	.byte	36                      @ DW_TAG_base_type
	.byte	0                       @ DW_CHILDREN_no
	.byte	3                       @ DW_AT_name
	.byte	14                      @ DW_FORM_strp
	.byte	62                      @ DW_AT_encoding
	.byte	11                      @ DW_FORM_data1
	.byte	11                      @ DW_AT_byte_size
	.byte	11                      @ DW_FORM_data1
	.byte	0                       @ EOM(1)
	.byte	0                       @ EOM(2)
	.byte	5                       @ Abbreviation Code
	.byte	15                      @ DW_TAG_pointer_type
	.byte	0                       @ DW_CHILDREN_no
	.byte	73                      @ DW_AT_type
	.byte	19                      @ DW_FORM_ref4
	.byte	0                       @ EOM(1)
	.byte	0                       @ EOM(2)
	.byte	6                       @ Abbreviation Code
	.byte	22                      @ DW_TAG_typedef
	.byte	0                       @ DW_CHILDREN_no
	.byte	73                      @ DW_AT_type
	.byte	19                      @ DW_FORM_ref4
	.byte	3                       @ DW_AT_name
	.byte	14                      @ DW_FORM_strp
	.byte	58                      @ DW_AT_decl_file
	.byte	11                      @ DW_FORM_data1
	.byte	59                      @ DW_AT_decl_line
	.byte	11                      @ DW_FORM_data1
	.byte	0                       @ EOM(1)
	.byte	0                       @ EOM(2)
	.byte	7                       @ Abbreviation Code
	.byte	19                      @ DW_TAG_structure_type
	.byte	1                       @ DW_CHILDREN_yes
	.byte	11                      @ DW_AT_byte_size
	.byte	11                      @ DW_FORM_data1
	.byte	58                      @ DW_AT_decl_file
	.byte	11                      @ DW_FORM_data1
	.byte	59                      @ DW_AT_decl_line
	.byte	11                      @ DW_FORM_data1
	.byte	0                       @ EOM(1)
	.byte	0                       @ EOM(2)
	.byte	8                       @ Abbreviation Code
	.byte	13                      @ DW_TAG_member
	.byte	0                       @ DW_CHILDREN_no
	.byte	3                       @ DW_AT_name
	.byte	14                      @ DW_FORM_strp
	.byte	73                      @ DW_AT_type
	.byte	19                      @ DW_FORM_ref4
	.byte	58                      @ DW_AT_decl_file
	.byte	11                      @ DW_FORM_data1
	.byte	59                      @ DW_AT_decl_line
	.byte	11                      @ DW_FORM_data1
	.byte	56                      @ DW_AT_data_member_location
	.byte	11                      @ DW_FORM_data1
	.byte	0                       @ EOM(1)
	.byte	0                       @ EOM(2)
	.byte	9                       @ Abbreviation Code
	.byte	13                      @ DW_TAG_member
	.byte	0                       @ DW_CHILDREN_no
	.byte	73                      @ DW_AT_type
	.byte	19                      @ DW_FORM_ref4
	.byte	58                      @ DW_AT_decl_file
	.byte	11                      @ DW_FORM_data1
	.byte	59                      @ DW_AT_decl_line
	.byte	11                      @ DW_FORM_data1
	.byte	56                      @ DW_AT_data_member_location
	.byte	11                      @ DW_FORM_data1
	.byte	0                       @ EOM(1)
	.byte	0                       @ EOM(2)
	.byte	10                      @ Abbreviation Code
	.byte	23                      @ DW_TAG_union_type
	.byte	1                       @ DW_CHILDREN_yes
	.byte	11                      @ DW_AT_byte_size
	.byte	11                      @ DW_FORM_data1
	.byte	58                      @ DW_AT_decl_file
	.byte	11                      @ DW_FORM_data1
	.byte	59                      @ DW_AT_decl_line
	.byte	11                      @ DW_FORM_data1
	.byte	0                       @ EOM(1)
	.byte	0                       @ EOM(2)
	.byte	11                      @ Abbreviation Code
	.byte	13                      @ DW_TAG_member
	.byte	0                       @ DW_CHILDREN_no
	.byte	3                       @ DW_AT_name
	.byte	14                      @ DW_FORM_strp
	.byte	73                      @ DW_AT_type
	.byte	19                      @ DW_FORM_ref4
	.byte	58                      @ DW_AT_decl_file
	.byte	11                      @ DW_FORM_data1
	.byte	59                      @ DW_AT_decl_line
	.byte	11                      @ DW_FORM_data1
	.byte	11                      @ DW_AT_byte_size
	.byte	11                      @ DW_FORM_data1
	.byte	13                      @ DW_AT_bit_size
	.byte	11                      @ DW_FORM_data1
	.byte	12                      @ DW_AT_bit_offset
	.byte	11                      @ DW_FORM_data1
	.byte	56                      @ DW_AT_data_member_location
	.byte	11                      @ DW_FORM_data1
	.byte	0                       @ EOM(1)
	.byte	0                       @ EOM(2)
	.byte	12                      @ Abbreviation Code
	.byte	1                       @ DW_TAG_array_type
	.byte	1                       @ DW_CHILDREN_yes
	.byte	73                      @ DW_AT_type
	.byte	19                      @ DW_FORM_ref4
	.byte	0                       @ EOM(1)
	.byte	0                       @ EOM(2)
	.byte	13                      @ Abbreviation Code
	.byte	33                      @ DW_TAG_subrange_type
	.byte	0                       @ DW_CHILDREN_no
	.byte	73                      @ DW_AT_type
	.byte	19                      @ DW_FORM_ref4
	.byte	55                      @ DW_AT_count
	.byte	11                      @ DW_FORM_data1
	.byte	0                       @ EOM(1)
	.byte	0                       @ EOM(2)
	.byte	14                      @ Abbreviation Code
	.byte	36                      @ DW_TAG_base_type
	.byte	0                       @ DW_CHILDREN_no
	.byte	3                       @ DW_AT_name
	.byte	14                      @ DW_FORM_strp
	.byte	11                      @ DW_AT_byte_size
	.byte	11                      @ DW_FORM_data1
	.byte	62                      @ DW_AT_encoding
	.byte	11                      @ DW_FORM_data1
	.byte	0                       @ EOM(1)
	.byte	0                       @ EOM(2)
	.byte	15                      @ Abbreviation Code
	.byte	38                      @ DW_TAG_const_type
	.byte	0                       @ DW_CHILDREN_no
	.byte	73                      @ DW_AT_type
	.byte	19                      @ DW_FORM_ref4
	.byte	0                       @ EOM(1)
	.byte	0                       @ EOM(2)
	.byte	0                       @ EOM(3)
	.section	.debug_info,"",%progbits
.Lcu_begin0:
	.long	459                     @ Length of Unit
	.short	3                       @ DWARF version number
	.long	.debug_abbrev           @ Offset Into Abbrev. Section
	.byte	4                       @ Address Size (in bytes)
	.byte	1                       @ Abbrev [1] 0xb:0x1c4 DW_TAG_compile_unit
	.long	.Linfo_string0          @ DW_AT_producer
	.short	12                      @ DW_AT_language
	.long	.Linfo_string1          @ DW_AT_name
	.long	.Lline_table_start0     @ DW_AT_stmt_list
	.long	.Linfo_string2          @ DW_AT_comp_dir
	.byte	2                       @ Abbrev [2] 0x1e:0x3f DW_TAG_enumeration_type
	.long	93                      @ DW_AT_type
	.byte	4                       @ DW_AT_byte_size
	.byte	1                       @ DW_AT_decl_file
	.byte	10                      @ DW_AT_decl_line
	.byte	3                       @ Abbrev [3] 0x26:0x6 DW_TAG_enumerator
	.long	.Linfo_string4          @ DW_AT_name
	.byte	121                     @ DW_AT_const_value
	.byte	3                       @ Abbrev [3] 0x2c:0x6 DW_TAG_enumerator
	.long	.Linfo_string5          @ DW_AT_name
	.byte	122                     @ DW_AT_const_value
	.byte	3                       @ Abbrev [3] 0x32:0x6 DW_TAG_enumerator
	.long	.Linfo_string6          @ DW_AT_name
	.byte	123                     @ DW_AT_const_value
	.byte	3                       @ Abbrev [3] 0x38:0x6 DW_TAG_enumerator
	.long	.Linfo_string7          @ DW_AT_name
	.byte	124                     @ DW_AT_const_value
	.byte	3                       @ Abbrev [3] 0x3e:0x6 DW_TAG_enumerator
	.long	.Linfo_string8          @ DW_AT_name
	.byte	125                     @ DW_AT_const_value
	.byte	3                       @ Abbrev [3] 0x44:0x6 DW_TAG_enumerator
	.long	.Linfo_string9          @ DW_AT_name
	.byte	126                     @ DW_AT_const_value
	.byte	3                       @ Abbrev [3] 0x4a:0x6 DW_TAG_enumerator
	.long	.Linfo_string10         @ DW_AT_name
	.byte	127                     @ DW_AT_const_value
	.byte	3                       @ Abbrev [3] 0x50:0x6 DW_TAG_enumerator
	.long	.Linfo_string11         @ DW_AT_name
	.byte	0                       @ DW_AT_const_value
	.byte	3                       @ Abbrev [3] 0x56:0x6 DW_TAG_enumerator
	.long	.Linfo_string12         @ DW_AT_name
	.byte	0                       @ DW_AT_const_value
	.byte	0                       @ End Of Children Mark
	.byte	4                       @ Abbrev [4] 0x5d:0x7 DW_TAG_base_type
	.long	.Linfo_string3          @ DW_AT_name
	.byte	5                       @ DW_AT_encoding
	.byte	4                       @ DW_AT_byte_size
	.byte	5                       @ Abbrev [5] 0x64:0x5 DW_TAG_pointer_type
	.long	105                     @ DW_AT_type
	.byte	6                       @ Abbrev [6] 0x69:0xb DW_TAG_typedef
	.long	116                     @ DW_AT_type
	.long	.Linfo_string29         @ DW_AT_name
	.byte	3                       @ DW_AT_decl_file
	.byte	48                      @ DW_AT_decl_line
	.byte	7                       @ Abbrev [7] 0x74:0x101 DW_TAG_structure_type
	.byte	16                      @ DW_AT_byte_size
	.byte	3                       @ DW_AT_decl_file
	.byte	9                       @ DW_AT_decl_line
	.byte	8                       @ Abbrev [8] 0x78:0xc DW_TAG_member
	.long	.Linfo_string13         @ DW_AT_name
	.long	373                     @ DW_AT_type
	.byte	3                       @ DW_AT_decl_file
	.byte	10                      @ DW_AT_decl_line
	.byte	0                       @ DW_AT_data_member_location
	.byte	8                       @ Abbrev [8] 0x84:0xc DW_TAG_member
	.long	.Linfo_string17         @ DW_AT_name
	.long	385                     @ DW_AT_type
	.byte	3                       @ DW_AT_decl_file
	.byte	12                      @ DW_AT_decl_line
	.byte	4                       @ DW_AT_data_member_location
	.byte	8                       @ Abbrev [8] 0x90:0xc DW_TAG_member
	.long	.Linfo_string18         @ DW_AT_name
	.long	385                     @ DW_AT_type
	.byte	3                       @ DW_AT_decl_file
	.byte	13                      @ DW_AT_decl_line
	.byte	5                       @ DW_AT_data_member_location
	.byte	9                       @ Abbrev [9] 0x9c:0x8 DW_TAG_member
	.long	164                     @ DW_AT_type
	.byte	3                       @ DW_AT_decl_file
	.byte	15                      @ DW_AT_decl_line
	.byte	6                       @ DW_AT_data_member_location
	.byte	10                      @ Abbrev [10] 0xa4:0x69 DW_TAG_union_type
	.byte	1                       @ DW_AT_byte_size
	.byte	3                       @ DW_AT_decl_file
	.byte	15                      @ DW_AT_decl_line
	.byte	9                       @ Abbrev [9] 0xa8:0x8 DW_TAG_member
	.long	176                     @ DW_AT_type
	.byte	3                       @ DW_AT_decl_file
	.byte	16                      @ DW_AT_decl_line
	.byte	0                       @ DW_AT_data_member_location
	.byte	7                       @ Abbrev [7] 0xb0:0x50 DW_TAG_structure_type
	.byte	1                       @ DW_AT_byte_size
	.byte	3                       @ DW_AT_decl_file
	.byte	16                      @ DW_AT_decl_line
	.byte	11                      @ Abbrev [11] 0xb4:0xf DW_TAG_member
	.long	.Linfo_string19         @ DW_AT_name
	.long	385                     @ DW_AT_type
	.byte	3                       @ DW_AT_decl_file
	.byte	17                      @ DW_AT_decl_line
	.byte	1                       @ DW_AT_byte_size
	.byte	1                       @ DW_AT_bit_size
	.byte	7                       @ DW_AT_bit_offset
	.byte	0                       @ DW_AT_data_member_location
	.byte	11                      @ Abbrev [11] 0xc3:0xf DW_TAG_member
	.long	.Linfo_string20         @ DW_AT_name
	.long	385                     @ DW_AT_type
	.byte	3                       @ DW_AT_decl_file
	.byte	18                      @ DW_AT_decl_line
	.byte	1                       @ DW_AT_byte_size
	.byte	1                       @ DW_AT_bit_size
	.byte	6                       @ DW_AT_bit_offset
	.byte	0                       @ DW_AT_data_member_location
	.byte	11                      @ Abbrev [11] 0xd2:0xf DW_TAG_member
	.long	.Linfo_string21         @ DW_AT_name
	.long	385                     @ DW_AT_type
	.byte	3                       @ DW_AT_decl_file
	.byte	19                      @ DW_AT_decl_line
	.byte	1                       @ DW_AT_byte_size
	.byte	1                       @ DW_AT_bit_size
	.byte	5                       @ DW_AT_bit_offset
	.byte	0                       @ DW_AT_data_member_location
	.byte	11                      @ Abbrev [11] 0xe1:0xf DW_TAG_member
	.long	.Linfo_string22         @ DW_AT_name
	.long	385                     @ DW_AT_type
	.byte	3                       @ DW_AT_decl_file
	.byte	20                      @ DW_AT_decl_line
	.byte	1                       @ DW_AT_byte_size
	.byte	1                       @ DW_AT_bit_size
	.byte	4                       @ DW_AT_bit_offset
	.byte	0                       @ DW_AT_data_member_location
	.byte	11                      @ Abbrev [11] 0xf0:0xf DW_TAG_member
	.long	.Linfo_string23         @ DW_AT_name
	.long	385                     @ DW_AT_type
	.byte	3                       @ DW_AT_decl_file
	.byte	21                      @ DW_AT_decl_line
	.byte	1                       @ DW_AT_byte_size
	.byte	4                       @ DW_AT_bit_size
	.byte	0                       @ DW_AT_bit_offset
	.byte	0                       @ DW_AT_data_member_location
	.byte	0                       @ End Of Children Mark
	.byte	8                       @ Abbrev [8] 0x100:0xc DW_TAG_member
	.long	.Linfo_string24         @ DW_AT_name
	.long	385                     @ DW_AT_type
	.byte	3                       @ DW_AT_decl_file
	.byte	23                      @ DW_AT_decl_line
	.byte	0                       @ DW_AT_data_member_location
	.byte	0                       @ End Of Children Mark
	.byte	9                       @ Abbrev [9] 0x10d:0x8 DW_TAG_member
	.long	277                     @ DW_AT_type
	.byte	3                       @ DW_AT_decl_file
	.byte	26                      @ DW_AT_decl_line
	.byte	7                       @ DW_AT_data_member_location
	.byte	10                      @ Abbrev [10] 0x115:0x5f DW_TAG_union_type
	.byte	9                       @ DW_AT_byte_size
	.byte	3                       @ DW_AT_decl_file
	.byte	26                      @ DW_AT_decl_line
	.byte	9                       @ Abbrev [9] 0x119:0x8 DW_TAG_member
	.long	289                     @ DW_AT_type
	.byte	3                       @ DW_AT_decl_file
	.byte	27                      @ DW_AT_decl_line
	.byte	0                       @ DW_AT_data_member_location
	.byte	7                       @ Abbrev [7] 0x121:0x46 DW_TAG_structure_type
	.byte	9                       @ DW_AT_byte_size
	.byte	3                       @ DW_AT_decl_file
	.byte	27                      @ DW_AT_decl_line
	.byte	9                       @ Abbrev [9] 0x125:0x8 DW_TAG_member
	.long	301                     @ DW_AT_type
	.byte	3                       @ DW_AT_decl_file
	.byte	28                      @ DW_AT_decl_line
	.byte	0                       @ DW_AT_data_member_location
	.byte	10                      @ Abbrev [10] 0x12d:0x2d DW_TAG_union_type
	.byte	1                       @ DW_AT_byte_size
	.byte	3                       @ DW_AT_decl_file
	.byte	28                      @ DW_AT_decl_line
	.byte	9                       @ Abbrev [9] 0x131:0x8 DW_TAG_member
	.long	313                     @ DW_AT_type
	.byte	3                       @ DW_AT_decl_file
	.byte	29                      @ DW_AT_decl_line
	.byte	0                       @ DW_AT_data_member_location
	.byte	7                       @ Abbrev [7] 0x139:0x14 DW_TAG_structure_type
	.byte	1                       @ DW_AT_byte_size
	.byte	3                       @ DW_AT_decl_file
	.byte	29                      @ DW_AT_decl_line
	.byte	11                      @ Abbrev [11] 0x13d:0xf DW_TAG_member
	.long	.Linfo_string25         @ DW_AT_name
	.long	385                     @ DW_AT_type
	.byte	3                       @ DW_AT_decl_file
	.byte	31                      @ DW_AT_decl_line
	.byte	1                       @ DW_AT_byte_size
	.byte	4                       @ DW_AT_bit_size
	.byte	0                       @ DW_AT_bit_offset
	.byte	0                       @ DW_AT_data_member_location
	.byte	0                       @ End Of Children Mark
	.byte	8                       @ Abbrev [8] 0x14d:0xc DW_TAG_member
	.long	.Linfo_string26         @ DW_AT_name
	.long	385                     @ DW_AT_type
	.byte	3                       @ DW_AT_decl_file
	.byte	33                      @ DW_AT_decl_line
	.byte	0                       @ DW_AT_data_member_location
	.byte	0                       @ End Of Children Mark
	.byte	8                       @ Abbrev [8] 0x15a:0xc DW_TAG_member
	.long	.Linfo_string27         @ DW_AT_name
	.long	385                     @ DW_AT_type
	.byte	3                       @ DW_AT_decl_file
	.byte	36                      @ DW_AT_decl_line
	.byte	1                       @ DW_AT_data_member_location
	.byte	0                       @ End Of Children Mark
	.byte	8                       @ Abbrev [8] 0x167:0xc DW_TAG_member
	.long	.Linfo_string28         @ DW_AT_name
	.long	410                     @ DW_AT_type
	.byte	3                       @ DW_AT_decl_file
	.byte	46                      @ DW_AT_decl_line
	.byte	0                       @ DW_AT_data_member_location
	.byte	0                       @ End Of Children Mark
	.byte	0                       @ End Of Children Mark
	.byte	12                      @ Abbrev [12] 0x175:0xc DW_TAG_array_type
	.long	385                     @ DW_AT_type
	.byte	13                      @ Abbrev [13] 0x17a:0x6 DW_TAG_subrange_type
	.long	403                     @ DW_AT_type
	.byte	4                       @ DW_AT_count
	.byte	0                       @ End Of Children Mark
	.byte	6                       @ Abbrev [6] 0x181:0xb DW_TAG_typedef
	.long	396                     @ DW_AT_type
	.long	.Linfo_string15         @ DW_AT_name
	.byte	2                       @ DW_AT_decl_file
	.byte	62                      @ DW_AT_decl_line
	.byte	4                       @ Abbrev [4] 0x18c:0x7 DW_TAG_base_type
	.long	.Linfo_string14         @ DW_AT_name
	.byte	8                       @ DW_AT_encoding
	.byte	1                       @ DW_AT_byte_size
	.byte	14                      @ Abbrev [14] 0x193:0x7 DW_TAG_base_type
	.long	.Linfo_string16         @ DW_AT_name
	.byte	8                       @ DW_AT_byte_size
	.byte	7                       @ DW_AT_encoding
	.byte	12                      @ Abbrev [12] 0x19a:0xc DW_TAG_array_type
	.long	385                     @ DW_AT_type
	.byte	13                      @ Abbrev [13] 0x19f:0x6 DW_TAG_subrange_type
	.long	403                     @ DW_AT_type
	.byte	9                       @ DW_AT_count
	.byte	0                       @ End Of Children Mark
	.byte	5                       @ Abbrev [5] 0x1a6:0x5 DW_TAG_pointer_type
	.long	427                     @ DW_AT_type
	.byte	15                      @ Abbrev [15] 0x1ab:0x5 DW_TAG_const_type
	.long	432                     @ DW_AT_type
	.byte	4                       @ Abbrev [4] 0x1b0:0x7 DW_TAG_base_type
	.long	.Linfo_string30         @ DW_AT_name
	.byte	8                       @ DW_AT_encoding
	.byte	1                       @ DW_AT_byte_size
	.byte	5                       @ Abbrev [5] 0x1b7:0x5 DW_TAG_pointer_type
	.long	444                     @ DW_AT_type
	.byte	6                       @ Abbrev [6] 0x1bc:0xb DW_TAG_typedef
	.long	455                     @ DW_AT_type
	.long	.Linfo_string32         @ DW_AT_name
	.byte	2                       @ DW_AT_decl_file
	.byte	63                      @ DW_AT_decl_line
	.byte	4                       @ Abbrev [4] 0x1c7:0x7 DW_TAG_base_type
	.long	.Linfo_string31         @ DW_AT_name
	.byte	7                       @ DW_AT_encoding
	.byte	2                       @ DW_AT_byte_size
	.byte	0                       @ End Of Children Mark
	.section	.debug_macinfo,"",%progbits
	.byte	0                       @ End Of Macro List Mark

	.ident	"Component: ARM Compiler 6.11 Tool: armclang [5d3b4200]"
	.section	".note.GNU-stack","",%progbits
	.ARM_attribute	16, 1	@ Tag_AV_eba
	.section	.debug_line,"",%progbits
.Lline_table_start0:
