	.text
	.syntax unified
	.eabi_attribute	67, "2.09"	@ Tag_conformance
	.cpu	cortex-m7
	.eabi_attribute	6, 13	@ Tag_CPU_arch
	.eabi_attribute	7, 77	@ Tag_CPU_arch_profile
	.eabi_attribute	8, 0	@ Tag_ARM_ISA_use
	.eabi_attribute	9, 2	@ Tag_THUMB_ISA_use
	.fpu	fpv5-sp-d16
	.eabi_attribute	27, 1	@ Tag_ABI_HardFP_use
	.eabi_attribute	36, 1	@ Tag_FP_HP_extension
	.eabi_attribute	34, 1	@ Tag_CPU_unaligned_access
	.eabi_attribute	17, 1	@ Tag_ABI_PCS_GOT_use
	.eabi_attribute	20, 2	@ Tag_ABI_FP_denormal
	.eabi_attribute	21, 0	@ Tag_ABI_FP_exceptions
	.eabi_attribute	23, 1	@ Tag_ABI_FP_number_model
	.eabi_attribute	24, 1	@ Tag_ABI_align_needed
	.eabi_attribute	25, 1	@ Tag_ABI_align_preserved
	.eabi_attribute	28, 1	@ Tag_ABI_VFP_args
	.eabi_attribute	38, 1	@ Tag_ABI_FP_16bit_format
	.eabi_attribute	18, 4	@ Tag_ABI_PCS_wchar_t
	.eabi_attribute	26, 2	@ Tag_ABI_enum_size
	.eabi_attribute	14, 0	@ Tag_ABI_PCS_R9_use
	.file	"cpu6502_opcodes.c"
	.file	1 "C:\\Work\\SVN\\projects\\MCU\\nes_simulator\\EmbeddedNES\\mps2_template\\example\\build\\mdk" "../../jeg/cpu6502_opcodes.h"
	.file	2 "C:\\Work\\SVN\\projects\\MCU\\nes_simulator\\EmbeddedNES\\mps2_template\\example\\build\\mdk" "../../jeg/cpu6502_opcodes.c"
	.type	.Lllvm.embedded.module,%object @ @llvm.embedded.module
	.section	.llvmbc,"a",%progbits
	.p2align	4
.Lllvm.embedded.module:
	.asciz	"BC\300\3365\024\000\000\005\000\000\000b\f0$LY\276&\357\323>-U\215\020\005\310\024\000\000!\f\000\000\321\007\000\000\013\002!\000\002\000\000\000\023\000\000\000\007\201#\221A\310\004I\006\02029\222\001\204\f%\005\b\031\036\004\213b\200\020E\002B\222\013B\204\0202\0248\b\030K\n2B\210H\220\024 CF\210\245\000\0312B\004I\016\220\021\"\304PAQ\201\214\341\203\345\212\004!F\006\211 \000\000\023\000\000\0002\"\b\t d\205\004\023\"\244\204\004\023\"\343\204\241\220\024\022L\210\214\013\204\204L\020(s\004H\022\000\005\301\034\001\030\\&M\021%L\276\363\b\316@\374S\260\374D3E\330?!c\210\210(\001\005\212l `\216\000\024\000\000\023.z@\207zh\007q\260\207;(\207vh\203p\220\207vh\003wx\007w(\2076(\207p\020\207t\330\360\006\345\320\006\355\240\007\345\320\006\360\240\007s \007z0\007r\320\006\351`\007t\240\007v@\007m`\017q \007x\240\007v@\007z\020\007r\200\007m\020\016z\000\007z0\007r\320\006\3560\007r\320\006\263`\007t\240\364\200\020!\031d\310H\021\021@#\204\311\351\346r\275\\\256\227\272|~\215\341u[\r&\373\276\341\3437\271<w\215w@\000\021\f9\221\004\000\000\004\000\000\000\301\016\2100\202A'\222\000\000\200\000\000\000 \330\001)F0\354D\022\000\000\020\000\000\000\004; \310\b\006\236H\002\000\000\002\000\000\200`\007d\031\301\320\023I\000\000@\000\000\000\020\354\2008#\030|\"\t\000\000\b\000\000\000\202\035\220\030\030\301\360\023I\000\000@\000\000\000\020\354\200\320\300\b\006\260H\002\000\000\002\000\000\200`\007\344\006F0\204E\022\000\000\020\000\000\000\004; :0\202A,\222\000\000\200\000\000\000 \330\001\351\301\021\fc\221\004\000\000\004\000\000\000\301\016(\024\216` \213$\000\000 \000\000\000\bv@\250p\004CY$\001\000\000\001\000\000@\260\003z\205#\030\314\"\t\000\000\b\000\000\000\202\035\220-\034\301p\026I\000\000@\000\000\000\020\354\200z\341\b\006\264H\002\000\000\002\000\000\200`\007D\016G0\244E\022\000\000\020\000\000\000\004;\240u8\202A-\222\000\000\200\000\000\000 \330\001\311\303\021\fk\221\004\000\000\004\000\000\000\301\016(\037\216``\213$\000\000 \000\000\000\bv@ q\004C[$\001\000\000\001\000\000@\260\003:\211#\030\334\"\t\000\000\b\000\000\000\202\035\220K\034\301\360\026I\000\000@\000\000\000\020\354\200j\342\b\006\270H\002\000\000\002\000\000\200`\007\304\023G0\304E\022\000\000\020\000\000\000\004;\240\2618\202A.\222\000\000\200\000\000\000 \330\001\251\305\021\fs\221\004\000\000\004\000\000\000\301\016(.\216`\240\213$\000\000 \000\000\000\bv@xq\004C]$\001\000\000\001\000\000@\260\003\372\213#\030\354\"\t\000\000\b\000\000\000\202\035\220i\034\301p\027I\000\000@\000\000\000\020\354\200Z\343\b\006\274H\002\000\000\002\000\000\200`\007D\033G0\344E\022\000\000\020\000\000\000\004;\240\3358\202A/\222\000\000\200\000\000\000 \330\001\211\307\021\f{\221\004\000\000\004\000\000\000\301\016(=\216`\340\213$\000\000 \000\000\000\bv@\360q\004C_$\001\000\000\001\000\000@\260\003\272\217#\030\374\"\t\000\000\b\000\000\000\202\035\220\177\034\301\360\027I\000\000@\000\000\000\020\354\200J\344\b\006\320H\002\000\000\002\000\000\200`\007\304\"G0\204F\022\000\000\020\000\000\000\004;\240\0319\202A4\222\000\000\200\000\000\000 \330\001\351\310\021\f\243\221\004\000\000\004\000\000\000\301\016(L\216` \215$\000\000 \000\000\000\bv@hr\004Ci$\001\000\000\001\000\000@\260\003z\223#\030L#\t\000\000\b\000\000\000\202\035\220\235\034\301p\032I\000\000@\000\000\000\020\354\200\372\344\b\006\324H\002\000\000\002\000\000\200`\007D*G0\244F\022\000\000\020\000\000\000\004;\240U9\202A5\222\000\000\200\000\000\000 \330\001\311\312\021\f\253\221\004\000\000\004\000\000\000\301\016(W\216``\215$\000\000 \000\000\000\bv@\340r\004Ck$\001\000\000\001\000\000@\260\003:\227#\030\\#\t\000\000\b\000\000\000\202\035\220\273\034\301\360\032I\000\000@\000\000\000\020\354\200\352\345\b\006\330H\002\000\000\002\000\000\200`\007\304/G0\304F\022\000\000\020\000\000\000\004;\240\2219\202A6\222\000\000\200\000\000\000 \330\001\251\314\021\f\263\221\004\000\000\004\000\000\000\301\016(f\216`\240\215$\000\000 \000\000\000\bv@8s\004Cm$\001\000\000\001\000\000@\260\003\372\231#\030l#\t\000\000\b\000\000\000\202\035\220\331\034\301p\033I\000\000@\000\000\000\020\354\200\332\346\b\006\334H\002\000\000\002\000\000\200`\007D7G0\344F\022\000\000\020\000\000\000\004;\240\2759\202A7\222\000\000\200\000\000\000 \330\001\211\316\021\f\273\221\004\000\000\004\000\000\000\301\016(u\216`\340\215$\000\000 \000\000\000\bv@\260s\004Co$\001\000\000\001\000\000@\260\003\272\235#\030|#\t\000\000\b\000\000\000\202\035\220\357\034\301\360\033I\000\000@\000\000\000\020\354\200\312\347\b\006\360H\002\000\000\002\000\000\200`\007\304>G0\204G\022\000\000\020\000\000\000\004;\240\3719\202A<\222\000\000\200\000\000\000 \330\001\351\317\021\f\343\221\004\000\000\004\000\000\000\301\016(\204\024cp!`\000\002@\000\000\000\b$6\b\024\266>\000\000\310\002\001L\003\000\0002\036\230(\031\021L\220\214\t&G\306\004C\242\021\200\"(\201B(\203b(\205\242(\210\262(\207\222(\270\302*\235r*\226\342+\253\022+\277B+\300\200b*\231\022*\262\302(\2522+\251\202*\267\242)\236\"\f(\301\200\202)\227\"*\217B*\256\342(\2222*\260\222+\265\322*\220B)\266\362*\221\262+\234r\f(\312\200\222\f(\310\2002\f(\275\302+\305\200B\f(\225b\f(\245\002*\233\322(\223\362):\312\002$\240\330a[\311\035\320U\333\201\024\313\035\330\022\335\341D\323\0354\266\334!\r\323\035\264\223\333aK\313\035\270\222\333ad\327\035\264\263\333a-\265\0356\261\335aE\313\035\3222\335a3\305\035X\217\333am\305\035<t\335\201]\275\035Jv\335!\r\265\035\264r\335a4\323\035\266\227\333\201+\305\035\326\226\335A\353\270\035\326U\333aE\327\035\322R\333A[\327\035\266\227\335\201\365\304\035\330V\333\201\325\342\035\330V\336\201m\343\035:O\336\241\215\265\035bM\333a\343\270\035\2640\336\241\225\265\035\332\230\335\241\325\330\035\330P\336\201\r\343\035\312N\336\241\354\264\035\312.\336\241\324\342\035ZM\336\241\325\342\0356\216\335\201+\337\035Z6\336\241\324\330\035\270T\336\2013\323\035:.\335\241\363\270\035\304S\336\241\363\342\035\264\230\335a;\275\035\270\262\333\201K\343\035\330\215\333Ad\271\035\304\223\333A<\343\0356O\335\201\365:\232\241\216@(\005\202\025\bV\030\352\b\204\200`\005\202\025\206:\002a!X\201`\205\241\216@\230\bV Xa\250#\0208\202\025\bV\030\352\b\0049 X\201`\205\241\216@\340\003\202\025\bV\030\352\b\204\201`\005\202\025\206:\002\201 X\201`\205\241\216@`\bV Xa\250#\020(\202\025\bV\030\352\b\204\216`\005\202\025\206:\002a\f\bV Xa\250#\020\350\200`\005\202\025\206:\002\241\017\bV Xa\250#\020L\201`\005\202\025\206:\002\241 X\201`\205\241\216@p\bV Xa\250#\020*\202\025\bV\030\352\b\004\217`\005\202\025\206:\002!\016\bV Xa\250#\020\346\200`\005\202\025\206:\002\201\f\bV Xa\250#\020\374\200`\005\202\025\206:\002\341\024\bV Xa\250#\020\312\200`\005\202\025\206:\002\301\f\bV Xa\250#\020\366\200`\005\202\025\206:\002\201\024\bV Xa\250#\020\032\202\025\bV\030\352\b\004\214`\005\202\025\206:\002a\r\bV Xa\250#\020\000\202\025\bV\030\352\b\004\201`\005\202\025\206:\002\301 X\201`\205\241\216@8\bV Xa\250#\020\020\202\025\bV\030\352\b\204\204`\005\202\025\206:\002A!X\201`\205\241\216@x\bV Xa\250#\020 \202\025\bV\030\352\b\204\210`\005\202\025\206:\002A\"X\201`\205\241\216@\260\bV Xa\250#\020.\202\025\bV\030\352\b\204\214`\005\202\025\206:\002A#X\201`\205\241\216@\330\bV Xa\250#\020>\202\025\bV\030\352\b\0040 X\201`\205\241\216@\b\003\202\025\bV\030\352\b\0041 X\201`\205\241\216@8\003\202\025\bV\030\352\b\0044 X\201`\205\241\216@H\003\202\025\bV\030\352\b\0045 X\201`\205\241\216@`\003\202\025\bV\030\352\b\2046 X\201`\205\241\216@p\003\202\025\bV\030\352\b\2047 X\201`\205\241\216@\200\003\202\025\bV\030\352\b\204: X\201`\205\241\216@\260\003\202\025\bV\030\352\b\204; X\201`\205\241\216@\300\003\202\025\bV\030\352\b\204< X\201`\205\241\216@\320\003\202\025\bV\030\352\b\204? X\201`\205\241\216@\000\005\202\025\bV\030\352\b\204P X\201`\205\241\216@\020\005\202\025\bV\030\352\b\204Q X\201`\205\241\216@@\005\202\025\bV\030\352\b\204T X\201`\205\241\216@P\005\202\025\bV\240B\203\240:\244`\242\t&\320X\307\013)\234h\202\t4\326\361\242\212&\236`\002\215u\274p\002\212'\234@c\035/\236`\242\t&\320X\307\213)\232\200\202\t4\f\202\342\t&\232`\002\215\201\350\220\302\t+\230@\203\234,\242h\"\n&\320P\247\213(\230\240\202\t4\310\311b\212&\240`\002\215y\242\230\242\t)\230@C\235.\246`B\n&\320(\310\016)\234\200\202\t4\310\311\342\211&\232`\002\215y\242\200\302\211&\230@c\035/\230\200\342\t&\320 '\013&\240x\202\t4\346\211\202\t(\242`\002\ru\272`\202\211(\230@\343\240;\256h\242\t'\320 '\013*\232\220\302\t4\324\351\202\n&\250`\002\rr\262\250\242\211'\230@c\236(\252h\"\n&\320P\247\213*\230\210\202\t4\020\302C\n'\232`\002\rr\262h\002\212'\234@C\235.\232`\302\n&\320 '\013'\240x\302\t4\346\211\302\t(\254`\002\ru\272p\202\t+\230@#\241<\230\200\"\n&\320(\347\211(\232\210\202\t4\330\371\"\n&\250`\002\r\200\252\230\242\t(\230@\243\234'\246h\002\n&\320\240\307\214)\232\220\202\t4\330\371b\n&\244`\002\r\205\364\220\302\211'\230@\243\234'\236h\242\t&\320\240\307\f(\234h\202\t4\000\252\202\t(\236`\002\215r\236`\002\212'\230@\203\0363\230\200\"\n&\320`\347\013&\230\210\202\t4\026:\343\212&\232p\002\215r\236\240\242\t)\234@\203\235/\250`\202\n&\320(\347\211*\232x\202\t4\3501\243\212&\242`\002\rv\276\250\202\211(\230@\203\241=\244p\242\t&\320(\347\211&\240x\302\t4\330\371\242\t&\254`\002\215r\236p\002\212'\234@\203\0363\234\200\302\n&\320`\347\013'\230\260\202\t4\032\342C\n'\242`\002\rs\264\210\242\211(\230@\243\0350\242`\202\n&\3200G\213)\232\200\202\t4\352Ac\212&\244`\002\215v\300\230\202\t)\230@\303\241>\244p\002\n&\3200G\213'\232h\202\t4\352A\003\n'\232`\002\215\207\232x\202\211&\230@#\2409\230\200\002\n&\3200G\013&\240x\202\t4\352A\203\t(\242`\002\215v\300`\202\211(\230@\003\"?\256h\242\t'\3200G\013*\232\220\302\t4\332\001\203\n&\250`\002\rs\264\250\242\211'\230@\243\0364\252h\"\n&\320h\007\214*\230\210\202\t4\"\372C\n'\232`\002\rs\264h\002\212'\234@\243\0350\232`\302\n&\3200G\013'\240x\302\t4\352A\303\t(\254`\002\215v\300p\202\t+\230@C\"@\244p\"\n&\3208\207\211(\232\210\202\t4\334\t#\n&\250`\002\215s\230\230\242\t(\230@\303\2364\246hB\n&\320p'\214)\230\220\202\t4&\nD\n'\236`\002\215s\230x\242\211&\230@\303\2364\240p\242\t&\320\240H\212'\230h\202\t4\002\232\303\n(\244`\002\215s\230`\002\212'\230@\303\2364\230\200\"\n&\320p'\f&\230\210\202\t4*\022\344\212&\232p\002\215s\230\240\242\t)\234@\303\2350\250`\202\n&\3208\207\211*\232x\202\t4\354I\243\212&\242`\002\rw\302\250\202\211(\230@\303\242A\244p\242\t&\3208\207\211&\240x\302\t4\334\t\243\t&\254`\002\215s\230p\002\212'\234@\303\2364\234\200\302\n&\320p'\f'\230\260\202\t4\326\361\342\211&\232`\002\215w\304\210\242\211(\230@#\0376\242`\"\n&\320\340\347\215)\232\200\202\t4\336\021c\212&\240`\002\215~\340\230\242\t(\230@#\0376\246`\002\n&\320\270\210\020)\234h\202\t40*D\n'\232`\002\215\214\fy\202\211&\230@\203\2377\230\200\342\t&\320xG\f&\240x\202\t4\372\201\203\t(\236`\002\215|\330`\202\211'\230@C#*\256h\242\t'\320xG\f*\232\210\202\t4\004r\202\n&\242`\002\r~\336\250\242\211'\230@\343\0351\252h\342\t&\320\350\007\2163\232x\202\t4\362a\343\f&\236`\002\215\215\016\221\302\211&\230@\343\0351\232\200B\n&\320\340\b\021)\234h\202\t4:J\244\t&\244`\002\r\217\024q\202\t)\230@\343\0351\234\200B\n&\320\370h\221&\230\220\202\t4\004r\242\t&\244`\002\215{\324x\242\211&\230@\003\235-\242h\"\n&\320\300g\215'\232h\202\t4\340\031#\n&\242`\002\215{\324\230\242\t(\230@\003\235-\246h\002\n&\320\300g\215)\232\200\202\t4\340\031c\n&\240`\002\r\220\030\221\302\211&\230@\003\235-\236h\242\t&\320\b\251\021)\234h\202\t4\340\031\343\t&\232`\002\215{\324`\002\212'\230@\003\235-\230\200\342\t&\320\300g\r&\240x\202\t4\340\031\203\t&\236`\002\r\221\256\270\242\211&\234@\003\235-\250hB\n'\320\200g\f*\230\220\302\t4\356Q\243\212&\236`\002\rt\266\250\242\211'\230@\003\2375\316h\342\t&\320\200g\2143\230x\202\t4FrD\n'\232`\002\rt\266h\002\212'\234@\203\244G\244p\242\t&\320(\t\222&\230x\302\t4\356Q\303\t(\236p\002\rt\266p\002\212'\234@\003\2375\232\200\342\t'\320\200g\214&\230x\302\t4\374\211\343\211&\232`\002\215t\270\210\242\211(\230@#\0362\242`\202\n&\320\360'\216)\232\200\202\t4\322\341b\212&\240`\002\r}\332\230\242\t)\230@#\0362\246`B\n&\3200)\022)\234h\202\t4\322\341\342\211&\232`\002\215\223$\221\302\211&\230@\003%+\236`\242\t&\320\360'\016&\240x\202\t4\322\341\202\t(\236`\002\r}\332`\002\212(\230@#\0362\230`\"\n&\320Hi\222+\232h\302\t4\322\341\202\212&\244p\002\215x\310\240\202\t*\230@#\035.\252h\342\t&\320\320\247\215*\232\210\202\t4\342!\243\n&\242`\002\r\225(\221\302\211&\230@#\035.\232\200\342\t'\320\210\207\214&\230\260\202\t4\322\341\302\t(\236p\002\r}\332p\002\n+\230@#\0362\234`\302\n&\320\370G\216'\232h\202\t4\306\301\"\212&\242`\002\ry\312\210\202\t*\230@\343\0379\246h\002\n&\320\030\007\213)\232\200\202\t4\366qc\212&\244`\002\ry\312\230\202\t)\230@c\245J\244p\242\t&\320\030\007\213'\232h\202\t4\306\301\342\t&\232`\002\215\177\344`\002\212'\230@c\034,\230\200\342\t&\320\330\307\r&\240\210\202\t4\344)\203\t&\242`\002\r\226\246\270\242\211&\234@c\034,\250hB\n'\320\220\247\f*\230\240\202\t4\306\301\242\212&\236`\002\215}\334\250\242\211(\230@C\2362\252`\"\n&\320h\311\022)\234h\202\t4\306\301\242\t(\236p\002\ry\312h\202\t+\230@c\034,\234\200\342\t'\320\330\307\r'\240\260\202\t4\344)\303\t&\254`\202\fA\244&\233\\\272i&\234r\322i'\236z\242\311\247\237\200\nJ\250\241\\\"\n\246\242\214:\n\251\244^R*\246\245\230j\312\251\247\\\202**\251\246\242\252*\253\256\242\t\253\254\264\332\212\253\256\\\362\n\246\257\300\nK\254\261^\"+\246\262\314:\013\255\264\\Rk\246\265\330j\313\255\267\340\212K\256\271\350\252\313\256\273\\\302\013\246\274\364\332\213\257\276^\362+\246\277\000\013L\260\301\\\"l\246\302\f;\f\261\304\024[\214\261\306\034{\f\262\310\\\222\f\246\311(\253\314\262\313^\302,\246\3144\333\214\263\316d\362\3543\320B\023m4\231H+\315\264\323PKM\265\325\\b\2555\327^\203-6\331f\243\2556\333n\303-7\335v\343\2557\337~\003.8\341\206#\2568\343\216C.9\345\\Z\216\271\346\234{\016\272\350\244\233\216\272\352\254\273\016\273\354d\322n;\356\272\363\356;\360\302\023o<\362\3123\357<\364\\J\017&\365\326c\257=\367^z/&\370\342\223o>\372d\252\317\276\373\360\313O\277\375^\342\257?\377\376\0030@\001]\032\020&\002\0134\360@\004_J0&\005\027d\020\000\000\000\000\261\030\000\000t\000\000\0003\b\200\034\304\341\034f\024\001=\210C8\204\303\214B\200\007yx\007s\230q\f\346\000\017\355\020\016\364\200\0163\fB\036\302\301\035\316\241\034f0\005=\210C8\204\203\033\314\003=\310C=\214\003=\314x\214tp\007{\b\007yH\207pp\007zp\003vx\207p \207\031\314\021\016\354\220\016\3410\017n0\017\343\360\016\360P\0163\020\304\035\336!\034\330!\035\302a\036f0\211;\274\203;\320C9\264\003<\274\203<\204\003;\314\360\024v`\007{h\0077h\207rh\0077\200\207p\220\207p`\007v(\007v\370\005vx\207w\200\207_\b\207q\030\207r\230\207y\230\201,\356\360\016\356\340\016\365\300\016\3540\003b\310\241\034\344\241\034\314\241\034\344\241\034\334a\034\312!\034\304\201\035\312a\006\326\220C9\310C9\230C9\310C9\270\3038\224C8\210\003;\224\303/\274\203<\374\202;\324\003;\260\303\f\307i\207pX\207rp\203th\007x`\207t\030\207t\240\207\031\316S\017\356\000\017\362P\016\344\220\016\343@\017\341 \016\354P\0163 (\035\334\301\036\302A\036\322!\034\334\201\036\334\340\034\344\341\035\352\001\036f\030Q8\260C:\234\203;\314P$v`\007{h\0077`\207wx\007x\230QL\364\220\017\360P\0163\036j\036\312a\034\350!\035\336\301\035~\001\036\344\241\034\314!\035\360a\006T\205\2038\314\303;\260C=\320C9\374\302<\344C;\210\303;\260\303\214\305\n\207y\230\207w\030\207t\b\007z(\007r\230\201\\\343\020\016\354\300\016\345P\016\3630#\301\322A\036\344\341\027\330\341\035\336\001\036\000\000\000\000y \000\000t\002\000\000b\036H C\210\f\0319\031$\220\221@\306\310\310h\"P\b\0242\236\030\031!G\310\220Q\204\007\\\220\311\000\000\000\000\233,\330\301\0061\206a\030\206a\030\206a\030\206a\030\206a\030\206a\030\206a\030\206a\030\206a\030\206a\030\206a\030\206a\030\206a\030\206a\030\206a\030\206a\030\206a\030\206a\030\206aL\214\343<\315B1\024\323<\217\262I\b\2210\305`D\215\2444\222\004\000\000../../jeg\\cpu6502_opcodes.cC:\\Work\\SVN\\projects\\MCU\\nes_simulator\\EmbeddedNES\\mps2_template\\example\\build\\mdkComponent: ARM Compiler 6.11 Tool: armclang [5d3b4200]../../jeg/cpu6502_opcodes.hoperation_enum_tunsigned intOP_ADCOP_AHXOP_ALROP_ANCOP_ANDOP_ARROP_ASLOP_AXSOP_BCCOP_BCSOP_BEQOP_BITOP_BMIOP_BNEOP_BPLOP_BRKOP_BVCOP_BVSOP_CLCOP_CLDOP_CLIOP_CLVOP_CMPOP_CPXOP_CPYOP_DCPOP_DECOP_DEXOP_DEYOP_EOROP_INCOP_INXOP_INYOP_ISCOP_JMPOP_JSROP_KILOP_LASOP_LAXOP_LDAOP_LDXOP_LDYOP_LSROP_NOPOP_ORAOP_PHAOP_PHPOP_PLAOP_PLPOP_RLAOP_ROLOP_ROROP_RRAOP_RTIOP_RTSOP_SAXOP_SBCOP_SECOP_SEDOP_SEIOP_SHXOP_SHYOP_SLOOP_SREOP_STAOP_STXOP_STYOP_TASOP_TAXOP_TAYOP_TSXOP_TXAOP_TXSOP_TYAOP_XAAaddress_mode_enum_tADR_ABSOLUTEADR_ABSOLUTE_XADR_ABSOLUTE_YADR_ACCUMULATORADR_IMMEDIATEADR_IMPLIEDADR_INDEXED_INDIRECTADR_INDIRECTADR_INDIRECT_INDEXEDADR_RELATIVEADR_ZERO_PAGEADR_ZERO_PAGE_XADR_ZERO_PAGE_Yopcode_tbl../../jeg/cpu6502_opcodes.copcode_tbl_entry_tmnemoniccharoperationaddress_modebytesintcyclespage_cross_cyclesDwarf VersionDebug Info Versionwchar_sizestatic_rwdataenumsize_buildattrarmlib_unavailable\000\000\246\376\001\000\000\000\000\0000\202\220\334\304\b\002\321\n#\b\004,\214 \020\2560\202@\274\302\b\002\301\n#E\303$\016\373@\001\000h\000\000\340\036\000\000\000\300l\314\220\017\340\000\364F!\036@\000\000\300PS\300\350\303\020\000\000\020\344\006\000\360\006\000\000\001 \fT\000\201\000\000\003\025\000!\000\300<\007@\006\006\030\000\0070\316 \000\3078\203  \343\f\002\221\2143\b\2062\316  \3138\203\2400\343\f\002\323\2143\b\2163\316 @\3178\203 A\343\f\002\025\2153\b\2264\316 `\3238\203\240Q\343\f\002W\2153\b\2365\316 \200\3015\316 \210\0016\316 \220A6\316 \230\2016\316 \240\3016\316 \250\0017\316 \260A7\316 \270\2017\316 \300\3017\316 \310\001\030\2143\bt\020\006\343\f\202\035\210\3018\203\200\007c0\316 \350\001\031\2143\b|P\006\343\f\202\037\230\3018\203\000\ng0\316 \210\002\032\2143\b\244\220\006\343\f\202)\250\3018\203\200\nk0\316 \250\002\033\2143\b\254\320\006\343\f\202+\270\3018\203\000\013o0\316 \310\002\034\2143\b\264\020\007\343\f\202-\310\3018\203\200\013s0\316 \350\002\035\2143\b\274P\007\343\f\202/\330\3018\203\000\016w0\316 \210\003\036\2143\b\344\220\007\343\f\2029\350\3018\203\200\016{0\316 \250\003\037\2143\b\354\320\007\343\f\202;\370\3018\203\000\017\1770\316 \310\003(\2143\b\364\020\n\343\f\202=\210\3028\203\200\017\2430\316 \350\003)\2143\b\374P\n\343\f\202?\230\3028\203\000\022\2470\316 \210\004*\2143\b$\221\n\343\f\202I\250\3028\203\200\022\2530\316 \250\004+\2143\b,\321\n\343\f\202K\270\3028\203\000\023\2570\316 \310\004,\2143\b4\021\0133\254B?\370\303?\200DH\210\304H\220DI\230\304I\240DJ\250\304J\260DK\270\304K\300DL\310\304L\320DM\330\304M\340DN\350\304N\360DO\370\304O\200EX\210\305X\220EY\230\305Y\240EZ\250\305Z\260E[\270\305[\300E\\\310\305\\\320E]\330\305]\340E^\350\305^\360E_\370\305_\200Fh\210\306h\220Fi\230\306i\214\024\tD\261\017\f\300\017`\000\000\000j\000\000\000\000\343\f\0020\013\343\f\202@\013\343\f\002Q\013\343\f\202a\013\343\f\002r\013\343\f\202\202\013\343\f\002\223\013\343\f\202\243\013\343\f\002\264\013\343\f\202\304\013\343\f\002\325\013\343\f\202\345\013\343\f\002\366\01334\252\261\032\254\321\032\256\361\032\260\021\033\2621\033\264Q\033\2661R$\020\262\260\017\006\300\017`\000\000\300m\000\000\000\0003\b\251\201\033\323\005\306\224\301\000\340\203n\314\020\354\306@\005\020\016\002\000L\324\000\2268\354\303\006\334\003\000\000\000\000L\324\000f\000\000\000\340\033\000\000\000\0000\315 \304\0030C\000\036#EB\000\000\000\360\033 \b\007\000\000\204\007\000\000\0000\317\001\220\0019 \000\002L\324\000\017\000\000\300x\200\001\000\000\0000Q\0034\343\260\017\325=\220\007\030\000\000\000\000\0235\200U\354\203\004\244\006\000\000\000\000L\324\000M9\354\203u\017\346\001\006\000\030\000\0000Q\003X\262\260\017\n\200\033\000\000\000\0000Q\0034\346\260\017\327=\240\007\030\000\240\000\000\300<\007@\006\350\000\006@\001L\324\000\3159\354\003v\017\352\001\006\0008\000\0000Q\0034\351\260\017\331=\250\007\030\000 \001\000\300D\r\320\250\303>h\367\240\036`\000\200\005\000\0003\030\345q\036\351\261\036\354\321\0363\f\362\260\016\3630\303 \017\3540\0173\f\364\320\016\3650\303@\017\356@\0173\f\364\360\016\3620\303@\017\360`\0173\004\303\225\004 \006b \006b \006b\340\022\360@\023n\340\006\246 \006b \006b \006b \006b \006b \006b \006b \006b\200\006h\200\006h\200\006h\200\006h\200\006n\340\006n\340\006n\340\006n\340\006n\340\006n\340\006n\340\006n\340\006n\340\006n\340\006n\340\006n\340\006n\340\006n\340\006n\340\006n\340\006n\340\006n\340\006n\340\006n\340\006n\340\006n\340\006n\340\006n\340\006n\340\006:\347\022h\200\006h\200\006h\200\006h\200\006h\200\006h\200\006h\300\0264\201\006\026\035pt\000\017\352\200\006\034M\230\202:\360\203:\210\004<\210\004+\210\204H\210\004.\320\001\035\320\001\035\320\001\035\310H`\202rac\263ks!\023;s\031\253\033%\300\207\214\330\330\354\332\\\332\336\310\352\330\312\\\314\330\302\316\346F1\334\343=\340#>\344c>Rac\263ksI#+s\243\033%\240\217!\203a\025\000\335\000\000\251\030\000\000\023\000\000\000\013\nr(\207w\200\007zXp\230C=\270\3038\260C9\320\303\202\346\034\306\241\r\350A\036\302\301\035\346!\035\350!\035\336\301\035\026(\342P\016\346\360\016\362P\016\351\340\016\363@\017\013\222p0\007z(\007yH\007w\230\007z\000\321\020\000\000\006\000\000\000\007\314<\244\203;\234\003;\224\003=\240\203<\224C8\220\303\001\000\000\000q \000\000\002\000\000\0002\016\020\"\004\000\000\000\000\000\000\000e\f\000\000\337\001\000\000\022\003\224\360\036\000\000\000\001\000\000\000\013\002\000\000\b\000\000\000D\000\000\000\001\000\000\000P\000\000\000\000\000\000\000P\000\000\000L\000\000\000p\007\000\000\000\000\000\000\023\002\000\000\027\000\000\000*\002\000\000\033\000\000\000\334\004\000\000\000\000\000\000\000\000\000\000L\000\000\000\000\000\000\000E\002\000\000\006\000\000\000\000\000\000\000\004\000\000\000\377\377\377\377\000\030\000\000K\002\000\000\b\000\000\000\004\000\000\000\006\000\000\000\377\377\377\377\000\030\000\000S\002\000\000\b\000\000\000\n\000\000\000\006\000\000\000\377\377\377\377\000\030\000\000[\002\000\000\b\000\000\000\020\000\000\000\006\000\000\000\377\377\377\377\000\030\000\000c\002\000\000\b\000\000\000\026\000\000\000\006\000\000\000\377\377\377\377\000\030\000\000k\002\000\000\b\000\000\000\034\000\000\000\006\000\000\000\377\377\377\377\000\030\000\000s\002\000\000\b\000\000\000\"\000\000\000\006\000\000\000\377\377\377\377\000\030\000\000{\002\000\000\b\000\000\000(\000\000\000\006\000\000\000\377\377\377\377\000\030\000\000\203\002\000\000\b\000\000\000.\000\000\000\006\000\000\000\377\377\377\377\000\030\000\000\213\002\000\000\b\000\000\0004\000\000\000\006\000\000\000\377\377\377\377\000\030\000\000\223\002\000\000\t\000\000\000:\000\000\000\007\000\000\000\377\377\377\377\000\030\000\000\234\002\000\000\t\000\000\000A\000\000\000\007\000\000\000\377\377\377\377\000\030\000\000\245\002\000\000\t\000\000\000H\000\000\000\007\000\000\000\377\377\377\377\000\030\000\000\256\002\000\000\t\000\000\000O\000\000\000\007\000\000\000\377\377\377\377\000\030\000\000\267\002\000\000\t\000\000\000V\000\000\000\007\000\000\000\377\377\377\377\000\030\000\000\300\002\000\000\t\000\000\000]\000\000\000\007\000\000\000\377\377\377\377\000\030\000\000\311\002\000\000\t\000\000\000d\000\000\000\007\000\000\000\377\377\377\377\000\030\000\000\322\002\000\000\t\000\000\000k\000\000\000\007\000\000\000\377\377\377\377\000\030\000\000\333\002\000\000\t\000\000\000r\000\000\000\007\000\000\000\377\377\377\377\000\030\000\000\344\002\000\000\t\000\000\000y\000\000\000\007\000\000\000\377\377\377\377\000\030\000\000\355\002\000\000\t\000\000\000\200\000\000\000\007\000\000\000\377\377\377\377\000\030\000\000\366\002\000\000\t\000\000\000\207\000\000\000\007\000\000\000\377\377\377\377\000\030\000\000\377\002\000\000\t\000\000\000\216\000\000\000\007\000\000\000\377\377\377\377\000\030\000\000\b\003\000\000\t\000\000\000\225\000\000\000\007\000\000\000\377\377\377\377\000\030\000\000\021\003\000\000\t\000\000\000\234\000\000\000\007\000\000\000\377\377\377\377\000\030\000\000\032\003\000\000\t\000\000\000\243\000\000\000\007\000\000\000\377\377\377\377\000\030\000\000#\003\000\000\t\000\000\000\252\000\000\000\007\000\000\000\377\377\377\377\000\030\000\000,\003\000\000\t\000\000\000\261\000\000\000\007\000\000\000\377\377\377\377\000\030\000\0005\003\000\000\t\000\000\000\270\000\000\000\007\000\000\000\377\377\377\377\000\030\000\000>\003\000\000\t\000\000\000\277\000\000\000\007\000\000\000\377\377\377\377\000\030\000\000G\003\000\000\t\000\000\000\306\000\000\000\007\000\000\000\377\377\377\377\000\030\000\000P\003\000\000\t\000\000\000\315\000\000\000\007\000\000\000\377\377\377\377\000\030\000\000Y\003\000\000\t\000\000\000\324\000\000\000\007\000\000\000\377\377\377\377\000\030\000\000b\003\000\000\t\000\000\000\333\000\000\000\007\000\000\000\377\377\377\377\000\030\000\000k\003\000\000\t\000\000\000\342\000\000\000\007\000\000\000\377\377\377\377\000\030\000\000t\003\000\000\t\000\000\000\351\000\000\000\007\000\000\000\377\377\377\377\000\030\000\000}\003\000\000\t\000\000\000\360\000\000\000\007\000\000\000\377\377\377\377\000\030\000\000\206\003\000\000\t\000\000\000\367\000\000\000\007\000\000\000\377\377\377\377\000\030\000\000\217\003\000\000\t\000\000\000\376\000\000\000\007\000\000\000\377\377\377\377\000\030\000\000\230\003\000\000\t\000\000\000\005\001\000\000\007\000\000\000\377\377\377\377\000\030\000\000\241\003\000\000\t\000\000\000\f\001\000\000\007\000\000\000\377\377\377\377\000\030\000\000\252\003\000\000\t\000\000\000\023\001\000\000\007\000\000\000\377\377\377\377\000\030\000\000\263\003\000\000\t\000\000\000\032\001\000\000\007\000\000\000\377\377\377\377\000\030\000\000\274\003\000\000\t\000\000\000!\001\000\000\007\000\000\000\377\377\377\377\000\030\000\000\305\003\000\000\t\000\000\000(\001\000\000\007\000\000\000\377\377\377\377\000\030\000\000\316\003\000\000\t\000\000\000/\001\000\000\007\000\000\000\377\377\377\377\000\030\000\000\327\003\000\000\t\000\000\0006\001\000\000\007\000\000\000\377\377\377\377\000\030\000\000\340\003\000\000\t\000\000\000=\001\000\000\007\000\000\000\377\377\377\377\000\030\000\000\351\003\000\000\t\000\000\000D\001\000\000\007\000\000\000\377\377\377\377\000\030\000\000\362\003\000\000\t\000\000\000K\001\000\000\007\000\000\000\377\377\377\377\000\030\000\000\373\003\000\000\t\000\000\000R\001\000\000\007\000\000\000\377\377\377\377\000\030\000\000\004\004\000\000\t\000\000\000Y\001\000\000\007\000\000\000\377\377\377\377\000\030\000\000\r\004\000\000\t\000\000\000`\001\000\000\007\000\000\000\377\377\377\377\000\030\000\000\026\004\000\000\t\000\000\000g\001\000\000\007\000\000\000\377\377\377\377\000\030\000\000\037\004\000\000\t\000\000\000n\001\000\000\007\000\000\000\377\377\377\377\000\030\000\000(\004\000\000\t\000\000\000u\001\000\000\007\000\000\000\377\377\377\377\000\030\000\0001\004\000\000\t\000\000\000|\001\000\000\007\000\000\000\377\377\377\377\000\030\000\000:\004\000\000\t\000\000\000\203\001\000\000\007\000\000\000\377\377\377\377\000\030\000\000C\004\000\000\t\000\000\000\212\001\000\000\007\000\000\000\377\377\377\377\000\030\000\000L\004\000\000\t\000\000\000\221\001\000\000\007\000\000\000\377\377\377\377\000\030\000\000U\004\000\000\t\000\000\000\230\001\000\000\007\000\000\000\377\377\377\377\000\030\000\000^\004\000\000\t\000\000\000\237\001\000\000\007\000\000\000\377\377\377\377\000\030\000\000g\004\000\000\t\000\000\000\246\001\000\000\007\000\000\000\377\377\377\377\000\030\000\000p\004\000\000\t\000\000\000\255\001\000\000\007\000\000\000\377\377\377\377\000\030\000\000y\004\000\000\t\000\000\000\264\001\000\000\007\000\000\000\377\377\377\377\000\030\000\000\202\004\000\000\t\000\000\000\273\001\000\000\007\000\000\000\377\377\377\377\000\030\000\000\213\004\000\000\t\000\000\000\302\001\000\000\007\000\000\000\377\377\377\377\000\030\000\000\224\004\000\000\t\000\000\000\311\001\000\000\007\000\000\000\377\377\377\377\000\030\000\000\235\004\000\000\t\000\000\000\320\001\000\000\007\000\000\000\377\377\377\377\000\030\000\000\246\004\000\000\t\000\000\000\327\001\000\000\007\000\000\000\377\377\377\377\000\030\000\000\257\004\000\000\t\000\000\000\336\001\000\000\007\000\000\000\377\377\377\377\000\030\000\000\270\004\000\000\t\000\000\000\345\001\000\000\007\000\000\000\377\377\377\377\000\030\000\000\301\004\000\000\t\000\000\000\354\001\000\000\007\000\000\000\377\377\377\377\000\030\000\000\312\004\000\000\t\000\000\000\363\001\000\000\007\000\000\000\377\377\377\377\000\030\000\000\323\004\000\000\t\000\000\000\372\001\000\000\007\000\000\000\377\377\377\377\000\030\000\000\001\002\000\000\n\000\000\000\001\002\000\000\n\000\000\000\377\377\377\377\001\004\000\000\000\000\000\000]\f\000\000:\001\000\000\022\003\224\274\031\000\000\000.str.str.1.str.2.str.3.str.4.str.5.str.6.str.7.str.8.str.9.str.10.str.11.str.12.str.13.str.14.str.15.str.16.str.17.str.18.str.19.str.20.str.21.str.22.str.23.str.24.str.25.str.26.str.27.str.28.str.29.str.30.str.31.str.32.str.33.str.34.str.35.str.36.str.37.str.38.str.39.str.40.str.41.str.42.str.43.str.44.str.45.str.46.str.47.str.48.str.49.str.50.str.51.str.52.str.53.str.54.str.55.str.56.str.57.str.58.str.59.str.60.str.61.str.62.str.63.str.64.str.65.str.66.str.67.str.68.str.69.str.70.str.71.str.72.str.73.str.74opcode_tbl8.0.0svnthumbv7em-arm-none-eabi../../jeg/cpu6502_opcodes.c.L.str.L.str.1.L.str.2.L.str.3.L.str.4.L.str.5.L.str.6.L.str.7.L.str.8.L.str.9.L.str.10.L.str.11.L.str.12.L.str.13.L.str.14.L.str.15.L.str.16.L.str.17.L.str.18.L.str.19.L.str.20.L.str.21.L.str.22.L.str.23.L.str.24.L.str.25.L.str.26.L.str.27.L.str.28.L.str.29.L.str.30.L.str.31.L.str.32.L.str.33.L.str.34.L.str.35.L.str.36.L.str.37.L.str.38.L.str.39.L.str.40.L.str.41.L.str.42.L.str.43.L.str.44.L.str.45.L.str.46.L.str.47.L.str.48.L.str.49.L.str.50.L.str.51.L.str.52.L.str.53.L.str.54.L.str.55.L.str.56.L.str.57.L.str.58.L.str.59.L.str.60.L.str.61.L.str.62.L.str.63.L.str.64.L.str.65.L.str.66.L.str.67.L.str.68.L.str.69.L.str.70.L.str.71.L.str.72.L.str.73.L.str.74\000\000\000"
	.size	.Lllvm.embedded.module, 11232

	.section	.debug_str,"MS",%progbits,1
.Linfo_string0:
	.asciz	"Component: ARM Compiler 6.11 Tool: armclang [5d3b4200]" @ string offset=0
.Linfo_string1:
	.asciz	"../../jeg\\cpu6502_opcodes.c" @ string offset=55
.Linfo_string2:
	.asciz	"C:\\Work\\SVN\\projects\\MCU\\nes_simulator\\EmbeddedNES\\mps2_template\\example\\build\\mdk" @ string offset=83
.Linfo_string3:
	.asciz	"opcode_tbl"            @ string offset=166
.Linfo_string4:
	.asciz	"mnemonic"              @ string offset=177
.Linfo_string5:
	.asciz	"char"                  @ string offset=186
.Linfo_string6:
	.asciz	"operation"             @ string offset=191
.Linfo_string7:
	.asciz	"unsigned int"          @ string offset=201
.Linfo_string8:
	.asciz	"OP_ADC"                @ string offset=214
.Linfo_string9:
	.asciz	"OP_AHX"                @ string offset=221
.Linfo_string10:
	.asciz	"OP_ALR"                @ string offset=228
.Linfo_string11:
	.asciz	"OP_ANC"                @ string offset=235
.Linfo_string12:
	.asciz	"OP_AND"                @ string offset=242
.Linfo_string13:
	.asciz	"OP_ARR"                @ string offset=249
.Linfo_string14:
	.asciz	"OP_ASL"                @ string offset=256
.Linfo_string15:
	.asciz	"OP_AXS"                @ string offset=263
.Linfo_string16:
	.asciz	"OP_BCC"                @ string offset=270
.Linfo_string17:
	.asciz	"OP_BCS"                @ string offset=277
.Linfo_string18:
	.asciz	"OP_BEQ"                @ string offset=284
.Linfo_string19:
	.asciz	"OP_BIT"                @ string offset=291
.Linfo_string20:
	.asciz	"OP_BMI"                @ string offset=298
.Linfo_string21:
	.asciz	"OP_BNE"                @ string offset=305
.Linfo_string22:
	.asciz	"OP_BPL"                @ string offset=312
.Linfo_string23:
	.asciz	"OP_BRK"                @ string offset=319
.Linfo_string24:
	.asciz	"OP_BVC"                @ string offset=326
.Linfo_string25:
	.asciz	"OP_BVS"                @ string offset=333
.Linfo_string26:
	.asciz	"OP_CLC"                @ string offset=340
.Linfo_string27:
	.asciz	"OP_CLD"                @ string offset=347
.Linfo_string28:
	.asciz	"OP_CLI"                @ string offset=354
.Linfo_string29:
	.asciz	"OP_CLV"                @ string offset=361
.Linfo_string30:
	.asciz	"OP_CMP"                @ string offset=368
.Linfo_string31:
	.asciz	"OP_CPX"                @ string offset=375
.Linfo_string32:
	.asciz	"OP_CPY"                @ string offset=382
.Linfo_string33:
	.asciz	"OP_DCP"                @ string offset=389
.Linfo_string34:
	.asciz	"OP_DEC"                @ string offset=396
.Linfo_string35:
	.asciz	"OP_DEX"                @ string offset=403
.Linfo_string36:
	.asciz	"OP_DEY"                @ string offset=410
.Linfo_string37:
	.asciz	"OP_EOR"                @ string offset=417
.Linfo_string38:
	.asciz	"OP_INC"                @ string offset=424
.Linfo_string39:
	.asciz	"OP_INX"                @ string offset=431
.Linfo_string40:
	.asciz	"OP_INY"                @ string offset=438
.Linfo_string41:
	.asciz	"OP_ISC"                @ string offset=445
.Linfo_string42:
	.asciz	"OP_JMP"                @ string offset=452
.Linfo_string43:
	.asciz	"OP_JSR"                @ string offset=459
.Linfo_string44:
	.asciz	"OP_KIL"                @ string offset=466
.Linfo_string45:
	.asciz	"OP_LAS"                @ string offset=473
.Linfo_string46:
	.asciz	"OP_LAX"                @ string offset=480
.Linfo_string47:
	.asciz	"OP_LDA"                @ string offset=487
.Linfo_string48:
	.asciz	"OP_LDX"                @ string offset=494
.Linfo_string49:
	.asciz	"OP_LDY"                @ string offset=501
.Linfo_string50:
	.asciz	"OP_LSR"                @ string offset=508
.Linfo_string51:
	.asciz	"OP_NOP"                @ string offset=515
.Linfo_string52:
	.asciz	"OP_ORA"                @ string offset=522
.Linfo_string53:
	.asciz	"OP_PHA"                @ string offset=529
.Linfo_string54:
	.asciz	"OP_PHP"                @ string offset=536
.Linfo_string55:
	.asciz	"OP_PLA"                @ string offset=543
.Linfo_string56:
	.asciz	"OP_PLP"                @ string offset=550
.Linfo_string57:
	.asciz	"OP_RLA"                @ string offset=557
.Linfo_string58:
	.asciz	"OP_ROL"                @ string offset=564
.Linfo_string59:
	.asciz	"OP_ROR"                @ string offset=571
.Linfo_string60:
	.asciz	"OP_RRA"                @ string offset=578
.Linfo_string61:
	.asciz	"OP_RTI"                @ string offset=585
.Linfo_string62:
	.asciz	"OP_RTS"                @ string offset=592
.Linfo_string63:
	.asciz	"OP_SAX"                @ string offset=599
.Linfo_string64:
	.asciz	"OP_SBC"                @ string offset=606
.Linfo_string65:
	.asciz	"OP_SEC"                @ string offset=613
.Linfo_string66:
	.asciz	"OP_SED"                @ string offset=620
.Linfo_string67:
	.asciz	"OP_SEI"                @ string offset=627
.Linfo_string68:
	.asciz	"OP_SHX"                @ string offset=634
.Linfo_string69:
	.asciz	"OP_SHY"                @ string offset=641
.Linfo_string70:
	.asciz	"OP_SLO"                @ string offset=648
.Linfo_string71:
	.asciz	"OP_SRE"                @ string offset=655
.Linfo_string72:
	.asciz	"OP_STA"                @ string offset=662
.Linfo_string73:
	.asciz	"OP_STX"                @ string offset=669
.Linfo_string74:
	.asciz	"OP_STY"                @ string offset=676
.Linfo_string75:
	.asciz	"OP_TAS"                @ string offset=683
.Linfo_string76:
	.asciz	"OP_TAX"                @ string offset=690
.Linfo_string77:
	.asciz	"OP_TAY"                @ string offset=697
.Linfo_string78:
	.asciz	"OP_TSX"                @ string offset=704
.Linfo_string79:
	.asciz	"OP_TXA"                @ string offset=711
.Linfo_string80:
	.asciz	"OP_TXS"                @ string offset=718
.Linfo_string81:
	.asciz	"OP_TYA"                @ string offset=725
.Linfo_string82:
	.asciz	"OP_XAA"                @ string offset=732
.Linfo_string83:
	.asciz	"operation_enum_t"      @ string offset=739
.Linfo_string84:
	.asciz	"address_mode"          @ string offset=756
.Linfo_string85:
	.asciz	"ADR_ABSOLUTE"          @ string offset=769
.Linfo_string86:
	.asciz	"ADR_ABSOLUTE_X"        @ string offset=782
.Linfo_string87:
	.asciz	"ADR_ABSOLUTE_Y"        @ string offset=797
.Linfo_string88:
	.asciz	"ADR_ACCUMULATOR"       @ string offset=812
.Linfo_string89:
	.asciz	"ADR_IMMEDIATE"         @ string offset=828
.Linfo_string90:
	.asciz	"ADR_IMPLIED"           @ string offset=842
.Linfo_string91:
	.asciz	"ADR_INDEXED_INDIRECT"  @ string offset=854
.Linfo_string92:
	.asciz	"ADR_INDIRECT"          @ string offset=875
.Linfo_string93:
	.asciz	"ADR_INDIRECT_INDEXED"  @ string offset=888
.Linfo_string94:
	.asciz	"ADR_RELATIVE"          @ string offset=909
.Linfo_string95:
	.asciz	"ADR_ZERO_PAGE"         @ string offset=922
.Linfo_string96:
	.asciz	"ADR_ZERO_PAGE_X"       @ string offset=936
.Linfo_string97:
	.asciz	"ADR_ZERO_PAGE_Y"       @ string offset=952
.Linfo_string98:
	.asciz	"address_mode_enum_t"   @ string offset=968
.Linfo_string99:
	.asciz	"bytes"                 @ string offset=988
.Linfo_string100:
	.asciz	"int"                   @ string offset=994
.Linfo_string101:
	.asciz	"cycles"                @ string offset=998
.Linfo_string102:
	.asciz	"page_cross_cycles"     @ string offset=1005
.Linfo_string103:
	.asciz	"opcode_tbl_entry_t"    @ string offset=1023
.Linfo_string104:
	.asciz	"__ARRAY_SIZE_TYPE__"   @ string offset=1042
	.section	.debug_abbrev,"",%progbits
	.byte	1                       @ Abbreviation Code
	.byte	17                      @ DW_TAG_compile_unit
	.byte	1                       @ DW_CHILDREN_yes
	.byte	37                      @ DW_AT_producer
	.byte	14                      @ DW_FORM_strp
	.byte	19                      @ DW_AT_language
	.byte	5                       @ DW_FORM_data2
	.byte	3                       @ DW_AT_name
	.byte	14                      @ DW_FORM_strp
	.byte	16                      @ DW_AT_stmt_list
	.byte	6                       @ DW_FORM_data4
	.byte	27                      @ DW_AT_comp_dir
	.byte	14                      @ DW_FORM_strp
	.byte	0                       @ EOM(1)
	.byte	0                       @ EOM(2)
	.byte	2                       @ Abbreviation Code
	.byte	52                      @ DW_TAG_variable
	.byte	0                       @ DW_CHILDREN_no
	.byte	3                       @ DW_AT_name
	.byte	14                      @ DW_FORM_strp
	.byte	73                      @ DW_AT_type
	.byte	19                      @ DW_FORM_ref4
	.byte	63                      @ DW_AT_external
	.byte	12                      @ DW_FORM_flag
	.byte	58                      @ DW_AT_decl_file
	.byte	11                      @ DW_FORM_data1
	.byte	59                      @ DW_AT_decl_line
	.byte	11                      @ DW_FORM_data1
	.byte	0                       @ EOM(1)
	.byte	0                       @ EOM(2)
	.byte	3                       @ Abbreviation Code
	.byte	1                       @ DW_TAG_array_type
	.byte	1                       @ DW_CHILDREN_yes
	.byte	73                      @ DW_AT_type
	.byte	19                      @ DW_FORM_ref4
	.byte	0                       @ EOM(1)
	.byte	0                       @ EOM(2)
	.byte	4                       @ Abbreviation Code
	.byte	33                      @ DW_TAG_subrange_type
	.byte	0                       @ DW_CHILDREN_no
	.byte	73                      @ DW_AT_type
	.byte	19                      @ DW_FORM_ref4
	.byte	55                      @ DW_AT_count
	.byte	5                       @ DW_FORM_data2
	.byte	0                       @ EOM(1)
	.byte	0                       @ EOM(2)
	.byte	5                       @ Abbreviation Code
	.byte	38                      @ DW_TAG_const_type
	.byte	0                       @ DW_CHILDREN_no
	.byte	73                      @ DW_AT_type
	.byte	19                      @ DW_FORM_ref4
	.byte	0                       @ EOM(1)
	.byte	0                       @ EOM(2)
	.byte	6                       @ Abbreviation Code
	.byte	22                      @ DW_TAG_typedef
	.byte	0                       @ DW_CHILDREN_no
	.byte	73                      @ DW_AT_type
	.byte	19                      @ DW_FORM_ref4
	.byte	3                       @ DW_AT_name
	.byte	14                      @ DW_FORM_strp
	.byte	58                      @ DW_AT_decl_file
	.byte	11                      @ DW_FORM_data1
	.byte	59                      @ DW_AT_decl_line
	.byte	11                      @ DW_FORM_data1
	.byte	0                       @ EOM(1)
	.byte	0                       @ EOM(2)
	.byte	7                       @ Abbreviation Code
	.byte	19                      @ DW_TAG_structure_type
	.byte	1                       @ DW_CHILDREN_yes
	.byte	3                       @ DW_AT_name
	.byte	14                      @ DW_FORM_strp
	.byte	11                      @ DW_AT_byte_size
	.byte	11                      @ DW_FORM_data1
	.byte	58                      @ DW_AT_decl_file
	.byte	11                      @ DW_FORM_data1
	.byte	59                      @ DW_AT_decl_line
	.byte	11                      @ DW_FORM_data1
	.byte	0                       @ EOM(1)
	.byte	0                       @ EOM(2)
	.byte	8                       @ Abbreviation Code
	.byte	13                      @ DW_TAG_member
	.byte	0                       @ DW_CHILDREN_no
	.byte	3                       @ DW_AT_name
	.byte	14                      @ DW_FORM_strp
	.byte	73                      @ DW_AT_type
	.byte	19                      @ DW_FORM_ref4
	.byte	58                      @ DW_AT_decl_file
	.byte	11                      @ DW_FORM_data1
	.byte	59                      @ DW_AT_decl_line
	.byte	11                      @ DW_FORM_data1
	.byte	56                      @ DW_AT_data_member_location
	.byte	11                      @ DW_FORM_data1
	.byte	0                       @ EOM(1)
	.byte	0                       @ EOM(2)
	.byte	9                       @ Abbreviation Code
	.byte	15                      @ DW_TAG_pointer_type
	.byte	0                       @ DW_CHILDREN_no
	.byte	73                      @ DW_AT_type
	.byte	19                      @ DW_FORM_ref4
	.byte	0                       @ EOM(1)
	.byte	0                       @ EOM(2)
	.byte	10                      @ Abbreviation Code
	.byte	36                      @ DW_TAG_base_type
	.byte	0                       @ DW_CHILDREN_no
	.byte	3                       @ DW_AT_name
	.byte	14                      @ DW_FORM_strp
	.byte	62                      @ DW_AT_encoding
	.byte	11                      @ DW_FORM_data1
	.byte	11                      @ DW_AT_byte_size
	.byte	11                      @ DW_FORM_data1
	.byte	0                       @ EOM(1)
	.byte	0                       @ EOM(2)
	.byte	11                      @ Abbreviation Code
	.byte	4                       @ DW_TAG_enumeration_type
	.byte	1                       @ DW_CHILDREN_yes
	.byte	73                      @ DW_AT_type
	.byte	19                      @ DW_FORM_ref4
	.byte	3                       @ DW_AT_name
	.byte	14                      @ DW_FORM_strp
	.byte	11                      @ DW_AT_byte_size
	.byte	11                      @ DW_FORM_data1
	.byte	58                      @ DW_AT_decl_file
	.byte	11                      @ DW_FORM_data1
	.byte	59                      @ DW_AT_decl_line
	.byte	11                      @ DW_FORM_data1
	.byte	0                       @ EOM(1)
	.byte	0                       @ EOM(2)
	.byte	12                      @ Abbreviation Code
	.byte	40                      @ DW_TAG_enumerator
	.byte	0                       @ DW_CHILDREN_no
	.byte	3                       @ DW_AT_name
	.byte	14                      @ DW_FORM_strp
	.byte	28                      @ DW_AT_const_value
	.byte	15                      @ DW_FORM_udata
	.byte	0                       @ EOM(1)
	.byte	0                       @ EOM(2)
	.byte	13                      @ Abbreviation Code
	.byte	36                      @ DW_TAG_base_type
	.byte	0                       @ DW_CHILDREN_no
	.byte	3                       @ DW_AT_name
	.byte	14                      @ DW_FORM_strp
	.byte	11                      @ DW_AT_byte_size
	.byte	11                      @ DW_FORM_data1
	.byte	62                      @ DW_AT_encoding
	.byte	11                      @ DW_FORM_data1
	.byte	0                       @ EOM(1)
	.byte	0                       @ EOM(2)
	.byte	0                       @ EOM(3)
	.section	.debug_info,"",%progbits
.Lcu_begin0:
	.long	758                     @ Length of Unit
	.short	3                       @ DWARF version number
	.long	.debug_abbrev           @ Offset Into Abbrev. Section
	.byte	4                       @ Address Size (in bytes)
	.byte	1                       @ Abbrev [1] 0xb:0x2ef DW_TAG_compile_unit
	.long	.Linfo_string0          @ DW_AT_producer
	.short	12                      @ DW_AT_language
	.long	.Linfo_string1          @ DW_AT_name
	.long	.Lline_table_start0     @ DW_AT_stmt_list
	.long	.Linfo_string2          @ DW_AT_comp_dir
	.byte	2                       @ Abbrev [2] 0x1e:0xc DW_TAG_variable
	.long	.Linfo_string3          @ DW_AT_name
	.long	42                      @ DW_AT_type
	.byte	1                       @ DW_AT_external
	.byte	2                       @ DW_AT_decl_file
	.byte	5                       @ DW_AT_decl_line
	.byte	3                       @ Abbrev [3] 0x2a:0xd DW_TAG_array_type
	.long	55                      @ DW_AT_type
	.byte	4                       @ Abbrev [4] 0x2f:0x7 DW_TAG_subrange_type
	.long	754                     @ DW_AT_type
	.short	256                     @ DW_AT_count
	.byte	0                       @ End Of Children Mark
	.byte	5                       @ Abbrev [5] 0x37:0x5 DW_TAG_const_type
	.long	60                      @ DW_AT_type
	.byte	6                       @ Abbrev [6] 0x3c:0xb DW_TAG_typedef
	.long	71                      @ DW_AT_type
	.long	.Linfo_string103        @ DW_AT_name
	.byte	1                       @ DW_AT_decl_file
	.byte	27                      @ DW_AT_decl_line
	.byte	7                       @ Abbrev [7] 0x47:0x51 DW_TAG_structure_type
	.long	.Linfo_string103        @ DW_AT_name
	.byte	24                      @ DW_AT_byte_size
	.byte	1                       @ DW_AT_decl_file
	.byte	20                      @ DW_AT_decl_line
	.byte	8                       @ Abbrev [8] 0x4f:0xc DW_TAG_member
	.long	.Linfo_string4          @ DW_AT_name
	.long	152                     @ DW_AT_type
	.byte	1                       @ DW_AT_decl_file
	.byte	21                      @ DW_AT_decl_line
	.byte	0                       @ DW_AT_data_member_location
	.byte	8                       @ Abbrev [8] 0x5b:0xc DW_TAG_member
	.long	.Linfo_string6          @ DW_AT_name
	.long	164                     @ DW_AT_type
	.byte	1                       @ DW_AT_decl_file
	.byte	22                      @ DW_AT_decl_line
	.byte	4                       @ DW_AT_data_member_location
	.byte	8                       @ Abbrev [8] 0x67:0xc DW_TAG_member
	.long	.Linfo_string84         @ DW_AT_name
	.long	645                     @ DW_AT_type
	.byte	1                       @ DW_AT_decl_file
	.byte	23                      @ DW_AT_decl_line
	.byte	8                       @ DW_AT_data_member_location
	.byte	8                       @ Abbrev [8] 0x73:0xc DW_TAG_member
	.long	.Linfo_string99         @ DW_AT_name
	.long	747                     @ DW_AT_type
	.byte	1                       @ DW_AT_decl_file
	.byte	24                      @ DW_AT_decl_line
	.byte	12                      @ DW_AT_data_member_location
	.byte	8                       @ Abbrev [8] 0x7f:0xc DW_TAG_member
	.long	.Linfo_string101        @ DW_AT_name
	.long	747                     @ DW_AT_type
	.byte	1                       @ DW_AT_decl_file
	.byte	25                      @ DW_AT_decl_line
	.byte	16                      @ DW_AT_data_member_location
	.byte	8                       @ Abbrev [8] 0x8b:0xc DW_TAG_member
	.long	.Linfo_string102        @ DW_AT_name
	.long	747                     @ DW_AT_type
	.byte	1                       @ DW_AT_decl_file
	.byte	26                      @ DW_AT_decl_line
	.byte	20                      @ DW_AT_data_member_location
	.byte	0                       @ End Of Children Mark
	.byte	9                       @ Abbrev [9] 0x98:0x5 DW_TAG_pointer_type
	.long	157                     @ DW_AT_type
	.byte	10                      @ Abbrev [10] 0x9d:0x7 DW_TAG_base_type
	.long	.Linfo_string5          @ DW_AT_name
	.byte	8                       @ DW_AT_encoding
	.byte	1                       @ DW_AT_byte_size
	.byte	6                       @ Abbrev [6] 0xa4:0xb DW_TAG_typedef
	.long	175                     @ DW_AT_type
	.long	.Linfo_string83         @ DW_AT_name
	.byte	1                       @ DW_AT_decl_file
	.byte	18                      @ DW_AT_decl_line
	.byte	11                      @ Abbrev [11] 0xaf:0x1cf DW_TAG_enumeration_type
	.long	638                     @ DW_AT_type
	.long	.Linfo_string83         @ DW_AT_name
	.byte	4                       @ DW_AT_byte_size
	.byte	1                       @ DW_AT_decl_file
	.byte	12                      @ DW_AT_decl_line
	.byte	12                      @ Abbrev [12] 0xbb:0x6 DW_TAG_enumerator
	.long	.Linfo_string8          @ DW_AT_name
	.byte	0                       @ DW_AT_const_value
	.byte	12                      @ Abbrev [12] 0xc1:0x6 DW_TAG_enumerator
	.long	.Linfo_string9          @ DW_AT_name
	.byte	1                       @ DW_AT_const_value
	.byte	12                      @ Abbrev [12] 0xc7:0x6 DW_TAG_enumerator
	.long	.Linfo_string10         @ DW_AT_name
	.byte	2                       @ DW_AT_const_value
	.byte	12                      @ Abbrev [12] 0xcd:0x6 DW_TAG_enumerator
	.long	.Linfo_string11         @ DW_AT_name
	.byte	3                       @ DW_AT_const_value
	.byte	12                      @ Abbrev [12] 0xd3:0x6 DW_TAG_enumerator
	.long	.Linfo_string12         @ DW_AT_name
	.byte	4                       @ DW_AT_const_value
	.byte	12                      @ Abbrev [12] 0xd9:0x6 DW_TAG_enumerator
	.long	.Linfo_string13         @ DW_AT_name
	.byte	5                       @ DW_AT_const_value
	.byte	12                      @ Abbrev [12] 0xdf:0x6 DW_TAG_enumerator
	.long	.Linfo_string14         @ DW_AT_name
	.byte	6                       @ DW_AT_const_value
	.byte	12                      @ Abbrev [12] 0xe5:0x6 DW_TAG_enumerator
	.long	.Linfo_string15         @ DW_AT_name
	.byte	7                       @ DW_AT_const_value
	.byte	12                      @ Abbrev [12] 0xeb:0x6 DW_TAG_enumerator
	.long	.Linfo_string16         @ DW_AT_name
	.byte	8                       @ DW_AT_const_value
	.byte	12                      @ Abbrev [12] 0xf1:0x6 DW_TAG_enumerator
	.long	.Linfo_string17         @ DW_AT_name
	.byte	9                       @ DW_AT_const_value
	.byte	12                      @ Abbrev [12] 0xf7:0x6 DW_TAG_enumerator
	.long	.Linfo_string18         @ DW_AT_name
	.byte	10                      @ DW_AT_const_value
	.byte	12                      @ Abbrev [12] 0xfd:0x6 DW_TAG_enumerator
	.long	.Linfo_string19         @ DW_AT_name
	.byte	11                      @ DW_AT_const_value
	.byte	12                      @ Abbrev [12] 0x103:0x6 DW_TAG_enumerator
	.long	.Linfo_string20         @ DW_AT_name
	.byte	12                      @ DW_AT_const_value
	.byte	12                      @ Abbrev [12] 0x109:0x6 DW_TAG_enumerator
	.long	.Linfo_string21         @ DW_AT_name
	.byte	13                      @ DW_AT_const_value
	.byte	12                      @ Abbrev [12] 0x10f:0x6 DW_TAG_enumerator
	.long	.Linfo_string22         @ DW_AT_name
	.byte	14                      @ DW_AT_const_value
	.byte	12                      @ Abbrev [12] 0x115:0x6 DW_TAG_enumerator
	.long	.Linfo_string23         @ DW_AT_name
	.byte	15                      @ DW_AT_const_value
	.byte	12                      @ Abbrev [12] 0x11b:0x6 DW_TAG_enumerator
	.long	.Linfo_string24         @ DW_AT_name
	.byte	16                      @ DW_AT_const_value
	.byte	12                      @ Abbrev [12] 0x121:0x6 DW_TAG_enumerator
	.long	.Linfo_string25         @ DW_AT_name
	.byte	17                      @ DW_AT_const_value
	.byte	12                      @ Abbrev [12] 0x127:0x6 DW_TAG_enumerator
	.long	.Linfo_string26         @ DW_AT_name
	.byte	18                      @ DW_AT_const_value
	.byte	12                      @ Abbrev [12] 0x12d:0x6 DW_TAG_enumerator
	.long	.Linfo_string27         @ DW_AT_name
	.byte	19                      @ DW_AT_const_value
	.byte	12                      @ Abbrev [12] 0x133:0x6 DW_TAG_enumerator
	.long	.Linfo_string28         @ DW_AT_name
	.byte	20                      @ DW_AT_const_value
	.byte	12                      @ Abbrev [12] 0x139:0x6 DW_TAG_enumerator
	.long	.Linfo_string29         @ DW_AT_name
	.byte	21                      @ DW_AT_const_value
	.byte	12                      @ Abbrev [12] 0x13f:0x6 DW_TAG_enumerator
	.long	.Linfo_string30         @ DW_AT_name
	.byte	22                      @ DW_AT_const_value
	.byte	12                      @ Abbrev [12] 0x145:0x6 DW_TAG_enumerator
	.long	.Linfo_string31         @ DW_AT_name
	.byte	23                      @ DW_AT_const_value
	.byte	12                      @ Abbrev [12] 0x14b:0x6 DW_TAG_enumerator
	.long	.Linfo_string32         @ DW_AT_name
	.byte	24                      @ DW_AT_const_value
	.byte	12                      @ Abbrev [12] 0x151:0x6 DW_TAG_enumerator
	.long	.Linfo_string33         @ DW_AT_name
	.byte	25                      @ DW_AT_const_value
	.byte	12                      @ Abbrev [12] 0x157:0x6 DW_TAG_enumerator
	.long	.Linfo_string34         @ DW_AT_name
	.byte	26                      @ DW_AT_const_value
	.byte	12                      @ Abbrev [12] 0x15d:0x6 DW_TAG_enumerator
	.long	.Linfo_string35         @ DW_AT_name
	.byte	27                      @ DW_AT_const_value
	.byte	12                      @ Abbrev [12] 0x163:0x6 DW_TAG_enumerator
	.long	.Linfo_string36         @ DW_AT_name
	.byte	28                      @ DW_AT_const_value
	.byte	12                      @ Abbrev [12] 0x169:0x6 DW_TAG_enumerator
	.long	.Linfo_string37         @ DW_AT_name
	.byte	29                      @ DW_AT_const_value
	.byte	12                      @ Abbrev [12] 0x16f:0x6 DW_TAG_enumerator
	.long	.Linfo_string38         @ DW_AT_name
	.byte	30                      @ DW_AT_const_value
	.byte	12                      @ Abbrev [12] 0x175:0x6 DW_TAG_enumerator
	.long	.Linfo_string39         @ DW_AT_name
	.byte	31                      @ DW_AT_const_value
	.byte	12                      @ Abbrev [12] 0x17b:0x6 DW_TAG_enumerator
	.long	.Linfo_string40         @ DW_AT_name
	.byte	32                      @ DW_AT_const_value
	.byte	12                      @ Abbrev [12] 0x181:0x6 DW_TAG_enumerator
	.long	.Linfo_string41         @ DW_AT_name
	.byte	33                      @ DW_AT_const_value
	.byte	12                      @ Abbrev [12] 0x187:0x6 DW_TAG_enumerator
	.long	.Linfo_string42         @ DW_AT_name
	.byte	34                      @ DW_AT_const_value
	.byte	12                      @ Abbrev [12] 0x18d:0x6 DW_TAG_enumerator
	.long	.Linfo_string43         @ DW_AT_name
	.byte	35                      @ DW_AT_const_value
	.byte	12                      @ Abbrev [12] 0x193:0x6 DW_TAG_enumerator
	.long	.Linfo_string44         @ DW_AT_name
	.byte	36                      @ DW_AT_const_value
	.byte	12                      @ Abbrev [12] 0x199:0x6 DW_TAG_enumerator
	.long	.Linfo_string45         @ DW_AT_name
	.byte	37                      @ DW_AT_const_value
	.byte	12                      @ Abbrev [12] 0x19f:0x6 DW_TAG_enumerator
	.long	.Linfo_string46         @ DW_AT_name
	.byte	38                      @ DW_AT_const_value
	.byte	12                      @ Abbrev [12] 0x1a5:0x6 DW_TAG_enumerator
	.long	.Linfo_string47         @ DW_AT_name
	.byte	39                      @ DW_AT_const_value
	.byte	12                      @ Abbrev [12] 0x1ab:0x6 DW_TAG_enumerator
	.long	.Linfo_string48         @ DW_AT_name
	.byte	40                      @ DW_AT_const_value
	.byte	12                      @ Abbrev [12] 0x1b1:0x6 DW_TAG_enumerator
	.long	.Linfo_string49         @ DW_AT_name
	.byte	41                      @ DW_AT_const_value
	.byte	12                      @ Abbrev [12] 0x1b7:0x6 DW_TAG_enumerator
	.long	.Linfo_string50         @ DW_AT_name
	.byte	42                      @ DW_AT_const_value
	.byte	12                      @ Abbrev [12] 0x1bd:0x6 DW_TAG_enumerator
	.long	.Linfo_string51         @ DW_AT_name
	.byte	43                      @ DW_AT_const_value
	.byte	12                      @ Abbrev [12] 0x1c3:0x6 DW_TAG_enumerator
	.long	.Linfo_string52         @ DW_AT_name
	.byte	44                      @ DW_AT_const_value
	.byte	12                      @ Abbrev [12] 0x1c9:0x6 DW_TAG_enumerator
	.long	.Linfo_string53         @ DW_AT_name
	.byte	45                      @ DW_AT_const_value
	.byte	12                      @ Abbrev [12] 0x1cf:0x6 DW_TAG_enumerator
	.long	.Linfo_string54         @ DW_AT_name
	.byte	46                      @ DW_AT_const_value
	.byte	12                      @ Abbrev [12] 0x1d5:0x6 DW_TAG_enumerator
	.long	.Linfo_string55         @ DW_AT_name
	.byte	47                      @ DW_AT_const_value
	.byte	12                      @ Abbrev [12] 0x1db:0x6 DW_TAG_enumerator
	.long	.Linfo_string56         @ DW_AT_name
	.byte	48                      @ DW_AT_const_value
	.byte	12                      @ Abbrev [12] 0x1e1:0x6 DW_TAG_enumerator
	.long	.Linfo_string57         @ DW_AT_name
	.byte	49                      @ DW_AT_const_value
	.byte	12                      @ Abbrev [12] 0x1e7:0x6 DW_TAG_enumerator
	.long	.Linfo_string58         @ DW_AT_name
	.byte	50                      @ DW_AT_const_value
	.byte	12                      @ Abbrev [12] 0x1ed:0x6 DW_TAG_enumerator
	.long	.Linfo_string59         @ DW_AT_name
	.byte	51                      @ DW_AT_const_value
	.byte	12                      @ Abbrev [12] 0x1f3:0x6 DW_TAG_enumerator
	.long	.Linfo_string60         @ DW_AT_name
	.byte	52                      @ DW_AT_const_value
	.byte	12                      @ Abbrev [12] 0x1f9:0x6 DW_TAG_enumerator
	.long	.Linfo_string61         @ DW_AT_name
	.byte	53                      @ DW_AT_const_value
	.byte	12                      @ Abbrev [12] 0x1ff:0x6 DW_TAG_enumerator
	.long	.Linfo_string62         @ DW_AT_name
	.byte	54                      @ DW_AT_const_value
	.byte	12                      @ Abbrev [12] 0x205:0x6 DW_TAG_enumerator
	.long	.Linfo_string63         @ DW_AT_name
	.byte	55                      @ DW_AT_const_value
	.byte	12                      @ Abbrev [12] 0x20b:0x6 DW_TAG_enumerator
	.long	.Linfo_string64         @ DW_AT_name
	.byte	56                      @ DW_AT_const_value
	.byte	12                      @ Abbrev [12] 0x211:0x6 DW_TAG_enumerator
	.long	.Linfo_string65         @ DW_AT_name
	.byte	57                      @ DW_AT_const_value
	.byte	12                      @ Abbrev [12] 0x217:0x6 DW_TAG_enumerator
	.long	.Linfo_string66         @ DW_AT_name
	.byte	58                      @ DW_AT_const_value
	.byte	12                      @ Abbrev [12] 0x21d:0x6 DW_TAG_enumerator
	.long	.Linfo_string67         @ DW_AT_name
	.byte	59                      @ DW_AT_const_value
	.byte	12                      @ Abbrev [12] 0x223:0x6 DW_TAG_enumerator
	.long	.Linfo_string68         @ DW_AT_name
	.byte	60                      @ DW_AT_const_value
	.byte	12                      @ Abbrev [12] 0x229:0x6 DW_TAG_enumerator
	.long	.Linfo_string69         @ DW_AT_name
	.byte	61                      @ DW_AT_const_value
	.byte	12                      @ Abbrev [12] 0x22f:0x6 DW_TAG_enumerator
	.long	.Linfo_string70         @ DW_AT_name
	.byte	62                      @ DW_AT_const_value
	.byte	12                      @ Abbrev [12] 0x235:0x6 DW_TAG_enumerator
	.long	.Linfo_string71         @ DW_AT_name
	.byte	63                      @ DW_AT_const_value
	.byte	12                      @ Abbrev [12] 0x23b:0x6 DW_TAG_enumerator
	.long	.Linfo_string72         @ DW_AT_name
	.byte	64                      @ DW_AT_const_value
	.byte	12                      @ Abbrev [12] 0x241:0x6 DW_TAG_enumerator
	.long	.Linfo_string73         @ DW_AT_name
	.byte	65                      @ DW_AT_const_value
	.byte	12                      @ Abbrev [12] 0x247:0x6 DW_TAG_enumerator
	.long	.Linfo_string74         @ DW_AT_name
	.byte	66                      @ DW_AT_const_value
	.byte	12                      @ Abbrev [12] 0x24d:0x6 DW_TAG_enumerator
	.long	.Linfo_string75         @ DW_AT_name
	.byte	67                      @ DW_AT_const_value
	.byte	12                      @ Abbrev [12] 0x253:0x6 DW_TAG_enumerator
	.long	.Linfo_string76         @ DW_AT_name
	.byte	68                      @ DW_AT_const_value
	.byte	12                      @ Abbrev [12] 0x259:0x6 DW_TAG_enumerator
	.long	.Linfo_string77         @ DW_AT_name
	.byte	69                      @ DW_AT_const_value
	.byte	12                      @ Abbrev [12] 0x25f:0x6 DW_TAG_enumerator
	.long	.Linfo_string78         @ DW_AT_name
	.byte	70                      @ DW_AT_const_value
	.byte	12                      @ Abbrev [12] 0x265:0x6 DW_TAG_enumerator
	.long	.Linfo_string79         @ DW_AT_name
	.byte	71                      @ DW_AT_const_value
	.byte	12                      @ Abbrev [12] 0x26b:0x6 DW_TAG_enumerator
	.long	.Linfo_string80         @ DW_AT_name
	.byte	72                      @ DW_AT_const_value
	.byte	12                      @ Abbrev [12] 0x271:0x6 DW_TAG_enumerator
	.long	.Linfo_string81         @ DW_AT_name
	.byte	73                      @ DW_AT_const_value
	.byte	12                      @ Abbrev [12] 0x277:0x6 DW_TAG_enumerator
	.long	.Linfo_string82         @ DW_AT_name
	.byte	74                      @ DW_AT_const_value
	.byte	0                       @ End Of Children Mark
	.byte	10                      @ Abbrev [10] 0x27e:0x7 DW_TAG_base_type
	.long	.Linfo_string7          @ DW_AT_name
	.byte	7                       @ DW_AT_encoding
	.byte	4                       @ DW_AT_byte_size
	.byte	6                       @ Abbrev [6] 0x285:0xb DW_TAG_typedef
	.long	656                     @ DW_AT_type
	.long	.Linfo_string98         @ DW_AT_name
	.byte	1                       @ DW_AT_decl_file
	.byte	10                      @ DW_AT_decl_line
	.byte	11                      @ Abbrev [11] 0x290:0x5b DW_TAG_enumeration_type
	.long	638                     @ DW_AT_type
	.long	.Linfo_string98         @ DW_AT_name
	.byte	4                       @ DW_AT_byte_size
	.byte	1                       @ DW_AT_decl_file
	.byte	6                       @ DW_AT_decl_line
	.byte	12                      @ Abbrev [12] 0x29c:0x6 DW_TAG_enumerator
	.long	.Linfo_string85         @ DW_AT_name
	.byte	0                       @ DW_AT_const_value
	.byte	12                      @ Abbrev [12] 0x2a2:0x6 DW_TAG_enumerator
	.long	.Linfo_string86         @ DW_AT_name
	.byte	1                       @ DW_AT_const_value
	.byte	12                      @ Abbrev [12] 0x2a8:0x6 DW_TAG_enumerator
	.long	.Linfo_string87         @ DW_AT_name
	.byte	2                       @ DW_AT_const_value
	.byte	12                      @ Abbrev [12] 0x2ae:0x6 DW_TAG_enumerator
	.long	.Linfo_string88         @ DW_AT_name
	.byte	3                       @ DW_AT_const_value
	.byte	12                      @ Abbrev [12] 0x2b4:0x6 DW_TAG_enumerator
	.long	.Linfo_string89         @ DW_AT_name
	.byte	4                       @ DW_AT_const_value
	.byte	12                      @ Abbrev [12] 0x2ba:0x6 DW_TAG_enumerator
	.long	.Linfo_string90         @ DW_AT_name
	.byte	5                       @ DW_AT_const_value
	.byte	12                      @ Abbrev [12] 0x2c0:0x6 DW_TAG_enumerator
	.long	.Linfo_string91         @ DW_AT_name
	.byte	6                       @ DW_AT_const_value
	.byte	12                      @ Abbrev [12] 0x2c6:0x6 DW_TAG_enumerator
	.long	.Linfo_string92         @ DW_AT_name
	.byte	7                       @ DW_AT_const_value
	.byte	12                      @ Abbrev [12] 0x2cc:0x6 DW_TAG_enumerator
	.long	.Linfo_string93         @ DW_AT_name
	.byte	8                       @ DW_AT_const_value
	.byte	12                      @ Abbrev [12] 0x2d2:0x6 DW_TAG_enumerator
	.long	.Linfo_string94         @ DW_AT_name
	.byte	9                       @ DW_AT_const_value
	.byte	12                      @ Abbrev [12] 0x2d8:0x6 DW_TAG_enumerator
	.long	.Linfo_string95         @ DW_AT_name
	.byte	10                      @ DW_AT_const_value
	.byte	12                      @ Abbrev [12] 0x2de:0x6 DW_TAG_enumerator
	.long	.Linfo_string96         @ DW_AT_name
	.byte	11                      @ DW_AT_const_value
	.byte	12                      @ Abbrev [12] 0x2e4:0x6 DW_TAG_enumerator
	.long	.Linfo_string97         @ DW_AT_name
	.byte	12                      @ DW_AT_const_value
	.byte	0                       @ End Of Children Mark
	.byte	10                      @ Abbrev [10] 0x2eb:0x7 DW_TAG_base_type
	.long	.Linfo_string100        @ DW_AT_name
	.byte	5                       @ DW_AT_encoding
	.byte	4                       @ DW_AT_byte_size
	.byte	13                      @ Abbrev [13] 0x2f2:0x7 DW_TAG_base_type
	.long	.Linfo_string104        @ DW_AT_name
	.byte	8                       @ DW_AT_byte_size
	.byte	7                       @ DW_AT_encoding
	.byte	0                       @ End Of Children Mark
	.section	.debug_macinfo,"",%progbits
	.byte	0                       @ End Of Macro List Mark

	.ident	"Component: ARM Compiler 6.11 Tool: armclang [5d3b4200]"
	.section	".note.GNU-stack","",%progbits
	.ARM_attribute	16, 1	@ Tag_AV_eba
	.section	.debug_line,"",%progbits
.Lline_table_start0:
