	.text
	.syntax unified
	.eabi_attribute	67, "2.09"	@ Tag_conformance
	.cpu	cortex-m7
	.eabi_attribute	6, 13	@ Tag_CPU_arch
	.eabi_attribute	7, 77	@ Tag_CPU_arch_profile
	.eabi_attribute	8, 0	@ Tag_ARM_ISA_use
	.eabi_attribute	9, 2	@ Tag_THUMB_ISA_use
	.fpu	fpv5-sp-d16
	.eabi_attribute	27, 1	@ Tag_ABI_HardFP_use
	.eabi_attribute	36, 1	@ Tag_FP_HP_extension
	.eabi_attribute	34, 1	@ Tag_CPU_unaligned_access
	.eabi_attribute	17, 1	@ Tag_ABI_PCS_GOT_use
	.eabi_attribute	20, 2	@ Tag_ABI_FP_denormal
	.eabi_attribute	21, 0	@ Tag_ABI_FP_exceptions
	.eabi_attribute	23, 1	@ Tag_ABI_FP_number_model
	.eabi_attribute	24, 1	@ Tag_ABI_align_needed
	.eabi_attribute	25, 1	@ Tag_ABI_align_preserved
	.eabi_attribute	28, 1	@ Tag_ABI_VFP_args
	.eabi_attribute	38, 1	@ Tag_ABI_FP_16bit_format
	.eabi_attribute	18, 4	@ Tag_ABI_PCS_wchar_t
	.eabi_attribute	26, 2	@ Tag_ABI_enum_size
	.eabi_attribute	14, 0	@ Tag_ABI_PCS_R9_use
	.file	"GLCD_Fonts.c"
	.file	1 "C:\\Work\\SVN\\projects\\MCU\\nes_simulator\\EmbeddedNES\\mps2_template\\example\\build\\mdk" "C:\\Program Files\\ARMCompiler6.11\\bin\\..\\include\\stdint.h"
	.file	2 "C:\\Work\\SVN\\projects\\MCU\\nes_simulator\\EmbeddedNES\\mps2_template\\example\\build\\mdk" "C:/Keil_v5/ARM/PACK/Keil/MDK-Middleware/7.7.0/Board\\Board_GLCD.h"
	.file	3 "C:\\Work\\SVN\\projects\\MCU\\nes_simulator\\EmbeddedNES\\mps2_template\\example\\build\\mdk" "../../app_platform/V2M-MPS2/Common/GLCD_Fonts.c"
	.type	.Lllvm.embedded.module,%object @ @llvm.embedded.module
	.section	.llvmbc,"a",%progbits
	.p2align	4
.Lllvm.embedded.module:
	.asciz	"BC\300\3365\024\000\000\005\000\000\000b\f0$LY\276&\357\323>-U\215\020\005\310\024\000\000!\f\000\000{\b\000\000\013\002!\000\002\000\000\000\023\000\000\000\007\201#\221A\310\004I\006\02029\222\001\204\f%\005\b\031\036\004\213b\200\020E\002B\222\013B\204\0202\0248\b\030K\n2B\210H\220\024 CF\210\245\000\0312B\004I\016\220\021\"\304PAQ\201\214\341\203\345\212\004!F\006\211 \000\000\023\000\000\0002\"\b\t d\205\004\023\"\244\204\004\023\"\343\204\241\220\024\022L\210\214\013\204\204L\0200s\004H\002\036\000\305\034\0014G\000\006\004\027ISD\t\223\377\203%\327\375\037z\266\250\230!*\262\004T\001\302\201\2009\002P\000\000\000\000\023.z@\207zh\007q\260\207;(\207vh\203p\220\207vh\003wx\007w(\2076(\207p\020\207t\330\360\006\345\320\006\355\240\007\345\320\006\360\240\007s \007z0\007r\320\006\351`\007t\240\007v@\007m`\017q \007x\240\007v@\007z\020\007r\200\007m\020\016z\000\007z0\007r\320\006\3560\007r\320\006\263`\007t\240\364\200\020!!d\310H\021\021@#\204\311\351\033\270\\/\227\353\025\206\303\277pv\230n~\313\333/\253\254\331jB\247\262\327\360\335n\277\335\257#sH\374\032\337n\372\3345\336\001\001J0HC\000\000\000\000\000\000\020\354\200\224\306\030*`\000\002@\000\000\000\bv@\027\203\f\327\020\000\000\000\000\000\000\004;\2401x\214\301\002\006 \000\004\000\000\200@b\203@a@\004\000\200,\020\000\0003\006\000\0002\036\230\024\031\021L\220\214\t&G\306\004C\232b(\210\002)\030\242\021\200\002*\360\200\"(\203\022(\004\332\002\244*@\007\212\0049\000\000\000\000\000\000\000\000\002\002\002\002\002\000\002\000\005\005\005\000\000\000\000\000\005\205\017\205\017\005\005\000\002\217\002\007\212\007\002\200\201\t\004\002\201\f\f\000\201\202\002\201\212\004\013\000\006\006\002\001\000\000\000\000\004\002\001\001\001\002\004\000\001\002\004\004\004\002\001\000\000\202\n\007\207\n\002\000\000\002\202\017\002\002\000\000\000\000\000\000\006\006\002\001\000\000\200\017\000\000\000\000\000\000\000\000\000\006\006\000\000\b\004\002\201\000\000\000\207\210\211\212\214\b\007\000\002\003\002\002\002\002\007\000\207\b\b\207\200\200\017\200\017\b\004\006\210\b\007\000\004\006\205\204\017\004\004\200\217\200\007\b\210\b\007\000\016\201\200\207\210\b\007\200\017\b\b\004\002\201\000\000\207\210\b\207\210\b\007\000\207\210\b\017\b\204\003\000\000\000\002\000\002\000\000\000\000\000\002\000\002\002\001\000\b\004\002\001\002\004\b\000\000\200\017\200\017\000\000\000\001\002\004\b\004\002\001\000\207\b\b\006\002\000\002\000\207\210\212\216\206\000\017\000\002\205\210\210\217\210\b\200\207\210\210\207\210\210\007\000\207\210\200\200\200\b\007\200\207\210\210\210\210\210\007\200\217\200\200\207\200\200\017\200\217\200\200\207\200\200\000\000\217\210\200\200\214\b\017\200\210\210\210\217\210\210\b\000\007\002\002\002\002\002\007\000\016\004\004\004\204\004\003\200\210\204\202\201\202\204\b\200\200\200\200\200\200\200\017\200\210\215\212\212\212\210\b\200\210\210\211\212\214\210\b\000\207\210\210\210\210\b\007\200\207\210\210\207\200\200\000\000\207\210\210\210\212\004\013\200\207\210\210\207\202\204\b\000\207\210\000\007\210\b\007\200\217\n\002\002\002\002\002\200\210\210\210\210\210\b\007\200\210\210\210\210\b\005\002\200\210\210\210\212\212\n\005\200\210\b\005\002\205\210\b\200\210\b\005\002\002\002\002\200\017\b\004\007\201\200\017\000\017\001\001\001\001\001\017\000\200\000\001\002\004\b\000\000\017\b\b\b\b\b\017\000\002\205\b\000\000\000\000\000\000\000\000\000\000\200\017\000\003\003\002\004\000\000\000\000\000\000\003\004\207\004\017\200\200\200\206\211\210\211\006\000\000\000\207\210\200\b\007\000\b\b\213\214\210\f\013\000\000\000\207\210\217\000\007\000\004\n\002\007\002\002\002\000\000\000\207\214\f\013\b\207\200\200\206\211\210\210\b\000\002\000\003\002\002\002\007\000\004\000\004\004\204\004\003\200\200\200\204\202\201\202\004\000\003\002\002\002\002\002\007\000\000\200\205\212\212\212\n\000\000\200\206\211\210\210\b\000\000\000\207\210\210\b\007\000\000\200\206\211\211\206\200\000\000\000\213\214\f\013\b\b\000\200\206\211\200\200\000\000\000\000\217\000\007\210\007\000\002\202\017\002\002\n\004\000\000\200\210\210\210\f\013\000\000\200\210\210\b\005\002\000\000\200\210\210\212\n\005\000\000\200\b\005\002\205\b\000\000\200\210\b\017\210\b\007\000\200\017\004\002\201\017\000\004\002\002\001\002\002\004\000\002\002\002\000\002\002\002\000\001\002\002\004\002\002\001\000\201\n\004\000\000\000\000\000\000\000\000\000\000\000\000\000\000\000\006\t\t\006\000\000\000\000\006\017\017\006\000\000\000\000\017\t\t\017\000\000\000\000\017\017\017\017\000\000\000\000\006\006\t\017\000\000\000\000\006\006\017\017\000\000\000\000\017\t\006\006\000\000\000\000\017\017\006\006\000\000\000\000\f\013\013\f\000\000\000\000\f\017\017\f\000\000\000\000\003\r\r\003\000\000\000\000\003\017\017\003\000\000\000\000\006\t\t\006\000\000\000\000\006\017\017\006\000\000\000\000\017\t\t\017\000\000\000\000\017\017\017\017\000\000\252\241\216@\000\b\204@\206:\220D \020\002!\303\202\224\244$\026\346$5\t\023D\013\000\000\000\000\000\000\000\000\000\000\000\000\000\000\000\000\000\000\000\000\000\000\000\000\000\000\000\000\000\000\000\000\000\000\000\000\000\000\000\000\000\000\000\000\000\000\000\000\000\000\300\000\300\000\300\000\300\000\300\000\300\000\300\000\300\000\300\000\300\000\300\000\300\000\300\000\000\000\000\000\300\000\300\000\000\000\000\000\000\000\000\000\000\000\000\000\000\000\000\000f\000f\000f\000f\000f\000f\000\000\000\000\000\000\000\000\000\000\000\000\000\000\000\000\000\000\000\000\000\000\000\000\000\000\000\000\000\000\000\000\000\000\000\000\000\000\000\000\000\000\000\000\0000\0060\0060\006\030\003\030\003\377\017\377\017\030\003\234\003\214\001\377\017\377\017\214\001\214\001\306\000\306\000\306\000\000\000\000\000@\000\360\001\374\007N\007F\016F\fF\000L\000\374\000\360\003@\007@\016F\fF\fN\f\\\006\370\007\360\001@\000@\000\000\000\000\000\000\000\000\000\000\000\000\000\007\214\r\206\b\206\b\203\b\203\210\201\210\201\315\000\307\000`\034`60\"0\"\030\"\030\"\f\"\f6\006\034\000\000\000\000\000\000\000\000\360\000\370\001\234\003\f\003\f\003\230\001\370\000x\000|\000\316\030\207\031\003\017\003\016\003\016\203\037\3769\370\020\000\000\000\000\000\000\000\000\000\000\000\000\000\000\000\000\006\000\006\000\006\000\006\000\006\000\006\000\000\000\000\000\000\000\000\000\000\000\000\000\000\000\000\000\000\000\000\000\000\000\000\000\000\000\000\000\000\000\000\000\000\000\000\001\200\001\300\000`\000`\0000\0000\000\030\000\030\000\030\000\030\000\030\000\030\000\030\000\030\0000\0000\000`\000`\000\300\000\200\001\000\001\000\000\000\000\020\0000\000`\000\300\000\300\000\200\001\200\001\000\003\000\003\000\003\000\003\000\003\000\003\000\003\000\003\200\001\200\001\300\000\300\000`\0000\000\020\000\000\000\000\000\000\000\000\000\000\000\000\000\000\000`\000`\000l\003\374\003\360\000\230\001\234\003\000\000\000\000\000\000\000\000\000\000\000\000\000\000\000\000\000\000\000\000\000\000\000\000\000\000\000\000\000\000\000\000\000\000\300\000\300\000\300\000\300\000\300\000\376\037\376\037\300\000\300\000\300\000\300\000\300\000\000\000\000\000\000\000\000\000\000\000\000\000\000\000\000\000\000\000\000\000\000\000\000\000\000\000\000\000\000\000\000\000\000\000\000\000\000\000\000\000\000\000\000\000\000\000\300\000\300\000\200\000\200\000@\000\000\000\000\000\000\000\000\000\000\000\000\000\000\000\000\000\000\000\000\000\000\000\000\000\000\000\000\000\360\003\360\003\000\000\000\000\000\000\000\000\000\000\000\000\000\000\000\000\000\000\000\000\000\000\000\000\000\000\000\000\000\000\000\000\000\000\000\000\000\000\000\000\000\000\000\000\000\000\000\000\000\000\000\000\000\000`\000`\000\000\000\000\000\000\000\000\000\000\000\000\000\000\006\000\006\000\003\000\003\000\003\200\001\200\001\200\001\300\001\300\000\300\000\300\000`\000`\000`\0000\0000\000\000\000\000\000\000\000\000\000\000\000\000\000\000\000\360\001\370\003\034\007\f\006\006\f\006\f\006\f\006\f\006\f\006\f\006\f\006\f\006\f\f\006\034\007\370\003\360\001\000\000\000\000\000\000\000\000\000\000\000\000\000\000\200\000\300\000\340\000\370\000\314\000\304\000\300\000\300\000\300\000\300\000\300\000\300\000\300\000\300\000\300\000\300\000\300\000\000\000\000\000\000\000\000\000\000\000\000\000\000\000\360\001\374\007\f\006\006\f\006\f\000\f\000\f\000\006\000\003\200\001\300\000`\0000\000\030\000\f\000\376\017\376\017\000\000\000\000\000\000\000\000\000\000\000\000\000\000\360\000\374\003\f\007\006\006\006\006\000\006\000\003\340\001\340\003\000\006\000\f\000\f\006\f\006\f\f\006\374\003\360\001\000\000\000\000\000\000\000\000\000\000\000\000\000\000\000\006\000\007\200\007\200\007\300\006`\0060\0060\006\030\006\f\006\006\006\376\037\376\037\000\006\000\006\000\006\000\006\000\000\000\000\000\000\000\000\000\000\000\000\000\000\374\007\374\007\f\000\f\000\006\000\366\001\376\003\016\007\000\016\000\f\000\f\000\f\006\f\016\006\f\007\374\003\360\001\000\000\000\000\000\000\000\000\000\000\000\000\000\000\340\003\370\007\034\016\f\f\f\000\006\000\346\001\366\007\036\007\016\016\006\f\006\f\006\f\f\016\034\007\370\003\360\001\000\000\000\000\000\000\000\000\000\000\000\000\000\000\376\017\376\017\000\006\000\003\000\003\200\001\300\001\300\000\340\000`\000p\0000\0000\0008\000\030\000\030\000\030\000\000\000\000\000\000\000\000\000\000\000\000\000\000\000\360\001\370\003\034\007\f\006\f\006\f\006\034\003\370\003\370\003\f\006\006\f\006\f\006\f\006\f\034\006\374\007\360\001\000\000\000\000\000\000\000\000\000\000\000\000\000\000\360\001\370\003\034\007\016\006\006\f\006\f\006\f\016\016\034\017\374\r\360\f\000\f\000\006\000\006\016\007\374\003\370\000\000\000\000\000\000\000\000\000\000\000\000\000\000\000\000\000\000\000\000\000\000\000\000\000\300\000\300\000\000\000\000\000\000\000\000\000\000\000\000\000\000\000\000\000\300\000\300\000\000\000\000\000\000\000\000\000\000\000\000\000\000\000\000\000\000\000\000\000\000\000\000\000\300\000\300\000\000\000\000\000\000\000\000\000\000\000\000\000\000\000\000\000\300\000\300\000\200\000\200\000@\000\000\000\000\000\000\000\000\000\000\000\000\000\000\000\000\000\000\000\000\000\000\000\000\b\000\016\300\007\360\001|\000\f\000|\000\360\001\300\007\000\016\000\b\000\000\000\000\000\000\000\000\000\000\000\000\000\000\000\000\000\000\000\000\000\000\000\000\000\000\374\017\000\000\000\000\000\000\374\017\000\000\000\000\000\000\000\000\000\000\000\000\000\000\000\000\000\000\000\000\000\000\000\000\000\000\000\000\000\000\000\000\000\000\000\000\000\000\004\000\034\000\370\000\340\003\200\017\000\f\200\017\340\003\370\000\034\000\004\000\000\000\000\000\000\000\000\000\000\000\000\000\360\001\374\007\f\006\006\f\006\f\000\f\000\006\000\003\200\001\300\000`\000`\000`\000\000\000\000\000`\000`\000\000\000\000\000\000\000\000\000\000\000\000\000\000\000\000\000\360\003\f\f\002\020\341\024\021\245\b\242\004\242\004\242\004\242\004\221\210\tq\006\001 \002\020\f\f\360\003\000\000\000\000\000\000\000\000\000\000\000\000\000\000\300\001\300\001`\003`\003`\0030\0060\006\030\f\030\f\030\f\374\037\374\037\0168\0060\0060\003`\003`\000\000\000\000\000\000\000\000\000\000\000\000\000\000\376\001\376\007\006\006\006\f\006\f\006\f\006\006\376\003\376\007\006\f\006\030\006\030\006\030\006\030\006\f\376\017\376\003\000\000\000\000\000\000\000\000\000\000\000\000\000\000\340\003\370\017\034\034\016\030\0068\0030\003\000\003\000\003\000\003\000\003\000\003\000\0030\0068\016\030\370\017\360\003\000\000\000\000\000\000\000\000\000\000\000\000\000\000\377\001\377\007\003\007\003\f\003\f\003\030\003\030\003\030\003\030\003\030\003\030\003\030\003\f\003\f\003\007\377\007\377\001\000\000\000\000\000\000\000\000\000\000\000\000\000\000\376\037\376\037\006\000\006\000\006\000\006\000\006\000\376\017\376\017\006\000\006\000\006\000\006\000\006\000\006\000\376\037\376\037\000\000\000\000\000\000\000\000\000\000\000\000\000\000\374\037\374\037\f\000\f\000\f\000\f\000\f\000\374\017\374\017\f\000\f\000\f\000\f\000\f\000\f\000\f\000\f\000\000\000\000\000\000\000\000\000\000\000\000\000\000\000\360\007\374\037\036<\0070\003\360\003\340\001\200\001\200\001\377\001\377\001\340\003`\003`\007`\036x\374\037\360\007\000\000\000\000\000\000\000\000\000\000\000\000\000\000\006\030\006\030\006\030\006\030\006\030\006\030\006\030\376\037\376\037\006\030\006\030\006\030\006\030\006\030\006\030\006\030\006\030\000\000\000\000\000\000\000\000\000\000\000\000\000\000\300\000\300\000\300\000\300\000\300\000\300\000\300\000\300\000\300\000\300\000\300\000\300\000\300\000\300\000\300\000\300\000\300\000\000\000\000\000\000\000\000\000\000\000\000\000\000\000\000\003\000\003\000\003\000\003\000\003\000\003\000\003\000\003\000\003\000\003\000\003\000\003\f\003\f\003\234\003\370\001\360\000\000\000\000\000\000\000\000\000\000\000\000\000\000\000\003\030\003\f\003\006\003\003\203\001\303\000c\0003\000;\000o\000\307\000\203\001\003\003\003\006\003\f\003\030\0030\000\000\000\000\000\000\000\000\000\000\000\000\000\000\f\000\f\000\f\000\f\000\f\000\f\000\f\000\f\000\f\000\f\000\f\000\f\000\f\000\f\000\f\000\374\017\374\017\000\000\000\000\000\000\000\000\000\000\000\000\000\000\007p\017x\017x\017x\033l\033l\033l\033l3f3f3fcccccccc\303a\303a\000\000\000\000\000\000\000\000\000\000\000\000\000\000\006\030\016\030\036\030\036\0306\0306\030f\030f\030\306\030\206\031\206\031\006\033\006\033\006\036\006\036\006\034\006\030\000\000\000\000\000\000\000\000\000\000\000\000\000\000\360\003\374\017\016\034\0078\003\260\001\340\001\340\001\340\001\340\001\340\001\340\001`\0030\0078\016\034\374\017\360\003\000\000\000\000\000\000\000\000\000\000\000\000\000\000\376\007\376\017\006\034\006\030\006\030\006\030\006\030\006\f\376\017\376\003\006\000\006\000\006\000\006\000\006\000\006\000\006\000\000\000\000\000\000\000\000\000\000\000\000\000\000\000\360\003\374\017\016\034\0078\003\260\001\360\001\340\001\340\001\340\001\340\001\340\003p\2031\207\037\016\036\374\037\360{\000`\000\000\000\000\000\000\000\000\000\000\000\000\377\007\377\017\003\034\003\030\003\030\003\030\003\034\377\017\377\003\203\001\003\003\003\006\003\f\003\f\003\030\003\030\0030\000\000\000\000\000\000\000\000\000\000\000\000\000\000\360\001\374\007\016\006\006\f\006\f\006\000\016\000\374\001\360\007\000\017\000\034\003\030\003\030\007\030\016\016\374\007\360\003\000\000\000\000\000\000\000\000\000\000\000\000\000\000\377?\377?\300\000\300\000\300\000\300\000\300\000\300\000\300\000\300\000\300\000\300\000\300\000\300\000\300\000\300\000\300\000\000\000\000\000\000\000\000\000\000\000\000\000\000\000\006\030\006\030\006\030\006\030\006\030\006\030\006\030\006\030\006\030\006\030\006\030\006\030\006\030\006\030\f\f\374\017\360\003\000\000\000\000\000\000\000\000\000\000\000\000\000\200\0010\003\030\003\030\003\030\006\f\006\f\006\f\f\006\f\006\034\007\030\003\030\003\270\003\260\001\260\001\340\000\340\000\000\000\000\000\000\000\000\000\000\000\000\000\000\200\001\260\341\260\341\260\3410\263\031\263\031\263\031\263\031\263\031\263\031\266\r\266\r\266\r\026\r\036\017\034\007\034\007\000\000\000\000\000\000\000\000\000\000\000\000\000\200\007p\0068\f\030\030\f8\0060\007\340\003\300\001\300\001\340\001p\0038\006\030\016\f\f\006\030\007\260\003p\000\000\000\000\000\000\000\000\000\000\000\000\000\200\001`\0030\006\030\016\034\034\f\030\0060\003\360\003\340\001\300\000\300\000\300\000\300\000\300\000\300\000\300\000\300\000\000\000\000\000\000\000\000\000\000\000\000\000\000\000\376?\376?\0000\000\030\000\f\000\006\000\003\200\001\300\000`\0000\000\030\000\f\000\006\000\003\000\377?\377?\000\000\000\000\000\000\000\000\000\000\000\000\000\000\360\001\360\0010\0000\0000\0000\0000\0000\0000\0000\0000\0000\0000\0000\0000\0000\0000\0000\0000\0000\000\360\001\360\001\000\000\000\000\030\000\030\0000\0000\0000\000`\000`\000`\000\340\000\300\000\300\000\300\000\200\001\200\001\200\001\000\003\000\003\000\000\000\000\000\000\000\000\000\000\000\000\000\000\360\001\360\001\200\001\200\001\200\001\200\001\200\001\200\001\200\001\200\001\200\001\200\001\200\001\200\001\200\001\200\001\200\001\200\001\200\001\200\001\360\001\360\001\000\000\000\000\000\000\340\000\340\000\260\001\260\001\260\001\030\003\030\003\f\006\f\006\000\000\000\000\000\000\000\000\000\000\000\000\000\000\000\000\000\000\000\000\000\000\000\000\000\000\000\000\000\000\000\000\000\000\000\000\000\000\000\000\000\000\000\000\000\000\000\000\000\000\000\000\000\000\000\000\000\000\000\200\377\377\377\177\000\000\000\000\000\000\000\000\000\000\000\000\006\000\006\000\006\000\006\000\006\000\006\000\000\000\000\000\000\000\000\000\000\000\000\000\000\000\000\000\000\000\000\000\000\000\000\000\000\000\000\000\000\000\000\000\000\000\000\000\000\000\000\000\000\000\000\000\000\000\370\001\374\003\016\006\006\006\200\007\370\007|\006\006\006\006\006\216\007\374\007x\f\000\000\000\000\000\000\000\000\000\000\000\000\000\000\f\000\f\000\f\000\f\000\f\000\354\001\374\007\034\006\f\f\f\f\f\f\f\f\f\f\f\f\034\006\374\007\354\001\000\000\000\000\000\000\000\000\000\000\000\000\000\000\000\000\000\000\000\000\000\000\000\000\340\001\370\003\030\007\f\006\f\000\f\000\f\000\f\000\f\006\030\007\370\003\340\001\000\000\000\000\000\000\000\000\000\000\000\000\000\000\000\f\000\f\000\f\000\f\000\f\340\r\370\017\030\016\f\f\f\f\f\f\f\f\f\f\f\f\030\016\370\017\340\r\000\000\000\000\000\000\000\000\000\000\000\000\000\000\000\000\000\000\000\000\000\000\000\000\340\001\370\007\030\006\f\f\374\017\374\017\f\000\f\000\034\f\030\016\370\007\340\003\000\000\000\000\000\000\000\000\000\000\000\000\000\000\300\007\340\007`\000`\000`\000\370\003\370\003`\000`\000`\000`\000`\000`\000`\000`\000`\000`\000\000\000\000\000\000\000\000\000\000\000\000\000\000\000\000\000\000\000\000\000\000\000\000\000\360\006\374\007\f\007\006\006\006\006\006\006\006\006\006\006\006\006\f\007\374\007\360\006\000\006\006\006\016\003\374\003\370\000\000\000\000\000\f\000\f\000\f\000\f\000\f\000\354\003\374\007\034\016\f\f\f\f\f\f\f\f\f\f\f\f\f\f\f\f\f\f\000\000\000\000\000\000\000\000\000\000\000\000\000\000`\000`\000\000\000\000\000\000\000`\000`\000`\000`\000`\000`\000`\000`\000`\000`\000`\000`\000\000\000\000\000\000\000\000\000\000\000\000\000\000\000`\000`\000\000\000\000\000\000\000`\000`\000`\000`\000`\000`\000`\000`\000`\000`\000`\000`\000`\000`\000`\000|\000<\000\000\000\000\000\006\000\006\000\006\000\006\000\006\000\006\006\006\003\206\001\306\000f\0006\000~\000\316\000\306\001\206\001\006\003\006\006\000\000\000\000\000\000\000\000\000\000\000\000\000\000`\000`\000`\000`\000`\000`\000`\000`\000`\000`\000`\000`\000`\000`\000`\000`\000`\000\000\000\000\000\000\000\000\000\000\000\000\000\000\000\000\000\000\000\000\000\000\000\000\000>\236\177\277\343\361\301\340\301\340\301\340\301\340\301\340\301\340\301\340\301\340\301`\000\000\000\000\000\000\000\000\000\000\000\000\000\000\000\000\000\000\000\000\000\000\000\000\314\003\374\007\034\016\f\f\f\f\f\f\f\f\f\f\f\f\f\f\f\f\f\f\000\000\000\000\000\000\000\000\000\000\000\000\000\000\000\000\000\000\000\000\000\000\000\000\340\001\370\007\030\006\f\f\f\f\f\f\f\f\f\f\f\f\030\006\370\007\340\001\000\000\000\000\000\000\000\000\000\000\000\000\000\000\000\000\000\000\000\000\000\000\000\000\354\001\374\007\034\006\f\f\f\f\f\f\f\f\f\f\f\f\034\006\374\007\354\001\f\000\f\000\f\000\f\000\f\000\000\000\000\000\000\000\000\000\000\000\000\000\000\000\340\r\370\017\030\016\f\f\f\f\f\f\f\f\f\f\f\f\030\016\370\017\340\r\000\f\000\f\000\f\000\f\000\f\000\000\000\000\000\000\000\000\000\000\000\000\000\000\330\003\370\0018\000\030\000\030\000\030\000\030\000\030\000\030\000\030\000\030\000\030\000\000\000\000\000\000\000\000\000\000\000\000\000\000\000\000\000\000\000\000\000\000\000\000\000\360\001\370\001\034\007\f\006\034\000\370\001\340\003\000\006\f\006\034\007\370\003\360\001\000\000\000\000\000\000\000\000\000\000\000\000\000\000\000\000@\000`\000`\000`\000\370\003\370\003`\000`\000`\000`\000`\000`\000`\000`\000\340\003\300\003\000\000\000\000\000\000\000\000\000\000\000\000\000\000\000\000\000\000\000\000\000\000\000\000\f\f\f\f\f\f\f\f\f\f\f\f\f\f\f\f\f\f\034\016\370\017\360\f\000\000\000\000\000\000\000\000\000\000\000\000\000\000\000\000\000\000\000\000\000\000\000\000\006\f\f\006\f\006\f\006\030\003\030\003\030\003\260\001\260\001\260\001\340\000\340\000\000\000\000\000\000\000\000\000\000\000\000\000\000\000\000\000\000\000\000\000\000\000\000\200\340\240\340\240\341\260\261\261\261\261\2611\033\033\033\033\033\033\016\016\016\016\016\016\000\000\000\000\000\000\000\000\000\000\000\000\000\000\000\000\000\000\000\000\000\000\000\000\016\034\034\016\030\0060\003\340\001\340\001\340\001\340\0010\003\030\006\034\016\016\034\000\000\000\000\000\000\000\000\000\000\000\000\000\000\000\000\000\000\000\000\000\000\000\000\f\030\030\f\030\f8\f0\0060\006p\006`\003`\003\300\001\300\001\300\001\300\000\300\000\340\000x\0008\000\000\000\000\000\000\000\000\000\000\000\000\000\000\000\376\017\376\017\000\006\000\003\200\001\300\000`\0000\000\030\000\f\000\376\017\376\017\000\000\000\000\000\000\000\000\000\000\000\000\000\000\200\001\300\000`\000`\000`\000`\000`\000`\0000\0000\000\030\0000\000 \000`\000`\000`\000`\000`\000`\000\300\000\200\001\000\000\000\000\000\000\300\000\300\000\300\000\300\000\300\000\300\000\300\000\300\000\300\000\300\000\300\000\300\000\300\000\300\000\300\000\300\000\300\000\300\000\300\000\300\000\300\000\300\000\000\000\000\0000\000`\000\340\000\300\000\300\000\300\000\300\000\300\000\200\001\200\001\000\003\200\001\200\000\300\000\300\000\300\000\300\000\300\000\300\000`\0000\000\000\000\000\000\000\000\000\000\000\000\000\000\000\000\000\000\000\000\000\000x\b\374\017\204\007\000\000\000\000\000\000\000\000\000\000\000\000\000\000\000\000\000\000\000\000\000\000\000\000\000\000\000\000\000\000\000\000\000\000\000\000\000\000\000\000\000\000\000\000\000\000\000\000\000\000\000\000\000\000\000\000\000\000\000\000\000\000\000\000\000\000\000\000\000\000\000\000\000\000\000\000\000\000\000\000\000\000\000\000\340\001\030\006\004\b\002\020\002\020\001 \001 \001 \001 \001 \002\020\002\020\004\b\030\006\340\001\000\000\000\000\000\000\000\000\000\000\000\000\000\000\000\000\000\000\340\001\370\007\374\017\376\037\376\037\377?\377?\377?\377?\377?\376\037\376\037\374\017\370\007\340\001\000\000\000\000\000\000\000\000\000\000\000\000\000\000\000\000\000\000\000\000\000\000\360\003\370\007\f\f\f\f\f\f\f\f\f\f\f\f\370\007\360\003\000\000\000\000\000\000\000\000\000\000\000\000\000\000\000\000\000\000\000\000\000\000\000\000\000\000\000\000\360\003\370\007\374\017\374\017\374\017\374\017\374\017\374\017\370\007\360\003\000\000\000\000\000\000\000\000\000\000\000\000\000\000\000\000\000\000\000\000\000\000\000\000\000\000\000\000\000\000\000\000\000\000\000\000\000\000\300\000\340\0010\003\030\006\f\f\f\f\374\017\374\017\000\000\000\000\000\000\000\000\000\000\000\000\000\000\000\000\000\000\000\000\000\000\000\000\000\000\000\000\000\000\000\000\300\000\340\001\360\003\370\007\374\017\374\017\374\017\374\017\000\000\000\000\000\000\000\000\000\000\000\000\000\000\000\000\374\017\374\017\f\f\f\f\030\0060\003\340\001\300\000\000\000\000\000\000\000\000\000\000\000\000\000\000\000\000\000\000\000\000\000\000\000\000\000\000\000\000\000\000\000\000\000\374\017\374\017\374\017\374\017\370\007\360\003\340\001\300\000\000\000\000\000\000\000\000\000\000\000\000\000\000\000\000\000\000\000\000\000\000\000\000\000\000\000\000\000\000\000\000\000\000\000\000\000\000\000\360\000\370\000\314\000\306\000\303\000\303\000\306\000\314\000\370\000\360\000\000\000\000\000\000\000\000\000\000\000\000\000\000\000\000\000\000\000\000\000\000\000\000\000\000\000\000\000\360\000\370\000\374\000\376\000\377\000\377\000\376\000\374\000\370\000\360\000\000\000\000\000\000\000\000\000\000\000\000\000\000\000\000\000\000\000\000\000\000\000\000\000\000\000\000\000\300\003\300\007\300\f\300\030\3000\3000\300\030\300\f\300\007\300\003\000\000\000\000\000\000\000\000\000\000\000\000\000\000\000\000\000\000\000\000\000\000\000\000\000\000\000\000\300\003\300\007\300\017\300\037\300?\300?\300\037\300\017\300\007\300\003\000\000\000\000\000\000\000\000\000\000\000\000\000\000\000\000\340\000\020\001\020\001\240\000\030\003\004\004\004\004\004\004\004\004\004\004\004\004\004\004\020\001\020\001\020\001\020\001\020\001\020\001\020\001\020\001\020\001\020\001\000\000\000\000\340\000\360\001\360\001\340\000\370\003\354\006\354\006\354\006\354\006\354\006\354\006\354\006\260\001\260\001\260\001\260\001\260\001\260\001\260\001\260\001\260\001\260\001\000\000\000\000\340\000\020\001\020\001\240\000\030\003\004\004\004\004\004\004\002\b\001\020\001\020\240\000\020\001\020\001\b\002\004\004\004\004\002\b\002\b\002\020\002 \000\000\000\000\000\000\340\000\360\001\360\001\340\000\370\003\354\006\354\006\354\006\346\f\343\030\3410\340\000\260\001\260\0018\003\034\006\f\006\006\f\006\f\006\030\0060\000\000\000\000\000\000\000\261\030\000\000t\000\000\0003\b\200\034\304\341\034f\024\001=\210C8\204\303\214B\200\007yx\007s\230q\f\346\000\017\355\020\016\364\200\0163\fB\036\302\301\035\316\241\034f0\005=\210C8\204\203\033\314\003=\310C=\214\003=\314x\214tp\007{\b\007yH\207pp\007zp\003vx\207p \207\031\314\021\016\354\220\016\3410\017n0\017\343\360\016\360P\0163\020\304\035\336!\034\330!\035\302a\036f0\211;\274\203;\320C9\264\003<\274\203<\204\003;\314\360\024v`\007{h\0077h\207rh\0077\200\207p\220\207p`\007v(\007v\370\005vx\207w\200\207_\b\207q\030\207r\230\207y\230\201,\356\360\016\356\340\016\365\300\016\3540\003b\310\241\034\344\241\034\314\241\034\344\241\034\334a\034\312!\034\304\201\035\312a\006\326\220C9\310C9\230C9\310C9\270\3038\224C8\210\003;\224\303/\274\203<\374\202;\324\003;\260\303\f\307i\207pX\207rp\203th\007x`\207t\030\207t\240\207\031\316S\017\356\000\017\362P\016\344\220\016\343@\017\341 \016\354P\0163 (\035\334\301\036\302A\036\322!\034\334\201\036\334\340\034\344\341\035\352\001\036f\030Q8\260C:\234\203;\314P$v`\007{h\0077`\207wx\007x\230QL\364\220\017\360P\0163\036j\036\312a\034\350!\035\336\301\035~\001\036\344\241\034\314!\035\360a\006T\205\2038\314\303;\260C=\320C9\374\302<\344C;\210\303;\260\303\214\305\n\207y\230\207w\030\207t\b\007z(\007r\230\201\\\343\020\016\354\300\016\345P\016\3630#\301\322A\036\344\341\027\330\341\035\336\001\036\000\000\000\000y \000\000G\001\000\000b\036H C\210\f\0319\031$\220\221@\306\310\310h\"P\b\0242\236\030\031!G\310\220Q\354\270y\002\000o \013v\300\274\001\036\034\215\362\200B\242\024\210c\030\bS\030M#)\215$\001\000../../app_platform/V2M-MPS2/Common\\GLCD_Fonts.cC:\\Work\\SVN\\projects\\MCU\\nes_simulator\\EmbeddedNES\\mps2_template\\example\\build\\mdkComponent: ARM Compiler 6.11 Tool: armclang [5d3b4200]Font_16x24_h../../app_platform/V2M-MPS2/Common/GLCD_Fonts.cC:\\Program Files\\ARMCompiler6.11\\bin\\..\\include\\stdint.huint8_tunsigned charFont_6x8_hGLCD_Font_16x24C:/Keil_v5/ARM/PACK/Keil/MDK-Middleware/7.7.0/Board\\Board_GLCD.hGLCD_FONT_GLCD_FONTwidthuint16_tunsigned shortheightoffsetuint32_tunsigned intcountbitmapGLCD_Font_6x8Dwarf VersionDebug Info Versionwchar_sizestatic_rwdataenumsize_buildattrarmlib_unavailable\000\346\355\000\000\000\000\000\0000\202\260<#\b\0134\202@,#\b\0043\202@4#\b\2043\202@ \2631\203\032\020\300\034\244\210\036\004\001\000\000\2631\203\032$\300\034\220A\037\004\001\000\000#E\303\324\370A\032\000\000H\000\000\260\n\000\000\000\300l\314\240\006\n0\007\270\005\n@\000\000\300l\314\240\006\0270\007\257\005\n@\000\000\300PS\300\254\301\020\000\000\020\260\001\000\310\001\000\000\001 \fT\000\201\000\0003\000\323\005\306\224\301\000\244A\033L\031\f\000\032\264\301\224\301\000\230A\033L\031\f@\031\264\301\f\204\033\274\001\034\304\301@\005P\b\0000P\001\030\002\000\314s\000d\200 \000\002L\324\000\326A\007~\000\324\001\000\000\000\000L\324\000f\000\000\000`\007\000\000\000\0000\315 x\300\f\001\036\214\024\t\001\000\000\300\035\200\240\032\000\000\220\007\000\000\000\3004\203\360\0013\004{0R$\004\000\000\000w\000\202\007\000\000|\000\000\000\000\fT\000\213\000\000\0235\200\031\000\000\000\234\001\000\000\000\000L\324\000\026\343\007o\000\374\001\000\000\000\000\314s\000d\000A\300\001L\324\000\326C\007\177\000\204\002\000\000\000\000L\324\000\215\343\007jp\006\242\000\001\000\000\000\0235@\023\371\301\032\234\201(@\000\004\000\300<\007@\006\024\030\000\0070Q\003X\023\035\200\002P\n\000\000\000\0000Q\0034\222\037\260\301\031\230\002\030\000`\000\000\300D\r\320T~\320\006g`\n`\000\200\002\000\000\0235\300\003\000\000p\007`\000\000\000\000L\324\000\215\345\007np\006\251\000\006\0008\000\0000C1\n\244p\n\250\240\n3\f`\200\205\301\f\003\030da0\303 \006\332\030\3140\210\301&\0063\fb\300\201\301\f\203\030td0C0\\\035\000\034\307q\034\307\301\003<\270\004<\300\003M\270\001d\321\001\035\320\001\035\200\202\033\270\001(\300\203:\210\001G\023b\300\271\204\033\250\003<\200\002<\330\203=\230\002<\210\204H\250\203H\260\202\033\270\201\033\270\201\033\270\201\214\004&(\02766\2736\0272\2613\227\261\272Q\2024\310\210\215\315\256\315\245\355\215\254\216\255\314\305\214-\354ln\024c\025X\241\025\\\341\025`!\02566\2736\2274\26227\272Q\202X\0302\030\000\340\r\206\f\206\000h\203!\203A\000\340`\310`\030\0007\000\251\030\000\000\023\000\000\000\013\nr(\207w\200\007zXp\230C=\270\3038\260C9\320\303\202\346\034\306\241\r\350A\036\302\301\035\346!\035\350!\035\336\301\035\026(\342P\016\346\360\016\362P\016\351\340\016\363@\017\013\222p0\007z(\007yH\007w\230\007z\000\321\020\000\000\006\000\000\000\007\314<\244\203;\234\003;\224\003=\240\203<\224C8\220\303\001\000\000\000q \000\000\002\000\000\0002\016\020\"\004\000\000\000\000\000\000\000e\f\000\000/\000\000\000\022\003\224p\001\000\000\000\001\000\000\0002\000\000\000\b\000\000\000D\000\000\000\001\000\000\000P\000\000\000\000\000\000\000P\000\000\000\004\000\000\000\260\000\000\000\000\000\000\000:\000\000\000\027\000\000\000Q\000\000\000/\000\000\000\200\000\000\000\000\000\000\000\000\000\000\000\004\000\000\000\000\000\000\000\000\000\000\000\n\000\000\000\000\000\000\000\n\000\000\000\377\377\377\377\000\000\000\000\n\000\000\000\r\000\000\000\n\000\000\000\r\000\000\000\377\377\377\377\001\004\000\000\027\000\000\000\f\000\000\000\027\000\000\000\f\000\000\000\377\377\377\377\000\000\000\000#\000\000\000\017\000\000\000#\000\000\000\017\000\000\000\377\377\377\377\001\004\000\000\000\000\000\000]\f\000\000#\000\000\000\022\003\224 \001\000\000\000Font_6x8_hGLCD_Font_6x8Font_16x24_hGLCD_Font_16x248.0.0svnthumbv7em-arm-none-eabi../../app_platform/V2M-MPS2/Common/GLCD_Fonts.c\000\000\000"
	.size	.Lllvm.embedded.module, 9068

	.section	.debug_str,"MS",%progbits,1
.Linfo_string0:
	.asciz	"Component: ARM Compiler 6.11 Tool: armclang [5d3b4200]" @ string offset=0
.Linfo_string1:
	.asciz	"../../app_platform/V2M-MPS2/Common\\GLCD_Fonts.c" @ string offset=55
.Linfo_string2:
	.asciz	"C:\\Work\\SVN\\projects\\MCU\\nes_simulator\\EmbeddedNES\\mps2_template\\example\\build\\mdk" @ string offset=103
.Linfo_string3:
	.asciz	"GLCD_Font_6x8"         @ string offset=186
.Linfo_string4:
	.asciz	"width"                 @ string offset=200
.Linfo_string5:
	.asciz	"unsigned short"        @ string offset=206
.Linfo_string6:
	.asciz	"uint16_t"              @ string offset=221
.Linfo_string7:
	.asciz	"height"                @ string offset=230
.Linfo_string8:
	.asciz	"offset"                @ string offset=237
.Linfo_string9:
	.asciz	"unsigned int"          @ string offset=244
.Linfo_string10:
	.asciz	"uint32_t"              @ string offset=257
.Linfo_string11:
	.asciz	"count"                 @ string offset=266
.Linfo_string12:
	.asciz	"bitmap"                @ string offset=272
.Linfo_string13:
	.asciz	"unsigned char"         @ string offset=279
.Linfo_string14:
	.asciz	"uint8_t"               @ string offset=293
.Linfo_string15:
	.asciz	"_GLCD_FONT"            @ string offset=301
.Linfo_string16:
	.asciz	"GLCD_FONT"             @ string offset=312
.Linfo_string17:
	.asciz	"GLCD_Font_16x24"       @ string offset=322
.Linfo_string18:
	.asciz	"Font_6x8_h"            @ string offset=338
.Linfo_string19:
	.asciz	"__ARRAY_SIZE_TYPE__"   @ string offset=349
.Linfo_string20:
	.asciz	"Font_16x24_h"          @ string offset=369
	.section	.debug_abbrev,"",%progbits
	.byte	1                       @ Abbreviation Code
	.byte	17                      @ DW_TAG_compile_unit
	.byte	1                       @ DW_CHILDREN_yes
	.byte	37                      @ DW_AT_producer
	.byte	14                      @ DW_FORM_strp
	.byte	19                      @ DW_AT_language
	.byte	5                       @ DW_FORM_data2
	.byte	3                       @ DW_AT_name
	.byte	14                      @ DW_FORM_strp
	.byte	16                      @ DW_AT_stmt_list
	.byte	6                       @ DW_FORM_data4
	.byte	27                      @ DW_AT_comp_dir
	.byte	14                      @ DW_FORM_strp
	.byte	0                       @ EOM(1)
	.byte	0                       @ EOM(2)
	.byte	2                       @ Abbreviation Code
	.byte	52                      @ DW_TAG_variable
	.byte	0                       @ DW_CHILDREN_no
	.byte	3                       @ DW_AT_name
	.byte	14                      @ DW_FORM_strp
	.byte	73                      @ DW_AT_type
	.byte	19                      @ DW_FORM_ref4
	.byte	63                      @ DW_AT_external
	.byte	12                      @ DW_FORM_flag
	.byte	58                      @ DW_AT_decl_file
	.byte	11                      @ DW_FORM_data1
	.byte	59                      @ DW_AT_decl_line
	.byte	5                       @ DW_FORM_data2
	.byte	0                       @ EOM(1)
	.byte	0                       @ EOM(2)
	.byte	3                       @ Abbreviation Code
	.byte	22                      @ DW_TAG_typedef
	.byte	0                       @ DW_CHILDREN_no
	.byte	73                      @ DW_AT_type
	.byte	19                      @ DW_FORM_ref4
	.byte	3                       @ DW_AT_name
	.byte	14                      @ DW_FORM_strp
	.byte	58                      @ DW_AT_decl_file
	.byte	11                      @ DW_FORM_data1
	.byte	59                      @ DW_AT_decl_line
	.byte	11                      @ DW_FORM_data1
	.byte	0                       @ EOM(1)
	.byte	0                       @ EOM(2)
	.byte	4                       @ Abbreviation Code
	.byte	38                      @ DW_TAG_const_type
	.byte	0                       @ DW_CHILDREN_no
	.byte	73                      @ DW_AT_type
	.byte	19                      @ DW_FORM_ref4
	.byte	0                       @ EOM(1)
	.byte	0                       @ EOM(2)
	.byte	5                       @ Abbreviation Code
	.byte	19                      @ DW_TAG_structure_type
	.byte	1                       @ DW_CHILDREN_yes
	.byte	3                       @ DW_AT_name
	.byte	14                      @ DW_FORM_strp
	.byte	11                      @ DW_AT_byte_size
	.byte	11                      @ DW_FORM_data1
	.byte	58                      @ DW_AT_decl_file
	.byte	11                      @ DW_FORM_data1
	.byte	59                      @ DW_AT_decl_line
	.byte	11                      @ DW_FORM_data1
	.byte	0                       @ EOM(1)
	.byte	0                       @ EOM(2)
	.byte	6                       @ Abbreviation Code
	.byte	13                      @ DW_TAG_member
	.byte	0                       @ DW_CHILDREN_no
	.byte	3                       @ DW_AT_name
	.byte	14                      @ DW_FORM_strp
	.byte	73                      @ DW_AT_type
	.byte	19                      @ DW_FORM_ref4
	.byte	58                      @ DW_AT_decl_file
	.byte	11                      @ DW_FORM_data1
	.byte	59                      @ DW_AT_decl_line
	.byte	11                      @ DW_FORM_data1
	.byte	56                      @ DW_AT_data_member_location
	.byte	11                      @ DW_FORM_data1
	.byte	0                       @ EOM(1)
	.byte	0                       @ EOM(2)
	.byte	7                       @ Abbreviation Code
	.byte	36                      @ DW_TAG_base_type
	.byte	0                       @ DW_CHILDREN_no
	.byte	3                       @ DW_AT_name
	.byte	14                      @ DW_FORM_strp
	.byte	62                      @ DW_AT_encoding
	.byte	11                      @ DW_FORM_data1
	.byte	11                      @ DW_AT_byte_size
	.byte	11                      @ DW_FORM_data1
	.byte	0                       @ EOM(1)
	.byte	0                       @ EOM(2)
	.byte	8                       @ Abbreviation Code
	.byte	15                      @ DW_TAG_pointer_type
	.byte	0                       @ DW_CHILDREN_no
	.byte	73                      @ DW_AT_type
	.byte	19                      @ DW_FORM_ref4
	.byte	0                       @ EOM(1)
	.byte	0                       @ EOM(2)
	.byte	9                       @ Abbreviation Code
	.byte	52                      @ DW_TAG_variable
	.byte	0                       @ DW_CHILDREN_no
	.byte	3                       @ DW_AT_name
	.byte	14                      @ DW_FORM_strp
	.byte	73                      @ DW_AT_type
	.byte	19                      @ DW_FORM_ref4
	.byte	58                      @ DW_AT_decl_file
	.byte	11                      @ DW_FORM_data1
	.byte	59                      @ DW_AT_decl_line
	.byte	11                      @ DW_FORM_data1
	.byte	0                       @ EOM(1)
	.byte	0                       @ EOM(2)
	.byte	10                      @ Abbreviation Code
	.byte	1                       @ DW_TAG_array_type
	.byte	1                       @ DW_CHILDREN_yes
	.byte	73                      @ DW_AT_type
	.byte	19                      @ DW_FORM_ref4
	.byte	0                       @ EOM(1)
	.byte	0                       @ EOM(2)
	.byte	11                      @ Abbreviation Code
	.byte	33                      @ DW_TAG_subrange_type
	.byte	0                       @ DW_CHILDREN_no
	.byte	73                      @ DW_AT_type
	.byte	19                      @ DW_FORM_ref4
	.byte	55                      @ DW_AT_count
	.byte	5                       @ DW_FORM_data2
	.byte	0                       @ EOM(1)
	.byte	0                       @ EOM(2)
	.byte	12                      @ Abbreviation Code
	.byte	36                      @ DW_TAG_base_type
	.byte	0                       @ DW_CHILDREN_no
	.byte	3                       @ DW_AT_name
	.byte	14                      @ DW_FORM_strp
	.byte	11                      @ DW_AT_byte_size
	.byte	11                      @ DW_FORM_data1
	.byte	62                      @ DW_AT_encoding
	.byte	11                      @ DW_FORM_data1
	.byte	0                       @ EOM(1)
	.byte	0                       @ EOM(2)
	.byte	13                      @ Abbreviation Code
	.byte	52                      @ DW_TAG_variable
	.byte	0                       @ DW_CHILDREN_no
	.byte	3                       @ DW_AT_name
	.byte	14                      @ DW_FORM_strp
	.byte	73                      @ DW_AT_type
	.byte	19                      @ DW_FORM_ref4
	.byte	58                      @ DW_AT_decl_file
	.byte	11                      @ DW_FORM_data1
	.byte	59                      @ DW_AT_decl_line
	.byte	5                       @ DW_FORM_data2
	.byte	0                       @ EOM(1)
	.byte	0                       @ EOM(2)
	.byte	0                       @ EOM(3)
	.section	.debug_info,"",%progbits
.Lcu_begin0:
	.long	258                     @ Length of Unit
	.short	3                       @ DWARF version number
	.long	.debug_abbrev           @ Offset Into Abbrev. Section
	.byte	4                       @ Address Size (in bytes)
	.byte	1                       @ Abbrev [1] 0xb:0xfb DW_TAG_compile_unit
	.long	.Linfo_string0          @ DW_AT_producer
	.short	12                      @ DW_AT_language
	.long	.Linfo_string1          @ DW_AT_name
	.long	.Lline_table_start0     @ DW_AT_stmt_list
	.long	.Linfo_string2          @ DW_AT_comp_dir
	.byte	2                       @ Abbrev [2] 0x1e:0xd DW_TAG_variable
	.long	.Linfo_string3          @ DW_AT_name
	.long	43                      @ DW_AT_type
	.byte	1                       @ DW_AT_external
	.byte	3                       @ DW_AT_decl_file
	.short	719                     @ DW_AT_decl_line
	.byte	3                       @ Abbrev [3] 0x2b:0xb DW_TAG_typedef
	.long	54                      @ DW_AT_type
	.long	.Linfo_string16         @ DW_AT_name
	.byte	2                       @ DW_AT_decl_file
	.byte	47                      @ DW_AT_decl_line
	.byte	4                       @ Abbrev [4] 0x36:0x5 DW_TAG_const_type
	.long	59                      @ DW_AT_type
	.byte	5                       @ Abbrev [5] 0x3b:0x45 DW_TAG_structure_type
	.long	.Linfo_string15         @ DW_AT_name
	.byte	16                      @ DW_AT_byte_size
	.byte	2                       @ DW_AT_decl_file
	.byte	41                      @ DW_AT_decl_line
	.byte	6                       @ Abbrev [6] 0x43:0xc DW_TAG_member
	.long	.Linfo_string4          @ DW_AT_name
	.long	128                     @ DW_AT_type
	.byte	2                       @ DW_AT_decl_file
	.byte	42                      @ DW_AT_decl_line
	.byte	0                       @ DW_AT_data_member_location
	.byte	6                       @ Abbrev [6] 0x4f:0xc DW_TAG_member
	.long	.Linfo_string7          @ DW_AT_name
	.long	128                     @ DW_AT_type
	.byte	2                       @ DW_AT_decl_file
	.byte	43                      @ DW_AT_decl_line
	.byte	2                       @ DW_AT_data_member_location
	.byte	6                       @ Abbrev [6] 0x5b:0xc DW_TAG_member
	.long	.Linfo_string8          @ DW_AT_name
	.long	146                     @ DW_AT_type
	.byte	2                       @ DW_AT_decl_file
	.byte	44                      @ DW_AT_decl_line
	.byte	4                       @ DW_AT_data_member_location
	.byte	6                       @ Abbrev [6] 0x67:0xc DW_TAG_member
	.long	.Linfo_string11         @ DW_AT_name
	.long	146                     @ DW_AT_type
	.byte	2                       @ DW_AT_decl_file
	.byte	45                      @ DW_AT_decl_line
	.byte	8                       @ DW_AT_data_member_location
	.byte	6                       @ Abbrev [6] 0x73:0xc DW_TAG_member
	.long	.Linfo_string12         @ DW_AT_name
	.long	164                     @ DW_AT_type
	.byte	2                       @ DW_AT_decl_file
	.byte	46                      @ DW_AT_decl_line
	.byte	12                      @ DW_AT_data_member_location
	.byte	0                       @ End Of Children Mark
	.byte	3                       @ Abbrev [3] 0x80:0xb DW_TAG_typedef
	.long	139                     @ DW_AT_type
	.long	.Linfo_string6          @ DW_AT_name
	.byte	1                       @ DW_AT_decl_file
	.byte	63                      @ DW_AT_decl_line
	.byte	7                       @ Abbrev [7] 0x8b:0x7 DW_TAG_base_type
	.long	.Linfo_string5          @ DW_AT_name
	.byte	7                       @ DW_AT_encoding
	.byte	2                       @ DW_AT_byte_size
	.byte	3                       @ Abbrev [3] 0x92:0xb DW_TAG_typedef
	.long	157                     @ DW_AT_type
	.long	.Linfo_string10         @ DW_AT_name
	.byte	1                       @ DW_AT_decl_file
	.byte	64                      @ DW_AT_decl_line
	.byte	7                       @ Abbrev [7] 0x9d:0x7 DW_TAG_base_type
	.long	.Linfo_string9          @ DW_AT_name
	.byte	7                       @ DW_AT_encoding
	.byte	4                       @ DW_AT_byte_size
	.byte	8                       @ Abbrev [8] 0xa4:0x5 DW_TAG_pointer_type
	.long	169                     @ DW_AT_type
	.byte	4                       @ Abbrev [4] 0xa9:0x5 DW_TAG_const_type
	.long	174                     @ DW_AT_type
	.byte	3                       @ Abbrev [3] 0xae:0xb DW_TAG_typedef
	.long	185                     @ DW_AT_type
	.long	.Linfo_string14         @ DW_AT_name
	.byte	1                       @ DW_AT_decl_file
	.byte	62                      @ DW_AT_decl_line
	.byte	7                       @ Abbrev [7] 0xb9:0x7 DW_TAG_base_type
	.long	.Linfo_string13         @ DW_AT_name
	.byte	8                       @ DW_AT_encoding
	.byte	1                       @ DW_AT_byte_size
	.byte	2                       @ Abbrev [2] 0xc0:0xd DW_TAG_variable
	.long	.Linfo_string17         @ DW_AT_name
	.long	43                      @ DW_AT_type
	.byte	1                       @ DW_AT_external
	.byte	3                       @ DW_AT_decl_file
	.short	728                     @ DW_AT_decl_line
	.byte	9                       @ Abbrev [9] 0xcd:0xb DW_TAG_variable
	.long	.Linfo_string18         @ DW_AT_name
	.long	216                     @ DW_AT_type
	.byte	3                       @ DW_AT_decl_file
	.byte	36                      @ DW_AT_decl_line
	.byte	10                      @ Abbrev [10] 0xd8:0xd DW_TAG_array_type
	.long	169                     @ DW_AT_type
	.byte	11                      @ Abbrev [11] 0xdd:0x7 DW_TAG_subrange_type
	.long	229                     @ DW_AT_type
	.short	896                     @ DW_AT_count
	.byte	0                       @ End Of Children Mark
	.byte	12                      @ Abbrev [12] 0xe5:0x7 DW_TAG_base_type
	.long	.Linfo_string19         @ DW_AT_name
	.byte	8                       @ DW_AT_byte_size
	.byte	7                       @ DW_AT_encoding
	.byte	13                      @ Abbrev [13] 0xec:0xc DW_TAG_variable
	.long	.Linfo_string20         @ DW_AT_name
	.long	248                     @ DW_AT_type
	.byte	3                       @ DW_AT_decl_file
	.short	265                     @ DW_AT_decl_line
	.byte	10                      @ Abbrev [10] 0xf8:0xd DW_TAG_array_type
	.long	169                     @ DW_AT_type
	.byte	11                      @ Abbrev [11] 0xfd:0x7 DW_TAG_subrange_type
	.long	229                     @ DW_AT_type
	.short	5376                    @ DW_AT_count
	.byte	0                       @ End Of Children Mark
	.byte	0                       @ End Of Children Mark
	.section	.debug_macinfo,"",%progbits
	.byte	0                       @ End Of Macro List Mark

	.ident	"Component: ARM Compiler 6.11 Tool: armclang [5d3b4200]"
	.section	".note.GNU-stack","",%progbits
	.ARM_attribute	16, 1	@ Tag_AV_eba
	.section	.debug_line,"",%progbits
.Lline_table_start0:
