	.text
	.syntax unified
	.eabi_attribute	67, "2.09"	@ Tag_conformance
	.cpu	cortex-m7
	.eabi_attribute	6, 13	@ Tag_CPU_arch
	.eabi_attribute	7, 77	@ Tag_CPU_arch_profile
	.eabi_attribute	8, 0	@ Tag_ARM_ISA_use
	.eabi_attribute	9, 2	@ Tag_THUMB_ISA_use
	.fpu	fpv5-sp-d16
	.eabi_attribute	27, 1	@ Tag_ABI_HardFP_use
	.eabi_attribute	36, 1	@ Tag_FP_HP_extension
	.eabi_attribute	34, 1	@ Tag_CPU_unaligned_access
	.eabi_attribute	17, 1	@ Tag_ABI_PCS_GOT_use
	.eabi_attribute	20, 2	@ Tag_ABI_FP_denormal
	.eabi_attribute	21, 0	@ Tag_ABI_FP_exceptions
	.eabi_attribute	23, 1	@ Tag_ABI_FP_number_model
	.eabi_attribute	24, 1	@ Tag_ABI_align_needed
	.eabi_attribute	25, 1	@ Tag_ABI_align_preserved
	.eabi_attribute	28, 1	@ Tag_ABI_VFP_args
	.eabi_attribute	38, 1	@ Tag_ABI_FP_16bit_format
	.eabi_attribute	18, 4	@ Tag_ABI_PCS_wchar_t
	.eabi_attribute	26, 2	@ Tag_ABI_enum_size
	.eabi_attribute	14, 0	@ Tag_ABI_PCS_R9_use
	.file	"retarget_io.c"
	.file	1 "C:\\Work\\SVN\\projects\\MCU\\nes_simulator\\EmbeddedNES\\mps2_template\\example\\build\\mdk" "C:/Keil_v5/ARM/PACK/Keil/ARM_Compiler/1.5.0/Source/retarget_io.c"
	.type	.Lllvm.embedded.module,%object @ @llvm.embedded.module
	.section	.llvmbc,"a",%progbits
	.p2align	4
.Lllvm.embedded.module:
	.asciz	"BC\300\3365\024\000\000\005\000\000\000b\f0$LY\276&\357\323>-U\215\020\005\310\024\000\000!\f\000\000y\b\000\000\013\002!\000\002\000\000\000\023\000\000\000\007\201#\221A\310\004I\006\02029\222\001\204\f%\005\b\031\036\004\213b\200\030E\002B\222\013B\304\0202\0248\b\030K\n2b\210H\220\024 CF\210\245\000\0312B\004I\016\220\021#\304PAQ\201\214\341\203\345\212\0041F\006Q\030\000\000\257\003\000\000\033N(\370\377\377\377\377\001\220\210qx\007y\220\207r\030\007z`\207|h\003yx\207zp\007r(\007rh\003rH\007{H\007r(\2076\230\207x\220\007zh\003s\200\2076h\207p\240\007t\000\314!\034\330a\036\312\001 \310\241\034\334\341\035\344\241\035\302\201\035\332\300\034\340\241\r\332!\034\350\001\035\000x\220\207r\230\207r\220\007{(\2076\230\207t8\007w\000\brH\207y\b\007q`\207rh\003z\b\207t`\2076\030\207p`\007v\230\007\300\034\302\201\035\346\241\034\000\202\035\312a\036\346\241\r\340A\036\312a\034\322a\036\312\241\r\314\001\036\332!\034\310\0010\207p`\207y(\007\200p\207wh\003s\220\207ph\207rh\003xx\207tp\007z(\007yh\203r`\207th\007\300\034\302\201\035\346\241\034\000\302\035\336\241\r\322\301\035\314a\036\332\300\034\340\241\r\332!\034\350\001\035\000z\220\207z(\007\200p\207wh\003u\250\207v\200\2076\240\207p\020\007v(\207y\000\314!\034\330a\036\312\001 \334\341\035\332\300\035\302\301\035\346\241\r\314\001\036\332\240\035\302\201\036\320\001\240\007y\250\207r\000\bwx\2076\230\207t8\007w(\007rh\003}(\007yx\207yh\003s\200\2076h\207p\240\007t\000\350A\036\352\241\034\000\302\035\336\241\r\350A\036\302\001\036\340!\035\334\341\034\332\240\035\302\201\036\320\001\240\007y\250\207r\000\210y\240\207p\030\207uh\003x\220\207w\240\207r\030\007zx\007yh\003q\250\007s0\207r\220\2076\230\207t\320\207r\000\360\000 \350!\034\344\341\034\312\201\036\332`\034\340\241\036\200qx\007y\240\207r\300\2076h\207;\000\bz\b\007y8\207r\240\20760\207r\b\007z\250\007y(\207y\000\326 \034\344\241\035\354\341\016\312\241\r\332\201\r\326\200\034\342\300\016\330`\r\310a\036\340\201\r\326\300\034\340\241\r\302A\036\332\301\036\360\200\r\326\300\034\340\241\r\336\301\035\330!\037\332`\036\340\201\r\326\000\035\356\201\034\322\301\036\330`\r\350\001\035\352\241\035\304\241\r\332\341\035\310\241\034\330\240\r\306A\036\306\201\r\332`\034\344!\037\340\201\036\336\201\r\332\200\034\336\201\036\340A\036\336\201\034\330\240\r\314\001\036\342\300\016\314\241\035\330\201\r\332\300\034\352\201\035\330\301\034\340!\016\354\200\r\332\000\035\356\201\034\322\301\036\332 \034\344\241\035\330\240\r\334\241\034\336\301\035\330\240\r\344!\034\346\001 \352\301\035\346!\034\314\241\034\332\300\034\340\241\r\332!\034\350\001\035\000s\b\007v\230\207r\000\210z\230\207rh\203yx\007s\240\20760\007vx\207p\240\007\300\034\302\201\035\346\241\034\200\r\204 \000g\260\001\031\376\377\377\377\177\000$\200\002\352`\303\373\020\377\377\377\377?\020\343\360\016\362 \017\3450\016\364\300\016\371\320\006\362\360\016\365\340\016\344P\016\344\320\006\344\220\016\366\220\016\344P\016m0\017\361 \017\364\320\006\346\000\017m\320\016\341@\017\350\000\230C8\260\303<\224\003@\220C9\270\303;\310C;\204\003;\264\2019\300C\033\264C8\320\003:\000\360 \017\3450\017\345 \017\366P\016m0\017\351p\016\356\000\020\344\220\016\363\020\016\342\300\016\345\320\006\364\020\016\351\300\016m0\016\341\300\016\3540\017\2009\204\003;\314C9\000\004;\224\303<\314C\033\300\203<\224\3038\244\303<\224C\033\230\003<\264C8\220\003`\016\341\300\016\363P\016\000\341\016\357\320\006\346 \017\341\320\016\345\320\006\360\360\016\351\340\016\364P\016\362\320\006\345\300\016\351\320\016\2009\204\003;\314C9\000\204;\274C\033\244\203;\230\303<\264\2019\300C\033\264C8\320\003:\000\364 \017\365P\016\000\341\016\357\320\006\356\020\016\3560\017m`\016\360\320\006\355\020\016\364\200\016\000=\310C=\224\003@\270\303;\264\301<\244\3039\270C9\220C\033\350C9\310\303;\314C\033\230\003<\264A;\204\003=\240\003@\017\362P\017\345\000\020\356\360\016m@\017\362\020\016\360\000\017\351\340\016\347\320\006\355\020\016\364\200\016\000=\310C=\224\003@\314\003=\204\3038\254C\033\300\203<\274\003=\224\3038\320\303;\310C\033\210C=\230\2039\224\203<\264\301<\244\203>\224\003\200\007\000A\017\341 \017\347P\016\364\320\006\343\000\017\365\000\214\303;\310\003=\224\003>\264A;\334\001@\320C8\310\3039\224\003=\264\2019\224C8\320C=\310C9\314\003\260\006\341 \017\355`\017wP\016m\320\016l\260\006\344\020\007v\300\006k@\016\363\000\017l\260\006\346\000\017m\020\016\362\320\016\366\200\007l\260\006\346\000\017m\360\016\356\300\016\371\320\006\363\000\017l\260\006\350p\017\344\220\016\366\300\006k@\017\350P\017\355 \016m\320\016\357@\016\345\300\006m0\016\3620\016l\320\006\343 \017\371\000\017\364\360\016l\320\006\344\360\016\364\000\017\362\360\016\344\300\006m`\016\360\020\007v`\016\355\300\016l\320\006\346P\017\354\300\016\346\000\017q`\007l\320\006\350p\017\344\220\016\366\320\006\341 \017\355\300\006m\340\016\345\360\016\356\300\006m \017\3410\017\000Q\017\3560\017\341`\016\345\320\006\346\000\017m\320\016\341@\017\350\000\230C8\260\303<\224\003@\324\303<\224C\033\314\303;\230\003=\264\2019\260\303;\204\003=\000\346\020\016\3540\017\345\000l \212\0008\203\r\206\361\377\377\377\377\003\320\006\200\264\2018\004`\331\220B\310\377\377\377\377\017@\004H\3048\274\203<\310C9\214\003=\260C>\264\201<\274C=\270\0039\224\0039\264\0019\244\203=\244\0039\224C\033\314C<\310\003=\264\2019\300C\033\264C8\320\003:\000\346\020\016\3540\017\345\000\020\344P\016\356\360\016\362\320\016\341\300\016m`\016\360\320\006\355\020\016\364\200\016\000<\310C9\314C9\310\203=\224C\033\314C:\234\203;\000\0049\244\303<\204\2038\260C9\264\001=\204C:\260C\033\214C8\260\003;\314\003`\016\341\300\016\363P\016\000\301\016\3450\017\363\320\006\360 \017\3450\016\3510\017\345\320\006\346\000\017\355\020\016\344\000\230C8\260\303<\224\003@\270\303;\264\2019\310C8\264C9\264\001<\274C:\270\003=\224\203<\264A9\260C:\264\003`\016\341\300\016\363P\016\000\341\016\357\320\006\351\340\016\3460\017m`\016\360\320\006\355\020\016\364\200\016\000=\310C=\224\003@\270\303;\264\201:\324C;\300C\033\320C8\210\003;\224\303<\000\346\020\016\3540\017\345\000\020\356\360\016m\340\016\341\340\016\363\320\006\346\000\017m\320\016\341@\017\350\000\320\203<\324C9\000\204;\274C\033\314C:\234\203;\224\0039\264\201>\224\203<\274\303<\264\2019\300C\033\264C8\320\003:\000\364 \017\365P\016\000\341\016\357\320\006\364 \017\341\000\017\360\220\016\356p\016m\320\016\341@\017\350\000\320\203<\324C9\000\304<\320C8\214\303:\264\001<\310\303;\320C9\214\003=\274\203<\264\2018\324\2039\230C9\310C\033\314C:\350C9\000x\000\020\364\020\016\362p\016\345@\017m0\016\360P\017\3008\274\203<\320C9\340C\033\264\303\035\000\004=\204\203<\234C9\320C\033\230C9\204\003=\324\203<\224\303<\000k\020\016\362\320\016\366p\007\345\320\006\355\300\006k@\016q`\007l\260\006\3440\017\360\300\006k`\016\360\320\006\341 \017\355`\017x\300\006k`\016\360\320\006\357\340\016\354\220\017m0\017\360\300\006k\200\016\367@\016\351`\017l\260\006\364\200\016\365\320\016\342\320\006\355\360\016\344P\016l\320\006\343 \017\343\300\006m0\016\362\220\017\360@\017\357\300\006m@\016\357@\017\360 \017\357@\016l\320\006\346\000\017q`\007\346\320\016\354\300\006m`\016\365\300\016\354`\016\360\020\007v\300\006m\200\016\367@\016\351`\017m\020\016\362\320\016l\320\006\356P\016\357\340\016l\320\006\362\020\016\363\000\020\365\340\016\363\020\016\346P\016m`\016\360\320\006\355\020\016\364\200\016\2009\204\003;\314C9\000D=\314C9\264\301<\274\2039\320C\033\230\003;\274C8\320\003`\016\341\300\016\363P\016\300\206\370I\376\377\377\377\177\000$b\034\336A\036\344\241\034\306\201\036\330!\037\332@\036\336\241\036\334\201\034\312\201\034\332\200\034\322\301\036\322\201\034\312\241\r\346!\036\344\201\036\332\300\034\340\241\r\332!\034\350\001\035\000s\b\007v\230\207r\000\br(\007wx\007yh\207p`\20760\007xh\203v\b\007z@\007\000\036\344\241\034\346\241\034\344\301\036\312\241\r\346!\035\316\301\035\000\202\034\322a\036\302A\034\330\241\034\332\200\036\302!\035\330\241\r\306!\034\330\201\035\346\0010\207p`\207y(\007\200`\207r\230\207yh\003x\220\207r\030\207t\230\207rh\003s\200\207v\b\007r\000\314!\034\330a\036\312\001 \334\341\035\332\300\034\344!\034\332\241\034\332\000\036\336!\035\334\201\036\312A\036\332\240\034\330!\035\332\0010\207p`\207y(\007\200p\207wh\203tp\007s\230\20760\007xh\203v\b\007z@\007\200\036\344\241\036\312\001 \334\341\035\332\300\035\302\301\035\346\241\r\314\001\036\332\240\035\302\201\036\320\001\240\007y\250\207r\000\bwx\2076\230\207t8\007w(\007rh\003}(\007yx\207yh\003s\200\2076h\207p\240\007t\000\350A\036\352\241\034\000\302\035\336\241\r\350A\036\302\001\036\340!\035\334\341\034\332\240\035\302\201\036\320\001\240\007y\250\207r\000\210y\240\207p\030\207uh\003x\220\207w\240\207r\030\007zx\007yh\003q\250\007s0\207r\220\2076\230\207t\320\207r\000\360\000 \350!\034\344\341\034\312\201\036\332`\034\340\241\036\200qx\007y\240\207r\300\2076h\207;\000\bz\b\007y8\207r\240\20760\207r\b\007z\250\007y(\207y\000\326 \034\344\241\035\354\341\016\312\241\r\332\201\r\326\200\034\342\300\016\330`\r\310a\036\340\201\r\326\300\034\340\241\r\302A\036\332\301\036\360\200\r\326\300\034\340\241\r\336\301\035\330!\037\332`\036\340\201\r\326\000\035\356\201\034\322\301\036\330`\r\350\001\035\352\241\035\304\241\r\332\341\035\310\241\034\330\240\r\306A\036\306\201\r\332`\034\344!\037\340\201\036\336\201\r\332\200\034\336\201\036\340A\036\336\201\034\330\240\r\314\001\036\342\300\016\314\241\035\330\201\r\332\300\034\352\201\035\330\301\034\340!\016\354\200\r\332\000\035\356\201\034\322\301\036\332 \034\344\241\035\330\240\r\334\241\034\336\301\035\330\240\r\344!\034\346\001 \352\301\035\346!\034\314\241\034\332\300\034\340\241\r\332!\034\350\001\035\000s\b\007v\230\207r\000\210z\230\207rh\203yx\007s\240\20760\007vx\207p\240\007\300\034\302\201\035\346\241\034\200\r\206\022\000\013PmX\241\345\377\377\377\377\007\000\016\200\b\220\210qx\007y\220\207r\030\007z`\207|h\003yx\207zp\007r(\007rh\003rH\007{H\007r(\2076\230\207x\220\007zh\003s\200\2076h\207p\240\007t\000\314!\034\330a\036\312\001 \310\241\034\334\341\035\344\241\035\302\201\035\332\300\034\340\241\r\332!\034\350\001\035\000x\220\207r\230\207r\220\007{(\2076\230\207t8\007w\000\brH\207y\b\007q`\207rh\003z\b\207t`\2076\030\207p`\007v\230\007\300\034\302\201\035\346\241\034\000\202\035\312a\036\346\241\r\340A\036\312a\034\322a\036\312\241\r\314\001\036\332!\034\310\0010\207p`\207y(\007\200p\207wh\003s\220\207ph\207rh\003xx\207tp\007z(\007yh\203r`\207th\007\300\034\302\201\035\346\241\034\000\302\035\336\241\r\322\301\035\314a\036\332\300\034\340\241\r\332!\034\350\001\035\000z\220\207z(\007\200p\207wh\003u\250\207v\200\2076\240\207p\020\007v(\207y\000\314!\034\330a\036\312\001 \334\341\035\332\300\035\302\301\035\346\241\r\314\001\036\332\240\035\302\201\036\320\001\240\007y\250\207r\000\bwx\2076\230\207t8\007w(\007rh\003}(\007yx\207yh\003s\200\2076h\207p\240\007t\000\350A\036\352\241\034\000\302\035\336\241\r\350A\036\302\001\036\340!\035\334\341\034\332\240\035\302\201\036\320\001\240\007y\250\207r\000\210y\240\207p\030\207uh\003x\220\207w\240\207r\030\007zx\007yh\003q\250\007s0\207r\220\2076\230\207t\320\207r\000\360\000 \350!\034\344\341\034\312\201\036\332`\034\340\241\036\200qx\007y\240\207r\300\2076h\207;\000\bz\b\007y8\207r\240\20760\207r\b\007z\250\007y(\207y\000\326 \034\344\241\035\354\341\016\312\241\r\332\201\r\326\200\034\342\300\016\330`\r\310a\036\340\201\r\326\300\034\340\241\r\302A\036\332\301\036\360\200\r\326\300\034\340\241\r\336\301\035\330!\037\332`\036\340\201\r\326\000\035\356\201\034\322\301\036\330`\r\350\001\035\352\241\035\304\241\r\332\341\035\310\241\034\330\240\r\306A\036\306\201\r\332`\034\344!\037\340\201\036\336\201\r\332\200\034\336\201\036\340A\036\336\201\034\330\240\r\314\001\036\342\300\016\314\241\035\330\201\r\332\300\034\352\201\035\330\301\034\340!\016\354\200\r\332\000\035\356\201\034\322\301\036\332 \034\344\241\035\330\240\r\334\241\034\336\301\035\330\240\r\344!\034\346\001 \352\301\035\346!\034\314\241\034\332\300\034\340\241\r\332!\034\350\001\035\000s\b\007v\230\207r\000\210z\230\207rh\203yx\007s\240\20760\007vx\207p\240\007\300\034\302\201\035\346\241\034\200\r\004\363\377\377\377\377\003 m \232\000X6\020\016\001,\033\210\207\000\316`\203\001\375\377\377\377\377\000D\200\004\000\000I\030\000\000\r\000\000\000\023\204@\230\020\f\023\002b\202\020\024\023\004\343\230\020\004\023\006\244\020&\f\211rL\b\226\t\003\3238\023\002f\202\300\b\023\202g\302\300\024\302\204\000\002\000\000\000\211 \000\000#\000\000\0002\"\210\t d\205\004\023#\244\204\004\023#\343\204\241\220\024\022L\214\214\013\204\304L\020\240\301\034\001\030\314\021 \t\025\234B5\210\323\370@\3434H\000\204k\244)\242\204\311\377\377O,=\024\fD\314\021\004d\020\220\027\001%\211\020\320R\006\000(\250\031\001\030\b(\304\003A\020EE\000\000\232\212\000\024T\315\021\200\002\005ex.\214\262\022\000\264\025\342\3010\200\2722\000XA_\t\036\nK\001`\000P\3208\005\220\f\001\231\000\023.z@\207zh\007q\260\207;(\207vh\203p\220\207vh\003wx\007w(\2076(\207p\020\207t\330\360\006\345\320\006\355\240\007\345\320\006\360\240\007s \007z0\007r\320\006\351`\007t\240\007v@\007m`\017q \007x\240\007v@\007z\020\007r\200\007m\020\016z\000\007z0\007r\320\006\3560\007r\320\006\263`\007t\240\364\200\020!!d\310H\021\021@#\204\311)(\fu\257e9\315\376\332k\257\240\264\371\202\006\207\313\327\262\234f\277\202\322\346w\370n\303\323\354\262\374\025s\325\\\260\327\364]\227\217\313/y\231\036\226\237\313\364o\372\355\032\357\200\000\204\020\000`\000\000\000\000\000\000\bv@\310A\b\0000\000\000\000\000\000\000\004;\240\2071\204m\030\000\000\b\000\000\000\202\035\320\246\000B5\f\000\000\004\000\000\000\301\016\250\f\210d\370\222\000\000\200\000\000\000 \330\001\245\001B\b\0000\000\000\000\000\000\000\004;\24080\226\001\f\222\000\000\200\000\000\000 \330\001\335\201\261\fa\220\004\000\000\004\000\000\000\301\220\251\017\212\206\024\000(\000\200\000\020\000\000\000\200\000\0302\211\002\024\001\001 \000\000\000\000\000\000\000\000\000\f\231d\301\231H!\000\006\000\000\000\001\000\000\000\b\200!\0238\024\025)\000\020\001\000\001 \000\000\000\000\0010d*\007,\003\002\240\000\000\000\000\000\000\000\000\000\0302\365C\263\221B\000\f\000\000\000\002\000\000\000\020\000C&\225X*R\000 \003\000\002@\000\000\000\000\002`\310T\023NG\n\000t\000@\000\b\000\000\000@\000\f\231\306\242\370H!\000\020\000\000\000\001\000\000\000\b\200!\023Z\024a@\n\000\224\000@\000\b\000\000\000@\000\f\231\332\302\211\200\000\020\000\000\000\000\000\000\000\000\000\206L{a\214\001\020\000\n\000\000\200\000\000\000\000\000\200\304\006\201\302z\b\000\000Y \000\000\023\000\000\0002\036\230\030\031\021L\220\214\t&G\306\004C\002j\240\b\312\240\004\na\004\200\214\021\000\272\n5`\004\2400(QK\245R\201\302\363yYNO\277\335 s8\315.\223u Z\364`\201\314iv\031\244\007\013\304N\273\313 \000\000\261\030\000\000t\000\000\0003\b\200\034\304\341\034f\024\001=\210C8\204\303\214B\200\007yx\007s\230q\f\346\000\017\355\020\016\364\200\0163\fB\036\302\301\035\316\241\034f0\005=\210C8\204\203\033\314\003=\310C=\214\003=\314x\214tp\007{\b\007yH\207pp\007zp\003vx\207p \207\031\314\021\016\354\220\016\3410\017n0\017\343\360\016\360P\0163\020\304\035\336!\034\330!\035\302a\036f0\211;\274\203;\320C9\264\003<\274\203<\204\003;\314\360\024v`\007{h\0077h\207rh\0077\200\207p\220\207p`\007v(\007v\370\005vx\207w\200\207_\b\207q\030\207r\230\207y\230\201,\356\360\016\356\340\016\365\300\016\3540\003b\310\241\034\344\241\034\314\241\034\344\241\034\334a\034\312!\034\304\201\035\312a\006\326\220C9\310C9\230C9\310C9\270\3038\224C8\210\003;\224\303/\274\203<\374\202;\324\003;\260\303\f\307i\207pX\207rp\203th\007x`\207t\030\207t\240\207\031\316S\017\356\000\017\362P\016\344\220\016\343@\017\341 \016\354P\0163 (\035\334\301\036\302A\036\322!\034\334\201\036\334\340\034\344\341\035\352\001\036f\030Q8\260C:\234\203;\314P$v`\007{h\0077`\207wx\007x\230QL\364\220\017\360P\0163\036j\036\312a\034\350!\035\336\301\035~\001\036\344\241\034\314!\035\360a\006T\205\2038\314\303;\260C=\320C9\374\302<\344C;\210\303;\260\303\214\305\n\207y\230\207w\030\207t\b\007z(\007r\230\201\\\343\020\016\354\300\016\345P\016\3630#\301\322A\036\344\341\027\330\341\035\336\001\036\000\000\000\000y \000\000\017\001\000\000b\036H C\210\f\0319\031$\220\221@\306\310\310h\"P\b\0242\236\030\031!G\310\220Q\30407\002\000\240 \013v\240\200\302\3004\222\322H\322\035\020F\003!\013a<\021\000\000C:/Keil_v5/ARM/PACK/Keil/ARM_Compiler/1.5.0/Source\\retarget_io.cC:\\Work\\SVN\\projects\\MCU\\nes_simulator\\EmbeddedNES\\mps2_template\\example\\build\\mdkComponent: ARM Compiler 6.11 Tool: armclang [5d3b4200]getchar_chC:/Keil_v5/ARM/PACK/Keil/ARM_Compiler/1.5.0/Source/retarget_io.cintgetchar_undoDwarf VersionDebug Info Versionwchar_sizestatic_rwdataenumsize_buildattrarmlib_unavailableC:\\Program Files\\ARMCompiler6.11\\bin\\..\\include\\stdio.hFILE__FILE__FILE_opaque__FILE_alignmentlong int__FILE_sizecharstreamomnipotent charSimple C/C++ TBAA\000\000\246\253\000\000\000\000\000\0000\202\000T#\b\2005\202\000\\#\b\0006\202\000d#\b\3276\202pq\2631\203\030\020\300\032\360\006\033\004\001\000\000\2631\203\030\034\300\032\354\006\033\004\001\000\000CM\001S\006C\000\000@`\006\000\240\006\000\000\004\2000R4\\\200\035\340\003\031\000`\005\000\200(\000\000\000\000#E\303\004\331\301=\000\000X\001\000\240\007\000\000\000\300@\005\020\b\0000\0030]`L\031\f@\030\234\301\224\301\000\200\301\031\314 \240A\032\fT\000\205\000\000\363\034\000\031\030`\000\024\300\fC\206h3\fY\242\3150l\n7\303\260-\333\f\303\306d3\f[\323\315\020\f\323%\206\001\005\036\004\210\301OL\031\f@\030\320\301@\005\340\b\0000Q\003X\217\035\260\003@\006\000\000\000\0000Q\003<\000\000\000w\000\006\000\000\000\300D\r\320Dv\360\017d0\006`\005\000\000\000\314\020\344\301<\007@\006\023\030\000\0050Q\0034\222\035\344\303\030\354\001\030\000\000\000\000\363\034\000\031T\b\200\000\323\f\202\007\314\020\370\301H\221\020\000\000\000\364\001X\001\000\360\007\000\000\000\300D\r\320Pv\320\017c\000\n`\005\000\000\000\314 \360A(\314 \260\001\036\314D\b\300(\0003\004\330\f\303U\n\337\271\001\300q\034\307q\034<\300\003M\320\204K\270\001d\321\001\035\240\201\033\230\202\030\210\201\030\210\201\030\210\201%\013t\340\006\360\240\016\374\300\231\002?\200\202\030p(\301\017h\200\006n`\311H`\202rac\263ks!\023;s\031\253\033%\b\203\214\330\330\354\332\\\332\336\310\352\330\312\\\314\330\302\316\346F1\330\240\r\334\340\r\340 \016Rac\263ksI#+s\243\033%\220\203!\203A\000\350`\310`\030\0004\000\251\030\000\000\023\000\000\000\013\nr(\207w\200\007zXp\230C=\270\3038\260C9\320\303\202\346\034\306\241\r\350A\036\302\301\035\346!\035\350!\035\336\301\035\026(\342P\016\346\360\016\362P\016\351\340\016\363@\017\013\222p0\007z(\007yH\007w\230\007z\000\321\020\000\000\006\000\000\000\007\314<\244\203;\234\003;\224\003=\240\203<\224C8\220\303\001\000\000\000a \000\000E\000\000\000\023\004C<\f\000\000\000\034\000\000\000\"G\310\220Q\n\204\002E\000\000\000fputcc\000\000\253\252a\rN\001X\003\367h\005 p\017\000\000@$\020\003\000\200\005\000\230U\004\251\260\006\365q\314*\002UX\203\372\3406\fl\300\006x\260\211\020\000V\000\306%B*\240\302\032\270\007\033\004\0000.\021R\301Z\003\367\300\003\001\0006\b\256\360\n\023\004 \f&\b\205\030\000\000\000#\006\007\000\202`\020E\263\377\377\377?\330\376\377\377\377\320\377\377\377\377\303\214\001\341\036P*\000#\006\007\000\202`\020E\262\377\377\377?\324\376\377\377\377\320\377\377\377\377\303\214\001\341\036Z*\000\303\r\301\030\200\301\214\001Q\037\216*\000\263\f\201\020\314\030\020\365q\244\0020bP,)\t\006\2236\314\030\020\371\321\254\0020K \314\030\020\371Q\254\0020P\001\b\201\030\0003\006\004\000\244\002\220\301\214\001q\"A*\000\0011\002\000\000\000[\004\000\025\000\000\000\000\000\000\000\000a \000\000e\000\000\000\023\004E<\f\000\000\000 \000\000\000\"G\310\220Q\n\304\002\205\000\000\000fgetcch\000\253\252a\rN\001X\203\033!\005 \270\021\000\000@$\020\003\000\200\005\000\230U\004\251\260\006;r\314*\002UX\203\035\331f\025\301*\254\001\217$\263\212\200\025\326\200G\256q\211\220\n\326\032\334\b\036\004\0000.\021R\001\025\326 G\330\000\000\200\r\202+\274\302\206\3010\205o\303\020\013\261\360M\020\2120\230 \000d0A\000\312\000#\006\007\000\202`\020A\260\377\377\377?\324\376\377\377\377\300\377\377\377\377\303\214\001q#S*\000\303\rA\030\200\301\214\001\261#\216*\000\263\f\001\021\314\030\020;r\244\002@a`\214Y\006a\bf\f\b\036IV\001\2400\000\306\214\001\321#L+\000#\006\007\000\202`\020M\262\377\377\377?\334\376\377\377\377\360\377\377\377\377\303\214\001\221#G*\000\303\006\204\030D\0030c@\370\210\324\n\300\260\0011\006\313\000\314\022\0203\006\004\230\034\255\000\214\030\020KJ\202\301\206\315\030\020b\242\254\0020bp\000 \b\006\021%\373\377\377\377\003\356\377\377\377\017\300\214\001\221#G*\000\303\006\304\030\004\0030c@\230\t\264\n\300,\0011c@\234I\261\n\300@\007@\b\302@\006\300\214\001\001\000\251\000d0c@\270I\220\n@@\f\000\000\000\005\000\000\000[\004\000\025\266\fE\020\013[\206#\210\205-\003\023\304\002\000\000\000\000\000a \000\000B\000\000\000\023\004C,\020\000\000\000\001\000\000\000d\324\000\000\3610\000\000\031\000\000\000\"G\310\220Q\006\304\003\013\000\000\000__backspace\000\253\252a\rN\001X\203?!\005 \370\023\000\000@$\020\003\000p\005\000\230U\004\250\260\006\242r\314*\202TX\003Q\331f\025\201*\254\301\250$\263\212`\025\326`T\266q\211\200\n\326\032\374\t\036\004\000\260!h\205\tB\021\006\000#\006\007\000\202`\020E\265\377\377\377?\334\376\377\377\377\320\377\377\377\377\303\214\001\361'\027*\000\303\r\202\030\204\301\214\001!*N*\000\024\006\300\2301 F%Y\005`\270!\210\300`\306\200\030\025j\025\200\032\202\2351 D\345@\005`\226A\b\202\t\003`\330\200(\203b\000f\t\204\031\003\242T\016V\000\006*\000.0\003`\306\200\000\000T\0002\2301 \\%@\005  \006\002\000\000\000[\004\340\024\000\000\000\000\000\000\000\000a \000\000\037\001\000\000\023\004C,\020\000\000\000\n\000\000\000\004\024E9\024KY\224\004\005#\000EQ`\204\ru$\n\001d@6\324\2610\006\220\001\331P\307\302\034@\006d\000\000\3610\000\000Q\000\000\000\"G\310\220Q\032\210\031\000\000\000\000\016A\020C\000\000\000\000__aeabi_assertexprfilelinestrp\000\000\023\204\253[U\rkp\n\300\032\344\n-\000A\256\000\000\000\242 \030\004b\000\000\276\000\000\263\212\300\025\326\240\\\250\025\003,\204\2038,j\0003\000\000\000\350\003\000\000\000\000X\324\000\017\000\000@,\200\001\000\000\000\260\201\000dA\026\330`\023!\000\263\000\214K\004W@\2055\310\025Y\b\000`\\\"\270B*\254A\256\310\202\000\000\343\022\301\025Ta\rr\205\r\006\000X3\b\255\000l\bpaR$\004\000\000\000}\000\016\000\000\344\002\000\000\0000.\021\\a\025\326@Wt\001\000\200E\r\360\000\000\000\364\001\030\000\000\000\000\343\022\301\025Xa\rt\205\027\000\000\330P\324\202-\334\302.\364\302:\302\030\003\346'6\f\246`\n\237\314\003\td\b\221!S\3452\320\n@\241\313@+\000\023\004,\f&\b\230\030L\020\2001\230 \234\301\033L\0200;\230 `w0A\300\362`\202\000\350\301\004\001\003\205\t\002\260\007\023\004L\024\000\000\0003\021f\000\\\2410bp\000 \b\006\221\347\372\377\377\377\003\357\377\377\377\017\312\214\001\221+b\340\n\300\210\301\001\200 \030D^\353\377\377\377\017\273\377\377\377?(3\006D\256\320\201+\000#\006\007\000\202`\020y\254\377\377\377?\350\376\377\377\377\240\314\030\020\271\342\007\256\000ls\b\256k\306\200\320\225\301\025\200\021\003\203\001A0\310\312\200\n&\f\200\021\203\003\000A0\210\320\200\365\377\377\377\207\333\377\377\377\037\226\031\003BW\020W\000F\f\220&\004\301`\f\274b\321\330`\306\200\340\225\301\025\200\021\003\303II0\370\304 j\203\031\003\242W\006W\000F\f\220&\004\301`\f\300\300p87\2301 |ep\005`\304\300pR\022\f>2\220\336`\306\200\370\225\301\025\200\021\003\244\tA0\030\00318 \017\016f\f\bp\031\\\001\03018\000\020\004\203\210\fb\377\377\377\177\320\375\377\377\377\001\367\377\377\377\207\031\003BW$W\000\2669\034\3353c@\214\013\341\n\300\210\301\001\200 \030De\020\373\377\377\377\303\356\377\377\377\017\321\214\001\241+\222+\000\303\006D\340\004\300\214\0011.\210+\000\333\034\020o\2321 \310\205p\005`\304\340\000@\020\f\"3\210\375\377\377\377\201\367\377\377\377\007i\306\200\320\025\311\025\200a\003\"p\002`\306\200 \027\304\025\200\021\203\003\000A0\210\314 \366\377\377\377\007\336\377\377\377\037\244\031\003BW$W\000F\f\016\000\004\301 2\003\332\377\377\377\037\304\377\377\377\177\220f\f\210\\\361\003W\000\206\033\252\317\ff\f\210ry\\\001\230e\b\204`\306\200(\227\301\025\200\201\n\354\t\b`\240\002\030\0027\000F\f\016\000\004\301 J\203\331\377\377\377\037~\377\377\377\177\250f\f\b]\221\\\001\03018\000\020\004\203(\rd\377\377\377\177(\377\377\377\377\241\2321 r\305\017\\\001\250\340\232\n0\251!\210\013\002\2301 \314\205y\005\240\002j'\f\200\035\b\007\033\314\030\020\346b\274\0020l@\004B\000\314\030\020\346\242\274\0020bp\000 \b\006\321\033\334\376\377\377\377P\376\377\377\377\3036c@\350\212\344\n\300\210\301\001\200 \030Do`\373\377\377\377\303\372\377\377\377\017\333\214\001\221+~\340\n\300p\303\221\211\301\214\001Q.\217+\000\263\f\201\020\314\030\020\3452\270\0020P\201Y\000\021\314\030\020\000\340\n\300\210\301\001\200 \030Dqp\373\377\377\377\303\371\377\377\377\017\335\214\001\241+\222+\000#\006\206\203\222`\360\315A\340\0073\006D\272\f\256\000\214\030\020OJ\202A\030\314\301\214\001\261.\203+\000:a\000\004\304\000\000\000\007\000\000\000[\004\240\025\266\fO\360\013[\006)\370\205-C\030\004\277\260e(\003\351\025\000\000\000\000\000\000\000a \000\000&\000\000\000\023\004B<\f\000\000\000\030\000\000\000\"G\310\220Q\006D\002\005\000\000\000abort\000\000\000\253\252a\rN\001X\003xi\005 \200\027\000\000@\024\004\203@\f\000\300\f\000`V\021\240\302\032\304\313\260bP\005Wx\205YE\220\nk\020/\303\206\000\330D\b\000+\0002\017$\220!D\206L\305\313\000*\000\025/\013\250\000\000\263\004\301\214\001\021/\003*\000\263\004\301\214\001\021/\303*\000\0011\000\000\003\000\000\000[\004\340\024\266\f\201\224\n\000\000\000\000\000\000\000q \000\000\006\000\000\0002\016\020\"\204\b\277\f\270`\330\200\016\355\r\370\020\353\200\021\322\020\000\000\000\000\000\000e\f\000\000\217\000\000\000\022\003\224p\004\000\000\000\001\000\000\000\301\000\000\000\b\000\000\000D\000\000\000\001\000\000\000P\000\000\000\000\000\000\000P\000\000\000\024\000\000\0000\002\000\000\000\000\000\000\311\000\000\000\027\000\000\000\340\000\000\000@\000\000\0006\001\000\000\000\000\000\000\000\000\000\000\024\000\000\000\000\000\000\000=\000\000\000\005\000\000\000=\000\000\000\005\000\000\000\377\377\377\377\021$\000\000B\000\000\000\020\000\000\000B\000\000\000\020\000\000\000\377\377\377\377\b,\000\000R\000\000\000\016\000\000\000R\000\000\000\016\000\000\000\377\377\377\377\b$\000\000`\000\000\000\005\000\000\000`\000\000\000\005\000\000\000\377\377\377\377\021$\000\000e\000\000\000\030\000\000\000e\000\000\000\030\000\000\000\377\377\377\377\b,\000\000}\000\000\000\r\000\000\000}\000\000\000\r\000\000\000\377\377\377\377\b$\000\000\212\000\000\000\013\000\000\000\212\000\000\000\013\000\000\000\377\377\377\377\021$\000\000\225\000\000\000\016\000\000\000\225\000\000\000\016\000\000\000\377\377\377\377\021$\000\000\243\000\000\000\005\000\000\000\243\000\000\000\005\000\000\000\377\377\377\377\b$\000\000\250\000\000\000\005\000\000\000\250\000\000\000\005\000\000\000\377\377\377\377\021$\000\000\255\000\000\000\016\000\000\000\255\000\000\000\016\000\000\000\377\377\377\377\b,\000\000\273\000\000\000\006\000\000\000\273\000\000\000\006\000\000\000\377\377\377\377\b$\000\000\000\000\000\000\b\000\000\000\000\000\000\000\b\000\000\000\377\377\377\377\b\004\000\000\b\000\000\000\007\000\000\000\b\000\000\000\007\000\000\000\377\377\377\377\b\004\000\000\017\000\000\000\f\000\000\000\017\000\000\000\f\000\000\000\377\377\377\377\000\020\000\000\033\000\000\000\n\000\000\000\033\000\000\000\n\000\000\000\377\377\377\377\000\020\000\000 \001\000\000\006\000\000\000%\000\000\000\004\000\000\000\377\377\377\377\000\030\000\000)\000\000\000\b\000\000\000)\000\000\000\b\000\000\000\377\377\377\377\b\004\000\000&\001\000\000\b\000\000\0001\000\000\000\006\000\000\000\377\377\377\377\000\030\000\000.\001\000\000\b\000\000\0007\000\000\000\006\000\000\000\377\377\377\377\000\030\000\000\000\000\000\000]\f\000\000Q\000\000\000\022\003\224v\002\000\000\000__stdout__stdingetchar_undogetchar_ch.str__stderr.str.1.str.2fputcllvm.dbg.declarestdout_putcharfgetcllvm.lifetime.start.p0i8stdin_getchar__backspace__aeabi_assertfputsabortllvm.dbg.valuefwrite8.0.0svnthumbv7em-arm-none-eabiC:/Keil_v5/ARM/PACK/Keil/ARM_Compiler/1.5.0/Source/retarget_io.c.L.str.L.str.1.L.str.2\000\000\000\000\000"
	.size	.Lllvm.embedded.module, 9628

	.section	.debug_str,"MS",%progbits,1
.Linfo_string0:
	.asciz	"Component: ARM Compiler 6.11 Tool: armclang [5d3b4200]" @ string offset=0
.Linfo_string1:
	.asciz	"C:/Keil_v5/ARM/PACK/Keil/ARM_Compiler/1.5.0/Source\\retarget_io.c" @ string offset=55
.Linfo_string2:
	.asciz	"C:\\Work\\SVN\\projects\\MCU\\nes_simulator\\EmbeddedNES\\mps2_template\\example\\build\\mdk" @ string offset=120
.Linfo_string3:
	.asciz	"getchar_undo"          @ string offset=203
.Linfo_string4:
	.asciz	"int"                   @ string offset=216
.Linfo_string5:
	.asciz	"getchar_ch"            @ string offset=220
	.section	.debug_abbrev,"",%progbits
	.byte	1                       @ Abbreviation Code
	.byte	17                      @ DW_TAG_compile_unit
	.byte	1                       @ DW_CHILDREN_yes
	.byte	37                      @ DW_AT_producer
	.byte	14                      @ DW_FORM_strp
	.byte	19                      @ DW_AT_language
	.byte	5                       @ DW_FORM_data2
	.byte	3                       @ DW_AT_name
	.byte	14                      @ DW_FORM_strp
	.byte	16                      @ DW_AT_stmt_list
	.byte	6                       @ DW_FORM_data4
	.byte	27                      @ DW_AT_comp_dir
	.byte	14                      @ DW_FORM_strp
	.byte	0                       @ EOM(1)
	.byte	0                       @ EOM(2)
	.byte	2                       @ Abbreviation Code
	.byte	52                      @ DW_TAG_variable
	.byte	0                       @ DW_CHILDREN_no
	.byte	3                       @ DW_AT_name
	.byte	14                      @ DW_FORM_strp
	.byte	73                      @ DW_AT_type
	.byte	19                      @ DW_FORM_ref4
	.byte	58                      @ DW_AT_decl_file
	.byte	11                      @ DW_FORM_data1
	.byte	59                      @ DW_AT_decl_line
	.byte	11                      @ DW_FORM_data1
	.byte	0                       @ EOM(1)
	.byte	0                       @ EOM(2)
	.byte	3                       @ Abbreviation Code
	.byte	36                      @ DW_TAG_base_type
	.byte	0                       @ DW_CHILDREN_no
	.byte	3                       @ DW_AT_name
	.byte	14                      @ DW_FORM_strp
	.byte	62                      @ DW_AT_encoding
	.byte	11                      @ DW_FORM_data1
	.byte	11                      @ DW_AT_byte_size
	.byte	11                      @ DW_FORM_data1
	.byte	0                       @ EOM(1)
	.byte	0                       @ EOM(2)
	.byte	0                       @ EOM(3)
	.section	.debug_info,"",%progbits
.Lcu_begin0:
	.long	56                      @ Length of Unit
	.short	3                       @ DWARF version number
	.long	.debug_abbrev           @ Offset Into Abbrev. Section
	.byte	4                       @ Address Size (in bytes)
	.byte	1                       @ Abbrev [1] 0xb:0x31 DW_TAG_compile_unit
	.long	.Linfo_string0          @ DW_AT_producer
	.short	12                      @ DW_AT_language
	.long	.Linfo_string1          @ DW_AT_name
	.long	.Lline_table_start0     @ DW_AT_stmt_list
	.long	.Linfo_string2          @ DW_AT_comp_dir
	.byte	2                       @ Abbrev [2] 0x1e:0xb DW_TAG_variable
	.long	.Linfo_string3          @ DW_AT_name
	.long	41                      @ DW_AT_type
	.byte	1                       @ DW_AT_decl_file
	.byte	219                     @ DW_AT_decl_line
	.byte	3                       @ Abbrev [3] 0x29:0x7 DW_TAG_base_type
	.long	.Linfo_string4          @ DW_AT_name
	.byte	5                       @ DW_AT_encoding
	.byte	4                       @ DW_AT_byte_size
	.byte	2                       @ Abbrev [2] 0x30:0xb DW_TAG_variable
	.long	.Linfo_string5          @ DW_AT_name
	.long	41                      @ DW_AT_type
	.byte	1                       @ DW_AT_decl_file
	.byte	220                     @ DW_AT_decl_line
	.byte	0                       @ End Of Children Mark
	.section	.debug_macinfo,"",%progbits
	.byte	0                       @ End Of Macro List Mark

	.ident	"Component: ARM Compiler 6.11 Tool: armclang [5d3b4200]"
	.section	".note.GNU-stack","",%progbits
	.ARM_attribute	16, 1	@ Tag_AV_eba
	.section	.debug_line,"",%progbits
.Lline_table_start0:
