	.text
	.syntax unified
	.eabi_attribute	67, "2.09"	@ Tag_conformance
	.cpu	cortex-m7
	.eabi_attribute	6, 13	@ Tag_CPU_arch
	.eabi_attribute	7, 77	@ Tag_CPU_arch_profile
	.eabi_attribute	8, 0	@ Tag_ARM_ISA_use
	.eabi_attribute	9, 2	@ Tag_THUMB_ISA_use
	.fpu	fpv5-sp-d16
	.eabi_attribute	27, 1	@ Tag_ABI_HardFP_use
	.eabi_attribute	36, 1	@ Tag_FP_HP_extension
	.eabi_attribute	34, 1	@ Tag_CPU_unaligned_access
	.eabi_attribute	17, 1	@ Tag_ABI_PCS_GOT_use
	.eabi_attribute	20, 2	@ Tag_ABI_FP_denormal
	.eabi_attribute	21, 0	@ Tag_ABI_FP_exceptions
	.eabi_attribute	23, 1	@ Tag_ABI_FP_number_model
	.eabi_attribute	24, 1	@ Tag_ABI_align_needed
	.eabi_attribute	25, 1	@ Tag_ABI_align_preserved
	.eabi_attribute	28, 1	@ Tag_ABI_VFP_args
	.eabi_attribute	38, 1	@ Tag_ABI_FP_16bit_format
	.eabi_attribute	18, 4	@ Tag_ABI_PCS_wchar_t
	.eabi_attribute	26, 2	@ Tag_ABI_enum_size
	.eabi_attribute	14, 0	@ Tag_ABI_PCS_R9_use
	.file	"system_CMSDK_CM7.c"
	.file	1 "C:\\Work\\SVN\\projects\\MCU\\nes_simulator\\EmbeddedNES\\mps2_template\\example\\build\\mdk" "C:\\Program Files\\ARMCompiler6.11\\bin\\..\\include\\stdint.h"
	.file	2 "C:\\Work\\SVN\\projects\\MCU\\nes_simulator\\EmbeddedNES\\mps2_template\\example\\build\\mdk" "RTE/Device/CMSDK_CM7_SP/system_CMSDK_CM7.c"
	.file	3 "C:\\Work\\SVN\\projects\\MCU\\nes_simulator\\EmbeddedNES\\mps2_template\\example\\build\\mdk" "C:/Keil_v5/ARM/PACK/ARM/CMSIS/5.4.0/CMSIS/Core/Include\\core_CM7.h"
	.type	.Lllvm.embedded.module,%object @ @llvm.embedded.module
	.section	.llvmbc,"a",%progbits
	.p2align	4
.Lllvm.embedded.module:
	.asciz	"BC\300\3365\024\000\000\005\000\000\000b\f0$LY\276&\357\323>-U\215\020\005\310\024\000\000!\f\000\000\260\007\000\000\013\002!\000\002\000\000\000\023\000\000\000\007\201#\221A\310\004I\006\02029\222\001\204\f%\005\b\031\036\004\213b\200\020E\002B\222\013B\204\0202\0248\b\030K\n2B\210H\220\024 CF\210\245\000\0312B\004I\016\220\021\"\304PAQ\201\214\341\203\345\212\004!F\006Q\030\000\000~\001\000\000\033V(\370\377\377\377\377\001\200\003@\002\350\200\030\207w\220\007y(\207q\240\007v\310\2076\220\207w\250\007w \207r \2076 \207t\260\207t \207rh\203y\210\007y\240\20760\007xh\203v\b\007z@\007\300\034\302\201\035\346\241\034\000\202\034\312\301\035\336A\036\332!\034\330\241\r\314\001\036\332\240\035\302\201\036\320\001\200\007y(\207y(\007y\260\207rh\203yH\207sp\007\200 \207t\230\207p\020\007v(\2076\240\207pH\007vh\203q\b\007v`\207y\000\314!\034\330a\036\312\001 \330\241\034\346a\036\332\000\036\344\241\034\306!\035\346\241\034\332\300\034\340\241\035\302\201\034\000s\b\007v\230\207r\000\bwx\20760\007y\b\207v(\2076\200\207wH\007w\240\207r\220\2076(\007vH\207v\000\314!\034\330a\036\312\001 \334\341\035\332 \035\334\301\034\346\241\r\314\001\036\332\240\035\302\201\036\320\001\240\007y\250\207r\000\bwx\2076P\207zh\007xh\003z\b\007q`\207r\230\007\300\034\302\201\035\346\241\034\000\302\035\336\241\r\334!\034\334a\036\332\300\034\340\241\r\332!\034\350\001\035\000z\220\207z(\007\200p\207wh\203yH\207sp\207r \2076\320\207r\220\207w\230\20760\007xh\203v\b\007z@\007\200\036\344\241\036\312\001 \334\341\035\332\200\036\344!\034\340\001\036\322\301\035\316\241\r\332!\034\350\001\035\000z\220\207z(\007\200\230\007z\b\207qX\2076\200\007yx\007z(\207q\240\207w\220\2076\020\207z0\007s(\007yh\203yH\007}(\007\000\017\000\202\036\302A\036\316\241\034\350\241\r\306\001\036\352\001\030\207w\220\007z(\007|h\203v\270\003\200\240\207p\220\207s(\007zh\003s(\207p\240\207z\220\207r\230\007`\r\302A\036\332\301\036\356\240\034\332\240\035\330`\r\310!\016\354\200\r\326\200\034\346\001\036\330`\r\314\001\036\332 \034\344\241\035\354\001\017\330`\r\314\001\036\332\340\035\334\201\035\362\241\r\346\001\036\330`\r\320\341\036\310!\035\354\201\r\326\200\036\320\241\036\332A\034\332\240\035\336\201\034\312\201\r\332`\034\344a\034\330\240\r\306A\036\362\001\036\350\341\035\330\240\r\310\341\035\350\001\036\344\341\035\310\201\r\332\300\034\340!\016\354\300\034\332\201\035\330\240\r\314\241\036\330\201\035\314\001\036\342\300\016\330\240\r\320\341\036\310!\035\354\241\r\302A\036\332\201\r\332\300\035\312\341\035\334\201\r\332@\036\302a\036\000\242\036\334a\036\302\301\034\312\241\r\314\001\036\332\240\035\302\201\036\320\0010\207p`\207y(\007\200\250\207y(\2076\230\207w0\007zh\003s`\207w\b\007z\000\314!\034\330a\036\312\001\330pB\302\377\377\377\377\017\200D\214\303;\310\203<\224\3038\320\003;\344C\033\310\303;\324\203;\220C9\220C\033\220C:\330C:\220C9\264\301<\304\203<\320C\033\230\003<\264A;\204\003=\240\003`\016\341\300\016\363P\016\000A\016\345\340\016\357 \017\355\020\016\354\320\006\346\000\017m\320\016\341@\017\350\000\300\203<\224\303<\224\203<\330C9\264\301<\244\3039\270\003@\220C:\314C8\210\003;\224C\033\320C8\244\003;\264\3018\204\003;\260\303<\000\346\020\016\3540\017\345\000\020\354P\016\3630\017m\000\017\362P\016\343\220\016\363P\016m`\016\360\320\016\341@\016\2009\204\003;\314C9\000\204;\274C\033\230\203<\204C;\224C\033\300\303;\244\203;\320C9\310C\033\224\003;\244C;\000\346\020\016\3540\017\345\000\020\356\360\016m\220\016\356`\016\363\320\006\346\000\017m\320\016\341@\017\350\000\320\203<\324C9\000\204;\274C\033\250C=\264\003<\264\001=\204\2038\260C9\314\003`\016\341\300\016\363P\016\000\341\016\357\320\006\356\020\016\3560\017m`\016\360\320\006\355\020\016\364\200\016\000=\310C=\224\003@\270\303;\264\301<\244\3039\270C9\220C\033\350C9\310\303;\314C\033\230\003<\264A;\204\003=\240\003@\017\362P\017\345\000\020\356\360\016m@\017\362\020\016\360\000\017\351\340\016\347\320\006\355\020\016\364\200\016\000=\310C=\224\003@\314\003=\204\3038\254C\033\300\203<\274\003=\224\3038\320\303;\310C\033\210C=\230\2039\224\203<\264\301<\244\203>\224\003\200\007\000A\017\341 \017\347P\016\364\320\006\343\000\017\365\000\214\303;\310\003=\224\003>\264A;\334\001@\320C8\310\3039\224\003=\264\2019\224C8\320C=\310C9\314\003\260\006\341 \017\355`\017wP\016m\320\016l\260\006\344\020\007v\300\006k@\016\363\000\017l\260\006\346\000\017m\020\016\362\320\016\366\200\007l\260\006\346\000\017m\360\016\356\300\016\371\320\006\363\000\017l\260\006\350p\017\344\220\016\366\300\006k@\017\350P\017\355 \016m\320\016\357@\016\345\300\006m0\016\3620\016l\320\006\343 \017\371\000\017\364\360\016l\320\006\344\360\016\364\000\017\362\360\016\344\300\006m`\016\360\020\007v`\016\355\300\016l\320\006\346P\017\354\300\016\346\000\017q`\007l\320\006\350p\017\344\220\016\366\320\006\341 \017\355\300\006m\340\016\345\360\016\356\300\006m \017\3410\017\000Q\017\3560\017\341`\016\345\320\006\346\000\017m\320\016\341@\017\350\000\230C8\260\303<\224\003@\324\303<\224C\033\314\303;\230\003=\264\2019\260\303;\204\003=\000\346\020\016\3540\017\345\000l \206\377\377\377\377\037\000i\003B\374\377\377\377\377\000H\000\005\324\001\000\000\000I\030\000\000\003\000\000\000\023\202`B L\b\206\t\001\001\000\211 \000\000\017\000\000\0002\"\b\t d\205\004\023\"\244\204\004\023\"\343\204\241\220\024\022L\210\214\013\204\204L\0204s\004`@0\002P\002\241)\202\000\325@@!\344\356\b\347\b@a\216 \230\002\000\000\000\023.z@\207zh\007q\260\207;(\207vh\203p\220\207vh\003wx\007w(\2076(\207p\020\207t\330\360\006\345\320\006\355\240\007\345\320\006\360\240\007s \007z0\007r\320\006\351`\007t\240\007v@\007m`\017q \007x\240\007v@\007z\020\007r\200\007m\020\016z\000\007z0\007r\320\006\3560\007r\320\006\263`\007t\240\364\200\020!\001d\310H\021\021@#\204\311\251\032H\251\305\027\261lO\217\313\257asJ\\~\207\315\333w\n}\315\363sz\271\375\0356\247\304\345w\330\274\271\306; \340\001\204\003\030\200\000\020\000\000\000\202!\323S\r\244\000\000\001\000\004\200\000\000\000\000\004\300\220\211\f\224\201\024\000@\000\200\000\020\000\000\000\200\000\0302\271\001S\000\0010\000\000\000\000\000\000\000\000\000\f\231\364\200)\200\000\030\000\000\000\000\000\000\000\000\000\206L\246\340 @\000\020\000\000\000\000\000\000\000\000\000\022\033\004\n\323\036\000\000d\201\000\000\000\000&\000\000\0002\036\230\034\031\021L\220\214\t&G\306\004C\202\002\f_\277(\2022(\201B\030\001 -\214\"(\204R(\201\322\r(\217b\030\001(\210\002)\224\202)\244\202*\254\002+\264\202+\274\002\f(\310\200\302\f(\320\200\002\016(\364\200\202\017(\374\200\002\024(D\201\202\024(L\201\002D(D\204\002L(\304\204\202L(\314\204\002M(\324\204\202M(\334\204\002N(\344\204\202N(\354\204\002O(\364\204\202O(P\205BU(X\205\302U(`\205BV(h\005\000\261\030\000\000t\000\000\0003\b\200\034\304\341\034f\024\001=\210C8\204\303\214B\200\007yx\007s\230q\f\346\000\017\355\020\016\364\200\0163\fB\036\302\301\035\316\241\034f0\005=\210C8\204\203\033\314\003=\310C=\214\003=\314x\214tp\007{\b\007yH\207pp\007zp\003vx\207p \207\031\314\021\016\354\220\016\3410\017n0\017\343\360\016\360P\0163\020\304\035\336!\034\330!\035\302a\036f0\211;\274\203;\320C9\264\003<\274\203<\204\003;\314\360\024v`\007{h\0077h\207rh\0077\200\207p\220\207p`\007v(\007v\370\005vx\207w\200\207_\b\207q\030\207r\230\207y\230\201,\356\360\016\356\340\016\365\300\016\3540\003b\310\241\034\344\241\034\314\241\034\344\241\034\334a\034\312!\034\304\201\035\312a\006\326\220C9\310C9\230C9\310C9\270\3038\224C8\210\003;\224\303/\274\203<\374\202;\324\003;\260\303\f\307i\207pX\207rp\203th\007x`\207t\030\207t\240\207\031\316S\017\356\000\017\362P\016\344\220\016\343@\017\341 \016\354P\0163 (\035\334\301\036\302A\036\322!\034\334\201\036\334\340\034\344\341\035\352\001\036f\030Q8\260C:\234\203;\314P$v`\007{h\0077`\207wx\007x\230QL\364\220\017\360P\0163\036j\036\312a\034\350!\035\336\301\035~\001\036\344\241\034\314!\035\360a\006T\205\2038\314\303;\260C=\320C9\374\302<\344C;\210\303;\260\303\214\305\n\207y\230\207w\030\207t\b\007z(\007r\230\201\\\343\020\016\354\300\016\345P\016\3630#\301\322A\036\344\341\027\330\341\035\336\001\036\000\000\000\000y \000\000\221\002\000\000b\036H C\210\f\0319\031$\220\221@\306\310\310h\"P\b\0242\236\030\031!G\310\220Q<\005>x7l \013v\020\n\b\036 LA\020\3050\020GS\020\004Q\020\204a\030\306\221\024\203a\024\t\221\024E\221\034\311q\024\307Q Fb\030\006a$\305\243\006\215\2444\2224<\021\000\000./RTE/Device/CMSDK_CM7_SP\\system_CMSDK_CM7.cC:\\Work\\SVN\\projects\\MCU\\nes_simulator\\EmbeddedNES\\mps2_template\\example\\build\\mdkComponent: ARM Compiler 6.11 Tool: armclang [5d3b4200]C:/Keil_v5/ARM/PACK/ARM/CMSIS/5.4.0/CMSIS/Core/Include\\core_CM7.hSCB_TypeC:\\Program Files\\ARMCompiler6.11\\bin\\..\\include\\stdint.huint32_tunsigned intCPUIDICSRVTORAIRCRSCRCCRSHPRuint8_tunsigned charSHCSRCFSRHFSRDFSRMMFARBFARAFSRID_PFRID_DFRID_AFRID_MFRID_ISARRESERVED0CLIDRCTRCCSIDRCSSELRCPACRRESERVED3STIRRESERVED4MVFR0MVFR1MVFR2RESERVED5ICIALLURESERVED6ICIMVAUDCIMVACDCISWDCCMVAUDCCMVACDCCSWDCCIMVACDCCISWRESERVED7ITCMCRDTCMCRAHBPCRCACRAHBSCRRESERVED8ABFSRSystemCoreClockRTE/Device/CMSDK_CM7_SP/system_CMSDK_CM7.cDwarf VersionDebug Info Versionwchar_sizestatic_rwdataenumsize_buildattrarmlib_unavailableintomnipotent charSimple C/C++ TBAA\000\346\335\002\000\000\000\000\0000\202\2400#\bJ3\202\2408#\b\3123\202\240@#\bJ4\202\240H#\b\3124\202\000\034#\b\0002\202\000$#\b\2002\202\000,#\b\n5R4L\300.\234\016\000\200k\001\000@\\\000\000\000\000\2631\003.\364\001P\027y\000\016@\000\000\300PS\300\344\302\020\000\000\020\350B8\000t\001\000@\000\b\003\025@ \000\300\f\300@\005@\b\0000Q\003X\305.\354\017`\013\000\000\000\0000Q\003<\000\000\000\274\000\006\000\000\000\300@\005`\b\0000\317\001\220\001\002\006\300\001L\324\000\326\341\013\240\000\374\002\000\000\000\000\314 \364\0028L\324\000u\000\000\000\000\016\000\000\000\0000Q\003\230\001\000\000\2008\000\000\000\000\300D\r\320$\273\220:\2660\016`\000\000\000\000L\324\000\215\262\013\252c\013\342\000\006\000\030\000\0000Q\0034\313.\254\216-\210\003\030\000\240\000\000\300D\r\3200\273\300:\266 \016`\000\200\003\000\000\0235@\323\354B\353\330\2028\200\001\000\022\000\000L\324\000\215\263\013\256c\013\342\000\006\000X\000\0000\317\001\220A\204\000\b0Q\003X\220/\370\001\240\016\000\000\000\0000Q\003\324\001\000\000\300:\000\000\000\000\3004\203\200\n\300\fA;\214\024\t\001\000\000\000;\200\003\000\000\356\000\000\000\000L\324\000\315\263\013\257c\013\357\000\016\000h\000\0000Q\0034\322.\300\216-\210\003\030\000`\002\000\300D\r\320L\273\020;\266 \016`\000\200\n\000\000\0235@C\355\202\354\330\2028\200\001\000.\000\000L\324\000M\265\013\263c\013\342\000\006\000\310\000\0000Q\0034\326.\320\216-\210\003\030\000`\003\000\300D\r\320\\\273P;\266 \016`\000\200\016\000\000\0235@\203\355\202\355\330\2028\200\001\000>\000\000L3\b\251\000\314\020\340\303H\221\020\000\000\000\214\003(\000\000\220\017\000\000\000\300D\r\320d\273p;\266\240\017\240\000\200\020\000\000\0235@\243\355\002\356\330\3028\200\001\000J\000\000L\324\000\315\266\013\271c\013\343\000\006\0008\001\0000\315 \250\0020C\340\017#EB\000\000\0000\016 \001\000\300?\000\000\000\000\0235@\303\355\202\356\330\002H\200\004\000R\000\000L3\b\253\000\314\020\210\304H\221\020\000\000\000\214\003X\000\0000\022\000\000\000\300D\r\320t\273\260;\266@\022`\001\200\030\000\000\323\f\002+\0003\004&1R$\004\000\000\000\340\000\006\000\000\234\004\000\000\0000Q\0034\336.\360\216-\240\004\030\000`\007\000\300D\r\320|\273\320;\2660\016`\000\200\036\000\000\0235@\003\006\273\340;\2660\016`\000\200\037\000\000\0235@\023\006\273\360;\2660\016`\000\200`\000\000\300D\r\320\210\301.\200\217-\210\003\030\000`\030\000\0000Q\0034c\260\013\341c\013\342\000\006\000(\006\000\000L3\b\255\000\314\020\274\304H\221\020\000\000\000\200\003\330\013\000\000\300\004\000\000\0000Q\0034d\260\013\342c\0131\001\366\002\000\216\001\000\000\0235@S\006\2730>\266 \016`\000\200 \001\000\3004\203\340\n\300\f\001M\214\024\t\001\000\000\0008\200\017\000\0005\001\000\000\000L\324\000\215\031\354\002\371\330\202M\200\017\000\206\004\000\000\0235@s\006\273P>\2660\016`\000\2000\001\000\300D\r\320\240\301.\230\217-\214\003\030\000`L\000\0000Q\0034i\260\013\347c\013\343\000\006\000(\023\000\000L\324\000\215\032\354\002\372\330\002J\200\001\000\316\004\000\000\0235@\263\006\273\220>\266 \016`\000\2004\001\000\300D\r\320\260\301.\250\217-\240\004\030\000`M\000\0000Q\0034m\260\013\353c\013\342\000\006\000h\023\000\000L\324\000\215\033\354\002\373\330\2028\200\001\000\336\004\000\000\0235@\363\006\273\320>\266 \016`\000\2008\001\000\300D\r\320\300\301.\270\217-\210\003\030\000`N\000\0000Q\0034q\260\013\357c\013\342\000\006\000\250\023\000\000L\324\000\215\034\354\002\374\330\2028\200\001\000\356\004\000\000\0235@3\007\273\020?\266 \016`\000\200<\001\000\300D\r\320\320\301.\310\217-\210\003\030\000`O\000\0000\315 \274\0020C`\026#EB\000\000\000\000\016\240\001\000\300Y\000\000\000\000\0235@S\007\2730?\266\200\026\240\001\200>\001\000\300D\r\320\330\301.\320\217-\210\003\030\000 Y\000\0000Q\0034w\260\013\365c\013\342\000\006\000X\026\000\000L\324\000\r\036\354\202\375\330\2028\200\001\000\232\005\000\000\0235@\223\007\273p?\266 \016`\000\200g\001\000\300D\r\320\350\301.\340\217-\210\003\030\000 Z\000\0000Q\0034{\260\013\371c\013(\001\006\000\230\026\000\000L\324\000\r\037\354\202\376\330\2028\200\001\000\252\005\000\0003\310\0019\224\2039\234\003:\244\003<\304\203<\314\003=\324\203=\334\303>\360C?\204DI\244\204J\254\004K\264\204K\310\304L\334\004N\344\204N\354\004O\364\204O\374\004X\204\205X\214\005Y\224EZ\250\305Z\260E[\270\305[\300\305t\2011e0\000\267 \0273\004s1P\001\370\201\000\0003\f\260\360\007\2610\303\000\013\240\020\0133\f\262\020\n\2630\303 \013\242 \0133\f\2620\n\2600\303 \013\244@\0133\004\303\f\0010\023!\000}\001\314\020\234\302\f\203)\374E-\3140\224\002h\324\302\fCh\204F-\334>\000\034\307q\034\307q\034\307q\034G\023\366\240\023n\000\271\001<\250\203\033\230\002<\240\201:\250\003?\210\204H\210\204H\210\004(\300\203:\240\001\207\022\"!\022\"!\022\"!\022\"!\022h\300\241\204H\210\204H\240\001\207\022\"\201\006\034J\210\004\032p(!\022\"\201\022.\341\022.\201\006\234K\320\204K\240\001\207\022.\341\022.\341\022.\341\022.\341\022.\341\022.\341\022.\341\022.\201\006\034J\270\204K\270\204K\270\204K\270\204K\270\223E\007\034\035\320\001\035\320\001\035\320\001\035X\226\033pt@\0072\022\230\240\\\330\330\354\332\\\310\304\316\\\306\352F\tn!#66\2736\227\2667\262:\2662\0273\266\260\263\271Q\214\272\260\213\273\300\213\274\320\213T\330\330\354\332\\\322\310\312\334\350F\t\366b\310`\000\000\271\000\000\251\030\000\000\023\000\000\000\013\nr(\207w\200\007zXp\230C=\270\3038\260C9\320\303\202\346\034\306\241\r\350A\036\302\301\035\346!\035\350!\035\336\301\035\026(\342P\016\346\360\016\362P\016\351\340\016\363@\017\013\222p0\007z(\007yH\007w\230\007z\000\321\020\000\000\006\000\000\000\007\314<\244\203;\234\003;\224\003=\240\203<\224C8\220\303\001\000\000\000a \000\000\037\000\000\000\023\004A<\f\000\000\000\020\000\000\000\"G\310\220Q\006D\006\025\000\000\000SystemCoreClockUpdate\000\000\000\253\252\241.F\003\250\013>\360\013 \350\003\000\000@$\300\005\000\320\005\000\000\000\000\000\303\006\004)\370\301\000\314\030\020~0\221\006\2003\006\304\037\004\244\001\004\304\000\000\000\000\003\000\000\000[\004`4\266\f@\020\032\000\000\000\000\000\000\000a \000\000I\002\000\000\023\004J,\020\000\000\000\031\000\000\000\004\345Q<5P\341\302\370\377\003\225\275\214\377?P\200\200\020\225\237\214\377?P\201\312\370\377\003\245Q\376\377\003\345\377P\005uP\n\005\374\037P\301\302\370\377\003\025\b\b\b\210P\200\200\200\200\b\025\b\b\b\bQ\t\005\b\210P\361\311\370\377\003\005\b\b\370@a\nS\246\200d\nY\246pd\nJ\246\260\004\3610\000\000\262\000\000\000\"G\310\220Q\036\b(\000\000\000\000\n\004@\006A\000\000\000SystemInitSCB_EnableICacheSCB_EnableDCacheccsidrsetsways\023\004\245\232 (\326\004A\271&\b\n6AP\262\t\202\242M\020\224m\202\240p\023\004\245\233 (\336\004A\371&\b\n\030L\020\2240\230 (b0AP\306`\202\240\220\301\004A)\203\t\202b\006\023\004\345\f&\b\n\032L\020\2244\230 (j0AP\326`\202\240\260\301\004Ai\203\t\202\342\006\023\004\345\r&\b\n\034L\020\2248\230 (r0AP\346`\202\240\320\301\004A\251\203\t\202b\007\023\004\345\016&\b\n\036L\020\224<\230 (z0AP\366`\202\240\360\301\004A\351\203\t\202\342\007\023\004\345\017&\b\n(L\020\224P\230 (\2420APFaU5\324\305h\000u\021\n~\001\004\242\000\000\000\210\004\270\000\000\272\000\000\253\252a\027H\003\330\205\272\024\374\"\b\354R\000\000\000D\002\\\000\000]\000\000\231\007\022\310\020\"C\246G\241\000?\200U\325\260\013\246\001\354Bz\n~\021\004\352)\000\000\000\"\001.\000@\212\000@\223B\001~\000\263\212\200?v\341>\005dV\021\370\307.\344\247\240\254\030@\344E`d\305\020\"1\"#\033\312\2414B\243\026BC\025BC5B\003\025Bc5B\2035@\2435B\3035B\3435B\0036B#6BC6Bc6B\2036@\2436B\3036B\3436@\0037@#7@C7Bc7B\2037B\2437B\3037B\3437@\003<B#<@C<Bc<B\203<B\243<@\303<B\343<@\003=B#=BC=Bc=B\203=B\243=B\303=B\343=B\003>@#>BC>Bc>B\203>B\243>B\303>@\343>B\003?6\f\"\022\032\347\261a\020\221\320`\215\r\203\210\204\206o\214K\004\3768\215]`O\001\034\000\000\030\227\b\374\201\032\273\320\236\0028\000\0000.\021\370#5v\301=\005p\000\000`\303`\"'\202\"\033\006\021\t\215\336\3300\210Hh\254\307\272\302\200\002\356'\326\025\006$p?\261\2560\240\201\373\211\312O\341\240?\200\372O\201\243?\200\272O\241`?\200\002Q!c?\200\r\203\210\204\306oL\020\200q\230 \000\3450A\000\350a\202\000\234\303\004\001h\207\t\002\020\022\023\004@$&\b\000IL\020\000x\230 \000\363\000\000\000\000#\006\305\020\202`P\370B7c@\340\245P\350\307~\214\030\024C\b\202A\321\013\335\214\001\221\227B\241\037\3731l@\f\266P\0043\006\204^\n\222~\354\307\210A1\204 \030\024\276\320\315\030\020{)\024\372\261\037#\006\305\020\202`P\364B7c@\360\245P\350\307~P\001s\306\200\350K\301\321\217\375\250 \333\t\003`\330\2008\202!\2300\000F\f\212!\004\301\240\000\207o\306\200\360K\241\320\217\375\0301(\206\020\004\203\342\027\276\031\003\342/\205B?\366c\330\200 pa\bf\f\b\370\024\"\376\350\217\021\203b\bA0(\300\341\2331 \342S(\370\243?h\000\2143\006\304|\n\023\177\364\307\210\3011\200 \030 \277\020\353\377\377\377\303\257\377\377\377\017s\377\377\377?\314\030\020\354)8\374\321\037\025`8c@\330\247p\361G\177T\200\351\204\0010bp\f \b\006H8\310\372\377\377\377\000\356\377\377\377C\335\377\377\377\0173\006D{\n\016\177\364G\r\276\200\025dj\302/\300\300\214\001q\237B\301\037\375QA8\350pC\360\013`0\334@\214\003\031\224q\006g\306\031\200\300pCQ\016`P\202\032\234%a\000\002\303\r\210:\200A\tmp\306\214\001\b\314\022\004\023\006\300@\005\340\001a`\314\030\020\000\300\037\3751bp\f \b\006\b<\200\373\377\377\377\360\356\377\377\377\003\351\377\377\377\0173\006D{\n\016\177\364\307\210\3011\200 \030 \360\360\353\377\377\377\203\273\377\377\377\017\244\377\377\377?\314\030\020\356)8\374\321\037\025\220\301U@\006:\3130\b\315\214\001\221\237\302\341\037\3751bp\f \b\006\210<\204\373\377\377\377\000\357\377\377\377\203\351\377\377\377\0173\006\204{\n\016\177\364G-\301\316\030\020\372)\244\302\177\364\307\260\001\321\005F0c@\350\247@\375G\177\214\030\034\003\b\202\0012\017\341\376\377\377?\304\373\377\377\377p\372\377\377\377\303\214\001\341\236\202\303\037\3751\3130 \312\214\001\361\237\302\361\037\3751P\002\210A`\t\020\242$\263\f\006\341\314\030\020\371)\034\376\321\037\025\320\301M\030\000\025\230\001L\030\000%\230\001L\030\0005\030[\303\261U [A\032p\025\312\316\022\024\023\006\300@\005 \021C1c@\000\200\177\364\307\210\3011\200 \030 \375\240\356\377\377\377\303\276\377\377\377\017\261\377\377\377?\314\030\020\356)8\374\321\037\303\006\304\031\030F0c@\350\247@\375G\177\214\030\034\003\b\202\001\322\017\352\376\377\377?\354\373\377\377\377p\357\377\377\377\303\214\001\341\236\202\303\037\3751bp\f \b\006H?\250\373\377\377\377\260\357\377\377\377\303\275\377\377\377\017\023\006\300\260\001q\006\205\021\314\030\020\372)P\377\321\037#\006\307\000\202`\200\364\203\272\377\377\377\017\373\376\377\377?\330\373\377\377\3770c@\270\247\340\360G\177\214\030\034\003\b\202\001\322\017\352\376\377\377?\354\373\377\377\377`\357\377\377\377\303\204\0010l@\234\301`\0043\006\204~\n\324\177\364\307\210\3011\200 \030 \375\240\356\377\377\377\303\276\377\377\377\017\365\376\377\377?\314\030\020\356)8\374\321\037#\006\307\000\202`\200\364\203\272\377\377\377\017\373\376\377\377?\324\373\377\377\3770a\000\f\033\020g \030\301\214\001\241\237\002\365\037\375a\301\032\200\300\214\001\361\237\002\345\037\3751bp\f \b\006\210?\250\373\377\377\377\300\357\377\377\377\203\354\377\377\377\0173\006\204{\n\016\177\364\307p\203\260\017`0c@\374\247p\371G\177\3142\030E0c@\374\247p\374G\177\030\344\007 0c@\200\250\020\361G\177\214\030\034\003\b\202\001\002\022\353\376\377\377?\374\373\377\377\377@\373\377\377\377\303\214\001\321\236\202\303\037\3751\334\020\351\003\030\314\030\020 *P\374\321\037\263\fG\020\314\030\020 *\024\376\321\037#\006\305\020\202`P\214\204(\314\030\020!*\024\374\321\037\244\0060g\f\210\021\025\034\376\350\217\n\336`'\f\200a\003\202\r\202!\2300\000F\f\212!\004\301\240(\tR\2301 JT(\370\243?F\f\212!\004\301\240 \tR\2301 LT(\370\243?h\r\200\316\030\020\247\000\345\007P\301\033\354\204\0010l@\264A@\004\023\006\300\260\001\241\022$1\0003\006\304+L\371\001\340\214\001\001\013A~\000#\006\307\000\202`\200\224\304\274\377\377\377\017#\377\377\377?\344\376\377\377\3770c@\270\247\340\360G\177\324F\355\214\001\241\237B*\374G\177\f\033\020p\020\030\301\214\001\241\237\002\365\037\3751bp\f \b\006\210I\300\373\377\377\377@\362\377\377\377\203\356\377\377\377\0173\006\204{\n\016\177\364\307,\303\220h3\006\304\177\n\307\177\364\307\210\3011\200 \030 &\001\357\377\377\377\003\311\377\377\377\017\272\377\377\377?\314\030\020\356)8\374\321\037\225U;c@\350\247\220\n\377\321\037\303\006D\034\004F0c@\350\247@\375G\177\214\030\034\003\b\202\001r\022\360\376\377\377?\224\374\377\377\377\260\373\377\377\377\303\214\001\341\236\202\303\037\3751K0\004\304\000\000\000\033\000\000\000[\004\000?\266\fB \"[\206\"\030\221-\303\021\214\310\226A\tHd\313\300\004)\262e@\203@E\266\fx\020\250\310\226a\017\002\025\3312\370A\240\"[\206P\bTd\313P\n\322\177l\031RA\002\221-\303*\004#\262eh\205`D\266\f\260\020\310\310\226A\026\002\031\3312\314B\020\032[\206[\bTd\313\300\013\201\212\000\000\000\000\000q \000\000\003\000\000\0002\016\020\"\204\001\310\n(\220\256\000\000\000\000\000e\f\000\000;\000\000\000\022\003\224\340\001\000\000\000\001\000\000\000T\000\000\000\b\000\000\000D\000\000\000\001\000\000\000P\000\000\000\000\000\000\000P\000\000\000\006\000\000\000\340\000\000\000\000\000\000\000\\\000\000\000\027\000\000\000s\000\000\000*\000\000\000\235\000\000\000\000\000\000\000\000\000\000\000\006\000\000\000\000\000\000\000\017\000\000\000\025\000\000\000\017\000\000\000\025\000\000\000\377\377\377\377\001$\000\000$\000\000\000\n\000\000\000$\000\000\000\n\000\000\000\377\377\377\377\001$\000\000.\000\000\000\f\000\000\000.\000\000\000\f\000\000\000\377\377\377\377\b,\000\000:\000\000\000\f\000\000\000:\000\000\000\f\000\000\000\377\377\377\377\b,\000\000F\000\000\000\016\000\000\000F\000\000\000\016\000\000\000\377\377\377\377\b,\000\000\000\000\000\000\017\000\000\000\000\000\000\000\017\000\000\000\377\377\377\377\001\004\000\000\000\000\000\000]\f\000\000+\000\000\000\022\003\224=\001\000\000\000SystemCoreClockSystemCoreClockUpdateSystemInitllvm.arm.dsbllvm.arm.isbllvm.dbg.value8.0.0svnthumbv7em-arm-none-eabiRTE/Device/CMSDK_CM7_SP/system_CMSDK_CM7.c\000\000\000\000\000\000"
	.size	.Lllvm.embedded.module, 8336

	.section	.debug_str,"MS",%progbits,1
.Linfo_string0:
	.asciz	"Component: ARM Compiler 6.11 Tool: armclang [5d3b4200]" @ string offset=0
.Linfo_string1:
	.asciz	"./RTE/Device/CMSDK_CM7_SP\\system_CMSDK_CM7.c" @ string offset=55
.Linfo_string2:
	.asciz	"C:\\Work\\SVN\\projects\\MCU\\nes_simulator\\EmbeddedNES\\mps2_template\\example\\build\\mdk" @ string offset=100
.Linfo_string3:
	.asciz	"SystemCoreClock"       @ string offset=183
.Linfo_string4:
	.asciz	"unsigned int"          @ string offset=199
.Linfo_string5:
	.asciz	"uint32_t"              @ string offset=212
.Linfo_string6:
	.asciz	"CPUID"                 @ string offset=221
.Linfo_string7:
	.asciz	"ICSR"                  @ string offset=227
.Linfo_string8:
	.asciz	"VTOR"                  @ string offset=232
.Linfo_string9:
	.asciz	"AIRCR"                 @ string offset=237
.Linfo_string10:
	.asciz	"SCR"                   @ string offset=243
.Linfo_string11:
	.asciz	"CCR"                   @ string offset=247
.Linfo_string12:
	.asciz	"SHPR"                  @ string offset=251
.Linfo_string13:
	.asciz	"unsigned char"         @ string offset=256
.Linfo_string14:
	.asciz	"uint8_t"               @ string offset=270
.Linfo_string15:
	.asciz	"__ARRAY_SIZE_TYPE__"   @ string offset=278
.Linfo_string16:
	.asciz	"SHCSR"                 @ string offset=298
.Linfo_string17:
	.asciz	"CFSR"                  @ string offset=304
.Linfo_string18:
	.asciz	"HFSR"                  @ string offset=309
.Linfo_string19:
	.asciz	"DFSR"                  @ string offset=314
.Linfo_string20:
	.asciz	"MMFAR"                 @ string offset=319
.Linfo_string21:
	.asciz	"BFAR"                  @ string offset=325
.Linfo_string22:
	.asciz	"AFSR"                  @ string offset=330
.Linfo_string23:
	.asciz	"ID_PFR"                @ string offset=335
.Linfo_string24:
	.asciz	"ID_DFR"                @ string offset=342
.Linfo_string25:
	.asciz	"ID_AFR"                @ string offset=349
.Linfo_string26:
	.asciz	"ID_MFR"                @ string offset=356
.Linfo_string27:
	.asciz	"ID_ISAR"               @ string offset=363
.Linfo_string28:
	.asciz	"RESERVED0"             @ string offset=371
.Linfo_string29:
	.asciz	"CLIDR"                 @ string offset=381
.Linfo_string30:
	.asciz	"CTR"                   @ string offset=387
.Linfo_string31:
	.asciz	"CCSIDR"                @ string offset=391
.Linfo_string32:
	.asciz	"CSSELR"                @ string offset=398
.Linfo_string33:
	.asciz	"CPACR"                 @ string offset=405
.Linfo_string34:
	.asciz	"RESERVED3"             @ string offset=411
.Linfo_string35:
	.asciz	"STIR"                  @ string offset=421
.Linfo_string36:
	.asciz	"RESERVED4"             @ string offset=426
.Linfo_string37:
	.asciz	"MVFR0"                 @ string offset=436
.Linfo_string38:
	.asciz	"MVFR1"                 @ string offset=442
.Linfo_string39:
	.asciz	"MVFR2"                 @ string offset=448
.Linfo_string40:
	.asciz	"RESERVED5"             @ string offset=454
.Linfo_string41:
	.asciz	"ICIALLU"               @ string offset=464
.Linfo_string42:
	.asciz	"RESERVED6"             @ string offset=472
.Linfo_string43:
	.asciz	"ICIMVAU"               @ string offset=482
.Linfo_string44:
	.asciz	"DCIMVAC"               @ string offset=490
.Linfo_string45:
	.asciz	"DCISW"                 @ string offset=498
.Linfo_string46:
	.asciz	"DCCMVAU"               @ string offset=504
.Linfo_string47:
	.asciz	"DCCMVAC"               @ string offset=512
.Linfo_string48:
	.asciz	"DCCSW"                 @ string offset=520
.Linfo_string49:
	.asciz	"DCCIMVAC"              @ string offset=526
.Linfo_string50:
	.asciz	"DCCISW"                @ string offset=535
.Linfo_string51:
	.asciz	"RESERVED7"             @ string offset=542
.Linfo_string52:
	.asciz	"ITCMCR"                @ string offset=552
.Linfo_string53:
	.asciz	"DTCMCR"                @ string offset=559
.Linfo_string54:
	.asciz	"AHBPCR"                @ string offset=566
.Linfo_string55:
	.asciz	"CACR"                  @ string offset=573
.Linfo_string56:
	.asciz	"AHBSCR"                @ string offset=578
.Linfo_string57:
	.asciz	"RESERVED8"             @ string offset=585
.Linfo_string58:
	.asciz	"ABFSR"                 @ string offset=595
.Linfo_string59:
	.asciz	"SCB_Type"              @ string offset=601
	.section	.debug_abbrev,"",%progbits
	.byte	1                       @ Abbreviation Code
	.byte	17                      @ DW_TAG_compile_unit
	.byte	1                       @ DW_CHILDREN_yes
	.byte	37                      @ DW_AT_producer
	.byte	14                      @ DW_FORM_strp
	.byte	19                      @ DW_AT_language
	.byte	5                       @ DW_FORM_data2
	.byte	3                       @ DW_AT_name
	.byte	14                      @ DW_FORM_strp
	.byte	16                      @ DW_AT_stmt_list
	.byte	6                       @ DW_FORM_data4
	.byte	27                      @ DW_AT_comp_dir
	.byte	14                      @ DW_FORM_strp
	.byte	0                       @ EOM(1)
	.byte	0                       @ EOM(2)
	.byte	2                       @ Abbreviation Code
	.byte	52                      @ DW_TAG_variable
	.byte	0                       @ DW_CHILDREN_no
	.byte	3                       @ DW_AT_name
	.byte	14                      @ DW_FORM_strp
	.byte	73                      @ DW_AT_type
	.byte	19                      @ DW_FORM_ref4
	.byte	63                      @ DW_AT_external
	.byte	12                      @ DW_FORM_flag
	.byte	58                      @ DW_AT_decl_file
	.byte	11                      @ DW_FORM_data1
	.byte	59                      @ DW_AT_decl_line
	.byte	11                      @ DW_FORM_data1
	.byte	0                       @ EOM(1)
	.byte	0                       @ EOM(2)
	.byte	3                       @ Abbreviation Code
	.byte	22                      @ DW_TAG_typedef
	.byte	0                       @ DW_CHILDREN_no
	.byte	73                      @ DW_AT_type
	.byte	19                      @ DW_FORM_ref4
	.byte	3                       @ DW_AT_name
	.byte	14                      @ DW_FORM_strp
	.byte	58                      @ DW_AT_decl_file
	.byte	11                      @ DW_FORM_data1
	.byte	59                      @ DW_AT_decl_line
	.byte	11                      @ DW_FORM_data1
	.byte	0                       @ EOM(1)
	.byte	0                       @ EOM(2)
	.byte	4                       @ Abbreviation Code
	.byte	36                      @ DW_TAG_base_type
	.byte	0                       @ DW_CHILDREN_no
	.byte	3                       @ DW_AT_name
	.byte	14                      @ DW_FORM_strp
	.byte	62                      @ DW_AT_encoding
	.byte	11                      @ DW_FORM_data1
	.byte	11                      @ DW_AT_byte_size
	.byte	11                      @ DW_FORM_data1
	.byte	0                       @ EOM(1)
	.byte	0                       @ EOM(2)
	.byte	5                       @ Abbreviation Code
	.byte	15                      @ DW_TAG_pointer_type
	.byte	0                       @ DW_CHILDREN_no
	.byte	73                      @ DW_AT_type
	.byte	19                      @ DW_FORM_ref4
	.byte	0                       @ EOM(1)
	.byte	0                       @ EOM(2)
	.byte	6                       @ Abbreviation Code
	.byte	22                      @ DW_TAG_typedef
	.byte	0                       @ DW_CHILDREN_no
	.byte	73                      @ DW_AT_type
	.byte	19                      @ DW_FORM_ref4
	.byte	3                       @ DW_AT_name
	.byte	14                      @ DW_FORM_strp
	.byte	58                      @ DW_AT_decl_file
	.byte	11                      @ DW_FORM_data1
	.byte	59                      @ DW_AT_decl_line
	.byte	5                       @ DW_FORM_data2
	.byte	0                       @ EOM(1)
	.byte	0                       @ EOM(2)
	.byte	7                       @ Abbreviation Code
	.byte	19                      @ DW_TAG_structure_type
	.byte	1                       @ DW_CHILDREN_yes
	.byte	11                      @ DW_AT_byte_size
	.byte	5                       @ DW_FORM_data2
	.byte	58                      @ DW_AT_decl_file
	.byte	11                      @ DW_FORM_data1
	.byte	59                      @ DW_AT_decl_line
	.byte	5                       @ DW_FORM_data2
	.byte	0                       @ EOM(1)
	.byte	0                       @ EOM(2)
	.byte	8                       @ Abbreviation Code
	.byte	13                      @ DW_TAG_member
	.byte	0                       @ DW_CHILDREN_no
	.byte	3                       @ DW_AT_name
	.byte	14                      @ DW_FORM_strp
	.byte	73                      @ DW_AT_type
	.byte	19                      @ DW_FORM_ref4
	.byte	58                      @ DW_AT_decl_file
	.byte	11                      @ DW_FORM_data1
	.byte	59                      @ DW_AT_decl_line
	.byte	5                       @ DW_FORM_data2
	.byte	56                      @ DW_AT_data_member_location
	.byte	11                      @ DW_FORM_data1
	.byte	0                       @ EOM(1)
	.byte	0                       @ EOM(2)
	.byte	9                       @ Abbreviation Code
	.byte	13                      @ DW_TAG_member
	.byte	0                       @ DW_CHILDREN_no
	.byte	3                       @ DW_AT_name
	.byte	14                      @ DW_FORM_strp
	.byte	73                      @ DW_AT_type
	.byte	19                      @ DW_FORM_ref4
	.byte	58                      @ DW_AT_decl_file
	.byte	11                      @ DW_FORM_data1
	.byte	59                      @ DW_AT_decl_line
	.byte	5                       @ DW_FORM_data2
	.byte	56                      @ DW_AT_data_member_location
	.byte	5                       @ DW_FORM_data2
	.byte	0                       @ EOM(1)
	.byte	0                       @ EOM(2)
	.byte	10                      @ Abbreviation Code
	.byte	38                      @ DW_TAG_const_type
	.byte	0                       @ DW_CHILDREN_no
	.byte	73                      @ DW_AT_type
	.byte	19                      @ DW_FORM_ref4
	.byte	0                       @ EOM(1)
	.byte	0                       @ EOM(2)
	.byte	11                      @ Abbreviation Code
	.byte	53                      @ DW_TAG_volatile_type
	.byte	0                       @ DW_CHILDREN_no
	.byte	73                      @ DW_AT_type
	.byte	19                      @ DW_FORM_ref4
	.byte	0                       @ EOM(1)
	.byte	0                       @ EOM(2)
	.byte	12                      @ Abbreviation Code
	.byte	1                       @ DW_TAG_array_type
	.byte	1                       @ DW_CHILDREN_yes
	.byte	73                      @ DW_AT_type
	.byte	19                      @ DW_FORM_ref4
	.byte	0                       @ EOM(1)
	.byte	0                       @ EOM(2)
	.byte	13                      @ Abbreviation Code
	.byte	33                      @ DW_TAG_subrange_type
	.byte	0                       @ DW_CHILDREN_no
	.byte	73                      @ DW_AT_type
	.byte	19                      @ DW_FORM_ref4
	.byte	55                      @ DW_AT_count
	.byte	11                      @ DW_FORM_data1
	.byte	0                       @ EOM(1)
	.byte	0                       @ EOM(2)
	.byte	14                      @ Abbreviation Code
	.byte	36                      @ DW_TAG_base_type
	.byte	0                       @ DW_CHILDREN_no
	.byte	3                       @ DW_AT_name
	.byte	14                      @ DW_FORM_strp
	.byte	11                      @ DW_AT_byte_size
	.byte	11                      @ DW_FORM_data1
	.byte	62                      @ DW_AT_encoding
	.byte	11                      @ DW_FORM_data1
	.byte	0                       @ EOM(1)
	.byte	0                       @ EOM(2)
	.byte	0                       @ EOM(3)
	.section	.debug_info,"",%progbits
.Lcu_begin0:
	.long	891                     @ Length of Unit
	.short	3                       @ DWARF version number
	.long	.debug_abbrev           @ Offset Into Abbrev. Section
	.byte	4                       @ Address Size (in bytes)
	.byte	1                       @ Abbrev [1] 0xb:0x374 DW_TAG_compile_unit
	.long	.Linfo_string0          @ DW_AT_producer
	.short	12                      @ DW_AT_language
	.long	.Linfo_string1          @ DW_AT_name
	.long	.Lline_table_start0     @ DW_AT_stmt_list
	.long	.Linfo_string2          @ DW_AT_comp_dir
	.byte	2                       @ Abbrev [2] 0x1e:0xc DW_TAG_variable
	.long	.Linfo_string3          @ DW_AT_name
	.long	42                      @ DW_AT_type
	.byte	1                       @ DW_AT_external
	.byte	2                       @ DW_AT_decl_file
	.byte	57                      @ DW_AT_decl_line
	.byte	3                       @ Abbrev [3] 0x2a:0xb DW_TAG_typedef
	.long	53                      @ DW_AT_type
	.long	.Linfo_string5          @ DW_AT_name
	.byte	1                       @ DW_AT_decl_file
	.byte	64                      @ DW_AT_decl_line
	.byte	4                       @ Abbrev [4] 0x35:0x7 DW_TAG_base_type
	.long	.Linfo_string4          @ DW_AT_name
	.byte	7                       @ DW_AT_encoding
	.byte	4                       @ DW_AT_byte_size
	.byte	5                       @ Abbrev [5] 0x3c:0x5 DW_TAG_pointer_type
	.long	65                      @ DW_AT_type
	.byte	6                       @ Abbrev [6] 0x41:0xc DW_TAG_typedef
	.long	77                      @ DW_AT_type
	.long	.Linfo_string59         @ DW_AT_name
	.byte	3                       @ DW_AT_decl_file
	.short	507                     @ DW_AT_decl_line
	.byte	7                       @ Abbrev [7] 0x4d:0x2a9 DW_TAG_structure_type
	.short	684                     @ DW_AT_byte_size
	.byte	3                       @ DW_AT_decl_file
	.short	455                     @ DW_AT_decl_line
	.byte	8                       @ Abbrev [8] 0x53:0xd DW_TAG_member
	.long	.Linfo_string6          @ DW_AT_name
	.long	758                     @ DW_AT_type
	.byte	3                       @ DW_AT_decl_file
	.short	457                     @ DW_AT_decl_line
	.byte	0                       @ DW_AT_data_member_location
	.byte	8                       @ Abbrev [8] 0x60:0xd DW_TAG_member
	.long	.Linfo_string7          @ DW_AT_name
	.long	763                     @ DW_AT_type
	.byte	3                       @ DW_AT_decl_file
	.short	458                     @ DW_AT_decl_line
	.byte	4                       @ DW_AT_data_member_location
	.byte	8                       @ Abbrev [8] 0x6d:0xd DW_TAG_member
	.long	.Linfo_string8          @ DW_AT_name
	.long	763                     @ DW_AT_type
	.byte	3                       @ DW_AT_decl_file
	.short	459                     @ DW_AT_decl_line
	.byte	8                       @ DW_AT_data_member_location
	.byte	8                       @ Abbrev [8] 0x7a:0xd DW_TAG_member
	.long	.Linfo_string9          @ DW_AT_name
	.long	763                     @ DW_AT_type
	.byte	3                       @ DW_AT_decl_file
	.short	460                     @ DW_AT_decl_line
	.byte	12                      @ DW_AT_data_member_location
	.byte	8                       @ Abbrev [8] 0x87:0xd DW_TAG_member
	.long	.Linfo_string10         @ DW_AT_name
	.long	763                     @ DW_AT_type
	.byte	3                       @ DW_AT_decl_file
	.short	461                     @ DW_AT_decl_line
	.byte	16                      @ DW_AT_data_member_location
	.byte	8                       @ Abbrev [8] 0x94:0xd DW_TAG_member
	.long	.Linfo_string11         @ DW_AT_name
	.long	763                     @ DW_AT_type
	.byte	3                       @ DW_AT_decl_file
	.short	462                     @ DW_AT_decl_line
	.byte	20                      @ DW_AT_data_member_location
	.byte	8                       @ Abbrev [8] 0xa1:0xd DW_TAG_member
	.long	.Linfo_string12         @ DW_AT_name
	.long	768                     @ DW_AT_type
	.byte	3                       @ DW_AT_decl_file
	.short	463                     @ DW_AT_decl_line
	.byte	24                      @ DW_AT_data_member_location
	.byte	8                       @ Abbrev [8] 0xae:0xd DW_TAG_member
	.long	.Linfo_string16         @ DW_AT_name
	.long	763                     @ DW_AT_type
	.byte	3                       @ DW_AT_decl_file
	.short	464                     @ DW_AT_decl_line
	.byte	36                      @ DW_AT_data_member_location
	.byte	8                       @ Abbrev [8] 0xbb:0xd DW_TAG_member
	.long	.Linfo_string17         @ DW_AT_name
	.long	763                     @ DW_AT_type
	.byte	3                       @ DW_AT_decl_file
	.short	465                     @ DW_AT_decl_line
	.byte	40                      @ DW_AT_data_member_location
	.byte	8                       @ Abbrev [8] 0xc8:0xd DW_TAG_member
	.long	.Linfo_string18         @ DW_AT_name
	.long	763                     @ DW_AT_type
	.byte	3                       @ DW_AT_decl_file
	.short	466                     @ DW_AT_decl_line
	.byte	44                      @ DW_AT_data_member_location
	.byte	8                       @ Abbrev [8] 0xd5:0xd DW_TAG_member
	.long	.Linfo_string19         @ DW_AT_name
	.long	763                     @ DW_AT_type
	.byte	3                       @ DW_AT_decl_file
	.short	467                     @ DW_AT_decl_line
	.byte	48                      @ DW_AT_data_member_location
	.byte	8                       @ Abbrev [8] 0xe2:0xd DW_TAG_member
	.long	.Linfo_string20         @ DW_AT_name
	.long	763                     @ DW_AT_type
	.byte	3                       @ DW_AT_decl_file
	.short	468                     @ DW_AT_decl_line
	.byte	52                      @ DW_AT_data_member_location
	.byte	8                       @ Abbrev [8] 0xef:0xd DW_TAG_member
	.long	.Linfo_string21         @ DW_AT_name
	.long	763                     @ DW_AT_type
	.byte	3                       @ DW_AT_decl_file
	.short	469                     @ DW_AT_decl_line
	.byte	56                      @ DW_AT_data_member_location
	.byte	8                       @ Abbrev [8] 0xfc:0xd DW_TAG_member
	.long	.Linfo_string22         @ DW_AT_name
	.long	763                     @ DW_AT_type
	.byte	3                       @ DW_AT_decl_file
	.short	470                     @ DW_AT_decl_line
	.byte	60                      @ DW_AT_data_member_location
	.byte	8                       @ Abbrev [8] 0x109:0xd DW_TAG_member
	.long	.Linfo_string23         @ DW_AT_name
	.long	810                     @ DW_AT_type
	.byte	3                       @ DW_AT_decl_file
	.short	471                     @ DW_AT_decl_line
	.byte	64                      @ DW_AT_data_member_location
	.byte	8                       @ Abbrev [8] 0x116:0xd DW_TAG_member
	.long	.Linfo_string24         @ DW_AT_name
	.long	758                     @ DW_AT_type
	.byte	3                       @ DW_AT_decl_file
	.short	472                     @ DW_AT_decl_line
	.byte	72                      @ DW_AT_data_member_location
	.byte	8                       @ Abbrev [8] 0x123:0xd DW_TAG_member
	.long	.Linfo_string25         @ DW_AT_name
	.long	758                     @ DW_AT_type
	.byte	3                       @ DW_AT_decl_file
	.short	473                     @ DW_AT_decl_line
	.byte	76                      @ DW_AT_data_member_location
	.byte	8                       @ Abbrev [8] 0x130:0xd DW_TAG_member
	.long	.Linfo_string26         @ DW_AT_name
	.long	822                     @ DW_AT_type
	.byte	3                       @ DW_AT_decl_file
	.short	474                     @ DW_AT_decl_line
	.byte	80                      @ DW_AT_data_member_location
	.byte	8                       @ Abbrev [8] 0x13d:0xd DW_TAG_member
	.long	.Linfo_string27         @ DW_AT_name
	.long	834                     @ DW_AT_type
	.byte	3                       @ DW_AT_decl_file
	.short	475                     @ DW_AT_decl_line
	.byte	96                      @ DW_AT_data_member_location
	.byte	8                       @ Abbrev [8] 0x14a:0xd DW_TAG_member
	.long	.Linfo_string28         @ DW_AT_name
	.long	846                     @ DW_AT_type
	.byte	3                       @ DW_AT_decl_file
	.short	476                     @ DW_AT_decl_line
	.byte	116                     @ DW_AT_data_member_location
	.byte	8                       @ Abbrev [8] 0x157:0xd DW_TAG_member
	.long	.Linfo_string29         @ DW_AT_name
	.long	758                     @ DW_AT_type
	.byte	3                       @ DW_AT_decl_file
	.short	477                     @ DW_AT_decl_line
	.byte	120                     @ DW_AT_data_member_location
	.byte	8                       @ Abbrev [8] 0x164:0xd DW_TAG_member
	.long	.Linfo_string30         @ DW_AT_name
	.long	758                     @ DW_AT_type
	.byte	3                       @ DW_AT_decl_file
	.short	478                     @ DW_AT_decl_line
	.byte	124                     @ DW_AT_data_member_location
	.byte	8                       @ Abbrev [8] 0x171:0xd DW_TAG_member
	.long	.Linfo_string31         @ DW_AT_name
	.long	758                     @ DW_AT_type
	.byte	3                       @ DW_AT_decl_file
	.short	479                     @ DW_AT_decl_line
	.byte	128                     @ DW_AT_data_member_location
	.byte	8                       @ Abbrev [8] 0x17e:0xd DW_TAG_member
	.long	.Linfo_string32         @ DW_AT_name
	.long	763                     @ DW_AT_type
	.byte	3                       @ DW_AT_decl_file
	.short	480                     @ DW_AT_decl_line
	.byte	132                     @ DW_AT_data_member_location
	.byte	8                       @ Abbrev [8] 0x18b:0xd DW_TAG_member
	.long	.Linfo_string33         @ DW_AT_name
	.long	763                     @ DW_AT_type
	.byte	3                       @ DW_AT_decl_file
	.short	481                     @ DW_AT_decl_line
	.byte	136                     @ DW_AT_data_member_location
	.byte	8                       @ Abbrev [8] 0x198:0xd DW_TAG_member
	.long	.Linfo_string34         @ DW_AT_name
	.long	858                     @ DW_AT_type
	.byte	3                       @ DW_AT_decl_file
	.short	482                     @ DW_AT_decl_line
	.byte	140                     @ DW_AT_data_member_location
	.byte	9                       @ Abbrev [9] 0x1a5:0xe DW_TAG_member
	.long	.Linfo_string35         @ DW_AT_name
	.long	763                     @ DW_AT_type
	.byte	3                       @ DW_AT_decl_file
	.short	483                     @ DW_AT_decl_line
	.short	512                     @ DW_AT_data_member_location
	.byte	9                       @ Abbrev [9] 0x1b3:0xe DW_TAG_member
	.long	.Linfo_string36         @ DW_AT_name
	.long	870                     @ DW_AT_type
	.byte	3                       @ DW_AT_decl_file
	.short	484                     @ DW_AT_decl_line
	.short	516                     @ DW_AT_data_member_location
	.byte	9                       @ Abbrev [9] 0x1c1:0xe DW_TAG_member
	.long	.Linfo_string37         @ DW_AT_name
	.long	758                     @ DW_AT_type
	.byte	3                       @ DW_AT_decl_file
	.short	485                     @ DW_AT_decl_line
	.short	576                     @ DW_AT_data_member_location
	.byte	9                       @ Abbrev [9] 0x1cf:0xe DW_TAG_member
	.long	.Linfo_string38         @ DW_AT_name
	.long	758                     @ DW_AT_type
	.byte	3                       @ DW_AT_decl_file
	.short	486                     @ DW_AT_decl_line
	.short	580                     @ DW_AT_data_member_location
	.byte	9                       @ Abbrev [9] 0x1dd:0xe DW_TAG_member
	.long	.Linfo_string39         @ DW_AT_name
	.long	758                     @ DW_AT_type
	.byte	3                       @ DW_AT_decl_file
	.short	487                     @ DW_AT_decl_line
	.short	584                     @ DW_AT_data_member_location
	.byte	9                       @ Abbrev [9] 0x1eb:0xe DW_TAG_member
	.long	.Linfo_string40         @ DW_AT_name
	.long	846                     @ DW_AT_type
	.byte	3                       @ DW_AT_decl_file
	.short	488                     @ DW_AT_decl_line
	.short	588                     @ DW_AT_data_member_location
	.byte	9                       @ Abbrev [9] 0x1f9:0xe DW_TAG_member
	.long	.Linfo_string41         @ DW_AT_name
	.long	763                     @ DW_AT_type
	.byte	3                       @ DW_AT_decl_file
	.short	489                     @ DW_AT_decl_line
	.short	592                     @ DW_AT_data_member_location
	.byte	9                       @ Abbrev [9] 0x207:0xe DW_TAG_member
	.long	.Linfo_string42         @ DW_AT_name
	.long	846                     @ DW_AT_type
	.byte	3                       @ DW_AT_decl_file
	.short	490                     @ DW_AT_decl_line
	.short	596                     @ DW_AT_data_member_location
	.byte	9                       @ Abbrev [9] 0x215:0xe DW_TAG_member
	.long	.Linfo_string43         @ DW_AT_name
	.long	763                     @ DW_AT_type
	.byte	3                       @ DW_AT_decl_file
	.short	491                     @ DW_AT_decl_line
	.short	600                     @ DW_AT_data_member_location
	.byte	9                       @ Abbrev [9] 0x223:0xe DW_TAG_member
	.long	.Linfo_string44         @ DW_AT_name
	.long	763                     @ DW_AT_type
	.byte	3                       @ DW_AT_decl_file
	.short	492                     @ DW_AT_decl_line
	.short	604                     @ DW_AT_data_member_location
	.byte	9                       @ Abbrev [9] 0x231:0xe DW_TAG_member
	.long	.Linfo_string45         @ DW_AT_name
	.long	763                     @ DW_AT_type
	.byte	3                       @ DW_AT_decl_file
	.short	493                     @ DW_AT_decl_line
	.short	608                     @ DW_AT_data_member_location
	.byte	9                       @ Abbrev [9] 0x23f:0xe DW_TAG_member
	.long	.Linfo_string46         @ DW_AT_name
	.long	763                     @ DW_AT_type
	.byte	3                       @ DW_AT_decl_file
	.short	494                     @ DW_AT_decl_line
	.short	612                     @ DW_AT_data_member_location
	.byte	9                       @ Abbrev [9] 0x24d:0xe DW_TAG_member
	.long	.Linfo_string47         @ DW_AT_name
	.long	763                     @ DW_AT_type
	.byte	3                       @ DW_AT_decl_file
	.short	495                     @ DW_AT_decl_line
	.short	616                     @ DW_AT_data_member_location
	.byte	9                       @ Abbrev [9] 0x25b:0xe DW_TAG_member
	.long	.Linfo_string48         @ DW_AT_name
	.long	763                     @ DW_AT_type
	.byte	3                       @ DW_AT_decl_file
	.short	496                     @ DW_AT_decl_line
	.short	620                     @ DW_AT_data_member_location
	.byte	9                       @ Abbrev [9] 0x269:0xe DW_TAG_member
	.long	.Linfo_string49         @ DW_AT_name
	.long	763                     @ DW_AT_type
	.byte	3                       @ DW_AT_decl_file
	.short	497                     @ DW_AT_decl_line
	.short	624                     @ DW_AT_data_member_location
	.byte	9                       @ Abbrev [9] 0x277:0xe DW_TAG_member
	.long	.Linfo_string50         @ DW_AT_name
	.long	763                     @ DW_AT_type
	.byte	3                       @ DW_AT_decl_file
	.short	498                     @ DW_AT_decl_line
	.short	628                     @ DW_AT_data_member_location
	.byte	9                       @ Abbrev [9] 0x285:0xe DW_TAG_member
	.long	.Linfo_string51         @ DW_AT_name
	.long	882                     @ DW_AT_type
	.byte	3                       @ DW_AT_decl_file
	.short	499                     @ DW_AT_decl_line
	.short	632                     @ DW_AT_data_member_location
	.byte	9                       @ Abbrev [9] 0x293:0xe DW_TAG_member
	.long	.Linfo_string52         @ DW_AT_name
	.long	763                     @ DW_AT_type
	.byte	3                       @ DW_AT_decl_file
	.short	500                     @ DW_AT_decl_line
	.short	656                     @ DW_AT_data_member_location
	.byte	9                       @ Abbrev [9] 0x2a1:0xe DW_TAG_member
	.long	.Linfo_string53         @ DW_AT_name
	.long	763                     @ DW_AT_type
	.byte	3                       @ DW_AT_decl_file
	.short	501                     @ DW_AT_decl_line
	.short	660                     @ DW_AT_data_member_location
	.byte	9                       @ Abbrev [9] 0x2af:0xe DW_TAG_member
	.long	.Linfo_string54         @ DW_AT_name
	.long	763                     @ DW_AT_type
	.byte	3                       @ DW_AT_decl_file
	.short	502                     @ DW_AT_decl_line
	.short	664                     @ DW_AT_data_member_location
	.byte	9                       @ Abbrev [9] 0x2bd:0xe DW_TAG_member
	.long	.Linfo_string55         @ DW_AT_name
	.long	763                     @ DW_AT_type
	.byte	3                       @ DW_AT_decl_file
	.short	503                     @ DW_AT_decl_line
	.short	668                     @ DW_AT_data_member_location
	.byte	9                       @ Abbrev [9] 0x2cb:0xe DW_TAG_member
	.long	.Linfo_string56         @ DW_AT_name
	.long	763                     @ DW_AT_type
	.byte	3                       @ DW_AT_decl_file
	.short	504                     @ DW_AT_decl_line
	.short	672                     @ DW_AT_data_member_location
	.byte	9                       @ Abbrev [9] 0x2d9:0xe DW_TAG_member
	.long	.Linfo_string57         @ DW_AT_name
	.long	846                     @ DW_AT_type
	.byte	3                       @ DW_AT_decl_file
	.short	505                     @ DW_AT_decl_line
	.short	676                     @ DW_AT_data_member_location
	.byte	9                       @ Abbrev [9] 0x2e7:0xe DW_TAG_member
	.long	.Linfo_string58         @ DW_AT_name
	.long	763                     @ DW_AT_type
	.byte	3                       @ DW_AT_decl_file
	.short	506                     @ DW_AT_decl_line
	.short	680                     @ DW_AT_data_member_location
	.byte	0                       @ End Of Children Mark
	.byte	10                      @ Abbrev [10] 0x2f6:0x5 DW_TAG_const_type
	.long	763                     @ DW_AT_type
	.byte	11                      @ Abbrev [11] 0x2fb:0x5 DW_TAG_volatile_type
	.long	42                      @ DW_AT_type
	.byte	12                      @ Abbrev [12] 0x300:0xc DW_TAG_array_type
	.long	780                     @ DW_AT_type
	.byte	13                      @ Abbrev [13] 0x305:0x6 DW_TAG_subrange_type
	.long	803                     @ DW_AT_type
	.byte	12                      @ DW_AT_count
	.byte	0                       @ End Of Children Mark
	.byte	11                      @ Abbrev [11] 0x30c:0x5 DW_TAG_volatile_type
	.long	785                     @ DW_AT_type
	.byte	3                       @ Abbrev [3] 0x311:0xb DW_TAG_typedef
	.long	796                     @ DW_AT_type
	.long	.Linfo_string14         @ DW_AT_name
	.byte	1                       @ DW_AT_decl_file
	.byte	62                      @ DW_AT_decl_line
	.byte	4                       @ Abbrev [4] 0x31c:0x7 DW_TAG_base_type
	.long	.Linfo_string13         @ DW_AT_name
	.byte	8                       @ DW_AT_encoding
	.byte	1                       @ DW_AT_byte_size
	.byte	14                      @ Abbrev [14] 0x323:0x7 DW_TAG_base_type
	.long	.Linfo_string15         @ DW_AT_name
	.byte	8                       @ DW_AT_byte_size
	.byte	7                       @ DW_AT_encoding
	.byte	12                      @ Abbrev [12] 0x32a:0xc DW_TAG_array_type
	.long	758                     @ DW_AT_type
	.byte	13                      @ Abbrev [13] 0x32f:0x6 DW_TAG_subrange_type
	.long	803                     @ DW_AT_type
	.byte	2                       @ DW_AT_count
	.byte	0                       @ End Of Children Mark
	.byte	12                      @ Abbrev [12] 0x336:0xc DW_TAG_array_type
	.long	758                     @ DW_AT_type
	.byte	13                      @ Abbrev [13] 0x33b:0x6 DW_TAG_subrange_type
	.long	803                     @ DW_AT_type
	.byte	4                       @ DW_AT_count
	.byte	0                       @ End Of Children Mark
	.byte	12                      @ Abbrev [12] 0x342:0xc DW_TAG_array_type
	.long	758                     @ DW_AT_type
	.byte	13                      @ Abbrev [13] 0x347:0x6 DW_TAG_subrange_type
	.long	803                     @ DW_AT_type
	.byte	5                       @ DW_AT_count
	.byte	0                       @ End Of Children Mark
	.byte	12                      @ Abbrev [12] 0x34e:0xc DW_TAG_array_type
	.long	42                      @ DW_AT_type
	.byte	13                      @ Abbrev [13] 0x353:0x6 DW_TAG_subrange_type
	.long	803                     @ DW_AT_type
	.byte	1                       @ DW_AT_count
	.byte	0                       @ End Of Children Mark
	.byte	12                      @ Abbrev [12] 0x35a:0xc DW_TAG_array_type
	.long	42                      @ DW_AT_type
	.byte	13                      @ Abbrev [13] 0x35f:0x6 DW_TAG_subrange_type
	.long	803                     @ DW_AT_type
	.byte	93                      @ DW_AT_count
	.byte	0                       @ End Of Children Mark
	.byte	12                      @ Abbrev [12] 0x366:0xc DW_TAG_array_type
	.long	42                      @ DW_AT_type
	.byte	13                      @ Abbrev [13] 0x36b:0x6 DW_TAG_subrange_type
	.long	803                     @ DW_AT_type
	.byte	15                      @ DW_AT_count
	.byte	0                       @ End Of Children Mark
	.byte	12                      @ Abbrev [12] 0x372:0xc DW_TAG_array_type
	.long	42                      @ DW_AT_type
	.byte	13                      @ Abbrev [13] 0x377:0x6 DW_TAG_subrange_type
	.long	803                     @ DW_AT_type
	.byte	6                       @ DW_AT_count
	.byte	0                       @ End Of Children Mark
	.byte	0                       @ End Of Children Mark
	.section	.debug_macinfo,"",%progbits
	.byte	0                       @ End Of Macro List Mark

	.ident	"Component: ARM Compiler 6.11 Tool: armclang [5d3b4200]"
	.section	".note.GNU-stack","",%progbits
	.ARM_attribute	16, 1	@ Tag_AV_eba
	.section	.debug_line,"",%progbits
.Lline_table_start0:
