	.text
	.syntax unified
	.eabi_attribute	67, "2.09"	@ Tag_conformance
	.cpu	cortex-m7
	.eabi_attribute	6, 13	@ Tag_CPU_arch
	.eabi_attribute	7, 77	@ Tag_CPU_arch_profile
	.eabi_attribute	8, 0	@ Tag_ARM_ISA_use
	.eabi_attribute	9, 2	@ Tag_THUMB_ISA_use
	.fpu	fpv5-sp-d16
	.eabi_attribute	27, 1	@ Tag_ABI_HardFP_use
	.eabi_attribute	36, 1	@ Tag_FP_HP_extension
	.eabi_attribute	34, 1	@ Tag_CPU_unaligned_access
	.eabi_attribute	17, 1	@ Tag_ABI_PCS_GOT_use
	.eabi_attribute	20, 2	@ Tag_ABI_FP_denormal
	.eabi_attribute	21, 0	@ Tag_ABI_FP_exceptions
	.eabi_attribute	23, 1	@ Tag_ABI_FP_number_model
	.eabi_attribute	24, 1	@ Tag_ABI_align_needed
	.eabi_attribute	25, 1	@ Tag_ABI_align_preserved
	.eabi_attribute	28, 1	@ Tag_ABI_VFP_args
	.eabi_attribute	38, 1	@ Tag_ABI_FP_16bit_format
	.eabi_attribute	18, 4	@ Tag_ABI_PCS_wchar_t
	.eabi_attribute	26, 2	@ Tag_ABI_enum_size
	.eabi_attribute	14, 0	@ Tag_ABI_PCS_R9_use
	.file	"system.c"
	.file	1 "C:\\Work\\SVN\\projects\\MCU\\nes_simulator\\EmbeddedNES\\mps2_template\\example\\build\\mdk" "C:\\Program Files\\ARMCompiler6.11\\bin\\..\\include\\stdint.h"
	.file	2 "C:\\Work\\SVN\\projects\\MCU\\nes_simulator\\EmbeddedNES\\mps2_template\\example\\build\\mdk" "../../system.c"
	.file	3 "C:\\Work\\SVN\\projects\\MCU\\nes_simulator\\EmbeddedNES\\mps2_template\\example\\build\\mdk" "C:/Keil_v5/ARM/PACK/Keil/V2M-MPS2_CMx_BSP/1.7.0/Device/CMSDK_CM7/Include\\CMSDK_CM7_SP.h"
	.file	4 "C:\\Work\\SVN\\projects\\MCU\\nes_simulator\\EmbeddedNES\\mps2_template\\example\\build\\mdk" "C:/Keil_v5/ARM/PACK/ARM/CMSIS/5.4.0/CMSIS/Core/Include\\core_CM7.h"
	.type	.Lllvm.embedded.module,%object @ @llvm.embedded.module
	.section	.llvmbc,"a",%progbits
	.p2align	4
.Lllvm.embedded.module:
	.asciz	"BC\300\3365\024\000\000\005\000\000\000b\f0$LY\276&\357\323>-U\215\020\005\310\024\000\000!\f\000\000\237\n\000\000\013\002!\000\002\000\000\000\023\000\000\000\007\201#\221A\310\004I\006\02029\222\001\204\f%\005\b\031\036\004\213b\200\024E\002B\222\013B\244\0202\0248\b\030K\n2R\210H\220\024 CF\210\245\000\0312B\004I\016\220\221\"\304PAQ\201\214\341\203\345\212\004)F\006Q\030\000\000\361\002\000\000\033N(\370\377\377\377\377\001\220\210qx\007y\220\207r\030\007z`\207|h\003yx\207zp\007r(\007rh\003rH\007{H\007r(\2076\230\207x\220\007zh\003s\200\2076h\207p\240\007t\000\314!\034\330a\036\312\001 \310\241\034\334\341\035\344\241\035\302\201\035\332\300\034\340\241\r\332!\034\350\001\035\000x\220\207r\230\207r\220\007{(\2076\230\207t8\007w\000\brH\207y\b\007q`\207rh\003z\b\207t`\2076\030\207p`\007v\230\007\300\034\302\201\035\346\241\034\000\202\035\312a\036\346\241\r\340A\036\312a\034\322a\036\312\241\r\314\001\036\332!\034\310\0010\207p`\207y(\007\200p\207wh\003s\220\207ph\207rh\003xx\207tp\007z(\007yh\203r`\207th\007\300\034\302\201\035\346\241\034\000\302\035\336\241\r\322\301\035\314a\036\332\300\034\340\241\r\332!\034\350\001\035\000z\220\207z(\007\200p\207wh\003u\250\207v\200\2076\240\207p\020\007v(\207y\000\314!\034\330a\036\312\001 \334\341\035\332\300\035\302\301\035\346\241\r\314\001\036\332\240\035\302\201\036\320\001\240\007y\250\207r\000\bwx\2076\230\207t8\007w(\007rh\003}(\007yx\207yh\003s\200\2076h\207p\240\007t\000\350A\036\352\241\034\000\302\035\336\241\r\350A\036\302\001\036\340!\035\334\341\034\332\240\035\302\201\036\320\001\240\007y\250\207r\000\210y\240\207p\030\207uh\003x\220\207w\240\207r\030\007zx\007yh\003q\250\007s0\207r\220\2076\230\207t\320\207r\000\360\000 \350!\034\344\341\034\312\201\036\332`\034\340\241\036\200qx\007y\240\207r\300\2076h\207;\000\bz\b\007y8\207r\240\20760\207r\b\007z\250\007y(\207y\000\326 \034\344\241\035\354\341\016\312\241\r\332\201\r\326\200\034\342\300\016\330`\r\310a\036\340\201\r\326\300\034\340\241\r\302A\036\332\301\036\360\200\r\326\300\034\340\241\r\336\301\035\330!\037\332`\036\340\201\r\326\000\035\356\201\034\322\301\036\330`\r\350\001\035\352\241\035\304\241\r\332\341\035\310\241\034\330\240\r\306A\036\306\201\r\332`\034\344!\037\340\201\036\336\201\r\332\200\034\336\201\036\340A\036\336\201\034\330\240\r\314\001\036\342\300\016\314\241\035\330\201\r\332\300\034\352\201\035\330\301\034\340!\016\354\200\r\332\000\035\356\201\034\322\301\036\332 \034\344\241\035\330\240\r\334\241\034\336\301\035\330\240\r\344!\034\346\001 \352\301\035\346!\034\314\241\034\332\300\034\340\241\r\332!\034\350\001\035\000s\b\007v\230\207r\000\210z\230\207rh\203yx\007s\240\20760\007vx\207p\240\007\300\034\302\201\035\346\241\034\200\r\357#\374\377\377\377\377@\214\303;\310\203<\224\3038\320\003;\344C\033\310\303;\324\203;\220C9\220C\033\220C:\330C:\220C9\264\301<\304\203<\320C\033\230\003<\264A;\204\003=\240\003`\016\341\300\016\363P\016\000A\016\345\340\016\357 \017\355\020\016\354\320\006\346\000\017m\320\016\341@\017\350\000\300\203<\224\303<\224\203<\330C9\264\301<\244\3039\270\003@\220C:\314C8\210\003;\224C\033\320C8\244\003;\264\3018\204\003;\260\303<\000\346\020\016\3540\017\345\000\020\354P\016\3630\017m\000\017\362P\016\343\220\016\363P\016m`\016\360\320\016\341@\016\2009\204\003;\314C9\000\204;\274C\033\230\203<\204C;\224C\033\300\303;\244\203;\320C9\310C\033\224\003;\244C;\000\346\020\016\3540\017\345\000\020\356\360\016m\220\016\356`\016\363\320\006\346\000\017m\320\016\341@\017\350\000\320\203<\324C9\000\204;\274C\033\270C8\270\303<\264\2019\300C\033\264C8\320\003:\000\364 \017\365P\016\000\341\016\357\320\006\363\220\016\347\340\016\345@\016m\240\017\345 \017\3570\017m`\016\360\320\006\355\020\016\364\200\016\000=\310C=\224\003@\270\303;\264\001=\310C8\300\003<\244\203;\234C\033\264C8\320\003:\000\364 \017\365P\016\0001\017\364\020\016\343\260\016m\000\017\362\360\016\364P\016\343@\017\357 \017m \016\365`\016\346P\016\362\320\006\363\220\016\372P\016\000\036\000\004=\204\203<\234C9\320C\033\214\003<\324\0030\016\357 \017\364P\016\370\320\006\355p\007\000A\017\341 \017\347P\016\364\320\006\346P\016\341@\017\365 \017\3450\017\300\032\204\203<\264\203=\334A9\264A;\260\301\032\220C\034\330\001\033\254\0019\314\003<\260\301\032\230\003<\264A8\310C;\330\003\036\260\301\032\230\003<\264\301;\270\003;\344C\033\314\003<\260\301\032\240\303=\220C:\330\003\033\254\001=\240C=\264\2038\264A;\274\0039\224\003\033\264\3018\310\3038\260A\033\214\203<\344\003<\320\303;\260A\033\220\303;\320\003<\310\303;\220\003\033\264\2019\300C\034\330\2019\264\003;\260A\033\230C=\260\003;\230\003<\304\201\035\260A\033\240\303=\220C:\330C\033\204\203<\264\003\033\264\201;\224\303;\270\003\033\264\201<\204\303<\000D=\270\303<\204\2039\224C\033\230\003<\264A;\204\003=\240\003`\016\341\300\016\363P\016\000Q\017\363P\016m0\017\357`\016\364\320\006\346\300\016\357\020\016\364\000\230C8\260\303<\224\003\260a\205\206\377\377\377\377\037\0008\000\"@\"\306\341\035\344A\036\312a\034\350\201\035\362\241\r\344\341\035\352\301\035\310\241\034\310\241\r\310!\035\354!\035\310\241\034\332`\036\342A\036\350\241\r\314\001\036\332\240\035\302\201\036\320\0010\207p`\207y(\007\200 \207rp\207w\220\207v\b\007vh\003s\200\2076h\207p\240\007t\000\340A\036\312a\036\312A\036\354\241\034\332`\036\322\341\034\334\001 \310!\035\346!\034\304\201\035\312\241\r\350!\034\322\201\035\332`\034\302\201\035\330a\036\000s\b\007v\230\207r\000\bv(\207y\230\2076\200\007y(\207qH\207y(\20760\007xh\207p \007\300\034\302\201\035\346\241\034\000\302\035\336\241\r\314A\036\302\241\035\312\241\r\340\341\035\322\301\035\350\241\034\344\241\r\312\201\035\322\241\035\000s\b\007v\230\207r\000\bwx\2076H\007w0\207yh\003s\200\2076h\207p\240\007t\000\350A\036\352\241\034\000\302\035\336\241\r\324\241\036\332\001\036\332\200\036\302A\034\330\241\034\346\0010\207p`\207y(\007\200p\207wh\003w\b\007w\230\20760\007xh\203v\b\007z@\007\200\036\344\241\036\312\001 \334\341\035\332`\036\322\341\034\334\241\034\310\241\r\364\241\034\344\341\035\346\241\r\314\001\036\332\240\035\302\201\036\320\001\240\007y\250\207r\000\bwx\2076\240\007y\b\007x\200\207tp\207sh\203v\b\007z@\007\200\036\344\241\036\312\001 \346\201\036\302a\034\326\241\r\340A\036\336\201\036\312a\034\350\341\035\344\241\r\304\241\036\314\301\034\312A\036\332`\036\322A\037\312\001\300\003\200\240\207p\220\207s(\007zh\203q\200\207z\000\306\341\035\344\201\036\312\001\037\332\240\035\356\000 \350!\034\344\341\034\312\201\036\332\300\034\312!\034\350\241\036\344\241\034\346\001X\203p\220\207v\260\207;(\2076h\0076X\003r\210\003;`\2035 \207y\200\0076X\003s\200\2076\b\007yh\007{\300\0036X\003s\200\2076x\007w`\207|h\203y\200\0076X\003t\270\007rH\007{`\2035\240\007t\250\207v\020\2076h\207w \207r`\2036\030\007y\030\0076h\203q\220\207|\200\007zx\0076h\003rx\007z\200\007yx\007r`\20360\007x\210\003;0\207v`\0076h\003s\250\007v`\007s\200\2078\260\0036h\003t\270\007rH\007{h\203p\220\207v`\2036p\207rx\007w`\2036\220\207p\230\007\200\250\007w\230\207p0\207rh\003s\200\2076h\207p\240\007t\000\314!\034\330a\036\312\001 \352a\036\312\241\r\346\341\035\314\201\036\332\300\034\330\341\035\302\201\036\000s\b\007v\230\207r\0006\020\004\000\210\301\206\026*\376\377\377\377\177\000\b\000\016\200\b\220\210qx\007y\220\207r\030\007z`\207|h\003yx\207zp\007r(\007rh\003rH\007{H\007r(\2076\230\207x\220\007zh\003s\200\2076h\207p\240\007t\000\314!\034\330a\036\312\001 \310\241\034\334\341\035\344\241\035\302\201\035\332\300\034\340\241\r\332!\034\350\001\035\000x\220\207r\230\207r\220\007{(\2076\230\207t8\007w\000\brH\207y\b\007q`\207rh\003z\b\207t`\2076\030\207p`\007v\230\007\300\034\302\201\035\346\241\034\000\202\035\312a\036\346\241\r\340A\036\312a\034\322a\036\312\241\r\314\001\036\332!\034\310\0010\207p`\207y(\007\200p\207wh\003s\220\207ph\207rh\003xx\207tp\007z(\007yh\203r`\207th\007\300\034\302\201\035\346\241\034\000\302\035\336\241\r\322\301\035\314a\036\332\300\034\340\241\r\332!\034\350\001\035\000z\220\207z(\007\200p\207wh\003u\250\207v\200\2076\240\207p\020\007v(\207y\000\314!\034\330a\036\312\001 \334\341\035\332\300\035\302\301\035\346\241\r\314\001\036\332\240\035\302\201\036\320\001\240\007y\250\207r\000\bwx\2076\230\207t8\007w(\007rh\003}(\007yx\207yh\003s\200\2076h\207p\240\007t\000\350A\036\352\241\034\000\302\035\336\241\r\350A\036\302\001\036\340!\035\334\341\034\332\240\035\302\201\036\320\001\240\007y\250\207r\000\210y\240\207p\030\207uh\003x\220\207w\240\207r\030\007zx\007yh\003q\250\007s0\207r\220\2076\230\207t\320\207r\000\360\000 \350!\034\344\341\034\312\201\036\332`\034\340\241\036\200qx\007y\240\207r\300\2076h\207;\000\bz\b\007y8\207r\240\20760\207r\b\007z\250\007y(\207y\000\326 \034\344\241\035\354\341\016\312\241\r\332\201\r\326\200\034\342\300\016\330`\r\310a\036\340\201\r\326\300\034\340\241\r\302A\036\332\301\036\360\200\r\326\300\034\340\241\r\336\301\035\330!\037\332`\036\340\201\r\326\000\035\356\201\034\322\301\036\330`\r\350\001\035\352\241\035\304\241\r\332\341\035\310\241\034\330\240\r\306A\036\306\201\r\332`\034\344!\037\340\201\036\336\201\r\332\200\034\336\201\036\340A\036\336\201\034\330\240\r\314\001\036\342\300\016\314\241\035\330\201\r\332\300\034\352\201\035\330\301\034\340!\016\354\200\r\332\000\035\356\201\034\322\301\036\332 \034\344\241\035\330\240\r\334\241\034\336\301\035\330\240\r\344!\034\346\001 \352\301\035\346!\034\314\241\034\332\300\034\340\241\r\332!\034\350\001\035\000s\b\007v\230\207r\000\210z\230\207rh\203yx\007s\240\20760\007vx\207p\240\007\300\034\302\201\035\346\241\034\200\r\204\361\377\377\377\377\003 m@\216\377\377\377\377\037\000\t\240\200:\330` \377\377\377\377?\000\021 \001I\030\000\000\007\000\000\000\023\202`B L\b\206\t\202@L\b\212\t\2011!8&\b\0061!@\000\000\000\211 \000\000\025\000\000\0002\"H\t d\205\004\223\"\244\204\004\223\"\343\204\241\220\024\022L\212\214\013\204\244L\020ds\004`@`\216\000I\000A\203D\006\0242#\000%@\224J\000h\225\001\024@m\216 (\301#X\004\004H\016\004\024\002QJ\251\316\021\200\302\024\000\000\000\000\000\023.z@\207zh\007q\260\207;(\207vh\203p\220\207vh\003wx\007w(\2076(\207p\020\207t\330\360\006\345\320\006\355\240\007\345\320\006\360\240\007s \007z0\007r\320\006\351`\007t\240\007v@\007m`\017q \007x\240\007v@\007z\020\007r\200\007m\020\016z\000\007z0\007r\320\006\3560\007r\320\006\263`\007t\260\002r\203P\220\205Vp\203z\230\207r\370\005wx\207_\b\007y8\007{X\321\260\003;\330C;\270A;\224\003=\204\0039\204\003=\204\203\322\003B\204d\220!#E\204\b\215\020&\247\216\313\365r\271^\363\374\234^n\273\306; @\003\004i\030\000\000\000\000\000\000\202\035\220\226\f\003\000\004\000\000\000\000\000\000\301\016h\f `\000\200\001\000\000\001\000\000 \330\001\315\301\003\b\0000\000\000 \000\000\000\004\024\212\2000\201\343T\202\205Z\0208d\342\205'!\005\000\b\000 \000\004\000\000\000 \000\206L\353\340%\244\020\000\002\000\000\200\000\000\000\000\004\300\220)%\210\205\024\000`\000\200\000\020\000\000\000\200\000\0302\265\004\323\220B\000\b\000\000\000\002\000\000\000\020\000C\246\234@\022R\b\000\001\000\000@\000\000\000\000\002`\310\024\026GB\n\001 \000\000\000\b\000\000\000@\000\f\231\320\"\202H!\000\b\000\000\000\001\000\000\000\b\200!S^H\t)\000C\001\000\000\020\000\000\000\000\0010dZ\rF\002\002\300\000\000\000\000\000\000\000\000\000\0302\335F#\001\001`\000\000\000\000\000\000\000\000\000\f\231\310\303\251\200\0008\000\000\000\000\000\000\000\000\000$6\b\024\026U\000\000\310\002\001*\000\000\0002\036\230\034\031\021L\220\214\t&G\306\004C\002#\000%P\004eP\b5P\016$F\000\350\026D\301\024\\\201\017\024\242Ba\024A!\224B\t\224n@y\024\303\b@\201\024J!\025Ta\025X\241\025^\001\006\024d@a\006\024h@\001\007\024z@\301\007\024~@\001\n\024\242@A\n\024\246@\001\"\024\"B\001&\024bBA&\024fB\201&\024jB\301&\024nB\001'\024rBA'\024vB\201'\024zB\301'\024\250B\241*\024\254B\341*\024\260B!+\024\264\002\025\333@@\006\203)\000\000\000\261\030\000\000t\000\000\0003\b\200\034\304\341\034f\024\001=\210C8\204\303\214B\200\007yx\007s\230q\f\346\000\017\355\020\016\364\200\0163\fB\036\302\301\035\316\241\034f0\005=\210C8\204\203\033\314\003=\310C=\214\003=\314x\214tp\007{\b\007yH\207pp\007zp\003vx\207p \207\031\314\021\016\354\220\016\3410\017n0\017\343\360\016\360P\0163\020\304\035\336!\034\330!\035\302a\036f0\211;\274\203;\320C9\264\003<\274\203<\204\003;\314\360\024v`\007{h\0077h\207rh\0077\200\207p\220\207p`\007v(\007v\370\005vx\207w\200\207_\b\207q\030\207r\230\207y\230\201,\356\360\016\356\340\016\365\300\016\3540\003b\310\241\034\344\241\034\314\241\034\344\241\034\334a\034\312!\034\304\201\035\312a\006\326\220C9\310C9\230C9\310C9\270\3038\224C8\210\003;\224\303/\274\203<\374\202;\324\003;\260\303\f\307i\207pX\207rp\203th\007x`\207t\030\207t\240\207\031\316S\017\356\000\017\362P\016\344\220\016\343@\017\341 \016\354P\0163 (\035\334\301\036\302A\036\322!\034\334\201\036\334\340\034\344\341\035\352\001\036f\030Q8\260C:\234\203;\314P$v`\007{h\0077`\207wx\007x\230QL\364\220\017\360P\0163\036j\036\312a\034\350!\035\336\301\035~\001\036\344\241\034\314!\035\360a\006T\205\2038\314\303;\260C=\320C9\374\302<\344C;\210\303;\260\303\214\305\n\207y\230\207w\030\207t\b\007z(\007r\230\201\\\343\020\016\354\300\016\345P\016\3630#\301\322A\036\344\341\027\330\341\035\336\001\036\000\000\000\000y \000\000i\004\000\000b\036H C\210\f\0319\031$\220\221@\306\310\310h\"P\b\0242\236\030\031!G\310\220Q4\tv\020\345\000\000\000\000\216,\330\301-\020\303\344T\315\263D\013\3030\f\3030M\263,\01635\b\244(\f\3030\n\3030\f\3030\f\203\007G\2030\241\2000GB$\004B$DB$BB\020\304P\024\004Q\f\003Q\020\004Q\020\204a\030\306Q\f\206Q\024Eq$\307Q\034G\201\030\211a\030\204\221\024\316c \216\322HJ#IO\004\000\000\000\000../..\\system.cC:\\Work\\SVN\\projects\\MCU\\nes_simulator\\EmbeddedNES\\mps2_template\\example\\build\\mdkComponent: ARM Compiler 6.11 Tool: armclang [5d3b4200]C:/Keil_v5/ARM/PACK/Keil/V2M-MPS2_CMx_BSP/1.7.0/Device/CMSDK_CM7/Include\\CMSDK_CM7_SP.hIRQnintNonMaskableInt_IRQnHardFault_IRQnMemoryManagement_IRQnBusFault_IRQnUsageFault_IRQnSVCall_IRQnDebugMonitor_IRQnPendSV_IRQnSysTick_IRQnUART0RX_IRQnUART0TX_IRQnUART1RX_IRQnUART1TX_IRQnUART2RX_IRQnUART2TX_IRQnGPIO0ALL_IRQnGPIO1ALL_IRQnTIMER0_IRQnTIMER1_IRQnDUALTIMER_IRQnSPI_0_1_IRQnUART_0_1_2_OVF_IRQnETHERNET_IRQnI2S_IRQnTOUCHSCREEN_IRQnGPIO2_IRQnGPIO3_IRQnUART3RX_IRQnUART3TX_IRQnUART4RX_IRQnUART4TX_IRQnSPI_2_IRQnSPI_3_4_IRQnGPIO0_0_IRQnGPIO0_1_IRQnGPIO0_2_IRQnGPIO0_3_IRQnGPIO0_4_IRQnGPIO0_5_IRQnGPIO0_6_IRQnGPIO0_7_IRQnC:\\Program Files\\ARMCompiler6.11\\bin\\..\\include\\stdint.huint8_tunsigned charuint32_tunsigned intC:/Keil_v5/ARM/PACK/ARM/CMSIS/5.4.0/CMSIS/Core/Include\\core_CM7.hSCB_TypeSysTick_Typeint32_tNVIC_TypeISERRESERVED0ICERRSERVED1ISPRRESERVED2ICPRRESERVED3IABRRESERVED4IPRESERVED5STIRCTRLLOADVALCALIBCPUIDICSRVTORAIRCRSCRCCRSHPRSHCSRCFSRHFSRDFSRMMFARBFARAFSRID_PFRID_DFRID_AFRID_MFRID_ISARCLIDRCTRCCSIDRCSSELRCPACRMVFR0MVFR1MVFR2ICIALLURESERVED6ICIMVAUDCIMVACDCISWDCCMVAUDCCMVACDCCSWDCCIMVACDCCISWRESERVED7ITCMCRDTCMCRAHBPCRCACRAHBSCRRESERVED8ABFSR../../system.cSysTick_HandlerwValueuint16_tunsigned shorts_wMSTicksDwarf VersionDebug Info Versionwchar_sizestatic_rwdataenumsize_buildattrarmlib_unavailableomnipotent charSimple C/C++ TBAA\000\000f\327\004\000\000\000\000\0000\202pe#\b\2276\202pm#\b\0277\202pu#\b\2277\202p}#\b\027\030\214 \\a0\202p\211\301\b\3025\006#\b\027\031\214 \\e0\202\000L#\b\0005\202\000H#\b@5\202\000D#\b\227\031\214\024\r\023`\033e\003\000`\310\001\000\320\037\000\000\000\300H\3210\001\266\021z\000\000\022\000\000\214\b\000\000\0000R4L\200m\234\016\000\200k\001\000\200\253\000\000\000\000SU\303\254\344\0030+\266P+@p\013\000\000\200H\000\026\000`+\0000\0333\364\204>\000\263\322\013\271\022\004\000\000\314\306\f=\321\017\300\254\340\302o\004\001\000\000CM\001\023\026C\000\000@\360\032\276\001\310\n\000\000\001 \fT\000\201\000\000\003\025\000!\000\300<\007@\006\006\030\000\0050\316\000l\3078\003\220!\343\f\300\225\2143\000\2252\316\000L\3138\003\2200\343\f\300\321\2143\000\2033\316\000\004\3178\003\000@\343\f\200\020\2153\000\2044\316\000\030\3238\003\200P\343\f\200R\2153\000\2145\316\0008\3278\003\000a\343\f\200\224\2153\000\2246\316\000X\3338\003\200q\343\f\200\326\2153\000\2347\316\000x\3378\003\000\006`0\316\000\210A\030\2143\000d \006\343\f\200\031\214\3018\003\200\006d0\316\000\250A\031\2143\000l`\006\343\f\200\033\234\3018\003\000\007h0\316\000\310A\032\2143\000t\240\006\343\f\200\035\254\3018\003\200\007l0\316\000\350A\033\2143\000|\340\006\343\f\200\037\274\301\fi@\026ea\026g\201\026i\241\026k\301\026m\341\026o\001\027q!\027sA\027ua\027w\201\027y\241\027{\301\027}\341\027\177\001\032\241!\032\243A\032\245a\032\247\201\032\251\241\032\253\301\032#E\002Q\210\205\033\000c\001\006\000\000\264\006\000\000\0000C\340\032\003\025\000\034\b\0000\317\001\220\201\034 \000\002L\324\000V\034\300\206\037\000\261\001\000\000\000\000\0235\300\003\000\000 \033`\000\000\000\000\314s\000d@\007`\000\034\300D\r`\315\001l\200\002@\033\000\000\000\0000P\001\324\201\000\000\0235\200e\007\266\261?\000O\000\000\000\000\300D\r\360\000\000\000\334\006\030\000\000\000\000\0235\200u\007\266qz\300N\000\000\000\000\300D\r\360\000\000\000\344\006\030\000\000\000\000\0235\200\205\007\260\241\007\300X\000\000\000\000\300D\r`\345\201m\320\r\240\023\000\000\000\0000Q\003<\000\000\000\274\001\006\000\000\000\300\f\307l\324\006n\350\306n\310FoL\324\000u\000\000\000P\033\000\000\000\0000\315 \234\0040C\000\036#EB\000\000\000\360\033 \002\000@x\000\000\000\000\0235@\243\007\266q6:!\036 \002\000\000\000L3\b(\001\314\020\220\307H\221\020\000\000\000\324\006\210\001\000P\036\000\000\000\300D\r\320\354\201m\240\215N\230\007\210\001 \002\000\300D\r\320\360\201m\244\215N\210\007\210\000 \030\000\0000Q\0034}`\033j\243\023\346\001b\000\210\006\000\000L\324\000\215\037\330\306\332\350\204x\200\b\000\202\002\000\000\0235@\363\007\266\3016:a\036 \006\200\250\000\000\300D\r\320\200\202m\264\215N\210\007\210\000 8\000\0000Q\0034\241`\033n\243\023\346\001b\000\210\016\000\000L\324\000\215(\330\306\333\350\204x\200\b\000\202\004\000\000\323\fBJ\0003\004\3571R$\004\000\000\000\265\001\342\001\000\000\360\001\000\000\000L\324\000\315(\330\006\334\350D|\200x\000\200(\001\000\300D\rP\007\000\000\000\262\001\000\000\000\000\323\f\202J\0003\004\3641R$\004\000\000\000\363\001\362\001\000\000\365\001\000\000\000L\324\000\r)\330F\334\350\204}\200|\000\200\240\001\000\3004\203\260\022\300\f\001~\214\024\t\001\000\000@m\200$\005\000@~\000\000\000\000\0235@S\n\266!7:\241\037 I\001 \177\000\0000Q\0034\246`\033s\243\023\277\001\006\000\br\000\000\314\320\214\307y\240Gz\250\307z\260G{\270\207|\334\307~\360\307D\r\320\234\202m\214\336N\374\006\030\000\000\000\000\0235@\203\n\266Az;\361\033`\000\200\001\000\000\0235@\223\n\266Qz;\361\033`\000\200\002\000\000\0235\200\031\000\000\000\374\006\000\000\000\000L\324\000\215*\330\206\351\355D\210\200\001\000\016\000\000\314@\370\307\177\200\210\210L\324\000\315*\330F\352\360D\210\200\001\000\000\0000Q\0034\254`\033\252\303\023\277\001\006\000\030\000\0000Q\0034\255`\033\253\303\023\277\001\006\000(\000\0000Q\0034\256`\033\254\303\023\277\001\006\0008\000\0000Q\0034\257`\033\255\303\023\277\001\006\000H\000\0000Q\0034\260`\033\256\303\023\277\001\006\000X\000\0000\315 \260\0040C\240\"#EB\000\000\0000\037\340\000\000\300\212\000\000\000\000\0235@\023\013\266\361:<\301\"\340\000\200\006\000\000\0235@#\013\266\001;<\361\033`\000\200\t\000\000\0235@3\013\266\021;<\361\033`\000\200\n\000\000\0235@C\013\266!;<\361\033`\000\200\013\000\000\0235@S\013\2661;<\361\033`\000\200\f\000\000\0235@c\013\266A;<\361\033`\000\200\r\000\000\0235@s\013\266Q;<\361\033`\000\200\016\000\000\0235@\203\013\266a;<\361\033`\000\200\017\000\000\323\fBK\0003\00452R$\004\000\000\000!\002\n\000\000\330\b\000\000\0000Q\0034\271`\033\267\303\0237\002\n\000\b\001\0000Q\0034\272`\033\270\303\023!\002\006\000(\001\0000Q\0034\273`\033\271\303\023!\002\006\0008\001\0000\315 \270\0040C\260##EB\000\000\000\020\" \001\000\000\217\000\000\000\000\0235@\303\013\266\241;<\321# \001\200\024\000\000\323\f\302K\0003\004?2R$\004\000\000\000!\002\026\000\000\200\t\000\000\0000Q\0034\275`\033\273\303\023a\002\026\000\210\001\0000\315 \300\0040C0&#EB\000\000\000P\033`\000\000\000\231\000\000\000\000\0235@\263\007\266\301;<Q&`\000\200\035\000\000\0235@\343\013\266\321;<\021\"`\000\200\036\000\000\0235@\363\013\266\341;<\021\"`\000\200\037\000\000\0235@\003\016\266\361;<\021\"`\000\200`\000\000\300D\r\320\204\203m\200\017O\374\006\030\000`\030\000\0000Q\0034\342`\033\341\303\023\277\001\006\000(\006\000\000L3\b1\001\314\020\260\311H\221\020\000\000\000\324\006\330\013\000\000\264\t\000\000\0000Q\0034\241`\033\342\303\023n\002\366\002\000\216\001\000\000\0235@c\n\2661><\361\033`\000\200 \001\000\3004\203 \023\300\fA\234\214\024\t\001\000\000@m\200\017\000\000r\002\000\000\000L\324\000\315(\330\006\371\360\304\234\200\017\000\206\004\000\000\0235@3\016\266Q><\021\"`\000\2000\001\000\300D\r\320\220\203m\230\017O\204\b\030\000`L\000\0000Q\0034\345`\033\347\303\023!\002\006\000(\023\000\000L\324\000M)\330\006\372\360D\231\200\001\000\316\004\000\000\0235@c\016\266\221><\361\033`\000\2004\001\000\300D\r\320\234\203m\250\017O\224\t\030\000`M\000\0000Q\0034\350`\033\353\303\023\277\001\006\000h\023\000\000L\324\000M:\330\006\373\360\304o\200\001\000\336\004\000\000\0235@\243\016\266\321><\361\033`\000\2008\001\000\300D\r\320\254\203m\270\017O\374\006\030\000`N\000\0000Q\0034\354`\033\357\303\023\277\001\006\000\250\023\000\000L\324\000M;\330\006\374\360\304o\200\001\000\356\004\000\000\0235@\343\016\266\021?<\361\033`\000\200<\001\000\300D\r\320\274\203m\310\017O\374\006\030\000`O\000\0000\315 \314\0040C0*#EB\000\000\000P\033\240\001\000\000\251\000\000\000\000\0235@\003\017\2661?<Q*\240\001\200>\001\000\300D\r\320\304\203m\320\017O\374\006\030\000 Y\000\0000Q\0034\362`\033\365\303\023\277\001\006\000X\026\000\000L\324\000\315<\330\206\375\360\304o\200\001\000\232\005\000\000\0235@C\017\266q?<\361\033`\000\200g\001\000\300D\r\320\324\203m\340\017O\374\006\030\000 Z\000\0000Q\0034\366`\033\371\303\023e\002\006\000\230\026\000\000L\324\000\315=\330\206\376\360\304o\200\001\000\252\005\000\0003\310\001\211\224\210\211\234\b\212\244H\213\270\310\213\300H\214\310\310\214\320\b\216\344\210\216\370\210\230\230\311\231\240I\232\250\311\232\274\t\234\320I\235\330\311\235\340I\236\350\311\236\360I\237\370\311\237\200J\250\210\212\251\234\n\252\244\212\252\254\n\253\264\312t\2011e0\000?\361*S\006\003\340\023\2572\203\000+\2612P\001\340\203\000\0003\004\300L\204\000\320\n0\0030\317\001\220\001?@\300\001L\324\000\326>\300\306\037\000\267\002\000\000\000\000\0235@\035\000\000\000\340\n\000\000\000\000\3140\320\204?\324\304\f\003M\374CM\3140\330\004H\334\304\f\203M\204\204M\3140\330\204H\320\304\f\203M\214\004N\314\020\f3\004%1\303@\022\341\222\0233\f\206\270\344\304\f\303\270\214KN\234o\000\034\307q\034\307\211\201\030\210\201\030\210\201\030p\034\307qb@\023.A\023\244a\017\366\240\023n\340\006\246 \006b \006b \006b \006b \006b \006b \006b \006b \006b \006b \006b \006b \006n\340\006n\340\006n\340\006n\340\006n\340\006n\340\006n\340\006n\340\006\"D\023\034\035\230\202=\250\003+\330\003\035\330\203:\330\203:\330\203=\250\0039\250\003\032p(!\022h\300\241\004J\270\204K\270\204K\270\204K\270\004\032p.A\023\352\200\006\234K\320\004\032p.A\023.\301\026\"\201\022(\241\016(\001\n\"\201\022(\201\022(\201\022h\300\241\004J\240\004J\240\004J\240\004J\240\004\032p(\201\022(\201\022h\300\241\004J\240\001\207\022(\201\006\034J\240\004J\240\204K\270\204K\240\001\347\0224\341\022h\300\241\204K\270\204K\270\204K\270\204K\270\204K\270\204K\270\204K\270\204K\240\001\207\022.\341\022.\341\022.\341\022.\341\022\356d\321\001\035\240\001\035Xn\000\231\202=\250\003\035\320\001\035\320\001\035\320\201\305\321\201\033\310H`\202rac\263ks!\023;s\031\253\033%\370\211\214\330\330\354\332\\\332\336\310\352\330\312\\\314\330\302\316\346F1rEWv\205Wz\305WRac\263ksI#+s\243\033%\370\225!\203\001\000^\005\000\000\000\000\251\030\000\000\023\000\000\000\013\nr(\207w\200\007zXp\230C=\270\3038\260C9\320\303\202\346\034\306\241\r\350A\036\302\301\035\346!\035\350!\035\336\301\035\026(\342P\016\346\360\016\362P\016\351\340\016\363@\017\013\222p0\007z(\007yH\007w\230\007z\000\321\020\000\000\006\000\000\000\007\314<\244\203;\234\003;\224\003=\240\203<\224C8\220\303\001\000\000\000a \000\000\035\000\000\000\023\004A<\f\000\000\000\003\000\000\000\263\212\240'f\205\027\022\000\000\000\000T\013`\316\030\020\272\360\364\004P\001)\300\204\0010l@\334B0\004\023\006\000\335\002\2303\006\004/,\345\002\214\030\020FJ\202A\022\0133\006\3049\024=\001\340\214\001\201\016AO\000\0011\000\000\005\000\000\000[\004\200'\266\f@0.[\006!\030\227-\303\020\214\013\000\000\000\000\000a \000\000\016\001\000\000\023\004H,\020\000\000\000\016\000\000\000\004\n\372\241\374\377\377\037*\373\037\377\177\240v\227\361\377\007*\372\037\377\177\240\302\377\361\377\007HT\020\005Spe\n\262L\201\026\025S\2005\3241\020\001\020\001\021\000\000\000\3610\000\000\202\000\000\000\"G\310\220Q&H8\000\000\000\000\304S,\205\223H\b\000mainbLoadingSuccess_Boolsystem_initticksSysTick_ConfigIRQn_Type__NVIC_SetPrioritypriority\000\000\000\023\004\300\232 \000\327\004A\300f\025\201\274\314\312\212 \253\252aV\312\005\230\025\374 \031 \310\017\000\000@$\000\013\0008\031\000XU\r\263\202.\300\254\250C\255\004\301:\000\000\000\"\001X\000\200\255\000\300\254\"\230\227Ya\207D\346\201\0042\204\310\220i\375(\210\027`V\021\320\313\254\260\303\267\252\032lC]\000\333 aAe\202\240\204\005\000\000@$\000\013\000X\031\000hx(\220\227z\231U\004\367b\033&,\034\253\252\3016\330\005\260\r\364\017b&\b\322?\000\000\000D\002\260\000\200\231\001\200faa\300^\360eV\021\350\213m\250\177p\314*\002~\261\215\367\017\206YE\020/\263\362#\315\254\"\360\227Y\371\221oV\021\374\313\254\204I\264b\b\231\233\301\231\025\203\310\344\214\316l\b\306b\023!\000#\003\3549\00028\027\004\020\200q\211\020/\3462+,R2\000\000l\bLf\\\"\334K\272\330\006\t\013\265\021\000\300\006\2416jc\023!\000)\003l\bPfCb\022\343\222\023\343\342\022\343r\022\343\302\022\033\006\226\031\027\227X\324\000\326\272\210\005/\000\256\001\000\000\000\000\343\022A_\n\333@\377\300e\002\000\3300\000.S\033\233\b\001\200\031`\\\"\350K\273\330\006\372\007\265!\000\300\006\341edf\303 .\342\222\023\033\006\226\031\227\223\3300\260\314\270\344D\265I\002\274\000\325&\021\360\002\024\235\024\304\013PuR\020/\300\004\001\030\007\000\000\000#\006\004\222\222`\000\325\302\214\001\301\016\n\275\324\313,\203\020\0043\006\004;$\363R/#\006D\222\222`\220\324\302\214\001\321\016\211\275\324\213N\030\000\364\013`\314\030\020\360@\315K\275T\340\314\214\001\001\017e0/\3652bp\030 \b\006\025-\250\366\377\377\377\320\333\377\377\377\203\215\377\377\377\0173\006\004\t\013rp/\370b\201+\200\300\214\001a\302\202\223/\3702\334\020<b0c@\230\260P\345\013\276\3142\020C0c@\230\260p\334\013\276\f\033\020\2120\0043\006\304\n\013\322\275\340\313\210\301a\200 \030T\266\220\337\377\377\377\003n\377\377\377\0178\376\377\377?\314\030\020\350\037\314\201\276\354\313\210\301a\200 \030T\266\200\337\377\377\377Cm\377\377\377\0178\376\377\377?\314\030\020\350\037\210\202\276\354\313\260\001q,A0c@\300\177\360\006\375\262/\303\006DR\013D0c@\264\260 \335\013\276\f\033\020\310+\024\301\214\001\341\302\202t/\3702K@\314\030\0201,\f\367\202/#\006\007\000\202`P\331\302}\377\377\377\017\341\375\377\377?\340\370\377\377\3770c@\260\210\023/\000\221\003\0303\006D\230x \003\214\030\030FJ\202A\343\013G0c@\204I\0042\300pCp\013`0c@\204\311\033\200\f0\313P\034\301\214\001\021&\321\277\000#\006\204\221\222`\220\374\302\214\001q&I\274\000#\006\204\221\222`\220\370\302\214\001\221&I\274\000\263\004\306\214\001\321&I\274\000\263\004\306\204\0010Kp\314\030\020tR\310\013\020\020\003\000\000\013\000\000\000[\004 ^\266\fD0.[\006%`\231-C\023\314\314\226\301\thf\313\360\0045\263e\220\202q\3312d\022\310l\0314)d\000\000\000\000\000a \000\000\243\000\000\000\023\004B,\020\000\000\000\005\000\000\000\004\312\243\322\227\361\377\007\n\220\243\020\001\241\277(\230\002+\000\3610\000\000r\000\000\000\"G\310\220Q\006\204\005\022\000\000\000__NVIC_SystemReset\000\000\023\204\353\f&\b\027\032L\020\2564\230 \\j0A\270\326`\202p\261\301\004\341j\203\t\302\345\006\023\204\353\r&\b\027\034L\020\2568\230 \\r0A\270\346`\202p\321\301\004\341\252\203\t\302e\007\023\204\353\016&\b\027\036L\020\256<\230 \\z0A\270\366`\202p\361\301\004\341\352\203\t\302\345\007\023\204\353\017&\b\027(L\020\256P\230 \\\2420A\270Fa\202p\221\302\004\341*\205\t\302e\n\023\204\353\024&\b\027*L\020\256T\230 \\\2520A\270Va\202p\261\302\004\341j\205\t\302\345\n\023\204\353\025&\b\027,L\020\256X\230 \\\262\260\252\032l\243\\\000\333\030G\241V\202\200\034\005\000\000@\024\004\203\000,\000\300V\000`V\021\310\214m\260\2430\314*\202\231\261\rv\024\206YE@3\266\321\216\302\260b\260\231\234\321\231\r\345`\022\343\222\023\343\342\022\343r\022\343\302\022\343b.\343r.\342\202\022\343\202.\343\222.\343\242.\343\262.\343\302.\343\222\022\343\322.\342\342.\343\362.\343\002/\342\022/\342\"/\3422/\343B/\343R/\343b/\343r/\343\202/\342\222/\343\242/\342\262/\343\302/\343\322/\343\342/\342\362/\343\0022\342\0222\343\"2\34322\343B2\343R2\343b2\343r2\343\2022\343\2222\342\2422\343\2622\343\3022\343\3222\343\3422\343\3622\342\0023\343\0223\033\206\233\031\027\226\220y \201\f!2d\212\035\205\001\231\001\352\035\205\001\231\001\000\000#\006\005\020\202` \261B1c@\224\2430\310\f@\001\2303\006\004:\nb 3@\005\204\316\030\020\350(\240\201\314\000\025\020;c@\240\243 \n2\003\f\033\020D0\0043\006\3049\n\217\314\000#\006\005\020\202` \275\0022c@\250\2430\310\f0K\020\314\030\020\354(\f2\003\214\030\024@\b\202\201\344\n\2540c@\270\243P\324\f0K\020\314\030\020\354(\f4\003\004\304\000\000\000\000\005\000\000\000[\004 f\266\fAp3[\006\"\270\231-\003\"\325\f\000\000\000\000\000q \000\000\004\000\000\0002\016\020\"\204\006\316\021\210\320\036\201\r\375\023\000\000\000\000\000e\f\000\000\211\000\000\000\022\003\2248\004\000\000\000\001\000\000\000\362\000\000\000\b\000\000\000D\000\000\000\001\000\000\000P\000\000\000\000\000\000\000P\000\000\000\021\000\000\000\350\001\000\000\002\000\000\000\372\000\000\000\027\000\000\000\021\001\000\000\016\000\000\000\037\001\000\000\000\000\000\000\000\000\000\000\021\000\000\000\000\000\000\000\\\000\000\000\017\000\000\000\\\000\000\000\017\000\000\000\377\377\377\377\001$\000\000k\000\000\000\036\000\000\000k\000\000\000\036\000\000\000\377\377\377\377\b$\000\000\211\000\000\000\004\000\000\000\211\000\000\000\004\000\000\000\377\377\377\377\001$\000\000\215\000\000\000\f\000\000\000\215\000\000\000\f\000\000\000\377\377\377\377\b$\000\000\231\000\000\000\b\000\000\000\231\000\000\000\b\000\000\000\377\377\377\377\b$\000\000\241\000\000\000\007\000\000\000\241\000\000\000\007\000\000\000\377\377\377\377\b$\000\000\250\000\000\000\021\000\000\000\250\000\000\000\021\000\000\000\377\377\377\377\b$\000\000\271\000\000\000\022\000\000\000\271\000\000\000\022\000\000\000\377\377\377\377\0000\000\000\313\000\000\000\f\000\000\000\313\000\000\000\f\000\000\000\377\377\377\377\b,\000\000\327\000\000\000\r\000\000\000\327\000\000\000\r\000\000\000\377\377\377\377\b,\000\000\344\000\000\000\016\000\000\000\344\000\000\000\016\000\000\000\377\377\377\377\b,\000\000\000\000\000\000\032\000\000\000\000\000\000\000\032\000\000\000\377\377\377\377\000\000\000\000\032\000\000\000\t\000\000\000\032\000\000\000\t\000\000\000\377\377\377\377\b\004\000\000#\000\000\000\020\000\000\000#\000\000\000\020\000\000\000\377\377\377\377\b\004\000\0003\000\000\000\017\000\000\0003\000\000\000\017\000\000\000\377\377\377\377\b\004\000\000B\000\000\000\021\000\000\000B\000\000\000\021\000\000\000\377\377\377\377\204\004\000\000S\000\000\000\t\000\000\000S\000\000\000\t\000\000\000\377\377\377\377\004\f\000\000\000\000\000\000\000\000\000\000\037\001\000\000\000\000\000\000\037\001\000\000\020\000\000\000\000\000\000\000\000\000\000\000\037\001\000\000\000\000\000\000/\001\000\000\r\000\000\000\000\000\000\000]\f\000\000R\000\000\000\022\003\224|\002\000\000\000SysTick_Handler.s_wMSTicksNES_ROM_2NES_ROM_2_LengthSystemCoreClock__ARM_use_no_argvllvm.usedSysTick_Handlerapp_platform_1ms_event_handlermainfce_load_romfce_initfce_runapp_platform_init__NVIC_SystemResetllvm.arm.dsbllvm.arm.hintllvm.dbg.value8.0.0svnthumbv7em-arm-none-eabi../../system.c.ARM.use_no_argvllvm.metadata\000\000\000"
	.size	.Lllvm.embedded.module, 11808

	.section	.debug_str,"MS",%progbits,1
.Linfo_string0:
	.asciz	"Component: ARM Compiler 6.11 Tool: armclang [5d3b4200]" @ string offset=0
.Linfo_string1:
	.asciz	"../..\\system.c"       @ string offset=55
.Linfo_string2:
	.asciz	"C:\\Work\\SVN\\projects\\MCU\\nes_simulator\\EmbeddedNES\\mps2_template\\example\\build\\mdk" @ string offset=70
.Linfo_string3:
	.asciz	"s_wMSTicks"            @ string offset=153
.Linfo_string4:
	.asciz	"unsigned int"          @ string offset=164
.Linfo_string5:
	.asciz	"uint32_t"              @ string offset=177
.Linfo_string6:
	.asciz	"wValue"                @ string offset=186
.Linfo_string7:
	.asciz	"unsigned short"        @ string offset=193
.Linfo_string8:
	.asciz	"uint16_t"              @ string offset=208
.Linfo_string9:
	.asciz	"int"                   @ string offset=217
.Linfo_string10:
	.asciz	"NonMaskableInt_IRQn"   @ string offset=221
.Linfo_string11:
	.asciz	"HardFault_IRQn"        @ string offset=241
.Linfo_string12:
	.asciz	"MemoryManagement_IRQn" @ string offset=256
.Linfo_string13:
	.asciz	"BusFault_IRQn"         @ string offset=278
.Linfo_string14:
	.asciz	"UsageFault_IRQn"       @ string offset=292
.Linfo_string15:
	.asciz	"SVCall_IRQn"           @ string offset=308
.Linfo_string16:
	.asciz	"DebugMonitor_IRQn"     @ string offset=320
.Linfo_string17:
	.asciz	"PendSV_IRQn"           @ string offset=338
.Linfo_string18:
	.asciz	"SysTick_IRQn"          @ string offset=350
.Linfo_string19:
	.asciz	"UART0RX_IRQn"          @ string offset=363
.Linfo_string20:
	.asciz	"UART0TX_IRQn"          @ string offset=376
.Linfo_string21:
	.asciz	"UART1RX_IRQn"          @ string offset=389
.Linfo_string22:
	.asciz	"UART1TX_IRQn"          @ string offset=402
.Linfo_string23:
	.asciz	"UART2RX_IRQn"          @ string offset=415
.Linfo_string24:
	.asciz	"UART2TX_IRQn"          @ string offset=428
.Linfo_string25:
	.asciz	"GPIO0ALL_IRQn"         @ string offset=441
.Linfo_string26:
	.asciz	"GPIO1ALL_IRQn"         @ string offset=455
.Linfo_string27:
	.asciz	"TIMER0_IRQn"           @ string offset=469
.Linfo_string28:
	.asciz	"TIMER1_IRQn"           @ string offset=481
.Linfo_string29:
	.asciz	"DUALTIMER_IRQn"        @ string offset=493
.Linfo_string30:
	.asciz	"SPI_0_1_IRQn"          @ string offset=508
.Linfo_string31:
	.asciz	"UART_0_1_2_OVF_IRQn"   @ string offset=521
.Linfo_string32:
	.asciz	"ETHERNET_IRQn"         @ string offset=541
.Linfo_string33:
	.asciz	"I2S_IRQn"              @ string offset=555
.Linfo_string34:
	.asciz	"TOUCHSCREEN_IRQn"      @ string offset=564
.Linfo_string35:
	.asciz	"GPIO2_IRQn"            @ string offset=581
.Linfo_string36:
	.asciz	"GPIO3_IRQn"            @ string offset=592
.Linfo_string37:
	.asciz	"UART3RX_IRQn"          @ string offset=603
.Linfo_string38:
	.asciz	"UART3TX_IRQn"          @ string offset=616
.Linfo_string39:
	.asciz	"UART4RX_IRQn"          @ string offset=629
.Linfo_string40:
	.asciz	"UART4TX_IRQn"          @ string offset=642
.Linfo_string41:
	.asciz	"SPI_2_IRQn"            @ string offset=655
.Linfo_string42:
	.asciz	"SPI_3_4_IRQn"          @ string offset=666
.Linfo_string43:
	.asciz	"GPIO0_0_IRQn"          @ string offset=679
.Linfo_string44:
	.asciz	"GPIO0_1_IRQn"          @ string offset=692
.Linfo_string45:
	.asciz	"GPIO0_2_IRQn"          @ string offset=705
.Linfo_string46:
	.asciz	"GPIO0_3_IRQn"          @ string offset=718
.Linfo_string47:
	.asciz	"GPIO0_4_IRQn"          @ string offset=731
.Linfo_string48:
	.asciz	"GPIO0_5_IRQn"          @ string offset=744
.Linfo_string49:
	.asciz	"GPIO0_6_IRQn"          @ string offset=757
.Linfo_string50:
	.asciz	"GPIO0_7_IRQn"          @ string offset=770
.Linfo_string51:
	.asciz	"IRQn"                  @ string offset=783
.Linfo_string52:
	.asciz	"unsigned char"         @ string offset=788
.Linfo_string53:
	.asciz	"uint8_t"               @ string offset=802
.Linfo_string54:
	.asciz	"CPUID"                 @ string offset=810
.Linfo_string55:
	.asciz	"ICSR"                  @ string offset=816
.Linfo_string56:
	.asciz	"VTOR"                  @ string offset=821
.Linfo_string57:
	.asciz	"AIRCR"                 @ string offset=826
.Linfo_string58:
	.asciz	"SCR"                   @ string offset=832
.Linfo_string59:
	.asciz	"CCR"                   @ string offset=836
.Linfo_string60:
	.asciz	"SHPR"                  @ string offset=840
.Linfo_string61:
	.asciz	"__ARRAY_SIZE_TYPE__"   @ string offset=845
.Linfo_string62:
	.asciz	"SHCSR"                 @ string offset=865
.Linfo_string63:
	.asciz	"CFSR"                  @ string offset=871
.Linfo_string64:
	.asciz	"HFSR"                  @ string offset=876
.Linfo_string65:
	.asciz	"DFSR"                  @ string offset=881
.Linfo_string66:
	.asciz	"MMFAR"                 @ string offset=886
.Linfo_string67:
	.asciz	"BFAR"                  @ string offset=892
.Linfo_string68:
	.asciz	"AFSR"                  @ string offset=897
.Linfo_string69:
	.asciz	"ID_PFR"                @ string offset=902
.Linfo_string70:
	.asciz	"ID_DFR"                @ string offset=909
.Linfo_string71:
	.asciz	"ID_AFR"                @ string offset=916
.Linfo_string72:
	.asciz	"ID_MFR"                @ string offset=923
.Linfo_string73:
	.asciz	"ID_ISAR"               @ string offset=930
.Linfo_string74:
	.asciz	"RESERVED0"             @ string offset=938
.Linfo_string75:
	.asciz	"CLIDR"                 @ string offset=948
.Linfo_string76:
	.asciz	"CTR"                   @ string offset=954
.Linfo_string77:
	.asciz	"CCSIDR"                @ string offset=958
.Linfo_string78:
	.asciz	"CSSELR"                @ string offset=965
.Linfo_string79:
	.asciz	"CPACR"                 @ string offset=972
.Linfo_string80:
	.asciz	"RESERVED3"             @ string offset=978
.Linfo_string81:
	.asciz	"STIR"                  @ string offset=988
.Linfo_string82:
	.asciz	"RESERVED4"             @ string offset=993
.Linfo_string83:
	.asciz	"MVFR0"                 @ string offset=1003
.Linfo_string84:
	.asciz	"MVFR1"                 @ string offset=1009
.Linfo_string85:
	.asciz	"MVFR2"                 @ string offset=1015
.Linfo_string86:
	.asciz	"RESERVED5"             @ string offset=1021
.Linfo_string87:
	.asciz	"ICIALLU"               @ string offset=1031
.Linfo_string88:
	.asciz	"RESERVED6"             @ string offset=1039
.Linfo_string89:
	.asciz	"ICIMVAU"               @ string offset=1049
.Linfo_string90:
	.asciz	"DCIMVAC"               @ string offset=1057
.Linfo_string91:
	.asciz	"DCISW"                 @ string offset=1065
.Linfo_string92:
	.asciz	"DCCMVAU"               @ string offset=1071
.Linfo_string93:
	.asciz	"DCCMVAC"               @ string offset=1079
.Linfo_string94:
	.asciz	"DCCSW"                 @ string offset=1087
.Linfo_string95:
	.asciz	"DCCIMVAC"              @ string offset=1093
.Linfo_string96:
	.asciz	"DCCISW"                @ string offset=1102
.Linfo_string97:
	.asciz	"RESERVED7"             @ string offset=1109
.Linfo_string98:
	.asciz	"ITCMCR"                @ string offset=1119
.Linfo_string99:
	.asciz	"DTCMCR"                @ string offset=1126
.Linfo_string100:
	.asciz	"AHBPCR"                @ string offset=1133
.Linfo_string101:
	.asciz	"CACR"                  @ string offset=1140
.Linfo_string102:
	.asciz	"AHBSCR"                @ string offset=1145
.Linfo_string103:
	.asciz	"RESERVED8"             @ string offset=1152
.Linfo_string104:
	.asciz	"ABFSR"                 @ string offset=1162
.Linfo_string105:
	.asciz	"SCB_Type"              @ string offset=1168
.Linfo_string106:
	.asciz	"CTRL"                  @ string offset=1177
.Linfo_string107:
	.asciz	"LOAD"                  @ string offset=1182
.Linfo_string108:
	.asciz	"VAL"                   @ string offset=1187
.Linfo_string109:
	.asciz	"CALIB"                 @ string offset=1191
.Linfo_string110:
	.asciz	"SysTick_Type"          @ string offset=1197
.Linfo_string111:
	.asciz	"int32_t"               @ string offset=1210
.Linfo_string112:
	.asciz	"ISER"                  @ string offset=1218
.Linfo_string113:
	.asciz	"ICER"                  @ string offset=1223
.Linfo_string114:
	.asciz	"RSERVED1"              @ string offset=1228
.Linfo_string115:
	.asciz	"ISPR"                  @ string offset=1237
.Linfo_string116:
	.asciz	"RESERVED2"             @ string offset=1242
.Linfo_string117:
	.asciz	"ICPR"                  @ string offset=1252
.Linfo_string118:
	.asciz	"IABR"                  @ string offset=1257
.Linfo_string119:
	.asciz	"IP"                    @ string offset=1262
.Linfo_string120:
	.asciz	"NVIC_Type"             @ string offset=1265
	.section	.debug_abbrev,"",%progbits
	.byte	1                       @ Abbreviation Code
	.byte	17                      @ DW_TAG_compile_unit
	.byte	1                       @ DW_CHILDREN_yes
	.byte	37                      @ DW_AT_producer
	.byte	14                      @ DW_FORM_strp
	.byte	19                      @ DW_AT_language
	.byte	5                       @ DW_FORM_data2
	.byte	3                       @ DW_AT_name
	.byte	14                      @ DW_FORM_strp
	.byte	16                      @ DW_AT_stmt_list
	.byte	6                       @ DW_FORM_data4
	.byte	27                      @ DW_AT_comp_dir
	.byte	14                      @ DW_FORM_strp
	.byte	0                       @ EOM(1)
	.byte	0                       @ EOM(2)
	.byte	2                       @ Abbreviation Code
	.byte	46                      @ DW_TAG_subprogram
	.byte	1                       @ DW_CHILDREN_yes
	.byte	0                       @ EOM(1)
	.byte	0                       @ EOM(2)
	.byte	3                       @ Abbreviation Code
	.byte	52                      @ DW_TAG_variable
	.byte	0                       @ DW_CHILDREN_no
	.byte	3                       @ DW_AT_name
	.byte	14                      @ DW_FORM_strp
	.byte	73                      @ DW_AT_type
	.byte	19                      @ DW_FORM_ref4
	.byte	58                      @ DW_AT_decl_file
	.byte	11                      @ DW_FORM_data1
	.byte	59                      @ DW_AT_decl_line
	.byte	11                      @ DW_FORM_data1
	.byte	0                       @ EOM(1)
	.byte	0                       @ EOM(2)
	.byte	4                       @ Abbreviation Code
	.byte	53                      @ DW_TAG_volatile_type
	.byte	0                       @ DW_CHILDREN_no
	.byte	73                      @ DW_AT_type
	.byte	19                      @ DW_FORM_ref4
	.byte	0                       @ EOM(1)
	.byte	0                       @ EOM(2)
	.byte	5                       @ Abbreviation Code
	.byte	22                      @ DW_TAG_typedef
	.byte	0                       @ DW_CHILDREN_no
	.byte	73                      @ DW_AT_type
	.byte	19                      @ DW_FORM_ref4
	.byte	3                       @ DW_AT_name
	.byte	14                      @ DW_FORM_strp
	.byte	58                      @ DW_AT_decl_file
	.byte	11                      @ DW_FORM_data1
	.byte	59                      @ DW_AT_decl_line
	.byte	11                      @ DW_FORM_data1
	.byte	0                       @ EOM(1)
	.byte	0                       @ EOM(2)
	.byte	6                       @ Abbreviation Code
	.byte	36                      @ DW_TAG_base_type
	.byte	0                       @ DW_CHILDREN_no
	.byte	3                       @ DW_AT_name
	.byte	14                      @ DW_FORM_strp
	.byte	62                      @ DW_AT_encoding
	.byte	11                      @ DW_FORM_data1
	.byte	11                      @ DW_AT_byte_size
	.byte	11                      @ DW_FORM_data1
	.byte	0                       @ EOM(1)
	.byte	0                       @ EOM(2)
	.byte	7                       @ Abbreviation Code
	.byte	4                       @ DW_TAG_enumeration_type
	.byte	1                       @ DW_CHILDREN_yes
	.byte	73                      @ DW_AT_type
	.byte	19                      @ DW_FORM_ref4
	.byte	3                       @ DW_AT_name
	.byte	14                      @ DW_FORM_strp
	.byte	11                      @ DW_AT_byte_size
	.byte	11                      @ DW_FORM_data1
	.byte	58                      @ DW_AT_decl_file
	.byte	11                      @ DW_FORM_data1
	.byte	59                      @ DW_AT_decl_line
	.byte	11                      @ DW_FORM_data1
	.byte	0                       @ EOM(1)
	.byte	0                       @ EOM(2)
	.byte	8                       @ Abbreviation Code
	.byte	40                      @ DW_TAG_enumerator
	.byte	0                       @ DW_CHILDREN_no
	.byte	3                       @ DW_AT_name
	.byte	14                      @ DW_FORM_strp
	.byte	28                      @ DW_AT_const_value
	.byte	13                      @ DW_FORM_sdata
	.byte	0                       @ EOM(1)
	.byte	0                       @ EOM(2)
	.byte	9                       @ Abbreviation Code
	.byte	15                      @ DW_TAG_pointer_type
	.byte	0                       @ DW_CHILDREN_no
	.byte	73                      @ DW_AT_type
	.byte	19                      @ DW_FORM_ref4
	.byte	0                       @ EOM(1)
	.byte	0                       @ EOM(2)
	.byte	10                      @ Abbreviation Code
	.byte	22                      @ DW_TAG_typedef
	.byte	0                       @ DW_CHILDREN_no
	.byte	73                      @ DW_AT_type
	.byte	19                      @ DW_FORM_ref4
	.byte	3                       @ DW_AT_name
	.byte	14                      @ DW_FORM_strp
	.byte	58                      @ DW_AT_decl_file
	.byte	11                      @ DW_FORM_data1
	.byte	59                      @ DW_AT_decl_line
	.byte	5                       @ DW_FORM_data2
	.byte	0                       @ EOM(1)
	.byte	0                       @ EOM(2)
	.byte	11                      @ Abbreviation Code
	.byte	19                      @ DW_TAG_structure_type
	.byte	1                       @ DW_CHILDREN_yes
	.byte	11                      @ DW_AT_byte_size
	.byte	5                       @ DW_FORM_data2
	.byte	58                      @ DW_AT_decl_file
	.byte	11                      @ DW_FORM_data1
	.byte	59                      @ DW_AT_decl_line
	.byte	5                       @ DW_FORM_data2
	.byte	0                       @ EOM(1)
	.byte	0                       @ EOM(2)
	.byte	12                      @ Abbreviation Code
	.byte	13                      @ DW_TAG_member
	.byte	0                       @ DW_CHILDREN_no
	.byte	3                       @ DW_AT_name
	.byte	14                      @ DW_FORM_strp
	.byte	73                      @ DW_AT_type
	.byte	19                      @ DW_FORM_ref4
	.byte	58                      @ DW_AT_decl_file
	.byte	11                      @ DW_FORM_data1
	.byte	59                      @ DW_AT_decl_line
	.byte	5                       @ DW_FORM_data2
	.byte	56                      @ DW_AT_data_member_location
	.byte	11                      @ DW_FORM_data1
	.byte	0                       @ EOM(1)
	.byte	0                       @ EOM(2)
	.byte	13                      @ Abbreviation Code
	.byte	13                      @ DW_TAG_member
	.byte	0                       @ DW_CHILDREN_no
	.byte	3                       @ DW_AT_name
	.byte	14                      @ DW_FORM_strp
	.byte	73                      @ DW_AT_type
	.byte	19                      @ DW_FORM_ref4
	.byte	58                      @ DW_AT_decl_file
	.byte	11                      @ DW_FORM_data1
	.byte	59                      @ DW_AT_decl_line
	.byte	5                       @ DW_FORM_data2
	.byte	56                      @ DW_AT_data_member_location
	.byte	5                       @ DW_FORM_data2
	.byte	0                       @ EOM(1)
	.byte	0                       @ EOM(2)
	.byte	14                      @ Abbreviation Code
	.byte	38                      @ DW_TAG_const_type
	.byte	0                       @ DW_CHILDREN_no
	.byte	73                      @ DW_AT_type
	.byte	19                      @ DW_FORM_ref4
	.byte	0                       @ EOM(1)
	.byte	0                       @ EOM(2)
	.byte	15                      @ Abbreviation Code
	.byte	1                       @ DW_TAG_array_type
	.byte	1                       @ DW_CHILDREN_yes
	.byte	73                      @ DW_AT_type
	.byte	19                      @ DW_FORM_ref4
	.byte	0                       @ EOM(1)
	.byte	0                       @ EOM(2)
	.byte	16                      @ Abbreviation Code
	.byte	33                      @ DW_TAG_subrange_type
	.byte	0                       @ DW_CHILDREN_no
	.byte	73                      @ DW_AT_type
	.byte	19                      @ DW_FORM_ref4
	.byte	55                      @ DW_AT_count
	.byte	11                      @ DW_FORM_data1
	.byte	0                       @ EOM(1)
	.byte	0                       @ EOM(2)
	.byte	17                      @ Abbreviation Code
	.byte	36                      @ DW_TAG_base_type
	.byte	0                       @ DW_CHILDREN_no
	.byte	3                       @ DW_AT_name
	.byte	14                      @ DW_FORM_strp
	.byte	11                      @ DW_AT_byte_size
	.byte	11                      @ DW_FORM_data1
	.byte	62                      @ DW_AT_encoding
	.byte	11                      @ DW_FORM_data1
	.byte	0                       @ EOM(1)
	.byte	0                       @ EOM(2)
	.byte	18                      @ Abbreviation Code
	.byte	19                      @ DW_TAG_structure_type
	.byte	1                       @ DW_CHILDREN_yes
	.byte	11                      @ DW_AT_byte_size
	.byte	11                      @ DW_FORM_data1
	.byte	58                      @ DW_AT_decl_file
	.byte	11                      @ DW_FORM_data1
	.byte	59                      @ DW_AT_decl_line
	.byte	5                       @ DW_FORM_data2
	.byte	0                       @ EOM(1)
	.byte	0                       @ EOM(2)
	.byte	19                      @ Abbreviation Code
	.byte	33                      @ DW_TAG_subrange_type
	.byte	0                       @ DW_CHILDREN_no
	.byte	73                      @ DW_AT_type
	.byte	19                      @ DW_FORM_ref4
	.byte	55                      @ DW_AT_count
	.byte	5                       @ DW_FORM_data2
	.byte	0                       @ EOM(1)
	.byte	0                       @ EOM(2)
	.byte	0                       @ EOM(3)
	.section	.debug_info,"",%progbits
.Lcu_begin0:
	.long	1546                    @ Length of Unit
	.short	3                       @ DWARF version number
	.long	.debug_abbrev           @ Offset Into Abbrev. Section
	.byte	4                       @ Address Size (in bytes)
	.byte	1                       @ Abbrev [1] 0xb:0x603 DW_TAG_compile_unit
	.long	.Linfo_string0          @ DW_AT_producer
	.short	12                      @ DW_AT_language
	.long	.Linfo_string1          @ DW_AT_name
	.long	.Lline_table_start0     @ DW_AT_stmt_list
	.long	.Linfo_string2          @ DW_AT_comp_dir
	.byte	2                       @ Abbrev [2] 0x1e:0x18 DW_TAG_subprogram
	.byte	3                       @ Abbrev [3] 0x1f:0xb DW_TAG_variable
	.long	.Linfo_string3          @ DW_AT_name
	.long	54                      @ DW_AT_type
	.byte	2                       @ DW_AT_decl_file
	.byte	88                      @ DW_AT_decl_line
	.byte	3                       @ Abbrev [3] 0x2a:0xb DW_TAG_variable
	.long	.Linfo_string6          @ DW_AT_name
	.long	77                      @ DW_AT_type
	.byte	2                       @ DW_AT_decl_file
	.byte	93                      @ DW_AT_decl_line
	.byte	0                       @ End Of Children Mark
	.byte	4                       @ Abbrev [4] 0x36:0x5 DW_TAG_volatile_type
	.long	59                      @ DW_AT_type
	.byte	5                       @ Abbrev [5] 0x3b:0xb DW_TAG_typedef
	.long	70                      @ DW_AT_type
	.long	.Linfo_string5          @ DW_AT_name
	.byte	1                       @ DW_AT_decl_file
	.byte	64                      @ DW_AT_decl_line
	.byte	6                       @ Abbrev [6] 0x46:0x7 DW_TAG_base_type
	.long	.Linfo_string4          @ DW_AT_name
	.byte	7                       @ DW_AT_encoding
	.byte	4                       @ DW_AT_byte_size
	.byte	4                       @ Abbrev [4] 0x4d:0x5 DW_TAG_volatile_type
	.long	82                      @ DW_AT_type
	.byte	5                       @ Abbrev [5] 0x52:0xb DW_TAG_typedef
	.long	93                      @ DW_AT_type
	.long	.Linfo_string8          @ DW_AT_name
	.byte	1                       @ DW_AT_decl_file
	.byte	63                      @ DW_AT_decl_line
	.byte	6                       @ Abbrev [6] 0x5d:0x7 DW_TAG_base_type
	.long	.Linfo_string7          @ DW_AT_name
	.byte	7                       @ DW_AT_encoding
	.byte	2                       @ DW_AT_byte_size
	.byte	7                       @ Abbrev [7] 0x64:0x103 DW_TAG_enumeration_type
	.long	359                     @ DW_AT_type
	.long	.Linfo_string51         @ DW_AT_name
	.byte	4                       @ DW_AT_byte_size
	.byte	3                       @ DW_AT_decl_file
	.byte	46                      @ DW_AT_decl_line
	.byte	8                       @ Abbrev [8] 0x70:0x6 DW_TAG_enumerator
	.long	.Linfo_string10         @ DW_AT_name
	.byte	114                     @ DW_AT_const_value
	.byte	8                       @ Abbrev [8] 0x76:0x6 DW_TAG_enumerator
	.long	.Linfo_string11         @ DW_AT_name
	.byte	115                     @ DW_AT_const_value
	.byte	8                       @ Abbrev [8] 0x7c:0x6 DW_TAG_enumerator
	.long	.Linfo_string12         @ DW_AT_name
	.byte	116                     @ DW_AT_const_value
	.byte	8                       @ Abbrev [8] 0x82:0x6 DW_TAG_enumerator
	.long	.Linfo_string13         @ DW_AT_name
	.byte	117                     @ DW_AT_const_value
	.byte	8                       @ Abbrev [8] 0x88:0x6 DW_TAG_enumerator
	.long	.Linfo_string14         @ DW_AT_name
	.byte	118                     @ DW_AT_const_value
	.byte	8                       @ Abbrev [8] 0x8e:0x6 DW_TAG_enumerator
	.long	.Linfo_string15         @ DW_AT_name
	.byte	123                     @ DW_AT_const_value
	.byte	8                       @ Abbrev [8] 0x94:0x6 DW_TAG_enumerator
	.long	.Linfo_string16         @ DW_AT_name
	.byte	124                     @ DW_AT_const_value
	.byte	8                       @ Abbrev [8] 0x9a:0x6 DW_TAG_enumerator
	.long	.Linfo_string17         @ DW_AT_name
	.byte	126                     @ DW_AT_const_value
	.byte	8                       @ Abbrev [8] 0xa0:0x6 DW_TAG_enumerator
	.long	.Linfo_string18         @ DW_AT_name
	.byte	127                     @ DW_AT_const_value
	.byte	8                       @ Abbrev [8] 0xa6:0x6 DW_TAG_enumerator
	.long	.Linfo_string19         @ DW_AT_name
	.byte	0                       @ DW_AT_const_value
	.byte	8                       @ Abbrev [8] 0xac:0x6 DW_TAG_enumerator
	.long	.Linfo_string20         @ DW_AT_name
	.byte	1                       @ DW_AT_const_value
	.byte	8                       @ Abbrev [8] 0xb2:0x6 DW_TAG_enumerator
	.long	.Linfo_string21         @ DW_AT_name
	.byte	2                       @ DW_AT_const_value
	.byte	8                       @ Abbrev [8] 0xb8:0x6 DW_TAG_enumerator
	.long	.Linfo_string22         @ DW_AT_name
	.byte	3                       @ DW_AT_const_value
	.byte	8                       @ Abbrev [8] 0xbe:0x6 DW_TAG_enumerator
	.long	.Linfo_string23         @ DW_AT_name
	.byte	4                       @ DW_AT_const_value
	.byte	8                       @ Abbrev [8] 0xc4:0x6 DW_TAG_enumerator
	.long	.Linfo_string24         @ DW_AT_name
	.byte	5                       @ DW_AT_const_value
	.byte	8                       @ Abbrev [8] 0xca:0x6 DW_TAG_enumerator
	.long	.Linfo_string25         @ DW_AT_name
	.byte	6                       @ DW_AT_const_value
	.byte	8                       @ Abbrev [8] 0xd0:0x6 DW_TAG_enumerator
	.long	.Linfo_string26         @ DW_AT_name
	.byte	7                       @ DW_AT_const_value
	.byte	8                       @ Abbrev [8] 0xd6:0x6 DW_TAG_enumerator
	.long	.Linfo_string27         @ DW_AT_name
	.byte	8                       @ DW_AT_const_value
	.byte	8                       @ Abbrev [8] 0xdc:0x6 DW_TAG_enumerator
	.long	.Linfo_string28         @ DW_AT_name
	.byte	9                       @ DW_AT_const_value
	.byte	8                       @ Abbrev [8] 0xe2:0x6 DW_TAG_enumerator
	.long	.Linfo_string29         @ DW_AT_name
	.byte	10                      @ DW_AT_const_value
	.byte	8                       @ Abbrev [8] 0xe8:0x6 DW_TAG_enumerator
	.long	.Linfo_string30         @ DW_AT_name
	.byte	11                      @ DW_AT_const_value
	.byte	8                       @ Abbrev [8] 0xee:0x6 DW_TAG_enumerator
	.long	.Linfo_string31         @ DW_AT_name
	.byte	12                      @ DW_AT_const_value
	.byte	8                       @ Abbrev [8] 0xf4:0x6 DW_TAG_enumerator
	.long	.Linfo_string32         @ DW_AT_name
	.byte	13                      @ DW_AT_const_value
	.byte	8                       @ Abbrev [8] 0xfa:0x6 DW_TAG_enumerator
	.long	.Linfo_string33         @ DW_AT_name
	.byte	14                      @ DW_AT_const_value
	.byte	8                       @ Abbrev [8] 0x100:0x6 DW_TAG_enumerator
	.long	.Linfo_string34         @ DW_AT_name
	.byte	15                      @ DW_AT_const_value
	.byte	8                       @ Abbrev [8] 0x106:0x6 DW_TAG_enumerator
	.long	.Linfo_string35         @ DW_AT_name
	.byte	16                      @ DW_AT_const_value
	.byte	8                       @ Abbrev [8] 0x10c:0x6 DW_TAG_enumerator
	.long	.Linfo_string36         @ DW_AT_name
	.byte	17                      @ DW_AT_const_value
	.byte	8                       @ Abbrev [8] 0x112:0x6 DW_TAG_enumerator
	.long	.Linfo_string37         @ DW_AT_name
	.byte	18                      @ DW_AT_const_value
	.byte	8                       @ Abbrev [8] 0x118:0x6 DW_TAG_enumerator
	.long	.Linfo_string38         @ DW_AT_name
	.byte	19                      @ DW_AT_const_value
	.byte	8                       @ Abbrev [8] 0x11e:0x6 DW_TAG_enumerator
	.long	.Linfo_string39         @ DW_AT_name
	.byte	20                      @ DW_AT_const_value
	.byte	8                       @ Abbrev [8] 0x124:0x6 DW_TAG_enumerator
	.long	.Linfo_string40         @ DW_AT_name
	.byte	21                      @ DW_AT_const_value
	.byte	8                       @ Abbrev [8] 0x12a:0x6 DW_TAG_enumerator
	.long	.Linfo_string41         @ DW_AT_name
	.byte	22                      @ DW_AT_const_value
	.byte	8                       @ Abbrev [8] 0x130:0x6 DW_TAG_enumerator
	.long	.Linfo_string42         @ DW_AT_name
	.byte	23                      @ DW_AT_const_value
	.byte	8                       @ Abbrev [8] 0x136:0x6 DW_TAG_enumerator
	.long	.Linfo_string43         @ DW_AT_name
	.byte	24                      @ DW_AT_const_value
	.byte	8                       @ Abbrev [8] 0x13c:0x6 DW_TAG_enumerator
	.long	.Linfo_string44         @ DW_AT_name
	.byte	25                      @ DW_AT_const_value
	.byte	8                       @ Abbrev [8] 0x142:0x6 DW_TAG_enumerator
	.long	.Linfo_string45         @ DW_AT_name
	.byte	26                      @ DW_AT_const_value
	.byte	8                       @ Abbrev [8] 0x148:0x6 DW_TAG_enumerator
	.long	.Linfo_string46         @ DW_AT_name
	.byte	27                      @ DW_AT_const_value
	.byte	8                       @ Abbrev [8] 0x14e:0x6 DW_TAG_enumerator
	.long	.Linfo_string47         @ DW_AT_name
	.byte	28                      @ DW_AT_const_value
	.byte	8                       @ Abbrev [8] 0x154:0x6 DW_TAG_enumerator
	.long	.Linfo_string48         @ DW_AT_name
	.byte	29                      @ DW_AT_const_value
	.byte	8                       @ Abbrev [8] 0x15a:0x6 DW_TAG_enumerator
	.long	.Linfo_string49         @ DW_AT_name
	.byte	30                      @ DW_AT_const_value
	.byte	8                       @ Abbrev [8] 0x160:0x6 DW_TAG_enumerator
	.long	.Linfo_string50         @ DW_AT_name
	.byte	31                      @ DW_AT_const_value
	.byte	0                       @ End Of Children Mark
	.byte	6                       @ Abbrev [6] 0x167:0x7 DW_TAG_base_type
	.long	.Linfo_string9          @ DW_AT_name
	.byte	5                       @ DW_AT_encoding
	.byte	4                       @ DW_AT_byte_size
	.byte	9                       @ Abbrev [9] 0x16e:0x5 DW_TAG_pointer_type
	.long	371                     @ DW_AT_type
	.byte	5                       @ Abbrev [5] 0x173:0xb DW_TAG_typedef
	.long	382                     @ DW_AT_type
	.long	.Linfo_string53         @ DW_AT_name
	.byte	1                       @ DW_AT_decl_file
	.byte	62                      @ DW_AT_decl_line
	.byte	6                       @ Abbrev [6] 0x17e:0x7 DW_TAG_base_type
	.long	.Linfo_string52         @ DW_AT_name
	.byte	8                       @ DW_AT_encoding
	.byte	1                       @ DW_AT_byte_size
	.byte	9                       @ Abbrev [9] 0x185:0x5 DW_TAG_pointer_type
	.long	394                     @ DW_AT_type
	.byte	10                      @ Abbrev [10] 0x18a:0xc DW_TAG_typedef
	.long	406                     @ DW_AT_type
	.long	.Linfo_string105        @ DW_AT_name
	.byte	4                       @ DW_AT_decl_file
	.short	507                     @ DW_AT_decl_line
	.byte	11                      @ Abbrev [11] 0x196:0x2a9 DW_TAG_structure_type
	.short	684                     @ DW_AT_byte_size
	.byte	4                       @ DW_AT_decl_file
	.short	455                     @ DW_AT_decl_line
	.byte	12                      @ Abbrev [12] 0x19c:0xd DW_TAG_member
	.long	.Linfo_string54         @ DW_AT_name
	.long	1087                    @ DW_AT_type
	.byte	4                       @ DW_AT_decl_file
	.short	457                     @ DW_AT_decl_line
	.byte	0                       @ DW_AT_data_member_location
	.byte	12                      @ Abbrev [12] 0x1a9:0xd DW_TAG_member
	.long	.Linfo_string55         @ DW_AT_name
	.long	54                      @ DW_AT_type
	.byte	4                       @ DW_AT_decl_file
	.short	458                     @ DW_AT_decl_line
	.byte	4                       @ DW_AT_data_member_location
	.byte	12                      @ Abbrev [12] 0x1b6:0xd DW_TAG_member
	.long	.Linfo_string56         @ DW_AT_name
	.long	54                      @ DW_AT_type
	.byte	4                       @ DW_AT_decl_file
	.short	459                     @ DW_AT_decl_line
	.byte	8                       @ DW_AT_data_member_location
	.byte	12                      @ Abbrev [12] 0x1c3:0xd DW_TAG_member
	.long	.Linfo_string57         @ DW_AT_name
	.long	54                      @ DW_AT_type
	.byte	4                       @ DW_AT_decl_file
	.short	460                     @ DW_AT_decl_line
	.byte	12                      @ DW_AT_data_member_location
	.byte	12                      @ Abbrev [12] 0x1d0:0xd DW_TAG_member
	.long	.Linfo_string58         @ DW_AT_name
	.long	54                      @ DW_AT_type
	.byte	4                       @ DW_AT_decl_file
	.short	461                     @ DW_AT_decl_line
	.byte	16                      @ DW_AT_data_member_location
	.byte	12                      @ Abbrev [12] 0x1dd:0xd DW_TAG_member
	.long	.Linfo_string59         @ DW_AT_name
	.long	54                      @ DW_AT_type
	.byte	4                       @ DW_AT_decl_file
	.short	462                     @ DW_AT_decl_line
	.byte	20                      @ DW_AT_data_member_location
	.byte	12                      @ Abbrev [12] 0x1ea:0xd DW_TAG_member
	.long	.Linfo_string60         @ DW_AT_name
	.long	1092                    @ DW_AT_type
	.byte	4                       @ DW_AT_decl_file
	.short	463                     @ DW_AT_decl_line
	.byte	24                      @ DW_AT_data_member_location
	.byte	12                      @ Abbrev [12] 0x1f7:0xd DW_TAG_member
	.long	.Linfo_string62         @ DW_AT_name
	.long	54                      @ DW_AT_type
	.byte	4                       @ DW_AT_decl_file
	.short	464                     @ DW_AT_decl_line
	.byte	36                      @ DW_AT_data_member_location
	.byte	12                      @ Abbrev [12] 0x204:0xd DW_TAG_member
	.long	.Linfo_string63         @ DW_AT_name
	.long	54                      @ DW_AT_type
	.byte	4                       @ DW_AT_decl_file
	.short	465                     @ DW_AT_decl_line
	.byte	40                      @ DW_AT_data_member_location
	.byte	12                      @ Abbrev [12] 0x211:0xd DW_TAG_member
	.long	.Linfo_string64         @ DW_AT_name
	.long	54                      @ DW_AT_type
	.byte	4                       @ DW_AT_decl_file
	.short	466                     @ DW_AT_decl_line
	.byte	44                      @ DW_AT_data_member_location
	.byte	12                      @ Abbrev [12] 0x21e:0xd DW_TAG_member
	.long	.Linfo_string65         @ DW_AT_name
	.long	54                      @ DW_AT_type
	.byte	4                       @ DW_AT_decl_file
	.short	467                     @ DW_AT_decl_line
	.byte	48                      @ DW_AT_data_member_location
	.byte	12                      @ Abbrev [12] 0x22b:0xd DW_TAG_member
	.long	.Linfo_string66         @ DW_AT_name
	.long	54                      @ DW_AT_type
	.byte	4                       @ DW_AT_decl_file
	.short	468                     @ DW_AT_decl_line
	.byte	52                      @ DW_AT_data_member_location
	.byte	12                      @ Abbrev [12] 0x238:0xd DW_TAG_member
	.long	.Linfo_string67         @ DW_AT_name
	.long	54                      @ DW_AT_type
	.byte	4                       @ DW_AT_decl_file
	.short	469                     @ DW_AT_decl_line
	.byte	56                      @ DW_AT_data_member_location
	.byte	12                      @ Abbrev [12] 0x245:0xd DW_TAG_member
	.long	.Linfo_string68         @ DW_AT_name
	.long	54                      @ DW_AT_type
	.byte	4                       @ DW_AT_decl_file
	.short	470                     @ DW_AT_decl_line
	.byte	60                      @ DW_AT_data_member_location
	.byte	12                      @ Abbrev [12] 0x252:0xd DW_TAG_member
	.long	.Linfo_string69         @ DW_AT_name
	.long	1116                    @ DW_AT_type
	.byte	4                       @ DW_AT_decl_file
	.short	471                     @ DW_AT_decl_line
	.byte	64                      @ DW_AT_data_member_location
	.byte	12                      @ Abbrev [12] 0x25f:0xd DW_TAG_member
	.long	.Linfo_string70         @ DW_AT_name
	.long	1087                    @ DW_AT_type
	.byte	4                       @ DW_AT_decl_file
	.short	472                     @ DW_AT_decl_line
	.byte	72                      @ DW_AT_data_member_location
	.byte	12                      @ Abbrev [12] 0x26c:0xd DW_TAG_member
	.long	.Linfo_string71         @ DW_AT_name
	.long	1087                    @ DW_AT_type
	.byte	4                       @ DW_AT_decl_file
	.short	473                     @ DW_AT_decl_line
	.byte	76                      @ DW_AT_data_member_location
	.byte	12                      @ Abbrev [12] 0x279:0xd DW_TAG_member
	.long	.Linfo_string72         @ DW_AT_name
	.long	1128                    @ DW_AT_type
	.byte	4                       @ DW_AT_decl_file
	.short	474                     @ DW_AT_decl_line
	.byte	80                      @ DW_AT_data_member_location
	.byte	12                      @ Abbrev [12] 0x286:0xd DW_TAG_member
	.long	.Linfo_string73         @ DW_AT_name
	.long	1140                    @ DW_AT_type
	.byte	4                       @ DW_AT_decl_file
	.short	475                     @ DW_AT_decl_line
	.byte	96                      @ DW_AT_data_member_location
	.byte	12                      @ Abbrev [12] 0x293:0xd DW_TAG_member
	.long	.Linfo_string74         @ DW_AT_name
	.long	1152                    @ DW_AT_type
	.byte	4                       @ DW_AT_decl_file
	.short	476                     @ DW_AT_decl_line
	.byte	116                     @ DW_AT_data_member_location
	.byte	12                      @ Abbrev [12] 0x2a0:0xd DW_TAG_member
	.long	.Linfo_string75         @ DW_AT_name
	.long	1087                    @ DW_AT_type
	.byte	4                       @ DW_AT_decl_file
	.short	477                     @ DW_AT_decl_line
	.byte	120                     @ DW_AT_data_member_location
	.byte	12                      @ Abbrev [12] 0x2ad:0xd DW_TAG_member
	.long	.Linfo_string76         @ DW_AT_name
	.long	1087                    @ DW_AT_type
	.byte	4                       @ DW_AT_decl_file
	.short	478                     @ DW_AT_decl_line
	.byte	124                     @ DW_AT_data_member_location
	.byte	12                      @ Abbrev [12] 0x2ba:0xd DW_TAG_member
	.long	.Linfo_string77         @ DW_AT_name
	.long	1087                    @ DW_AT_type
	.byte	4                       @ DW_AT_decl_file
	.short	479                     @ DW_AT_decl_line
	.byte	128                     @ DW_AT_data_member_location
	.byte	12                      @ Abbrev [12] 0x2c7:0xd DW_TAG_member
	.long	.Linfo_string78         @ DW_AT_name
	.long	54                      @ DW_AT_type
	.byte	4                       @ DW_AT_decl_file
	.short	480                     @ DW_AT_decl_line
	.byte	132                     @ DW_AT_data_member_location
	.byte	12                      @ Abbrev [12] 0x2d4:0xd DW_TAG_member
	.long	.Linfo_string79         @ DW_AT_name
	.long	54                      @ DW_AT_type
	.byte	4                       @ DW_AT_decl_file
	.short	481                     @ DW_AT_decl_line
	.byte	136                     @ DW_AT_data_member_location
	.byte	12                      @ Abbrev [12] 0x2e1:0xd DW_TAG_member
	.long	.Linfo_string80         @ DW_AT_name
	.long	1164                    @ DW_AT_type
	.byte	4                       @ DW_AT_decl_file
	.short	482                     @ DW_AT_decl_line
	.byte	140                     @ DW_AT_data_member_location
	.byte	13                      @ Abbrev [13] 0x2ee:0xe DW_TAG_member
	.long	.Linfo_string81         @ DW_AT_name
	.long	54                      @ DW_AT_type
	.byte	4                       @ DW_AT_decl_file
	.short	483                     @ DW_AT_decl_line
	.short	512                     @ DW_AT_data_member_location
	.byte	13                      @ Abbrev [13] 0x2fc:0xe DW_TAG_member
	.long	.Linfo_string82         @ DW_AT_name
	.long	1176                    @ DW_AT_type
	.byte	4                       @ DW_AT_decl_file
	.short	484                     @ DW_AT_decl_line
	.short	516                     @ DW_AT_data_member_location
	.byte	13                      @ Abbrev [13] 0x30a:0xe DW_TAG_member
	.long	.Linfo_string83         @ DW_AT_name
	.long	1087                    @ DW_AT_type
	.byte	4                       @ DW_AT_decl_file
	.short	485                     @ DW_AT_decl_line
	.short	576                     @ DW_AT_data_member_location
	.byte	13                      @ Abbrev [13] 0x318:0xe DW_TAG_member
	.long	.Linfo_string84         @ DW_AT_name
	.long	1087                    @ DW_AT_type
	.byte	4                       @ DW_AT_decl_file
	.short	486                     @ DW_AT_decl_line
	.short	580                     @ DW_AT_data_member_location
	.byte	13                      @ Abbrev [13] 0x326:0xe DW_TAG_member
	.long	.Linfo_string85         @ DW_AT_name
	.long	1087                    @ DW_AT_type
	.byte	4                       @ DW_AT_decl_file
	.short	487                     @ DW_AT_decl_line
	.short	584                     @ DW_AT_data_member_location
	.byte	13                      @ Abbrev [13] 0x334:0xe DW_TAG_member
	.long	.Linfo_string86         @ DW_AT_name
	.long	1152                    @ DW_AT_type
	.byte	4                       @ DW_AT_decl_file
	.short	488                     @ DW_AT_decl_line
	.short	588                     @ DW_AT_data_member_location
	.byte	13                      @ Abbrev [13] 0x342:0xe DW_TAG_member
	.long	.Linfo_string87         @ DW_AT_name
	.long	54                      @ DW_AT_type
	.byte	4                       @ DW_AT_decl_file
	.short	489                     @ DW_AT_decl_line
	.short	592                     @ DW_AT_data_member_location
	.byte	13                      @ Abbrev [13] 0x350:0xe DW_TAG_member
	.long	.Linfo_string88         @ DW_AT_name
	.long	1152                    @ DW_AT_type
	.byte	4                       @ DW_AT_decl_file
	.short	490                     @ DW_AT_decl_line
	.short	596                     @ DW_AT_data_member_location
	.byte	13                      @ Abbrev [13] 0x35e:0xe DW_TAG_member
	.long	.Linfo_string89         @ DW_AT_name
	.long	54                      @ DW_AT_type
	.byte	4                       @ DW_AT_decl_file
	.short	491                     @ DW_AT_decl_line
	.short	600                     @ DW_AT_data_member_location
	.byte	13                      @ Abbrev [13] 0x36c:0xe DW_TAG_member
	.long	.Linfo_string90         @ DW_AT_name
	.long	54                      @ DW_AT_type
	.byte	4                       @ DW_AT_decl_file
	.short	492                     @ DW_AT_decl_line
	.short	604                     @ DW_AT_data_member_location
	.byte	13                      @ Abbrev [13] 0x37a:0xe DW_TAG_member
	.long	.Linfo_string91         @ DW_AT_name
	.long	54                      @ DW_AT_type
	.byte	4                       @ DW_AT_decl_file
	.short	493                     @ DW_AT_decl_line
	.short	608                     @ DW_AT_data_member_location
	.byte	13                      @ Abbrev [13] 0x388:0xe DW_TAG_member
	.long	.Linfo_string92         @ DW_AT_name
	.long	54                      @ DW_AT_type
	.byte	4                       @ DW_AT_decl_file
	.short	494                     @ DW_AT_decl_line
	.short	612                     @ DW_AT_data_member_location
	.byte	13                      @ Abbrev [13] 0x396:0xe DW_TAG_member
	.long	.Linfo_string93         @ DW_AT_name
	.long	54                      @ DW_AT_type
	.byte	4                       @ DW_AT_decl_file
	.short	495                     @ DW_AT_decl_line
	.short	616                     @ DW_AT_data_member_location
	.byte	13                      @ Abbrev [13] 0x3a4:0xe DW_TAG_member
	.long	.Linfo_string94         @ DW_AT_name
	.long	54                      @ DW_AT_type
	.byte	4                       @ DW_AT_decl_file
	.short	496                     @ DW_AT_decl_line
	.short	620                     @ DW_AT_data_member_location
	.byte	13                      @ Abbrev [13] 0x3b2:0xe DW_TAG_member
	.long	.Linfo_string95         @ DW_AT_name
	.long	54                      @ DW_AT_type
	.byte	4                       @ DW_AT_decl_file
	.short	497                     @ DW_AT_decl_line
	.short	624                     @ DW_AT_data_member_location
	.byte	13                      @ Abbrev [13] 0x3c0:0xe DW_TAG_member
	.long	.Linfo_string96         @ DW_AT_name
	.long	54                      @ DW_AT_type
	.byte	4                       @ DW_AT_decl_file
	.short	498                     @ DW_AT_decl_line
	.short	628                     @ DW_AT_data_member_location
	.byte	13                      @ Abbrev [13] 0x3ce:0xe DW_TAG_member
	.long	.Linfo_string97         @ DW_AT_name
	.long	1188                    @ DW_AT_type
	.byte	4                       @ DW_AT_decl_file
	.short	499                     @ DW_AT_decl_line
	.short	632                     @ DW_AT_data_member_location
	.byte	13                      @ Abbrev [13] 0x3dc:0xe DW_TAG_member
	.long	.Linfo_string98         @ DW_AT_name
	.long	54                      @ DW_AT_type
	.byte	4                       @ DW_AT_decl_file
	.short	500                     @ DW_AT_decl_line
	.short	656                     @ DW_AT_data_member_location
	.byte	13                      @ Abbrev [13] 0x3ea:0xe DW_TAG_member
	.long	.Linfo_string99         @ DW_AT_name
	.long	54                      @ DW_AT_type
	.byte	4                       @ DW_AT_decl_file
	.short	501                     @ DW_AT_decl_line
	.short	660                     @ DW_AT_data_member_location
	.byte	13                      @ Abbrev [13] 0x3f8:0xe DW_TAG_member
	.long	.Linfo_string100        @ DW_AT_name
	.long	54                      @ DW_AT_type
	.byte	4                       @ DW_AT_decl_file
	.short	502                     @ DW_AT_decl_line
	.short	664                     @ DW_AT_data_member_location
	.byte	13                      @ Abbrev [13] 0x406:0xe DW_TAG_member
	.long	.Linfo_string101        @ DW_AT_name
	.long	54                      @ DW_AT_type
	.byte	4                       @ DW_AT_decl_file
	.short	503                     @ DW_AT_decl_line
	.short	668                     @ DW_AT_data_member_location
	.byte	13                      @ Abbrev [13] 0x414:0xe DW_TAG_member
	.long	.Linfo_string102        @ DW_AT_name
	.long	54                      @ DW_AT_type
	.byte	4                       @ DW_AT_decl_file
	.short	504                     @ DW_AT_decl_line
	.short	672                     @ DW_AT_data_member_location
	.byte	13                      @ Abbrev [13] 0x422:0xe DW_TAG_member
	.long	.Linfo_string103        @ DW_AT_name
	.long	1152                    @ DW_AT_type
	.byte	4                       @ DW_AT_decl_file
	.short	505                     @ DW_AT_decl_line
	.short	676                     @ DW_AT_data_member_location
	.byte	13                      @ Abbrev [13] 0x430:0xe DW_TAG_member
	.long	.Linfo_string104        @ DW_AT_name
	.long	54                      @ DW_AT_type
	.byte	4                       @ DW_AT_decl_file
	.short	506                     @ DW_AT_decl_line
	.short	680                     @ DW_AT_data_member_location
	.byte	0                       @ End Of Children Mark
	.byte	14                      @ Abbrev [14] 0x43f:0x5 DW_TAG_const_type
	.long	54                      @ DW_AT_type
	.byte	15                      @ Abbrev [15] 0x444:0xc DW_TAG_array_type
	.long	1104                    @ DW_AT_type
	.byte	16                      @ Abbrev [16] 0x449:0x6 DW_TAG_subrange_type
	.long	1109                    @ DW_AT_type
	.byte	12                      @ DW_AT_count
	.byte	0                       @ End Of Children Mark
	.byte	4                       @ Abbrev [4] 0x450:0x5 DW_TAG_volatile_type
	.long	371                     @ DW_AT_type
	.byte	17                      @ Abbrev [17] 0x455:0x7 DW_TAG_base_type
	.long	.Linfo_string61         @ DW_AT_name
	.byte	8                       @ DW_AT_byte_size
	.byte	7                       @ DW_AT_encoding
	.byte	15                      @ Abbrev [15] 0x45c:0xc DW_TAG_array_type
	.long	1087                    @ DW_AT_type
	.byte	16                      @ Abbrev [16] 0x461:0x6 DW_TAG_subrange_type
	.long	1109                    @ DW_AT_type
	.byte	2                       @ DW_AT_count
	.byte	0                       @ End Of Children Mark
	.byte	15                      @ Abbrev [15] 0x468:0xc DW_TAG_array_type
	.long	1087                    @ DW_AT_type
	.byte	16                      @ Abbrev [16] 0x46d:0x6 DW_TAG_subrange_type
	.long	1109                    @ DW_AT_type
	.byte	4                       @ DW_AT_count
	.byte	0                       @ End Of Children Mark
	.byte	15                      @ Abbrev [15] 0x474:0xc DW_TAG_array_type
	.long	1087                    @ DW_AT_type
	.byte	16                      @ Abbrev [16] 0x479:0x6 DW_TAG_subrange_type
	.long	1109                    @ DW_AT_type
	.byte	5                       @ DW_AT_count
	.byte	0                       @ End Of Children Mark
	.byte	15                      @ Abbrev [15] 0x480:0xc DW_TAG_array_type
	.long	59                      @ DW_AT_type
	.byte	16                      @ Abbrev [16] 0x485:0x6 DW_TAG_subrange_type
	.long	1109                    @ DW_AT_type
	.byte	1                       @ DW_AT_count
	.byte	0                       @ End Of Children Mark
	.byte	15                      @ Abbrev [15] 0x48c:0xc DW_TAG_array_type
	.long	59                      @ DW_AT_type
	.byte	16                      @ Abbrev [16] 0x491:0x6 DW_TAG_subrange_type
	.long	1109                    @ DW_AT_type
	.byte	93                      @ DW_AT_count
	.byte	0                       @ End Of Children Mark
	.byte	15                      @ Abbrev [15] 0x498:0xc DW_TAG_array_type
	.long	59                      @ DW_AT_type
	.byte	16                      @ Abbrev [16] 0x49d:0x6 DW_TAG_subrange_type
	.long	1109                    @ DW_AT_type
	.byte	15                      @ DW_AT_count
	.byte	0                       @ End Of Children Mark
	.byte	15                      @ Abbrev [15] 0x4a4:0xc DW_TAG_array_type
	.long	59                      @ DW_AT_type
	.byte	16                      @ Abbrev [16] 0x4a9:0x6 DW_TAG_subrange_type
	.long	1109                    @ DW_AT_type
	.byte	6                       @ DW_AT_count
	.byte	0                       @ End Of Children Mark
	.byte	9                       @ Abbrev [9] 0x4b0:0x5 DW_TAG_pointer_type
	.long	1205                    @ DW_AT_type
	.byte	10                      @ Abbrev [10] 0x4b5:0xc DW_TAG_typedef
	.long	1217                    @ DW_AT_type
	.long	.Linfo_string110        @ DW_AT_name
	.byte	4                       @ DW_AT_decl_file
	.short	967                     @ DW_AT_decl_line
	.byte	18                      @ Abbrev [18] 0x4c1:0x3a DW_TAG_structure_type
	.byte	16                      @ DW_AT_byte_size
	.byte	4                       @ DW_AT_decl_file
	.short	961                     @ DW_AT_decl_line
	.byte	12                      @ Abbrev [12] 0x4c6:0xd DW_TAG_member
	.long	.Linfo_string106        @ DW_AT_name
	.long	54                      @ DW_AT_type
	.byte	4                       @ DW_AT_decl_file
	.short	963                     @ DW_AT_decl_line
	.byte	0                       @ DW_AT_data_member_location
	.byte	12                      @ Abbrev [12] 0x4d3:0xd DW_TAG_member
	.long	.Linfo_string107        @ DW_AT_name
	.long	54                      @ DW_AT_type
	.byte	4                       @ DW_AT_decl_file
	.short	964                     @ DW_AT_decl_line
	.byte	4                       @ DW_AT_data_member_location
	.byte	12                      @ Abbrev [12] 0x4e0:0xd DW_TAG_member
	.long	.Linfo_string108        @ DW_AT_name
	.long	54                      @ DW_AT_type
	.byte	4                       @ DW_AT_decl_file
	.short	965                     @ DW_AT_decl_line
	.byte	8                       @ DW_AT_data_member_location
	.byte	12                      @ Abbrev [12] 0x4ed:0xd DW_TAG_member
	.long	.Linfo_string109        @ DW_AT_name
	.long	1087                    @ DW_AT_type
	.byte	4                       @ DW_AT_decl_file
	.short	966                     @ DW_AT_decl_line
	.byte	12                      @ DW_AT_data_member_location
	.byte	0                       @ End Of Children Mark
	.byte	5                       @ Abbrev [5] 0x4fb:0xb DW_TAG_typedef
	.long	359                     @ DW_AT_type
	.long	.Linfo_string111        @ DW_AT_name
	.byte	1                       @ DW_AT_decl_file
	.byte	58                      @ DW_AT_decl_line
	.byte	9                       @ Abbrev [9] 0x506:0x5 DW_TAG_pointer_type
	.long	1291                    @ DW_AT_type
	.byte	10                      @ Abbrev [10] 0x50b:0xc DW_TAG_typedef
	.long	1303                    @ DW_AT_type
	.long	.Linfo_string120        @ DW_AT_name
	.byte	4                       @ DW_AT_decl_file
	.short	436                     @ DW_AT_decl_line
	.byte	11                      @ Abbrev [11] 0x517:0xb9 DW_TAG_structure_type
	.short	3588                    @ DW_AT_byte_size
	.byte	4                       @ DW_AT_decl_file
	.short	421                     @ DW_AT_decl_line
	.byte	12                      @ Abbrev [12] 0x51d:0xd DW_TAG_member
	.long	.Linfo_string112        @ DW_AT_name
	.long	1488                    @ DW_AT_type
	.byte	4                       @ DW_AT_decl_file
	.short	423                     @ DW_AT_decl_line
	.byte	0                       @ DW_AT_data_member_location
	.byte	12                      @ Abbrev [12] 0x52a:0xd DW_TAG_member
	.long	.Linfo_string74         @ DW_AT_name
	.long	1500                    @ DW_AT_type
	.byte	4                       @ DW_AT_decl_file
	.short	424                     @ DW_AT_decl_line
	.byte	32                      @ DW_AT_data_member_location
	.byte	12                      @ Abbrev [12] 0x537:0xd DW_TAG_member
	.long	.Linfo_string113        @ DW_AT_name
	.long	1488                    @ DW_AT_type
	.byte	4                       @ DW_AT_decl_file
	.short	425                     @ DW_AT_decl_line
	.byte	128                     @ DW_AT_data_member_location
	.byte	12                      @ Abbrev [12] 0x544:0xd DW_TAG_member
	.long	.Linfo_string114        @ DW_AT_name
	.long	1500                    @ DW_AT_type
	.byte	4                       @ DW_AT_decl_file
	.short	426                     @ DW_AT_decl_line
	.byte	160                     @ DW_AT_data_member_location
	.byte	13                      @ Abbrev [13] 0x551:0xe DW_TAG_member
	.long	.Linfo_string115        @ DW_AT_name
	.long	1488                    @ DW_AT_type
	.byte	4                       @ DW_AT_decl_file
	.short	427                     @ DW_AT_decl_line
	.short	256                     @ DW_AT_data_member_location
	.byte	13                      @ Abbrev [13] 0x55f:0xe DW_TAG_member
	.long	.Linfo_string116        @ DW_AT_name
	.long	1500                    @ DW_AT_type
	.byte	4                       @ DW_AT_decl_file
	.short	428                     @ DW_AT_decl_line
	.short	288                     @ DW_AT_data_member_location
	.byte	13                      @ Abbrev [13] 0x56d:0xe DW_TAG_member
	.long	.Linfo_string117        @ DW_AT_name
	.long	1488                    @ DW_AT_type
	.byte	4                       @ DW_AT_decl_file
	.short	429                     @ DW_AT_decl_line
	.short	384                     @ DW_AT_data_member_location
	.byte	13                      @ Abbrev [13] 0x57b:0xe DW_TAG_member
	.long	.Linfo_string80         @ DW_AT_name
	.long	1500                    @ DW_AT_type
	.byte	4                       @ DW_AT_decl_file
	.short	430                     @ DW_AT_decl_line
	.short	416                     @ DW_AT_data_member_location
	.byte	13                      @ Abbrev [13] 0x589:0xe DW_TAG_member
	.long	.Linfo_string118        @ DW_AT_name
	.long	1488                    @ DW_AT_type
	.byte	4                       @ DW_AT_decl_file
	.short	431                     @ DW_AT_decl_line
	.short	512                     @ DW_AT_data_member_location
	.byte	13                      @ Abbrev [13] 0x597:0xe DW_TAG_member
	.long	.Linfo_string82         @ DW_AT_name
	.long	1512                    @ DW_AT_type
	.byte	4                       @ DW_AT_decl_file
	.short	432                     @ DW_AT_decl_line
	.short	544                     @ DW_AT_data_member_location
	.byte	13                      @ Abbrev [13] 0x5a5:0xe DW_TAG_member
	.long	.Linfo_string119        @ DW_AT_name
	.long	1524                    @ DW_AT_type
	.byte	4                       @ DW_AT_decl_file
	.short	433                     @ DW_AT_decl_line
	.short	768                     @ DW_AT_data_member_location
	.byte	13                      @ Abbrev [13] 0x5b3:0xe DW_TAG_member
	.long	.Linfo_string86         @ DW_AT_name
	.long	1536                    @ DW_AT_type
	.byte	4                       @ DW_AT_decl_file
	.short	434                     @ DW_AT_decl_line
	.short	1008                    @ DW_AT_data_member_location
	.byte	13                      @ Abbrev [13] 0x5c1:0xe DW_TAG_member
	.long	.Linfo_string81         @ DW_AT_name
	.long	54                      @ DW_AT_type
	.byte	4                       @ DW_AT_decl_file
	.short	435                     @ DW_AT_decl_line
	.short	3584                    @ DW_AT_data_member_location
	.byte	0                       @ End Of Children Mark
	.byte	15                      @ Abbrev [15] 0x5d0:0xc DW_TAG_array_type
	.long	54                      @ DW_AT_type
	.byte	16                      @ Abbrev [16] 0x5d5:0x6 DW_TAG_subrange_type
	.long	1109                    @ DW_AT_type
	.byte	8                       @ DW_AT_count
	.byte	0                       @ End Of Children Mark
	.byte	15                      @ Abbrev [15] 0x5dc:0xc DW_TAG_array_type
	.long	59                      @ DW_AT_type
	.byte	16                      @ Abbrev [16] 0x5e1:0x6 DW_TAG_subrange_type
	.long	1109                    @ DW_AT_type
	.byte	24                      @ DW_AT_count
	.byte	0                       @ End Of Children Mark
	.byte	15                      @ Abbrev [15] 0x5e8:0xc DW_TAG_array_type
	.long	59                      @ DW_AT_type
	.byte	16                      @ Abbrev [16] 0x5ed:0x6 DW_TAG_subrange_type
	.long	1109                    @ DW_AT_type
	.byte	56                      @ DW_AT_count
	.byte	0                       @ End Of Children Mark
	.byte	15                      @ Abbrev [15] 0x5f4:0xc DW_TAG_array_type
	.long	1104                    @ DW_AT_type
	.byte	16                      @ Abbrev [16] 0x5f9:0x6 DW_TAG_subrange_type
	.long	1109                    @ DW_AT_type
	.byte	240                     @ DW_AT_count
	.byte	0                       @ End Of Children Mark
	.byte	15                      @ Abbrev [15] 0x600:0xd DW_TAG_array_type
	.long	59                      @ DW_AT_type
	.byte	19                      @ Abbrev [19] 0x605:0x7 DW_TAG_subrange_type
	.long	1109                    @ DW_AT_type
	.short	644                     @ DW_AT_count
	.byte	0                       @ End Of Children Mark
	.byte	0                       @ End Of Children Mark
	.section	.debug_macinfo,"",%progbits
	.byte	0                       @ End Of Macro List Mark

	.ident	"Component: ARM Compiler 6.11 Tool: armclang [5d3b4200]"
	.section	".note.GNU-stack","",%progbits
	.ARM_attribute	16, 1	@ Tag_AV_eba
	.section	.debug_line,"",%progbits
.Lline_table_start0:
